5Ws3aEP78CSuxqQ75E7NjvSg8pmLrv6EYTQErqBsXSnx 2C5z1oMmjboR5VZsK1R4D6X6NbQHMjRM2C9gHvDKjnhRsrMMnqshYCHDPvdxBXt3ab1KiDNGTQ35N7pqk6sJaoLH
9m6H3bewXyNPC8fuw5Hs31xn47m4EfL7kf13jeMff8SN 2sQD7pXbo7BqaugU5Lb9wumtKukEaAB4QZ4VHs9YJf3tL8YFdoUZgnCZ5eNXnPdbdkWwCW6baCnriMazFfvuVSQA
7isS1dXvJAPMqMD8RLbA2xhzW9JghBXtDaoSQjvEb1vM 5KnAKr8YtYUz4CHkLYrPRsEjAqZqd7zj8VtPKtJeALbWkjDcezBJGWyWpiRBcRk7xnrY2DYnpsuyH1poB5NGybBs
6GDTrE8ae1ayRtbc4aoCJ4GVuTGtJ6AnXYG1KEAz9X9r 4g4Zd5hTdDs5qr65McdLpPh2MNZZk3d1CwjobBRJJgcaYiHPGAWpgSN93Yka8hSuXV3NYnN1kXBDeaoQBCXuaRyP
HZqsfVWiPY2jPCoRudgfYriZGjPYTqTn8ajXepj7Vryk 2wCNJ8zta3zG8A7wbvcoevF9hCSSWqiiGCW1ycRvSAUjnRAh8mT4ATNADxwaxUSwSQ9sigQsdWB3DgdfNqTcDTR
7J8EwJRfGRZd8LHBu9WQK87F5LEGKGbHskvXXWrSjcZ8 3BYdgixfmfNzeP8rEfsUpdXAiEvdFkZK2pjBwEYkyeQz3pPfArmahV9PgxDhCKCMhutVuP9E6P97oNfoGKx1B7rh
9AiMES8taxCsw1T7SgcY6KkHKH1wE5Cvia2S3X2RsyMk 4hZJksAZF29hvsXVcCtgQ2H3zKvSeCRqoc8X9UqXBZPe1SVKD7mzaEZJ5y9JuombTnFmKyPeRSVtVMD9Ds6AedcG
J3693kLHgQoXMS8cVdEk1LtX6B3pJM5p2593TUxcKTCS 2LWbeiWFG1fMX4zEQ4qHCFHne6ET2ZRyAoQSMKNyoWxNCh9K4osK6M7t4sFRGFUUtLFAKPZouE9xM8oMVsUBVAe8
2fcWvJYZEhJtUChJofH3LWUaEbNRutHtexzyDNFtmfUx 3ogvQzRaRfkww5pLaG4Lagb41h19WqccQdkTWbw8oLoxG8QLrjDkZg6PMT73HKoZPCH6FbyQ5uvxNFBz8dpfato1
343yf6xeNCzKCDuqYvmgmfDBKUMk3yiRcGgS8BFTvHji 53R42PmJ2diucpkExkh35WT3jCVwLiwAVK3bkWo9jUZnBFA6QY7EX117gbz2TEqtGDLguBWWU1UyS35SfpHjMWsZ
B3F84evdaTvejpyUJWDbTRb1roma394tpqqvXraZtgtd 2vXrNBGDj6QehbZfVhWJPfnnD3rGzqeSntzwFHxheaYPaDGC4EMYrt4phfCZGGx96nie45azLqheC3SZy2A9fvre
Acgb1H2RcsZwYqN9qTWkcjPn3dJZG1KucPbdJgJfysx3 2mYsXZnC5944eJdpwHNfVV9hoocycuTB6Ytp3Z1CXnFQxhizWjvG7W6gZUomrSMpTN1SvjqEY9EUPf5T7Vws2Me
BhtexvUsHCXNSaoVQ3isYSVDUzeHQo5oPqiauhFsaVMx 2ves5t7D3nwBPc1jyFQhMdJi3gjk9QrgW8cfXBjeApGVJx5gdHmcJh6pJH1RD8q5prAhcEmeo8SCVEk36m4JSHsR
2jVeHn47ynT9z1M7uBFuPLFNeJjGMwAb72Kb5aqZx3eq 3nNj6PTj1yq4GKcz5XWVSKKAfSvy1rkhsEukokdZVRYc93ninAGQXTYqwGBzMarXAT2Rm7Rr6ZXMr5oZwa6rASWZ
BJVpdSoq5zGZmtyHFkHXYVbbWiY8vK8q8xTXfeoEFp7v 5VWhSPMqQvAvoHe7qzgTembitz2am98sBTF3ZZFpwx4V9q4mEAFDY32K5vVHZM2kV7Wmcs42cDohxwmhYCFZn1u
DUfskT9a6NjqxTcvCnWFbAVLxfGK3hHvg5YQppzbpL3x 24KrXePdEw8jwT6kXebxknhQdWyVFgPBa2FUtpbzWH5yYYKEXmDViGHoe92GujKvsR5WfHkGsEpwNKxbBznkuETV
E9CtEb2qj4BPJjuPCt5TrFfEs8kzSGpQuD7pWyRm2sCv 56KxiYqENww4Jy5UpkSKJhfS47eswVAUYhrf7RN9adD8XAjqdRPxkeo45FZ7N4FRryZgJtEN5P4dc51gZFmCuBHw
7kYW2J4j322a6bgZys3yWd1Rf6tM6y1GiSGHUV8x3oHa 3pi6XYr1zVJ7vymkuLF3RvH3iAQ3bb8Tmg3qxTMS6EAuLRG9BB3QLESVQZWMTqDzcWrCPscbbQhf9oH37XZp1L9N
2vTvtVEGwnjCr8ShRpHGXaizfVnCLgi5eQoBrqLWFjXs 2AKAiz9QoARvgBPuTFu7XoxxFdik2GA8nBnjgoKCgYehzUrhiVrGxLevkbeWTNEDRqMsa1S3YhWVThZhgXiZjfa7
2oTnuwdvWZwP2mGXZLZswCYSK45z3RP6s6FVLmzUq57b 2ChJ5NZFbm6j1cX6KPEfWdiWTYtpUbvj9BbUDCqmv5HHsxPESBWcw78zoqUYpBDYGc4XpucAoqVssvF8fxDLmNfn
AoHE5Zn9Sba3W29veAsrUJSicimZ7BoLgPzbMdGyAkox 5RWJnniEKrfgQ22F7Byg4cnzxvdASfED89kpa2GdBo7LRJdSjfhW9qrJtqSaPr7zQNGRRKNxFT7kHfYanxDJMAyY
HjVZ1b6yoWNgxv1WHy2ycq9TeWZLxRHTZ8z6SH1x6F85 66pZXBZi2W8SK32cBwNvRtNDFCAbDD1CKLj71o3XiySETgL6Bp1HQUPp6KvtCV2jzJpwu1ypyuLA8MYPkpUM4G1H
69DzBpmnYE46RAwkJvbPinKCZg2LDkfXMoSa7Hpawcch 22yJCXMsXeqgBEJyLhK7eTZEMLAPqPbfmGnvT9ZY2ntjEZ4qNM5VGWDsZj3KanMQSV9LZfJbwFeF7YfMAXNSRG3G
BtHUErrKoenXFwT9gPb2yMme9y16mdghNJdfwhbLZYYE 3fk2dC3XD4oyKkRSsXAyws9SCHhNcRcizrX871CUrs9Zex1Wdi2KZUYLLgce6GhdxUNxUbAXaDRQudnnRALvYprH
AkoHLMeQuziy5cyBhFmpuBTkzaD8VKUiJKofZb2xVwrQ 4HKLu8CAUTinseG3ryFYqnEwCsskPN9cmso7u6a7qwfbU4BWMMq5CxLPnM6Q6wcxE6iU5dkZLbLpPFK3Jp4p8ihF
AdLZcJXCrNKq5n9LFdL4V4KV3Fwsygxv9Qdw34kYHx3p 2TsgqHrsDEJAdcmNjzBszkcrcomHPp8XzJoS3DfpXxkBkud3ZnVmm6dRFNnEQ7uQPo5MyPPcRGiznzjmW4TCx3un
GdSS6fchGfec5wQTG2K3SVyZjLEK7XzZLfvFPpyZpMYD 4n3TCEVkeu6FxD39FKvZTyhnjEUg9n5KmcyuNvJigFnCj2BCYfnkBnaXfDjDWBhgA7uJHkWTHEKVeoMCuhJpBpZ7
3bnKq8JDeMtoStzVsXGRcDEfvPNv1DRCkKQdXofq1CJW 2sDARDB5FVX41xMfbs7vT5NqBzK3DkWNdUCtUTsrXznmQ6gtNyPHPFbD2PLasTGfQ3hJbyMWV3btX6PDxmhoq7Uy
GTAaqnkKuAMjTUQooaDAzRy13wTpTT15NJbAhfX5yzpx 4S8HinCmxyRsUvBVsRETafGr59kxqDt2sLZjH1TSHefFpJtthfdV4y3tiwauUC8FXUBrNQsjNWGj9eLpT6x9HifC
DTbNUkad2i3ADU5LinHYFX2YXQrthFgkBuuWBYaxCHhY 46e2WdZvGCWqgSuVzH1vbduMhVGfJUwjM1GWuub7ViPj2c2LnH84GGC6zs5GqCr4dyZwF51bwbzM9m5tfMahuEXk
7FVe3xGAKz2hkuFQBzqMtEKtJky3ixN9zwnKbyJC6uEx 5sNVE1PFMz6DTLaU9MFHobk27eA5NHF9hFJ6e5GSeWjPvQXM1x3DPfKXX9i9Vj3aRvfZa1YWgr8cGmJyhE9hrgd4
FCiPxucq9uHW184jJjsN3BSiWLvsBncs94ukvdxUJHdN 3zvHGbukcHPEvp15nJgv88m7NBVkqBY49xannPATKkVUznZAqcL3wXNDjpog8D1vVHZiSKDvPugp2oY1cAB98q48
Gy8n9jWD85vAkhBsSiFZxDThjN88XB1n75preGJaBgVa 5apPfRvGrFmkgR2WcrdRPBm42KNnFyTNjYZKTzS28AdKuN5sRvEMkimJr5sff3Q8PqoVb9vP4sJxefBsvZcxHJQW
HhPAdr6pbWmtyBoDC44eFaSgE4JPEuKVqWcgi6WY3mBJ 4aV9QZFK18aiUNSNY1yLq1oqAmu9QbX6DGZYUoMdga32YV6viHC7baF8xDiCiC9WE6mrSrvbQP9PFDEkghY6CyFR
Agegz2k5vuUW2eagBfjHRC7CN6Pzc8mfUZ32y8wab19y nJXRjTMmk3RgymypNYs8B4YQ9Vnmb9t1CBUgrbazW2QHT83XYjQta3zKPLGFmNDxF4adRkJnyrmBxk24fGMdCFA
