ESuE4EA91acNYx297sE1xTFCNx7zYaUquzZC1DDUSW9d DJY1XrvszPZ7sRrzm1PFpDE2WJtUVzGJ52QxEA1uNf9uPj5WwodrP44rn2NSWe51sjY6ZLecU83UgR49nP23ChG
ESuE4EA91acNYx297sE1xTFCNx7zYaUquzZC1DDUSW9d -
8MHh1DHTYiDVhPDSGF8LZqxYeEZiWtN4fWTGV4VEepo -
DJ696uSgPZW441pZYnsXU5dbQiRT2R2baLvjio7DhLaL -
AkXaaLcVjYxzdDVkpWKNxiiWUtpaVgdEyUKVw5qTEzhK -
FjDKvkTeXTeDyPQEKKnsY6N2fXgWHXwpTxrg2qA2wM1Q -
Gr3kABiR3gbJhuCFZ7LVM8gAS4uuViU6RxHTBPY1tdw2 GX4dRfTnpFQEgditi7uRdCfEHYrv6vtTREBpqHhaMQxDpK13mdJcdh6KK3P5kQNN4ByyZWUPLcvM72rKapMkrt3
69NZuKKS1HW6VUaqWBWtfGdxUdEDXFVqkd96nxU25LXJ 2hyZKHtvUCaiQ56WJ2h4hkW18a5cJALMxHStxydV2n6Cyq5PokLzrueFygSfAq1JjNadXdprVyLJcsffVS8cQGeT
ESuE4EA91acNYx297sE1xTFCNx7zYaUquzZC1DDUSW9d -
8MHh1DHTYiDVhPDSGF8LZqxYeEZiWtN4fWTGV4VEepo -
DJ696uSgPZW441pZYnsXU5dbQiRT2R2baLvjio7DhLaL -
AkXaaLcVjYxzdDVkpWKNxiiWUtpaVgdEyUKVw5qTEzhK -
FjDKvkTeXTeDyPQEKKnsY6N2fXgWHXwpTxrg2qA2wM1Q -
Gr3kABiR3gbJhuCFZ7LVM8gAS4uuViU6RxHTBPY1tdw2 5FigRP484cVf1vsJcqR7g7E3dYXSLk9QtyjjkUmN7kwVktTkNfmDNErBFXXWSgUn6AFeJDiQ5VsJdxTguyEwFziG
69NZuKKS1HW6VUaqWBWtfGdxUdEDXFVqkd96nxU25LXJ QFCNv5cihd8m6of1J3WoDc1z8UF1LJSZLWLXtqeArGUyWTFTjMGhbCL7EihqEMey4rDb6LtV6FuWwz5tSzu9Yyc
7ZJQuSh1bWXC79JTXzmdWzwvBbb4hwdHzHW3BHzyYD75 mUdLtZye2Vd8iYmmYFje9aij7sTaiYYS4WiAq4B1U9ifaDgWVcC5tfwpQVZW931RBbZxAvew4oeZCDrCAXSnq1v
GdnnTk4M42fKr36C5Q9x1VJLJYTVUXcQCb1uM8aXdHN7 NcqLGJcY8YWdY6cF8RgAV2nLUG919Ktmhq5MEpMmpwaadabBi31EFbGhbbyzoVHJZm3bJz46dfxAd8ZjFJyhx7G
CY8my7PLttW8SZHZiEXBe1YH3XijCV5AtjbeazqMwF7G 2kemrzw9Akt2wbhFgbYzHrkKKunruHAHrmSgbLwHDsXLKCDyEgkUmZ1TsQR6fADnYQvcbnyGD1gri9SF8gfwKtWZ
CiVVBtzwrQos7DGeFuxcQM2M7atc3tupxhR4XMX4AQEr 23XuRy1TujcqNygFyQKg5T4TbBEHE536gugzF9dovj5meGeofeqgj4CEmywagJDt6m5Si56vQSv7NaL5tPjcJgG9
76QRJBBA5untH7mBozCU47s6NtKTupvUbuct1Taz9ym9 5bxWrVSh37UM96HXxQya8RVeciiN8Gw3UiZxjxNbmVKWipVVjZyxKgABYaUPNP2DSenwTbKVFWPfLVioxnQioUBH
BXZse4bfiLfPi2zPH5sM3bhb2EtuaWurLjNhQ2Rm7XrP 454JQ447MtDjd6PnmFkTkV5oYwsjuxva5jNysPMiJjMH29QQQTZ8BodnF6q4dBsEwULFhH1SjzPqEDQYeib7RPWw
4KaDrcSVqwrgA2m4BZbAmHLMykkQhqqaG4ixM7AZBfdm 2Pyw4fpEgp9LdEoshNFtXJ769nDoQowvsdot4HEsVXEh1ZxcE15qguUEkJPpSvGZkcbiqFhC1qLaFobxKVBbMSPE
981uDV7fswqjEKP2UHw3N7vzVqWv93sxMtXbBjMLysWF 3v2bhEcyqMSoCF4vfH1NSDL78U4aqNqzkuyJqb9ZY5PEDs7dWAykJQP8dFfQQ5kH3JkVgyv7ZibkBpjX3PLNGd9a
AzxgXsmrT6g2Y5CL8cM7W9JNWUQvay9QN2futRUo3XiH 3X5JbyD1AaQ7dthR5ab4QzH6MzX787gzhooB4NdAuq5FrqrKqN9hT75DX5nf7mnnC8HL2mnDmePnQxNHk2BmxUNX
68YnWhwt6XRuWFTqWEm5KF5L4ds51ZRf8dmrX5ndRUS8 3Z48wNgmVW2cxCUEzZSt7au28uzfCEKEDuntgLstMufYNBgavtDLXUiivebRGdwzeag2YWP8HP5U7kjJ2KMU47RR
6eX2YLrGJ2s4WLnf8nJfwM56hdzQ6vdZBYC5g444GvM 5aBneSSWyNTy5ProSwCGs9KuMTPw5KjkPLahMFRFwiETH3a6BbiB4t5ynZ8hP49d2TK39PntLuafvxrHXF7wkrSf
5vDEBYETmmtYRAz2bo518mXdjcXMLPg64VQyNaMfzvkw 6473Rp5apuP9A9QQsdyyKrfX1Xs6g4uWaxRk9HNYikE9UqhaAafpse3Ad3yoPL455QGQ8XgmJCzsmSwuokL9xtr8
9WzJsw7RfDm3Pzpncjobi7y6YPoQuL1tmWR1WMPvNtoa 4wbMGqSKNbWsywLo5Y7PF5CyTsW1zaTF1s8vQ5nzQ1B3UDp71ASoVub5a4Yxx2hetQ1ntR7QvvUkJwbnT1xot8po
8wqCAhtuvF7ww7L6FynqscPWeTq14HxvQncGa3gaEUSf 4cdbuKt2J6eB8f9QrCff5G2sHwvEsRAaGUqTfmcwRnBcXpki56FLAWjNBq7RjNpVxvmiP1E9XamQZ6FRuZpRWJ24
DSktQD8mTTNbr9wKqPjp423rKgCwr1a6mdWH3foYsHKK 5YfxKwMKcMXDeioK7QsPwzGSJpvWK8XgJgEBK6wDRfY2egGmcZcu6EKrd4S4MyhbaUMnwUUGxuVJG8yydxU8EbEt
GuSt5Zz1PHp2Du4o8gakMdfrzMVC5qySdJTJEt4zisB 5eNDJqy1Htg2aHFeaikDNCcsSfRKYUFAHDkYzznvcw8sq2Xn96JThxk4v2Z7ZqMAUuSz5bTK7KhVsobTCxTCwi8F
4LwiJbFE7hiVxjpZpBgukVxCeXjXxu9BNWeXV7D8jnAa 3WpNaStudeW91bnNYUaRcYS2LC3TKeXD26K7rT8xdCNvs5FVGKiK3HjY99oS4xBAEzsUSagGFoGeQH1h12cGBo9V
3J5TCiK2qfXuN6iui3zcrHYsWMCr9EtwhncMrFnNXt8R 3EVWvyj82HAERRvSYZkSNRsqm1Rbs6E3X9JxkgwzAJtfYTcC9WSXsiq7NDHqxDtqx4T24pjyGgsUPZdTNqD9xawH
ESuE4EA91acNYx297sE1xTFCNx7zYaUquzZC1DDUSW9d -
8MHh1DHTYiDVhPDSGF8LZqxYeEZiWtN4fWTGV4VEepo -
DJ696uSgPZW441pZYnsXU5dbQiRT2R2baLvjio7DhLaL -
AkXaaLcVjYxzdDVkpWKNxiiWUtpaVgdEyUKVw5qTEzhK -
FjDKvkTeXTeDyPQEKKnsY6N2fXgWHXwpTxrg2qA2wM1Q -
ESuE4EA91acNYx297sE1xTFCNx7zYaUquzZC1DDUSW9d -
8MHh1DHTYiDVhPDSGF8LZqxYeEZiWtN4fWTGV4VEepo -
DJ696uSgPZW441pZYnsXU5dbQiRT2R2baLvjio7DhLaL -
AkXaaLcVjYxzdDVkpWKNxiiWUtpaVgdEyUKVw5qTEzhK -
FjDKvkTeXTeDyPQEKKnsY6N2fXgWHXwpTxrg2qA2wM1Q -
ESuE4EA91acNYx297sE1xTFCNx7zYaUquzZC1DDUSW9d -
8MHh1DHTYiDVhPDSGF8LZqxYeEZiWtN4fWTGV4VEepo -
DJ696uSgPZW441pZYnsXU5dbQiRT2R2baLvjio7DhLaL -
AkXaaLcVjYxzdDVkpWKNxiiWUtpaVgdEyUKVw5qTEzhK -
FjDKvkTeXTeDyPQEKKnsY6N2fXgWHXwpTxrg2qA2wM1Q -
Gr3kABiR3gbJhuCFZ7LVM8gAS4uuViU6RxHTBPY1tdw2 -
69NZuKKS1HW6VUaqWBWtfGdxUdEDXFVqkd96nxU25LXJ -
7ZJQuSh1bWXC79JTXzmdWzwvBbb4hwdHzHW3BHzyYD75 RPC response error -32005: Node is behind by 200 slots 
GdnnTk4M42fKr36C5Q9x1VJLJYTVUXcQCb1uM8aXdHN7 RPC response error -32005: Node is behind by 200 slots 
CY8my7PLttW8SZHZiEXBe1YH3XijCV5AtjbeazqMwF7G RPC response error -32005: Node is behind by 200 slots 
CiVVBtzwrQos7DGeFuxcQM2M7atc3tupxhR4XMX4AQEr f3C3KfKu538si3t2qyU53BHzQGDwDGChKg68dN8RaWW4RJhGYTYjjwdao3NkDAX1UTmLFkW7BWud5CKzJ23oLHA
76QRJBBA5untH7mBozCU47s6NtKTupvUbuct1Taz9ym9 C7e5S6gFvb7rP1gq9bN7owpK955t4mofkvSPQtqAyKHftyAf4y8vZg4wvFHsNS2VE4FGAxfZSorYf6KaNU8XZDC
BXZse4bfiLfPi2zPH5sM3bhb2EtuaWurLjNhQ2Rm7XrP 46P4aAqko7tRiVcCvuuwtUGZbWTjARycEf79J5MdMgqAqvqQP6Hhm9pecHmA6Nzv1NFMwqQJ2fR9nQz7CC8x6rwQ
4KaDrcSVqwrgA2m4BZbAmHLMykkQhqqaG4ixM7AZBfdm 4RzN54z7BTm5WfL6anj5XV1VQNmRb17aQX7dqqdGa1gLTV5GhQVu84MZd6n1NZMGKnSggB8gCUgeWH9hkRUwZ8nT
981uDV7fswqjEKP2UHw3N7vzVqWv93sxMtXbBjMLysWF 4iNGaEkzuFr4tqXbhtMWVxraqYkhHndNd4egXQSw7Dzu29a3XufnpTLmkLKHQ45TDKTogcj3uk8yxfngNQgMbSZQ
AzxgXsmrT6g2Y5CL8cM7W9JNWUQvay9QN2futRUo3XiH hTqWbFEJsxr8mgZksaKZGSpXGf3q7CSyAhW7HS8ne4soL9jiRUDCoUJJLqwa7wj4gzq6qjRDHS75zfisiBwUxF9
68YnWhwt6XRuWFTqWEm5KF5L4ds51ZRf8dmrX5ndRUS8 4n8xDSVRK4BJS2PizudxX7imgj6utBri3r2VywMaZiY97HdmW4tqgrYc1Nk6cYfYR3W8EQED8af3Hi9cFDPcgMFA
6eX2YLrGJ2s4WLnf8nJfwM56hdzQ6vdZBYC5g444GvM RPC response error -32002: Transaction simulation failed: Blockhash not found 
5vDEBYETmmtYRAz2bo518mXdjcXMLPg64VQyNaMfzvkw SYLH6viFujobmd15QwK7Ajf2YteuP9oDA3QqNsQWBntVe4NCBxdBhwHv6pk7WXgyxHERKVz1njQaujofve1N1wd
9WzJsw7RfDm3Pzpncjobi7y6YPoQuL1tmWR1WMPvNtoa kf4mbb7WSbu2Qi7PkWuYw2XGrdmQV9mdmdnC4SGa4FiTqzAgPNyssV1Le6pUzwuJVBRVAXVKmXbnpdRNGaMjJNy
8wqCAhtuvF7ww7L6FynqscPWeTq14HxvQncGa3gaEUSf 5dNBLYoMxtVXJMwbb45N7wb2zLSEKRaMs4HGDwKhMn1Px6AQR2TieGMofn8PQAh3PjZb7aZjaZDWv3swyT3xFhY6
DSktQD8mTTNbr9wKqPjp423rKgCwr1a6mdWH3foYsHKK 4ed6q36SNuGpggPzXB371juBp48vU41zTBKGhbuDdmb72qrY4qAFQ7EzPasqETnksg4nQXDF9vyJqa5WvLVWbEFf
GuSt5Zz1PHp2Du4o8gakMdfrzMVC5qySdJTJEt4zisB RPC response error -32002: Transaction simulation failed: Blockhash not found 
4LwiJbFE7hiVxjpZpBgukVxCeXjXxu9BNWeXV7D8jnAa 63vG1x49n49jvja4qhcC5SkS3mcc5RkzfViYRkCfQgjTib2hRpKytDNpUaF8pRtzK5FGjdPZ8VU8QEiQ6pPXYUGe
3J5TCiK2qfXuN6iui3zcrHYsWMCr9EtwhncMrFnNXt8R 2ftqMCuMRrJBiTSfupgyvbSV65Fx14xKYQBSn1rxbtP9EuBgira5FjezDsN73Ye1k38WizEmFhsvbzAWh61rARc1
Cy4WiWTSUAuT2t42ae4RV6xw27UuYNwuFyF4SXWcCjRA bLCyu8EiF1uHqbNnbVpKtTCDJqKXNY447yMKctDmXRmANxDtL3HW7JogFCuctUeWmzMhyohLEhKASvyRug5RSrF
9GfUAxKhLseDeiePEQJPy64CLszrnDJ1ggccX727avZq 62mZSodCDTgd4peymTxxy9y6RPfSpiTEE7dA71PWgeEz1d4aEjekwhtgQcQ5R92vC32JXvjjn7RxgJJJ3ksRmLcH
DJZcym6zR3dsXTzQRSwG363yMbPWgLnbMyVCARuqaxti 2v2r1mCpXbqu33XZ7g4JjExP8GzCzSCxZN6c19ipuAfks5MpwETVDFUwcRh1CGnCKeXrj6hAa6LpKVNh5abLdzay
4JihgTQWKXTSw1qJVXGMoHtYCDpAY2mjzdMTwb4fik8L 4f5PedqxMjLy8o6ykn919rsfQFZSdygyNnGMHdtrDBbXpcyjpvWC51L4xCKAZyhw4SPf8uwxMJZjyXY5ieUP5XrK
GfzSx95fycToXPQK8RDGaf3uDreUcWSeTtonHpDQn43Z RPC response error -32002: Transaction simulation failed: Blockhash not found 
86YWiZ5KKRvGyJs8vb8rQeFaFistb7NQwfHK92kpZS5P 65iprSsnrDNsTPqZ5JJWZyzxjfQ66FNT13hFRYv3JigkEyvFHBNVs6NHJNTxfszbAAFDgXweQ4aU7694Ap4hA4aS
E89yAhcHAHdBkS8zF8zH8EueiFJ54jo7JCGD1ovZ1WUk 2RH3KrtLdR7jaiDomKJLzvXACtfKvUku7WTSS3pbT8oujqhBCsm7Cg4x4UiqbWDHxFh5AiPKteToKsnGJbAmdeDb
GcTp2KUj5HdmWwhBEEQWSCiYB35djDyQyhXRsE4eoNpQ RPC response error -32005: Node is behind by 200 slots 
GBHxBztGThKLms1MGNkbEYGtym3aLtUGbkBvK9sfagnL R2MgfcuNktfCa8Js9pfPfkRQcF2KaAEMLfMYG62ojTx2XtpiKxfvK6HrSSPmd8xuBNLtshrByFKt7vDvEAijFoj
G6cD99EaYRV2EquXqpyhhTbjRRqaKd8Fte7NQXBqAQef RPC response error -32005: Node is behind by 200 slots 
BsySPZamSeYppZYigSZW3VtCigWMoWrhDaeucba5z5xf xdSyGMEv3n1uRD5hD4TuMaysLynsrX4DKCkHoYecUtDSmMXYimfPxW51BRu6jnz3QwnmwtjznnazoQDyYrTmD37
HzFjyBE26CXRA68dbuJGPpvQC2gkhzM5jEPHt69WKy5Y RPC response error -32005: Node is behind by 200 slots 
AxqtmsEUFLnEmj2kG4KucNM59XyjMAAzDtCbSuCCF4mg 29d5PJ3311YFd34cSDgmb8AXXopyogAA6A7fQzwV33hxmLBDz4m7hM1HtrgmyusY68dKXpTWWmrMTwbAryQuJN2R
2xqwH3bouTCjFZUMzxDpUWB8mJSzCmaX6KenNbrk7vYR 5oGjoZPxtinMzVsxAgYs4uX15xcNnZ9GQ7Ugf53Uas2SgsPuhBEpEx4hJ3xR57wqbc83m4urRZxzDF2niTBMxF5H
FDUVzbwjJQpZxGz8Mj1dkZj4BhiLf5g656USQYB8zRF2 5G9FYTuMjePd6QcA2wG8rqfzpCXsbHYvZ41Q36FHdX51fwC2v2n5kWGt7FD3DHt229hzGZhybvYDHaDVgtQ2ENFh
APEwHDscimwwFpUNDqSjvQjjcjy2LvzdTrrYZGUqw1Dx RPC response error -32005: Node is behind by 200 slots 
E3QbqLLqA1PSQUryRWfhinmcrLni1mViEL12gHWGzip2 31h5FXiogYYxvuG6DqzxD8zcTB6JHwwm81ZroA7v34R3cVbH3yqZdwCqB3TG3ikKhENnQULNu6W2kM9imCjYoSLQ
DvUQ7QBwvmM1rRDKYyxAZiCTHgHPy6m8GwLFbuCTdT4g RPC response error -32005: Node is behind by 200 slots 
6CE3bZqi1nfezQBR34edgqCVVwEyBQj5na7gZ1J7KgV1 2115jUpxExpJPBx1rdJ1PaGSBRHrfJvpJfYhygovvbHpvcv32rPvGqBjn7wcmLeJDzck66HqZbSCEJL4PmiNveWC
G7kbaEy4r9uRCFPLgBWvmQdwSSDjrYLBu9T6S647whFN 2Le7wxv57YHE5zP6AqisGbfhcThC75m34CkVrCjdCWBUU8b3jFrNVF7rz8yBpPLJaDGz6hTWM5287yvAU2mbVfE1
2BUVryuDJCHGRzGPMnK5ToRztfQ1Y7SWgGq5DKAiEko3 54GmchZL6F3VpQ1oWowqNxQnaNp8qTbjgQ5a3YCGdXGfDsU8yiU9GTkT4HNix1zUEHE6gJWoYkkf1PzxHuJd9Tht
7onxi2uc52yTP3EKK2AVEgiJF8RZ9iWH1Zw3QAiuTiK2 4aJpucpf8sqcYLnxEGwxiFjmyfFrUt4VNfcCgeB7RTH2EWKVpMLW2uRTQkv9uhjD1dD52GqRiEKg6hzdpFPZ1Aqj
D15SVT4BfQicqWZVCFvvHWQ9CFmLVLBayfC9KKLHT1h9 2zkpQgQnfT212jo5JqhCQuFTDFNkkNY7WhXh15ABFCN98ZX2C3idtiknZXXQdk57wpkp7zKese2uVvsn1asbQYir
12ti121ErR3je7H9kBH6SQ2S2Z14Hq72CfpFQPeHPMUY 4yTiHEFDioZrxRYSJA5Ms5WrhEhwi8eQY7sQewypFUe6kNjUebJYBT5rDAXbnJxL3J33hmg2wKKj6bCgugn1B6XW
82PdVXoYYpLhb3ioaybDPcApYw4kf7Ru4oCkVDetSsyP RPC response error -32002: Transaction simulation failed: Blockhash not found 
EdM9jtYmv2tZn7iWUqSnvhHPCmEmc8cxXfxMkVQr5mTL RPC response error -32002: Transaction simulation failed: Blockhash not found 
6kLw2ZkgpUnr8gnFji6qkAj7Ra5m5cz39MESPkobdF8N 3V6one9DLHzDgEZaxeBcPad1KMfqyccmp71Q2Nwam3YGSmfTfxAiTfGn4VtSgYVcQp6ey388rYRwqeanDWhyxon8
A9tRhZSwCSRoSFqgg6xepF1wQZYyyfsnsEr9r8pPBkqm 3fHU3ZaRcUP73snNESwZMKeJogpGKtXkPEmRNHzzEL5UY5ioQQ3xRUqyJHn5cquMevGBgdcZNqHEzLQqAXXKbJeQ
AGdLZpGqBC5qCH4KjBKAaPbxxvbjyQuTrnGJHp4N9vHj x9FmkbMNshBnHpYmi9EJHuunT5uQZ1wzP7TdwmzCZNYtC8JHWmg35drBA3CnpDoDawFqLy4hjJeWGvCQmiWGn7K
24mKdLyfMjAcsKAphw2vMBzzprABProHBiqd1dSAnHk2 5HmKq4LBNBywvGvzyGcrKti68i151hCnonSynBtKFXZ6pqVxnkeHVhY2RkPnAzcFNy131XHuBKkQerzinCcFk5tu
Ci7q8bcgHXsq3hk4bwTxxU2UNdAy5EXGr2xo6JeVAAfy 3QFTGXdctywpTzFGAB4yqUUsvLebGPAAk7vyEos2sgifZS3SzeRHqjGauRe8FAWsZu1cBs9RyVhfd5soXVPXpUFR
s9sdwifZyz5Zqo694bEgPFdjHM9bMUBZowJ5p3cZ2Mb 5vwgrYssk3mbXisdgn8hY3f2eXMtakjQ7w8QBjxXSaEc7acNm7iUSrc6k9WSuuPpFGq75VUo6u8ix9mTtNaFwqxg
5mQPBgcWt9oHC5DqRtKswtcDgaVDhmDcBeVBmpsJJNoZ RPC response error -32002: Transaction simulation failed: Blockhash not found 
B3mjHGbGdjiFQLseFyXYrJ9ebMNT3h3rAeaYEzNxE1jn Lg5bRooYvstz9ybR2sFTGNxgyfD5o5MdN4zY3Y15CKaPSMUpUwtaPWWucFMcUQ9AJUP1oVJkxoRHBRKEANPPe5y
7uCpfMcFp7V1tEgnG8qN6nazMubNsBiLmFHbBafncS8L A4sNuau2xH4TXnRshjYXTuBPMkM6w1pRgvy4Ywq7oZFL3HL7mA9RcUxnPQH9Pc6r8wUz6tmnM86D3wkZkoPChN7
BAnmyGMQ79PnsiyV5nzsnoPCexBRrJtQBUFsLhApM5rb 3rL5uvkgoDcUhctvtnBwkDcdwRsqQofwbUv4pBkDrLE6zSoceMkPgnRu1aGFNedPBxhmaSamARwTL1g9SPEuu4L
2SBBZauuDReq7jKrDnKfFJFjgNsXus8RqULDobS8S6VW 3uC6BAaPWPGBWEabk6QdusGLoXE2ZkGKpnDhti1ksS9M28U4UATxC5mHVD2u8EhvUsyDhWPHmQGj9sHJ1MT547vy
DRY2K9aKb6yTSZrP5h652PWMGfvha8TznD4Ah4NjTuDB 29zWvtKDzJ4SwzzYwL8FaU4Gw5rduYhopUi4W2FQkN43J5U5P8bEXqGAnsxmaYcvnRznmYsNuy2aBo3Lt5wZ3rtA
Hd5WpCsJJQby8UaR3bESiS8uxCfLxpKq4H2fPCq46d1W 52zAbchgcstUxHMYzQykGqGqBKyvTum9YHsUmqT3bFcGSemSirQ297pFEJw62Who6chDwQYSyfSTv6vQWuaPG4SU
35VkHbv5DauQAg1upANEo1EogonNFW7E51kUUjR4D3KX RPC response error -32002: Transaction simulation failed: Blockhash not found 
8DuUyEukfXAkpNS6WidXrZy6PUhxD1GQ1k7dqY8bF4RC 3SfbCLsi5LrFt4sQXXDF1utptcTz7SNRK5849t1mFVutAGXfPDxNxNQU8Bqqk3wGxdFvJ8uXApJZ1UwXNiy9cPn6
J8FvLCeSd5yqY19kLVotcXsbmvNtauwdh9p76T33Mxc6 RPC response error -32005: Node is behind by 200 slots 
FNEuuyoq7u7sFhQToqdehTSo2BaDH7HCQGEq8AsQFb2D 55uzrqmUSAbPr6ZdRQhsED2arhFcqh3g4BfmDuHCQ5MNM5csuXpfEUi1KLnBfQj1tyKVivkCijMo8yJ8XKBa8Jtv
3drhFeV7ZmEetHiZZ1qNp2SnubzBjahutyqPD59eW9aH 4AR4RBnaiHiyckAo3TUg7drY8kvqudm3y17kufjGjFRCi3deaHWYjM2BGV4k9e8PbpHGNx8UhWaFD9w8ThcLkmzi
6LEhcixM1bvHh12uqy7aMJBbsQ9zxZfS6TD1M2PZENp2 RPC response error -32005: Node is behind by 200 slots 
fDPJzknmJLmbHABRHSxDo4Tfcu8Ndgn2N73aREZ4t9o RPC response error -32005: Node is behind by 200 slots 
AvH98L6GoEefWJhjip8c3CwGrHB7ZtfNow7u3hXSF8XH 5zZ69BUos59vTWAoRR5NrCTE9P7A12kqYDfv8cMgGQvaREsvcTbJte1zuiAf19Sw4cQrUWap1SFXLvCL6GHfTab5
2TSrRWY9jhYenvYFePdupi47RywAw7kDc4xjiFcxvEuw RPC response error -32005: Node is behind by 200 slots 
GexWgYWq86C8dmNkVnPrgQtp4EsqABCDeFUtpLJqZ2ew RPC response error -32005: Node is behind by 200 slots 
HWGza1adQzR6G3HFyso9bxue37fA4RznvUfsTNNowy6w RPC response error -32005: Node is behind by 200 slots 
HL1oq3MGxQVmDpAHwnnsShTQYFCaPTT2byNdp2aJXJKd 66JAuJL5tUYkKCbaNdxBGtXUUHSkTZwrXyJRJ1NUMdsUeKgdhy4AxuEhGWXKNWq45M28j5Yk6Skayeg7FXDKhNjh
4Y5Gn93WZQmYFt7tB8JxYaUiYQkB6oAd7cQGVJz49ATp RPC response error -32005: Node is behind by 200 slots 
K8Voquo5Pn4MP1zkZdqkY4f3X4iJ21Z2bASG1VeJdnn 2UDyHBvn6LSd8jPmgXRmqGztsTShiDeeSomKKghxHnJN6wLTXHkE8YD4kf9tjK7EJmvGknf1bAjwhgQSkJ7B32Zp
F82YWzDn37EHzM7zTeK4G2JsMQKdaqU5BgE1CPsyae83 5M37g7H3sqgorNRC5StEmLZ6sQGbAiGHpnHXCc4Ghny6m1isx41FQ9jcDx9xv8Vahj8vQCveZKefJ32PviFCp322
F1j71wvAiLnKrKxejnbPdNSKaHRfpWzRkJHKNFpVV8aw BDQeWipM97Nffo51N2Paxi7CWquaY9UvwwqDWLcVqhTcJQherN8jByJ9umxzZ1t1Kw9KffrnSjHdTPUjRpmX39g
EUoG8R9JANcReFrJCegD2owY258mkWXJWmwx2w4SqWx7 RPC response error -32002: Transaction simulation failed: Blockhash not found 
Ai4BLXt8WrhntwX9NUjFd379CUwqckh5XCzesLEQYFZr 2mAmZu1wX1MsecsD4vie1RET32T4aCZUKTJhumGfQSaPzTDZhYjbFK9Z2PLXA4j4AjvaAFtdZ7s1NFmK8mUs2ab3
VYEz6FhLAnDDBfL7KAeWcj6rfN8b3D18ZNTRbc5x2PQ 3rxN5AdGU3qcWSRCKroNvfVWBcYPHCACnLVhgYLWTg9gAUrxnq9BN7sTpgXuhfM2RAh8LKatxjYLFFQWyHimsYoC
AXf2LdohYA4VjEvC8koTCL6h7PBqEP3fBVABtGR3Xr6f 3wFfWYLHXLasQCgaB7DSr58mMAMEsxVywRVXBJcJK689wzpzwFqWdX1a2YdcQhpP4bj3EqFqdN86rsrHYx3B5s6T
1P2mQHf57jcD2nsvbAeqWArGrmN8WuHUhmE794avaD9 316Fnvy2yzpAZeCmxRgRyLsLVELghWMDZmRfu3cehiNjEs2akzF9jPHaVX4u4v9aTeGBiAWBX8joUwFsWBBQDvzL
AcnBsuZU7TNGBDC6QXmDgB3jBEXVvKNttrSL69dBaRoo S4QtYFi3qhhLEyu3UBJV3DVBuYwRaT1VyrR5Nwm7UnQj1WJSK75rJLMkCCyjkLrW2cnxwWzTQdJuPy1nmoss98f
3evXePrGACqLVz9Kw737b29xT2arPsBddsgRgyewJkWV 2faw3cTXPeMnfuJm3GayzToXJsyo71aiX3emMFCR3wcz4LXefNDfccPYZUujGUrJM4e3KjWnA8yUT9tin2yygsap
3MP6ecjYuNuWGe2uzgFNJ5P4sCx6Q8ANp9LvD7PuDCN6 2ykQwdTe9th2JCwsEX9BesQKJwvzEhGRKXBhoXXpG5rah69axsJzpnyufUpREEAM8PFU43fQQqsWASucYPjchGPz
7qC9rzG9Y1yAcnkthcZUi8RgzXEuWSSz4GKSij36Q3pp jM8LSQnU6XZDCGRPuxKVzNDM1YcqBAqSEE3bgFW5BXan8oS3PvdEU57fKigQmYHXxDomp5JNGGoRptEmRroyCKZ
5ytoUAh6CT4SQkuPMnBaDUsTYQL8NF7XJV7gouP41Bix RPC response error -32002: Transaction simulation failed: Blockhash not found 
1guS26TWrPXqGc5hFDt1KPPUU7uDaWBEn7ZfDa1zRmy 4mDgEF4sdKT9gSfDhd1B4TDAfKNTp1pVt5HDGs15rjs3QVQu688ynNihXGLnXwYRCFd3GzTDPAh1DTCxA5pPeWbs
GYzVELpd3aeeoKgTMrP3NzUxEeP2PJowjA3y36cHwBd9 RPC response error -32002: Transaction simulation failed: Blockhash not found 
GBHGdNj56FxaoZ9dsk2nGzWiAeVV923wqjLFoL8Z231N RPC response error -32002: Transaction simulation failed: Blockhash not found 
6GChQkMBupdkETWphGaP7vPHHbDH7wZYGKWYUBabNq6V 3xF8xmwgTsNcbiaN1Bi9jKqYu67EwGduMyFpDHhLxXcdi5PcTuZjC5SzWMBo8Rhac1S6yhEH7q1HEazJsFTeHKqB
4oJNWiUsZ9oGL3ZNQdKN2cB7c1MP69qUxY6A2mULMtMp 2BqrHhVdZs5wFTyFCxfNATAbVUCQXkPEH7NK6hy6EDZRJtCWqDR17KPBHFX4tFYxg29EZ9qUaw7QsokPDsTuFvnm
APddqkznhJxUT2hGWkayCCK4bx1QYwVnDWEkE8iH7nVC RPC response error -32002: Transaction simulation failed: Blockhash not found 
H5CQCqFCGrXP9AL5oHZAXA3JMjEHAbfaiE6GKjmgQ8JD RPC response error -32002: Transaction simulation failed: Blockhash not found 
jLJkHPtvvDeHLLLa7ZuWGZ9E9S6VwKMMQ6mzDbG89kz bYpo9dnCDQsXrSG55eepC2gpoQDg5sNE4Ki1jPcSjKu1sEzKnoXurCSURbLnrfeSkn6na4J73MamkkFcMEgLNA7
71aM7qjCYJQ7ubLrofjGkscKgdM2RxCVcViiKPrknytC RPC response error -32005: Node is behind by 200 slots 
7otqW1bJSpaSai8YT9cgna4wqG3yfPCQd86UPb5rDYj8 RPC response error -32005: Node is behind by 200 slots 
E78ACuMWhNte4Z9pQHi568MJYUSST4h1gcnMwEJA9iB7 RPC response error -32005: Node is behind by 200 slots 
9Sh12wiKs8UKkodNvcZZKAncKFGPi4amKKj3Q1z1EjSL RPC response error -32005: Node is behind by 200 slots 
z4Avhvd5qgesFdovhJ7KKUduR2HTw36wsvZPDuY91mV RPC response error -32005: Node is behind by 200 slots 
EZcv2jCLSiX7tJCmUbE5gDRYbiZvnd3jZeB9Xh8fgGLc RPC response error -32005: Node is behind by 200 slots 
FS6VJR83yAWypWTrWLY3wSAuzQFqmKpgRhnfNoT2BYj 5GajyPSQAAUULxmL36rM4Mp11i4yFTwmz5BAC9YKHb4nCtDT5J7Codna3DcpyhJof5TAjdNrFdafDUfioJg4MLsT
BtYMUL6bBYtazUWTd1NfHup41qACRjGoKf2LHRV6q7qu RPC response error -32005: Node is behind by 200 slots 
7cA6SWkMKnfABArZGeH2gQasWZuJTY3gDFrF94N1pwzd 3qZEpt4Nq7J6a24yXHu4YjpBhJ2C5VwTuSGD1U189FbTE6WmEvhTdtWys35fSCzo8YF6rSn3Jvt3QTRGn9ADKw4P
E5LjbPRR7M5ZxL1XdWcLApv5cBjucnzPd3Xcs1riZvPR RPC response error -32005: Node is behind by 200 slots 
9xdr8wFZ2L59nxPgdrQX43MwfV8TTJi8h96pCTtPsewv RPC response error -32005: Node is behind by 200 slots 
CqNJWYMdN4qZhjpwnEVimhVYUSB9e1idwnrURTxutwuv RPC response error -32005: Node is behind by 200 slots 
93MSDg6kyWEBpLoMWYA2cZygjwvziFXWqVsh69CrK8mf T9ysfLeV9NbZV76jmFsrjY6FiCPuZkoUFQzPy3uxpAGGTCD3aZPPkD7r1qj4vqKdDvoDMEaHsLNFqU3Dhoj2fU9
DFUEVQdwuU81M3pLd7MDrYtovPLEadg1Eao5kinLKy6H 3WyMTeT8YkQ47bE9vtqcu7mik41FtiYEGhXqMrgVdcXt1zxoPxnbdiHvsmiMc9vm2YKofcSLVKygWuUfX2X8WkEB
ASNxR8VP8eJLadXfmdVdAtYGWe13bQ1XkRnv6pxbXqfF RPC response error -32005: Node is behind by 200 slots 
FtLE4fj9jMDfbSMcTjbR269XuWft6MpuUb2JuTbziw8G RPC response error -32005: Node is behind by 200 slots 
HoaDPCLdQV1es1xC3LDwVopS4NA7UYhW3zYRr34i9E9X XnYeTgkB332h9H1pf2FTQ6edZRWwUda6tMshjk6xqtdsEF1jDZUdmcgkvab1RddAraXtPZ3TgBHADvGDebKJ6za
EWF7ryEnWBkubypGeYXce4aXzutkuS9w1hAhXU6Qxbap 2dFEBsB6ygfkfyfgfkLqLiiBnUq6MwtEeyVF2Mx8vWU3xtJAsm7ftmhMUZwwWEczrAKH5D69cseyj4y239pTXmAX
JAU9HPMZDnX7sSUNpkEvULqMp9BA9UHQmkTRL1aRUX6S 5MSzrY11AojoG9zrxcgBteTRPu9V5ERTA6Ywti9PARcKkgAcKC7pR8j4uLncJNePyAe3Wj5oND4xJH5mC8ZyyMtm
8PSa8ynKhNPnQbriwwysR9DqYgquNCKhtuHrHvFTQJTR HRYpz3Ex7TzNrXCujVFhRcVzcTx4Y3f38MpjjonaH8rn98h7wzjrcJJqcf4boW16T9gogrggytGNRr9xiASTver
ESuE4EA91acNYx297sE1xTFCNx7zYaUquzZC1DDUSW9d -
8MHh1DHTYiDVhPDSGF8LZqxYeEZiWtN4fWTGV4VEepo -
DJ696uSgPZW441pZYnsXU5dbQiRT2R2baLvjio7DhLaL -
AkXaaLcVjYxzdDVkpWKNxiiWUtpaVgdEyUKVw5qTEzhK -
FjDKvkTeXTeDyPQEKKnsY6N2fXgWHXwpTxrg2qA2wM1Q -
Gr3kABiR3gbJhuCFZ7LVM8gAS4uuViU6RxHTBPY1tdw2 -
69NZuKKS1HW6VUaqWBWtfGdxUdEDXFVqkd96nxU25LXJ -
7ZJQuSh1bWXC79JTXzmdWzwvBbb4hwdHzHW3BHzyYD75 5MLJ5c3Rr6YVQqXhgZ2rJ129GuT8BRFVbwJf9M2fYZNGHBGEY6T6uu9GSMvYSbgUQz65omRKF3wz4aHMH3bD68b9
GdnnTk4M42fKr36C5Q9x1VJLJYTVUXcQCb1uM8aXdHN7 2Yc5GjzRMkqCW7PKxR8JvRg7EPPrLeFwKY29CwAuug3HyYH15i2fsdqvqLwSyPPs3wnvgoyYZSxrJYrwC1ccpYtz
CY8my7PLttW8SZHZiEXBe1YH3XijCV5AtjbeazqMwF7G 4K1BRhP1jnaCa37uR4z4fcGbzWsgSn8u62T1iPW8gY7RC8nDH8kHDeTrzGmB1qfXnr6uq4xRUGQX5SXmD6eahuqe
CiVVBtzwrQos7DGeFuxcQM2M7atc3tupxhR4XMX4AQEr -
76QRJBBA5untH7mBozCU47s6NtKTupvUbuct1Taz9ym9 -
BXZse4bfiLfPi2zPH5sM3bhb2EtuaWurLjNhQ2Rm7XrP -
4KaDrcSVqwrgA2m4BZbAmHLMykkQhqqaG4ixM7AZBfdm -
981uDV7fswqjEKP2UHw3N7vzVqWv93sxMtXbBjMLysWF -
AzxgXsmrT6g2Y5CL8cM7W9JNWUQvay9QN2futRUo3XiH -
68YnWhwt6XRuWFTqWEm5KF5L4ds51ZRf8dmrX5ndRUS8 -
6eX2YLrGJ2s4WLnf8nJfwM56hdzQ6vdZBYC5g444GvM CgGXuLDXNtiyo8DXzcdteqgC9cAqCziMCUf75rKQrrMTHLMWk8Rszo1rZ4akDiYnqZb41Et3VQymtiZUn7rVWv1
5vDEBYETmmtYRAz2bo518mXdjcXMLPg64VQyNaMfzvkw -
9WzJsw7RfDm3Pzpncjobi7y6YPoQuL1tmWR1WMPvNtoa -
8wqCAhtuvF7ww7L6FynqscPWeTq14HxvQncGa3gaEUSf -
DSktQD8mTTNbr9wKqPjp423rKgCwr1a6mdWH3foYsHKK -
GuSt5Zz1PHp2Du4o8gakMdfrzMVC5qySdJTJEt4zisB 5B8BNVXNuUbtetHs63UTTFo2eGEEWNksaHe38rQms4sBiPfErD2JqqAHRcX8YBhBTVepzJoBKCEMf4rRpFMTnXjZ
4LwiJbFE7hiVxjpZpBgukVxCeXjXxu9BNWeXV7D8jnAa -
3J5TCiK2qfXuN6iui3zcrHYsWMCr9EtwhncMrFnNXt8R -
Cy4WiWTSUAuT2t42ae4RV6xw27UuYNwuFyF4SXWcCjRA -
9GfUAxKhLseDeiePEQJPy64CLszrnDJ1ggccX727avZq -
DJZcym6zR3dsXTzQRSwG363yMbPWgLnbMyVCARuqaxti -
4JihgTQWKXTSw1qJVXGMoHtYCDpAY2mjzdMTwb4fik8L -
GfzSx95fycToXPQK8RDGaf3uDreUcWSeTtonHpDQn43Z 3oPmCB5TV4Ep88rM6awpq1UdZ5L7KbHVptuQcauE3BxN29CCf63Ur2G8JmV7aDCmTeDPdecfqPecHFZjdGiSKt1U
86YWiZ5KKRvGyJs8vb8rQeFaFistb7NQwfHK92kpZS5P -
E89yAhcHAHdBkS8zF8zH8EueiFJ54jo7JCGD1ovZ1WUk -
GcTp2KUj5HdmWwhBEEQWSCiYB35djDyQyhXRsE4eoNpQ 2b14wkPPtpjW4w8CrMReyZbUuuKf7FEiapMwrVHyWTRczUkE7d1g5PM77rFogAKf5faEy6UG2jnB3oj5SS4Q4FRT
GBHxBztGThKLms1MGNkbEYGtym3aLtUGbkBvK9sfagnL -
G6cD99EaYRV2EquXqpyhhTbjRRqaKd8Fte7NQXBqAQef 4x4nRDzhaiG1mtdFdJWnzJaMGZXvQSgsAGxucy3RSCMqPybercq7G6BEVRoG9VGMMnNpdonAc89bHtXqPuedwU2x
BsySPZamSeYppZYigSZW3VtCigWMoWrhDaeucba5z5xf -
HzFjyBE26CXRA68dbuJGPpvQC2gkhzM5jEPHt69WKy5Y 3tdERZXjx7F3xfhjfNoJ5nqhysYTh1wgHyAJ4dFaGVyKPLiNnFw8XkxqDbirJLm41L8NiMxEcGgTydKT3ajxD8vx
AxqtmsEUFLnEmj2kG4KucNM59XyjMAAzDtCbSuCCF4mg -
2xqwH3bouTCjFZUMzxDpUWB8mJSzCmaX6KenNbrk7vYR -
FDUVzbwjJQpZxGz8Mj1dkZj4BhiLf5g656USQYB8zRF2 -
APEwHDscimwwFpUNDqSjvQjjcjy2LvzdTrrYZGUqw1Dx dhUSiYStTedTB9qDvXbAvrQkEMkmGoBHpN2tW5MhgUtzYUbuWusgTidxbCXYWq7hg13otHHveAXgAsxC6ghdbEL
E3QbqLLqA1PSQUryRWfhinmcrLni1mViEL12gHWGzip2 -
DvUQ7QBwvmM1rRDKYyxAZiCTHgHPy6m8GwLFbuCTdT4g QiKJFCiy7vCxk3EHupBQZEqqUad2pUg5q7n4BpKvLYRPjLkt6zWrkS7q4jJ1CSNjPnk61bdk8tLWEmaHPtCZSsS
6CE3bZqi1nfezQBR34edgqCVVwEyBQj5na7gZ1J7KgV1 -
G7kbaEy4r9uRCFPLgBWvmQdwSSDjrYLBu9T6S647whFN -
2BUVryuDJCHGRzGPMnK5ToRztfQ1Y7SWgGq5DKAiEko3 -
7onxi2uc52yTP3EKK2AVEgiJF8RZ9iWH1Zw3QAiuTiK2 -
D15SVT4BfQicqWZVCFvvHWQ9CFmLVLBayfC9KKLHT1h9 -
12ti121ErR3je7H9kBH6SQ2S2Z14Hq72CfpFQPeHPMUY -
82PdVXoYYpLhb3ioaybDPcApYw4kf7Ru4oCkVDetSsyP 61a1BzXFgBYyipTUHvi1oNqgHBVnahdvPTeRVSUcQjBTWjahNdbmiwWhEpQX99vWsfFx7PPv3K28GFBqnYrhMjaY
EdM9jtYmv2tZn7iWUqSnvhHPCmEmc8cxXfxMkVQr5mTL 5j6FLyFdWyQnn9QRJrSCt47CMfhBsYQHSfvET2JZFaPSuLejBsQfZotEhSjbumV1xyxov8znFy8Ui9jszZ9GJjEL
6kLw2ZkgpUnr8gnFji6qkAj7Ra5m5cz39MESPkobdF8N -
A9tRhZSwCSRoSFqgg6xepF1wQZYyyfsnsEr9r8pPBkqm -
AGdLZpGqBC5qCH4KjBKAaPbxxvbjyQuTrnGJHp4N9vHj -
24mKdLyfMjAcsKAphw2vMBzzprABProHBiqd1dSAnHk2 -
Ci7q8bcgHXsq3hk4bwTxxU2UNdAy5EXGr2xo6JeVAAfy -
s9sdwifZyz5Zqo694bEgPFdjHM9bMUBZowJ5p3cZ2Mb -
5mQPBgcWt9oHC5DqRtKswtcDgaVDhmDcBeVBmpsJJNoZ 3nNUm94ajoCffSw4xL5kiAM1gDmUBs3uc7URVuzpBmbSZ7eHrpriwfAB9UqxBCUL63fGd6gqkKVaHSXJgbXQm1ga
B3mjHGbGdjiFQLseFyXYrJ9ebMNT3h3rAeaYEzNxE1jn -
7uCpfMcFp7V1tEgnG8qN6nazMubNsBiLmFHbBafncS8L -
BAnmyGMQ79PnsiyV5nzsnoPCexBRrJtQBUFsLhApM5rb -
2SBBZauuDReq7jKrDnKfFJFjgNsXus8RqULDobS8S6VW -
DRY2K9aKb6yTSZrP5h652PWMGfvha8TznD4Ah4NjTuDB -
Hd5WpCsJJQby8UaR3bESiS8uxCfLxpKq4H2fPCq46d1W -
35VkHbv5DauQAg1upANEo1EogonNFW7E51kUUjR4D3KX 5avVRDnT2ibFHDNkdGZo9MXecadizHon7ADLHeUWaPfj39PgKDymP6pT8bv6N5c3i4CVBkGTdGznnRLoW2ETkVDi
8DuUyEukfXAkpNS6WidXrZy6PUhxD1GQ1k7dqY8bF4RC -
J8FvLCeSd5yqY19kLVotcXsbmvNtauwdh9p76T33Mxc6 XouWsE9Vf1Nz8SsZi4ZDNAwAzTWvdMDcwBTZQiUxMskXdDKTbDPos6beR1z7oqyUTyKN9iTw1YAFDFzd1reifdx
FNEuuyoq7u7sFhQToqdehTSo2BaDH7HCQGEq8AsQFb2D -
3drhFeV7ZmEetHiZZ1qNp2SnubzBjahutyqPD59eW9aH -
6LEhcixM1bvHh12uqy7aMJBbsQ9zxZfS6TD1M2PZENp2 4cQkyt2u5cWZDPZ6EstvKNic8KKYXXcpiAQ7beGPPE3Bw6SgLmPTy5pvetDT3NQQw8AoGziShXHsbnCgYFJAKQX7
fDPJzknmJLmbHABRHSxDo4Tfcu8Ndgn2N73aREZ4t9o 3nwCYfbv9DovdKZyGkpAXvP3rJvUCu3CURGE5XAdLaRDbLhtcvLozwoe2ZebDcEXXGFT4zcMbdidFygH3uUBzMDU
AvH98L6GoEefWJhjip8c3CwGrHB7ZtfNow7u3hXSF8XH -
2TSrRWY9jhYenvYFePdupi47RywAw7kDc4xjiFcxvEuw 97DBFF3Q1TAqmfuPtHihDyR3UBnhNiiGpvLoycGij853HAsB8W8jr4ykFoLQvAahVzSZWgPJxk3gxoRyycZ3BZw
GexWgYWq86C8dmNkVnPrgQtp4EsqABCDeFUtpLJqZ2ew wJUfxu7CxyF78Yee995t8TeMWiuu7E6zu3f6yZuynHPUcC1LKsBZ4uN3TBWzKZPenbj4GqsdFxQfDHD812gBzNg
HWGza1adQzR6G3HFyso9bxue37fA4RznvUfsTNNowy6w 2KvyKAw4iTUccX4qhdvfgAAevjp19BMpTyGAE4W454BYoeiXpYoMCofX3bPSPVMorpisgk1KdoCTP3UdUE8ErHr
HL1oq3MGxQVmDpAHwnnsShTQYFCaPTT2byNdp2aJXJKd -
4Y5Gn93WZQmYFt7tB8JxYaUiYQkB6oAd7cQGVJz49ATp 36aKLN1mfGxvbCeZsjw12igQsxbRJbSkRxekr8K8rJGgKL4ubCUXJJ4RqFaF17BVJa5E35C1qXhweQj1VN4aaSd2
K8Voquo5Pn4MP1zkZdqkY4f3X4iJ21Z2bASG1VeJdnn -
F82YWzDn37EHzM7zTeK4G2JsMQKdaqU5BgE1CPsyae83 -
F1j71wvAiLnKrKxejnbPdNSKaHRfpWzRkJHKNFpVV8aw -
EUoG8R9JANcReFrJCegD2owY258mkWXJWmwx2w4SqWx7 Ks9DzYC8a39XHqZV6cGU71qFtFUALFuXZRzpDhVRAWTJb6ca6HfjStqHDZe1hpm3zXaVyR9A9hBkBv5PoZHdX47
Ai4BLXt8WrhntwX9NUjFd379CUwqckh5XCzesLEQYFZr -
VYEz6FhLAnDDBfL7KAeWcj6rfN8b3D18ZNTRbc5x2PQ -
AXf2LdohYA4VjEvC8koTCL6h7PBqEP3fBVABtGR3Xr6f -
1P2mQHf57jcD2nsvbAeqWArGrmN8WuHUhmE794avaD9 -
AcnBsuZU7TNGBDC6QXmDgB3jBEXVvKNttrSL69dBaRoo -
3evXePrGACqLVz9Kw737b29xT2arPsBddsgRgyewJkWV -
3MP6ecjYuNuWGe2uzgFNJ5P4sCx6Q8ANp9LvD7PuDCN6 -
7qC9rzG9Y1yAcnkthcZUi8RgzXEuWSSz4GKSij36Q3pp -
5ytoUAh6CT4SQkuPMnBaDUsTYQL8NF7XJV7gouP41Bix 5mzthEEsD6V1hD8phjXTaP1ACSoAAPZmtceFoiRGtE6NySmsRSfZH24X7hp786gXdE7hijr7djtZLMYKWAAjPMbN
1guS26TWrPXqGc5hFDt1KPPUU7uDaWBEn7ZfDa1zRmy -
GYzVELpd3aeeoKgTMrP3NzUxEeP2PJowjA3y36cHwBd9 3nefHUWstX42Sy6MFm3WSyHpaTpKfL7jYCTyvBDruEZbPYUVordFgG9zt21dMkXJG5eSQMc3fpCvg8r9zgftAgqU
GBHGdNj56FxaoZ9dsk2nGzWiAeVV923wqjLFoL8Z231N 62QM9QodHWAvtZzMBg9hdLT6LjVvUPeafj5eFXXohasbEckjBkYzXVGxN7pzN2eSJnConfFNUtJdjao4fhNnmzAj
6GChQkMBupdkETWphGaP7vPHHbDH7wZYGKWYUBabNq6V -
4oJNWiUsZ9oGL3ZNQdKN2cB7c1MP69qUxY6A2mULMtMp -
APddqkznhJxUT2hGWkayCCK4bx1QYwVnDWEkE8iH7nVC 47QnTZFY6bcHtnXnw7Jb7QTHw4BTYvZHFEBHC2w3j7fYe85jZM6TgAAHxiAdyLB4eQ2sVdVQ4Ja5Ug83JDUKLfQ3
H5CQCqFCGrXP9AL5oHZAXA3JMjEHAbfaiE6GKjmgQ8JD 2WBcHazAsfJcDnUByDwvyU8KsbNpvXua7Zi7vYeV6MenpC9dTk7F5cBcmGNWM7hv8ekZ2uUdxbTF1uTVoVP4EjEx
jLJkHPtvvDeHLLLa7ZuWGZ9E9S6VwKMMQ6mzDbG89kz -
71aM7qjCYJQ7ubLrofjGkscKgdM2RxCVcViiKPrknytC fmsivX71a8WGqhyJXa7ituFPn2id1jjK5Q5y4cbmztAoaievPjhDukoGBBxpHLWnHcrr5BmyhmGwwe35VGKbieQ
7otqW1bJSpaSai8YT9cgna4wqG3yfPCQd86UPb5rDYj8 4qi7mRCc4cZH1jWNUPmcJoEkbCBJCwzysQcHXMaWssGo2MBZWdjS1yVGgN7iqQbHhw9Dn2pGUjaWmr5zYBWg6txG
E78ACuMWhNte4Z9pQHi568MJYUSST4h1gcnMwEJA9iB7 5nGAzWNrHkbHYbfN2Tvw6Tkt7tuq5s4bcexVPCPWcWXAvxLXa3FyYbUmxZtTn95iAdz584iCMbFEu5kpzabcGeL2
9Sh12wiKs8UKkodNvcZZKAncKFGPi4amKKj3Q1z1EjSL 2xmknL6ejo84UPY33fFmg5bPtW8iiwCP9CowhPCrWLqGKUSVqaSq7HQRkVdpcF9ZBes2hAmuicHUahRmBRowHL4A
z4Avhvd5qgesFdovhJ7KKUduR2HTw36wsvZPDuY91mV tPnTSWBhRWTj6HYwu6vCUhFKmYMwa52xV2DGGtZ16bzSunjevHZJWKaoBjn5uHu2JmQuB3HxgLdZHEvwms7FsPu
EZcv2jCLSiX7tJCmUbE5gDRYbiZvnd3jZeB9Xh8fgGLc vtCPC1AoMs467pw7f6P54Xyr3SEEVVD3eUN6QSeoHCJRU69M81ri12acGfeCT7gMudEPE5coT82uVr9DLUBX5C4
FS6VJR83yAWypWTrWLY3wSAuzQFqmKpgRhnfNoT2BYj -
BtYMUL6bBYtazUWTd1NfHup41qACRjGoKf2LHRV6q7qu 5QVF3TE7VDxyeftXck32in8uzZ3ubCY5c2CCEsaSFwXSjDkQusBMgzbT534BZt26Ay7xuxKgKrm38bw4sWzpwcyn
7cA6SWkMKnfABArZGeH2gQasWZuJTY3gDFrF94N1pwzd -
E5LjbPRR7M5ZxL1XdWcLApv5cBjucnzPd3Xcs1riZvPR 59eJrbmHTQGoSTv74wc9hs9jFvGtzj83eNNTftPHcH7hj8hu1rcUoKzFYkR2aawV774skeYT85GA6uojdGooAz28
9xdr8wFZ2L59nxPgdrQX43MwfV8TTJi8h96pCTtPsewv 5yLh8FZ5SPzBv8JqNym79xXYRfV1rBWb2B9R3nnVLo9LY3htsQEUMNQ8UUGb75z4LUWGGacjCEjRu3G4PvZGAPQf
CqNJWYMdN4qZhjpwnEVimhVYUSB9e1idwnrURTxutwuv 5aVgLLvQwFWim25p1CfTtmte7WuAf1Kk1263FyXDqbEM1o8Xjm5Uh13tcy6uCd1w2nSQjH2pdyWUtDT4Sx4rwDHP
93MSDg6kyWEBpLoMWYA2cZygjwvziFXWqVsh69CrK8mf -
DFUEVQdwuU81M3pLd7MDrYtovPLEadg1Eao5kinLKy6H -
ASNxR8VP8eJLadXfmdVdAtYGWe13bQ1XkRnv6pxbXqfF 3a3Ff4sEukx67Xz2S3M6VD3SHqxsPVPnFqXxSRmb8nsGpZrhSpuEDdpwN6T3uJyVQhduXMDrorE8dTRiFKjbx4PZ
FtLE4fj9jMDfbSMcTjbR269XuWft6MpuUb2JuTbziw8G 3uR5p1K8YbrQtqiN8jauZGoW7CsgTdQTHrXWpwG3xgmWxJPesJE5jvbjXqfA2m7k1a7YLBBP72rnLcBrWHVgyCBA
HoaDPCLdQV1es1xC3LDwVopS4NA7UYhW3zYRr34i9E9X -
EWF7ryEnWBkubypGeYXce4aXzutkuS9w1hAhXU6Qxbap -
JAU9HPMZDnX7sSUNpkEvULqMp9BA9UHQmkTRL1aRUX6S -
8PSa8ynKhNPnQbriwwysR9DqYgquNCKhtuHrHvFTQJTR -
5zQYZavavmqCgGaLm6uTcrv62SSWZEWatETb8CcqC2uq 4HDgWR29EbiYo5KgbN9h3wRuQQqwFTgV7sxh7r8JCad5YmEZPJnNBuLZQhr1A37z8W3i9sJ52g7CrXyf3ZJuBZqu
6yc895qNgGjiEjVydn7RGueopA5maqQJNDviybCsEEqs 27LDcEmPGEykWbHLitaLFQ9CAGXX5nghzwXBjvngQGaMnfkPdk7uhifGiu3UnDRpv35H5W27mh2YwWZQyN5V7ry5
Djv4Nd7yBX2zTp1omRsd5Sfz2pum9QJBioB9zQwr9trt 5G9GLa3gGtYZycd19pbD2PxYYHH18JCoMzYUo5KsVrBDgL8dzovAjMH5NZPcgzzH7BqxR69rS6zgNN3PaTzXyJG6
9De8WNy7yS5bN1pHDJVM2gpGVrsU99wKsHVBfDVdo6Di 4ii2c4pJww8PJWRrCv7nQS8yU5KrNMn1HZEf7TLLo4dmaisF2cCTNAwSa7AThgB1RKtY5UJgCHURd343rjXSQiLA
7n1GJ1ayKV1rUBizroYNUipNpftcUU4mUgBx8ZL7rAvJ 5DmSYMX9DiSxTwzQx62in6xeboW2EVpHtmXzt6pbJy1aFNzkJXKHzgiNk4BeDMTm5uQuEx4DA1FzLnKALwLw36DG
HmABSDRudotrhbUycrrrF7oQ5SbdPohpYACs2wsHpsFT 354X5s9v75jKCeznk4YgRea5jcfsaDioW8v9wH8yWWqRUwTiD3W9zwuedBr6hWs6npaSpJbEchMyL6eB3HgyvUA4
BmU7i5fne9ioDBbJ6V2DN9Tv3BBTTXtp9vjhp8LwFAkL 3AMbzdx6XRkYYaejaFHyb9JxDBmXoXYjGLkH9qiQYDitjhEdRsRPreYbWVf7ebrCeYvXJyFxxungG4Vj82Q3463k
5ZY4v3RmAn9wF2hFtqZrrvpTC9o1PM7ZexRSqdxQ6PFb zieZScsmDXL4RQirfiPD2KkgWW1LnbF7ftumrNXYStH4R1NptJUk3NoaFBAZCB15BiSM46GcquetLSNyHSAK4WH
4FURacMuoGLjHdjek2YLsFp5tR6zgaWRnjQuasQVVmhb 4xTbAJ43NTM51NuaG4cGfvSXqhfACmZBwFodYdm1w8vSuRszNobm33otZdfVYARFUuvetH8LfK9rkQ2JGxTgQ6X3
9EGSdUrvozD6XLMViWtqSwAWaURSvtraeGqHT2gLWiqY 3nT1HRr8XkiyVyARKgoFUoKwjP1q2u9uReaMUoRWyhvAveVuHdQSPcGGFS6eZ7xXEXJuTGUp2jYe4NsT6neyGHTj
3WKHfyBJjeRxaoxy9dSTaatz8WJcBaKiXG2cpMudULaR 62p7EEXz2SPNRE8cFLnBpYPa3imQUehryFhm51w8KtBD1K7t3fYWRaZudgnYvisqa7d8Ch8v3TkuKUhX5HruiBBR
454hjuvGUHyv82HEPsBy7qF3B24qUG8VV11eyz9KFrxw b2oqmU5RpykQWaZob38hVZQE6zkBGUyQWcrZNq7WRrSY3duh8aUijGCwcepHRibAbZuBsiH8GQJVaWuswLcCPCo
GmSYDuT9kqLWNsoerA5LfmWyWP63aoNKboBjNBG3ed2n 5wC11NyJRuHdTwXjH5jGUJy5FBSQuUqdPqJ3isK58i2NfyoqGzFiPUPXx7ksAetxudvoNZYjgcGgHEheHcczC2Xn
AAVcag3GzWBe5SYTKpndnj2ysTxQPpC2Ui2PV7s6MhPb 3bhxcvfazH3NmSvRnshUcEhkT2aQpnZjW6QATaUPi58zUD2BpVUt4VeyQtB922EovXENXkfaUTtxRVLBWJSbBfjU
CWZ1Q23stj46eJT47yjzsZSmNz6Zy8J4n4ix7wPYHnp2 24dRkw3zS7tNPEvFPuz6ynv1aqR6pRpLVj6TGov5yvdWdqPPkPekaGebCPsVP9BUnhjgxE5srT5DQZqAQrL3JTTF
EocFMiobEKeuBty9EpW8C8tQUq1XQtHuiL9TMx44xvh2 5jiQn26by7ZtWYE4vG3iEYECvwbwN6FVgjKgQzYe6iYHCN7agRLeZt3gPyAVs72WS77Pa19xo16r4pCbwairLHJ3
6sH81QgTyg5rMgZTrXTBg622qZ1S3p6cSTbk8KjpKryM 3KFtAJw68SZ1D8BtnQJYeQdpabJ9oLk1QasMsCHfdirS9sr7hCkny1azS7srmZo5a3XuHsrEJWzYSwQbgTuDhei9
Fckv8629qLskukkebpd3kJyPk3F2xxArgQAqsKWzkWH3 5LRYxXaaaNW7pRg38SUyzbdqvk8NPTffYJ1dvGy8mc9PSgujL7MDk8Gw6sNU7fdFRT5FYUdAkEjeYfsFtTbDLGT9
FsuiJzpt2sATxTo4QRskBUFuuggc1iR5WNYsUGnBUfXj 4EFbvq93ssyui4a6TxXaQ6E8rbDqF9DUtPaJSFoSu5MBpAMZF5Y2urDFQQPC6G9thqkKzUZJjmxqYYErLuu5W9YQ
EvBDbWnvRv45RFzbxR5nfZyqkDs4RUZcxo9VFJw7L7Js 4PsuUhUVX81sdHdLEaF8RMw5JxVC4of2LSVwQs7t5zvA8wDKxMfPvBUKMZGdpLUstW8y8xEwMA3EsosQTYYbMYKv
B9eEdXdZduBokmtziZJQMUkaeBKCdebPSN6wuocWia8P 4YWhf16gVGuRyWDGQXcw2pC8e33Gsc1rkS4Gwwp72AuxwED7GRix8Zupuf4GNuUDoA8X1u67k2GfjokBwQibb25k
8u5YahrboUHCXDutRWpyPfTDq84ommZoZByb774ojXUz 2tDMQXSzHWpQifLEe5DdX1HUheyEoXr18XdGGeYn5DuabiizyZ5BaQwsxAA3yhvpzrvYSmJhxqe7W4HCQdC7E1nM
5f6jhHnzGwy1oLC9YtsQbraSiGHP5hYh62KYRcWJfxqZ 2hD48GB7XQAzL7pdV2geiuEotwiCWV3EGp9p6ctu9ndQKVkqEJphz14enCjt1BmjBvgVd3jZ3kvoecTcP978ggKm
ALXmmEt6XDFPyQQTajihFiuXFGB1TzrBtytYefA4v8Nk 45FHHFrYcHHV7Vfb9SkDfABSqVF2GTGCAT1fvkXraAmZQysa7tbmqUwUFmRWZEWeFxB591PmHsocDVZytHVF7JX2
APmuPgji1kWxtragbRqL9fk14ZjK6EKyv73rGnEcsB7M iUZW33MUQDkTUgxuc8z33ztcPKkoJuaSn5RPKeeL9mMsKMV9GB8zB61qHZjgF471P3iyawAyoticWZxhrsD7MP8
4TJXTJTt496M7ohPJKD9dXiQmRcDXrQY6hFgR2EqRLcY 34wejMJgGLmZGFPgb9fGkyWeMb2ETYban9syJ5T1tUnKKA1ndw8YubcXXxVjpnHQJRHWWtRafrT5EEiTxedbrZa3
GuqP8Fo9qEjxfakRJZvNtQ8XyDWezxafGaWnfr4AMms8 3FpzbqeVr5N3ZtBMUNU8sVuZd6ekW1csoZzPkJVex329YxfRCCobJakECMhwkpNDjeMcQpixwNPAkv7kTtyWSgY9
a7aEmp6NT7fvXnfBrmt5Ag8GU2sNHWfL2DYJMwHrHka 5Z98mHLJec8hn6WSn8KLz6BADTNsdYDMFxUzvpLWVdbuF58KNqPVbRELchBy2DPg4EQhkzdL12GjKvcmtsEm8fWb
693uYmMmaK47PPgtB1LLGY58gLbMcFUuJxFKawmk5NVx 3yZjYsPEgGDfGPSGpD5ntBSPcx9HEEcVFpHSWhrHzNjh4m4k31V2dfz7bNpPULz4h2X6bCr9QCXJbxU9q3znfCxa
EwyeC5SUQ8KKLocUwqzuxALrsux8ojA62mzzQrFr3X1j RPC response error -32005: Node is behind by 208 slots 
FLKExPW9oYg4nxsvTZn2REKvJqbXKy9jYZ2gTz73rJsr 2zMC79oDqLLgHVf1icaPr9zBQ6XuvApn7nBoEddtWH5KyCA6HXFrSLyD2EksCPzGq34vyg3wjVerunbFV9SQaAaR
2r4WcQxS1g6te2ecHA8HnzZiJNzE6b59gs1BC6DvkVER bEVBPzCRLhvhDTE7u3PXzmVe4L5JUHVRxJohnXGzCMQZbiLbtSnHJPipGGNRbduBtaErb4dK2sgfF6XAA9nxCL5
9ycEYhcASv36mBeH2RDxYmaWMC8CKMV3tqrPgZnwaM1e 3uKvXPWuT1XYqZreMc894anpgc6pLpLQWXzpyzDgq4d4BsjMTGn8x9vQAv2XcV5gWAtJtj2DJNrgUf8SY8TQnpVb
C4r3SheGT9LKtioYJvGRazw7EyA4VczfqdGvPrWXBo9H 4USzpnwR8mtkGYEXi53h88BREMwARQPcp7C9njxDzFAA7fMyhsnuduWX3fpZZ2rHt9bZQEyU41no22qB73guYUKv
BQQTJzQqc6u375gjWyk7RX2736ZpZtirQMc2SccXLopp 3G2mBUjV75rjtKvyiQyuGtuStXBWEsn7Jf9hNc9soq2CAPhHVFFoUq2Q5CbrbsWZA8y78kkWqaLQUvL4sC5WcuF7
ErzTiyWdsk2Mm6ZqAY3k2cm19TUYYiFsaebZkQvmHUK5 4JYp6yJRWgR8hNNhSQinAY1Zk6nwp13dxQE94WDN6SK93VYntKYEYr4Kj2RL1Cs89A8YTXjbAJkw3FWA2emD41aM
5KuHgdxE4sMwxwupEsDnQGhhxDhj7QgnD4CpRQRB7k1X 3XjQVPRBKkUxycohWfEbLvtpQKz1WtiVCmwG8LvBUZAL4hKih61M1Y1QsMjhZJ7WDPmJGt3wMcZGEH2xyF2GCcdh
3cX7h5dD7QQpRYFvCrRFiAopNyYqSrPwoFmFKi2PU2zy 42MF8TLdSkQ4FTzcD6zBwyDufrb7SNGzst7C4S5TQcpSNVXS6ZQk7Roxght3aNffMvn5ABfDP7WDZJJhXDMibwv7
4vfsfwMaHpV7V5AR8EMeGKUwQiEZxW1nprhMbHwWQxgX 37NxcCj3zFvM6VjoAhs9QvGAnhR1bpvMyHbPgoAkevNS7RjUdim59JhV8wsuUJ2YTmjtL28NRWKzxzf9VDbggNP
BkvyW5dAbn8JafHsRDe6thN4v9jadU3qBRz8KdfxZupM HNX2D7PTRDMAtchocGSH7L7JeTXhugCQhWMNrKRmKKCiL5gqM984BMVJB43KeQ7ShmLFwQCkXjTf94jMm9aF5w1
7C4afGYXSFYhtuyBKTnwpPcvbf36vit11tz6eceANydf 5Tv4wZJAdj9cYmsEByu9PK3Xr9EVhNN4JK8u6Nwtb5ygzUvCoW1CrWbKhQ84d9Wu9WpPjxFs7SJe9UZgUqDNQ8Ph
F7TteBna9cnQUevhGTrQ7pduose4iBSMoPoeDX67sPDj 2qK5Zs3MakpC4W9vgryqKZH2WobHhWgWSDhE56hSLU1kFoxixZdQmsp1u1Ac8XCH8HvNpk4ZvkFQBcnHovLzhidk
RjTWA4aigEqMjyuGHn2inKmpd4Q1vSpJDnv7BFbJZu1 4JMYoabA4iJxjZ8qFR2d38N1gJWrpQ9aMpZn8sH9GMoms1A5em2U2wnc56R4cqWNfXtPH4z1WkcAuY23w6N4ocUw
69QNUbesn3nGAxCZ7H5xB2g3FyP1fNEQPQ19M5kyEdbd 5EGwhj29q3or7u7sNNRsUZYRWwkFLKR6qfVoJ7Mq6Zp2ytSVemkshDwJ9UPhi8w2BTa12rV4g1UMGhEsDXpC736T
6xS5WwfRCaFNrCXarwmjdUjsZhPqQv6NLzx2f5McYCV6 3jWryiNMwU5nLEua1CoyzgbYZB7XNCf8hSSejdCTeL9zEKNeMVvTEwbyTaVFHFxRFgJ4qiEbzu6A8hNa1PyuYQdG
7bDKpXcYeazphpDEJmLPUaBfh9zP6zTXpQQsbkmMvPiw 3C8R5QDWKGK96q2P9jNMZPh3tY4pk1gAApfCQsHXtF5EdGL41cXUaX96tKvrud3n8i5twZi6oUYJUqP7kkqR3rqx
JtxQgaJ3kJ3gngci2M9UehgPthnmTfuUtaw7S6u75oy sQq9e9gjht9psuS9tfih6oSYr5hb9zTXRKuNKSAeEQsuMV3KChXBRbHxTB9UPeFrpNjVFPjQNX9Wx3yUuL9g6dm
XKyENWKxrjhbzCsBhy1D9cusVfwH8K65mi8JFFdytKx 3ee3T1P18zdhXSE5uGmKJM22mqDAo35zk19PWgABHFLGyLoinLrxf7gFYJ8k6rHDkVpooPALjxGsGLkWERcQfKHS
GS2ss3Nai6AvfswwMrqzJ6CsyX4RWr86PdBqK5v2qb5k dNZ4m8sjfhzEZAbYtff3TSQMdAaZMSxmca6oiZiHRWDh2wNWXL2V3rk9CrgnzSnbw1o7qRtwgec1AvLDAYZGsmN
FjwBPRCfFoNA1SBixjM9mJCyYZg3xYqGgvG3GP12GbYk 3svzwCSoUvN1rtM81o4nckxNaQNMvC1TYWkWBJGbTgZ7jxWh8t9gz7VWBjVJKzoLa71W7UYxQxPpCgLaeqWLrohG
DxYTtyEeR464iQgGXBhjVDehZp3YorxHGEVs4QEMJQjA 2WQm8WFA4Px9bqKr6z825cMxw6pNzmfn1ZBz9sBt5r7pmY2vvR5mehjVHNgVtwN6p8v5tV5qKkbxjAzBvegYqL8v
3nPszr2wvQDSaWhpASbvaqPcR2gfBBwkz8tmaxspPpGA 4KFZf66KsjGceidmkZs8MbQLLKjEx8Y9FNcY3jfcmrvY3PsxkLjtBeT5rw3K41Xas7zBjiB8bHrdpPj4CMe1H9kG
64cP5vYrm2pcqbd1pX93iVqi1akQMtJCmGULmkRYxzzg 3XsErLG5GL5pNHn2NZqsnYAqwrj3nuyUothLMJHnv77DRP6u5Y45mMNGMcasWzx9jSNe8HfpE9ckDprFZ2uwQs2B
2ERrwDgkBHxKbibLHVJmDreq22KK5iSKHbfMkJnhUK5j J4iAi2ZWPi1DuLQsuqwDvt7idVD7jRqe9y54iNUGkrvQaSCBTN3wqSugxaa3g7sqjGLAt6QJqkSnLd45xTEdUu9
5ZQwZbURv9h4RvdwFcWowMMzkME1f2bPGKmPZKzRPJUD 9hrMJWMXS79kHfXKhzryNo9gBV2DcueGxV45YpjVb9TQwyr5Eu1Z7T7yN2Z5UVPPnqAQsedbReVm7ZzFVZKRP9y
DCMaSEZG11PiCHNgPi2Gnfis8iMDnVEEwZ7PM18Ua2WP 4NWcKpGQvcSJoV2FMcLLpygnry9q2r2MW1Tds6o385bsVuriA1Cd9uGbTw8x4Eco71DaUakqXjZ9dBpQDu2GxQxr
7VtyRTEqv6cnYmWBT998q8jfeDBw1N6etStJx3EkBvVG uWuaBSzvPiTuGYVSmtaXuJpoEmiBNXRhDH5th9PCrfmCwX57o43Bbisierbf4oavfWgfA6u5RcwVU1j8SvnTX1Q
4QNwcQzgeYX8KoFpXP2CZgsY2kmJ7ZK9jbkz6suoWzUd 41CdbQo1EX4ayaJyJ93atkrW3rFX1H3ZYgfmeyhMePgcWdHdUAGdEFh8eudaWqrCsn5WNEJ3sHCqcLKkz5TYWcbs
8TFPgBELPEdv9mbPgf9dM13dJWsxJLiX1WViLpRzESHA 4T1a2Svm44CtsdAmrQ2bRRzjN3dhnXtw5taZWwiyiPh31k9ekaniZv3uRKGrsL5VioC4wqYQ3XwDTDH2FgLTKZGK
Dy3txQ6epnq1DGoKnkdWysK1votMT8pbsCeQnsHehz73 5LrM7yYL8HLuMwyoZU739geMdyFJi7w2zkL93MNLYz2mJ91m2NsEb99tLbHjW1wcm3ToKg61nHbSDEYiL9PUKZu4
2PfAmKbCJKJZGZxDYDf9VHpp68C7CSySHjLmBmYWqgvA AvQXqRCpc2EaUr9vcSkV8setJbZndUK2qGjNDYsDL9i1rV156eA6rwuQm4Mftn3yjJ8xyoVytkyZyY9Zy7uwnYy
A6sLWiZAUWRkeSh2j38nw4nJDHogPbJ9iDUdUUBE6XBw 5nrKaNPD1roqa2ayL52QzXvPPV79DCiUwrXu2Ym85JLiXTXpY2ixowvB4UFyvQV45Khtkceb6mzrksVJzkNoAKbj
Fw8fQAY8oSsA42hYHKLiRyJpgqS5dVQz9UEGNV3jbg6t 4PLdDPxtmtkQgSG279JcMxPKQpTaF1XMAUfNgtjsp3tg5kmxyyD8Jww6BywTFj9yrnjvHsqwqb9M96nmN9tU5eKA
wHZL5sobsAsfkeKX18ScPUikMxx9B16F5AGHZyJtmF8 4Vp1c8dv7ZFmGAQQ6ZwCzJDsay4uadsvfjEUkSqqku3uBMp481VZpDekHHkzey2TCrUP4VzJQm94UQk3SenjtH2W
6mdPWj3CMHi1Ux7gh92FzrmWwrtr94yEFHoSMtjCGyUC gP9GZtrkscW8kHig7sqK73LiBFSs6nzXNCfHBcHxCdDMWD9VF7ShLfs9hyBuz6VXqXAQLEL7nS5yxLe1uHHTxn5
9wWxGQgxRBSZcoDdFpgKE2neRL1Cwdfnw5vNgmpnVcGe 53r3qv3yi6pThNm5Ah26hLQXxHjoDhgJhnoT5GKCbyBEKHkiJYRtJCyVLhYgC1NGKcKbphQudy1BRm2khfTbG75P
6qqEXzrftN7R8zXo91GZwb8e5VVmPov1xR2CHYEWaphM uqxNpZFxbzXhd7SfbnAEgQfm96qLSB649F7zcnBu9eiD7Nf2K6CcgZuzAtCPBdmkqQdfpF1EgN2CJv7xsRGE9uZ
6gQt6T4Xmd2P9KyYKdGUTJp4fN8PndVGhu3tNcry4SWQ LjZ1M7299yoKh5dRgebhi2gjMf9KToC7uUEWjarS8XknnDgHBcLoKLW17XBLiUCjXk7R3NFc1BsT4h1VUyZAiK6
6EG9jNhiKqZj6cMHVppmD21g1rRa1XdQbPhqwukjJqgp 3gAP6fY1Xy2w5bAV51SCgMLCyZ8bHZS9fCpEADVircupVAxTyEo8T5aqn5tKcmrSzC4QX6EjApn9HK2JR1WL5fpT
Fw3uEgMcA3FccTUgQQRmKBb95zSipUhUBTTpmksQT5nS uc2538Tk8LsdifuYi3CF1jDddoqxCTxtGKk5ECJhmmgg7pAqf2GPRWtATsQnnZiCzZ6zMFBF8tGQWMMKm5TMdHU
B7NZkWfdGYeMmGDbV3aWuXQi8SxrFCKKuufvT41R9jPD 59VaUuX8zJbZfCc2aC5qdZ8B7LGvN2Ro1qVyTakxVfi5TRry4vYhzwFEtenbkQaeWdvbqgTUTWcHW3vEXspJu8zB
HynmLpMLK3Y1SarB573qkSpL31VokDVkRnE4hYpebnfW 2Ph5g1bkPaXzWemnnFqG8RmQYzBYpweRvE3bZreA422TmBXqHwtd5A4nGexCwuL73RNLtSRXeoLQEAp51WJqoYxg
FHoxsxqyG8jgk4tPVnEPB6hAw6JCmrVaXoafQbVdELZ7 2YrN7mGTVY1qXTzdL5BDtwf5sgdQfKvn9tyQEsJKx4E2QjRUsjN2jJVnkLkVgPjizLur2zKhk7oVdWtSwgN7btFU
65YEzs1hJqtJrYu89yemrGYushXpgWyHS1tbbCQneo8U 4m4ch9wMKFdWHmHzetRxTgJX7eaKo5qEWgJgxkseCBbxJ1z3U8yYTBjLx8h9mDRuq4dJrgGwznnwVSUbhgtjLZB7
DTVfBG56ckN46HSNtG7aAy4kztry1pquEREtY4f1uLmn 4auH2zKGWeFyMK8WToxg7sv8mbWYXwthUrsGnJRrdDGTQzcEsAnVqJbvmYbaYdjSertmsJE5keSFGyKcfvv1vg9F
6LNY4SreXgEH5sdV3XxcQCVCSARfqMuT93zEF1ubuDxs 2jeGMAUnpRZc9usvBDM3k7Xg9Dc2DubvrEHvVB4Hcyud5XWggv7NuRyzxCDdEnpKHLkMikhj45dRzf8pj3psTAax
4YgmLpdLHNtxv5YvvyGSShe49Ys3x4FrXcTWrUwYyGn2 5q7LX4F1q9waT1nNhKV9Z9tZkS7GpQkG8b7hHn6K4cenGqttESQJ3MxfzbkSZT8J18qqve4FhZJTGmmU1K3vhuQr
EEFE3YcT3GeHNk2iXVrfU4URPusJXezHvV7A8kg9GreB 4ckckkXdNdbQPxVmSX52p7PQiB5oiXWbGXC9uYW5D3L4P55DiZpsBr5Di7e2E9oMq3JnmAc9X6uyxbegZq2evZBB
6DpMQWQpZAp4PQdCmjwnmgmu59nrT3CmopkXWhumxXPD 5tW2dqKtdbebTpWYjCTmrmpmQgf7X7H8kJTRrVBQsRTedQXcK4yU1eFa32dDwcENiTuy655BDg25w7DKJMrnajgj
3QqaC6qxFdgyq8eDoiEU9E4ZVHAjknxFoZKJeuRQW21A 5Pbu2QaBnKUXeNyZwEM83oVVJm8QEDf2HmtNxZXyJ5Y4kqc87nuwD2WpaHQrwatHoEGnYzbu1oyUq7uABpy94ehC
9QCniZBm3BVVCDEY4XSx2bpHs2jXRb5GXG4gJwGPktrm nhN6odKBZEZmuEgRG81pYEjJoppRk8PgCkwcSmeu7DdAqvgLoCBvmq3SsLyMsKQsAu1K227xb5dFcqQMmJqr7Dk
FRnQRxEkeD1DJFCDkAGCfE8aLZdMk9oA8bW7nZX99Mpe 2f1fTtZKEttJWk2YdheitDoHz4n1SArvG1CeA2fkUzYXY27vU8LRiHCsDQSipstz2nfJif119yQNs4SsWuxo8hMF
3nk93qMfUL8HebPu3WnvoLVtCdV7F66wvYenjqkZytnL 2S31Corw1zgrvPHvpRRWpBreaujeomEzLmswmd2jvsXb2UL4yadx6YRZTTKFFyo6iHL3KjcYGFzJfT2ykpWF73W3
H5c9d1o5fohDUXZkvVKdi7A2Dds8kksdFjfSrgqPjGBj 4xvhf3wwPwAeyb7BwhbnTa2MHPYvHdL7eJDAdGw3LYwY6LR6fbXL3d9CMdozTtT6cvSdYSdgSC8tTQyapGdKqsH5
82EWJtxvbpi9TBeVpMnd8Bwd4QA8m1qU939xmmUz3YdH 3U5dGYVyK93Yn2aNRP3P7Mvm8XgnfkszVv6cHTVP7nG7k8iGDzCMn4EtGn7rJwtBDmi89cTyH16kqatLX1wwoaAH
B1YEHWkLSkSVrrUo9Y5iMZZxFrTJ5Ub2rs4R9HkU2sBs sT24bdkVAKfHYSZHtfHgdo5dhzXg6DGGotvZkwkWMF2W1zh8PQSubgKN1DpvdeWWaoBMS6Y8ivohqiLSZg8MikQ
DTMzQ39Q77yWGoFNQNJKhofmj3vdmMjAKRp2puVNprgy 5FSZuwasHYwKynqtcmsmJ8LYUTGPgd6fusnY1njnonEYT85igwaacAYXVtf3Hkdm4jfze51zD17P7cMfKMfWbtP7
FJDTK9vsPmQnPn4vizGZvwByoFvp5Qy9eHeVzwLBMUyg 3Py4odMJB7u1fCBoP2QYw2uSGwQX2BpTtXEdHNZxwDgt1C89Cb7FBjWrFoG937n3jp5Y2d9hBsA61cThcq4MQdDA
Ff7JoDfS7MN6bDbxMyF8zzPmUXBDVfNwRmi5cxJdDkF6 325n1Z6AkeQpevsQXbRwEvojDybKA9h6kBk9RGEuCKRFTHfSZrRhPmnXs91RYojXfxjph7vc2Ebz6btQtLy1n5Yi
6DzC6r6Vy1v6kUAZHqgUPv25FTaFPqk9j9AReiNjK6Lt 3gk7LzGDuuXXh4ELumy5JG6kVhLeXNfbiV1iVQJJtQfxUcGfiZXgG3CwtXYBpaPGdEev9DPie5VFTRWFar8Gsj6a
4fZF8wxJoynwuMFnXbdJ9yLjcnWN4qjLi7nqbSXSpsoN 3cFod2hQbNBdBDjDfvkEu4rNj3eMa74FoS1CpffJWHgjR2x6vPCyT1Y9qvdgSukhj8DqCTKcPDbdU5oRmKMK7aFg
4JzkzP9uCt6ep1sFtJvJAGujkdGJGNHiX6RyoR1ohPBH 3KC92JeGpEodkewDbzEVBhujB9YACvpcHFLv21Froe3afrhF5GFBqAhLK6rrwKoHk7aAVZgsXfiJj2RkhfeLPJLF
5BFsZkEqs2aLrqDPfyABQmsA8YsUBwUaKzPu77weoFTf Y7qVG4z6ZzJvVyZw1PVg4eMXxRUFWtcgzMVRHbPZ2N4K7EtG5S9FoSfQZSJjE4UGgJiSwWrkQkdPbvTSiLHscMk
B2hsHab54jsuigAWJaEj7d9ErCWktfg51ZG8zsCVNBBU 2f2NxZ2BhAtVWoMEMJNy96rbxMYNDtaUfjK9wq6LJqv4Zg3yvjJKzXyAJtYPiivtaKV3uRVz8Nm4uweu1GqcwKAM
8e3mdCKJBiPjUosRK48DSBhEG9PHkxhFbKsFDurEmX5r 3wtj3gNdBRQUR3u9ZZ54TrDiBwJGj7kt1au1e2NK1jErJqMcRdiE9zqiGx4zoQkHMfJxjz4xwPvKUFJHcZXsCmSL
3PTLg3BURnfW4WwDt29WxGUjD6jitVCtWXc6Ta5oqZqB 5zxVX6hM6rPHNsWZ1dsn7mfSmk7bjrcNHY3XmH7caU4LixGK2G1yvxXgsq6rmeZjnZ9FqvqPGuHot3tpCvpkbkgD
ErFsX75Qxqf4y3MkkoPMzhFzt7BUMqQ3jbZFRUnVdRCV 5upaUJeGcyagxWThDL4kH7e1nsFBCgZzL6sYiGzAt55XpArmnDKbi1Qhh3ZemjpkyB9Ypsan9hpDj6Cg7aQ8tMKc
GJ1ATWLBo8wTrw3XLx9KfWQLcP2LnNEeuoMKxV78uZD6 3drUXzYPwPeGkcGx2NKEe361yTdRiMzJVcQWoUff47xM3AVERoTsdWoQtyDoZiPfsHpmCchT5YifqHw2NwuLBcuT
ACi2AwWJZ6fU5mgxFvoJQrSEBekWu73zvMS8FSVHbVed 5moQtTxBmH2Z4ZZJUxpo9a9oTAdMd9eQWpbrzEzMfUtRxTTac7b4m4y9RBPSXcuh1g1JnrGwsHHYLVzouGmZ2Hwd
DhLgPcqPkhTUbwZp48TTmoFBUBko4qUbhPM6d85XDJbD 5Q4g4aDgdVycG5PvpbFw69hVgCYc8m174ZnoMrEEj2xDwK1sU7PVFRJ99rSRBLg9xfpr8AsGbfFSZSU7c3nbgk3u
hPbqbWzqqhFj2AN2RrAxiKzUnx49UigDL5qfcm1AtJc 3zzcEn1sxfaidS3uq9wm961we3LGt7uLu3YebAnMkdxyV1LtQsiMhpCtU6YyUzgmqHKTK4Wx9KPoh2gwYfY4ojc
Q9i5bXfMTys6hL93C42bxfGPeGjYhfVeV8fH2Y7Un4r 5H3GR5bpFmTvjxYimMScau2PWgF27Rb8cHN92qZviiixG79qXHWcv669AZH7n3z3eLeJyqn3rDMqZzR9s2HWCzrU
4jyPRYYB3N61qxUznmmdd4j7x98xhTU3wRBgyt5PmAdv 4fgQP2AuBwu7ba1mN5aCDVj6satE3RJmX8xNHCqLRHdu5FwgA7iLDqtVXS8grKQokM1Y9bzfFVr8W83jaYdzortP
CwEQtM3ZqaFr5gkAoAWq7qwJWrtyHRASNtjKxq9mvu8P 3X3fQMxHPZeU4rtvhUTTnMkqWPmURB1WaApUFq7Hk56Ad3A2LM9DZmJ2nRsZn5CcLf9jfPPsRyEG6cJcFr4BHDPT
9FRvBPtcMtxd5Lqtd4BE7Eems1H5RvjSXTJCenAXyHRA 5dCXJ6BmTSQ73PdJsSrEMqmLfrcyxVRjCAz9MJ23DvYuApreNKzhDc9GVKomsydYU2VaTuWnWnthrVPLh9ZTCdf8
EwJKcVpetjZmZr15T4hRaeZX7BMrhapAzXc8JxHPs4qm KteB1skfxhGqJ88UYsdVPGMkKBxPrdToVJvTJpXmMHfVgsQMZ6ZsaYeHP7RkAh3Nh6LgAsNobD7TT9eCsE6jC7b
8kU1grVfbxSeR66Wpzs42BEVDp9dMavACCsybZqjNMQ3 oQUF3rzh7HYQhEayDa8x6oMSGhKJoB6pwebedQ3b4KejK1pYMuGyZDMRHvakeSgqJ2SqAqC8TsKFRPoC6mWvTqp
AYvKY1EmJ3PLuuuwPA8VWQrWckLMJAkJNh6V4ciZNEPr 4ad5rhmKYBKUbEy4nMaB2tyhDkZx6zTJsiD2TdfPHNG6QUrn36E8JsPbrZSytjLZx5D59RkMLCrGERUTSefk3Hhu
HH69AnBMrmmTXohRRTbF11aRLSPi4fPu4NTgLBC4jLWL XM4GG91GqWaCJ8iVaBRWtCUHauwkShRhV4FZGhykVWJPsLmnSPWYQsDiZBTsZQJkEwLT7qDsYh1f6GzMBh1UknN
FAuXrot87NnXe4y7x5J837mfiWubGSoe5u9ZGY8f1Ctx 59VD82ZnhUV12nSwCLM6tfxfycDUKX4c98nEB9YAi8yGSZSS77MNd1ieVLkhHMZXmR7Zv3DzBbHr2v1fDx1WFVLD
HMbUH3VvJbvfTsGVD9vNCy6ZBQaoZQhx6ff1tmn4YEe8 32zg4k962n7UhtFtaj39Q54Ycf3EusvxPbR8rNKhjxXHKX9ApAWz8hRMv7s22dmF6STnhy2i6T786zUNhW3Wd9Xs
AtRsYWYgVPK6qb3YYJ2Liu8tmKVWGpEjpQkVud72FUvp 5iManQ5uNZ8wGrHZyjc1JgLbReYrKX5qQQHDP3b13PkRDYfdgc93GNsPnPgnXak2EgcVxLLgwutyFmmvLdB5Wjaa
AMeZ9woUN8dQNTNMQ8cdMJLCkVcHyKJwVdPC37Q32tci 2uxiniAzxooRfBJ7ctjqpXKzQmL5bEqqu3sUVX8nvPN9ewWjCrWFW2Nhz4ALiZ98Bi2PWwPVdoNHpstrfLaRuhZa
D6HpCgxiiSeAgMxudN7aNf9QW4AFxt7VEXNKp3qCsoQJ BVjCqdPkQ2NhNNYFZWNwSU1fBh1CE5BnbNwBkgSJ4RbtvYSGrRjSD3mXeYkZYR9bawEEHGDrB2XoBjk2NW1oYf6
nadFyDVrWuS8kcsUWYbQWBZLhvKbn41poyaA79XUgec 5NDuThDNxWzW6it2vJsAdMLtX2hkbsSqwu1fn6LXi4oV4okhtLvvMfrpJRFisBJaH4AticUKCZaqnD5iupVk4rN2
3pUTnRiHT5KuutuCuE17NCdSGGiYNbzxchprq9d19TQv 3x4o8sLDt9GsfS3xMdDXVwztJnoKQ9t9wpiodsFhWiDkzn6JiYidiitaXGmr8pshjUeuJsYfM8cyeaxJHZABwv9F
3dX32Uz54QRALE9dSr32LszhTAfrP7kX6d5iAS97cWyF 3Fkq1qmptFJmspbiC8deWKtffdDKVQ3ERqcpuMcjM9nPSYYARta34CjYnLsRPW6eKzgRrdpFs64veGDcRCvHDHYA
E4maANJ2mB5h4CtV4EztFNsGhh7kngi45xRHp725YwHD 58Cqq4o1jo6GsY5v2xtgTV3Yo8cJfw1K5NPjpMkuhTAPXVwvtpgjxQeEohhSEbjvW19bw4dwefLm2ydYLxbN55cU
D9ApAtWzXNzcjQLoJ1Z4XHYpp5CZHnB4CrkXjECpcdnr 3C9GYGRzcHFogULGzht4Uis9UdRsx94Gm1C7BCmCwMj1QNVihXkXKKunLFQz5hd7EzEUNivJVAae1RWE8zEcrUsm
Vv5oStoP36a4iMU8UdY14ofmf7WamTTWcVjp6GwCkeH 3fEgp1aXABeT6Go1j2djZcuaz6xmeYgB1QAGbZCPyXN3sNDmbuDnoM5qKqyLpBqagSKMyUo21dqvR6uS6vvVp8zk
4BcQcrARCmn6vmp1nFzwnGkqkXbhZrMabNx5UE9zxDm3 5anv5kgBf6SAzQwYWSVqEnnK6zYYN4MqjnQ1FwNYbFGJWh4Wkk3E6X2xKSR1D9CtNPi5e3SCx1uxK4N54DfzfXzb
8dY1Luj6pwCbBY5mUa6yCUtkoNJyTz7GtgTBA5AXj2AX 3gWmNcQscPXWZvB2dvM4XnS57scdrTnECTQCQVrsskwoLaJW9p7rtP2bEoX4gxcTFJNAXj1NzMRptewtrqYpvv7V
RBzPQXwri3AemsKoweWzXXb2T7oiUxnNAdZNub5d5b1 4FuU9Kh7DE5AHs2rVBspTu9ea6FKswQuDVdQWjcnLS3BagMH2mZ9eCkmrHQL76LtXUxpccZb3RHL5Z7AECyRyQKq
FFG6ztu3h8JjrfRo72E2GrpSm1fwQuqKRCBciWu8Y4JE 4TtirD8QAiu1vQQDzH8a3tSTCPJbFEQK8ySKBgyaiZdhVTHaRMbJ8yNZ9Q9Yzq4GJ9EFpnbtVwZzG87wtG19tje7
3AYahRKGn22Q8naLbw3tNjQERcZeFHAZpt7PZy7n5qpD 3rjXtj2Dwi9eRPVgMFG65FExTuX5pRdzBCTY3uVDewQztsvaK7866zEyFYp4haihvhpjLdkkv9SkGbd72y7T5uFD
8hhTAWgewvavjeUAkUZy5oZeTJf1o4HscH6JVzzT8zCm 3fFyod2umkqLKvZyWGovYDPSovaYH8PnCnzyWXUTaGpjLoEkTXQ6NKqBMyrnRQXXf1gCMNBbYH9NMgVskxKFQnMp
6gbQHUinpQpBbTZa2YnvocqmpMjSv4Z7NY5g2A16ccqQ 4PR6t4aoLMFx91rrccth93GpKJGA4c8dh5VwzEMhCoDifnVZh5ssimRAkDU2qJaNdvxUypwzy4N6corqHY7WA3A5
8etDe6utt5ppbnU5LLnagSN2AfULm2KtYGCP9HfkgfTt 2qQuWzGyt5nCz6zKDm3EVSSn5g79P7L2vHJq2TD6WXUZCnmkvgpNGTjEU29TjduxqM84fu1j2XRvt7JA5bYYzrVE
5336k8Kv6bzizU5j9PCr1BdjQ7d3MPSZepYFE5j9eAqF 3wLMY6RYisqSU77iGgCbxZu3ZVEV63XT1Dwxf48v4my8Tkn8C7rVFeGf3bfaUpYGVBSdMyoJRBecgPVzuNHfkDmF
Ey3KG4TU5JN6Y2bnhvyRKJJRjqBWhLPANCKrXoNJb8S8 cGT7Ji1jWi8HwHsruZLKuE9A9uFtmAJK11VqUmBmk92XZqQ9f7wyFmDBLRExHgB1G9v6yWNpkcdcSq7QwRsoZUL
5bishpPiYL4KWU2Tu46ywfVceMeXgw8E8tnrtts4kAqZ 3fS3WdMrfHWBf86uQrQ2AgsPwt1MGp1RKXtaYhVHctpnsckxF4Wvu25KWX49wmGWMsgdEdZZsF38uh1XkDcjVUNY
HUEGLCnghZVNajGyPG6A6FWPf5MQyn7Dexau1uZqonm8 2YAMytMBaaCRwxLTCybGP3HyuNRSjbNs9q1nwc2mUGnVbsKuqFNQ5aVdcn37BUgFnvFnxHBBUhB8KTW5D3jmyjJ7
5TkcEmn7uTQN6UHCx7D3AH4qBYCGXMSreHtd3BX5dFhF 2QSL85ET48KBrvJhozAcYdxh3TSRYYL5PXfBN97Yv5uJMvmKKCpgPWDmQsJWxY2R3SPZpjkZ8dwoejmid2sHcDFq
8qW9UiLJeNdRNTTA6g9N9JrDmN71SpEFC4ST3TaBppRo X3q928UNV5M4NNqYaNATe7B2j6K4TZ9De735DFDMfFMob67uqp96K6vGC4ESDjivnbwqS2m7WUqYtBFvekEpNFW
9iRoyzA14NW2PZPdSbeorv9VMdscPZADkc4xQBMV9iDL 2xzCzmRXGXySk7mDezaWSvprwPc2h7aHDP2dqkfTtoc83hKWBFsBr7nh7TKzXkECRyiYvvs8bHs7Tk2MoKGcbwcT
F1uJZtB1c9Pt2Vbc33HUAczgtahT5XXXpsuXKrVXjjsT 3emxzfZiRAU24sKT7PkDhbEuZVxB8jFEFowvyFGfYsVtPgxc1j69YZf62DYSj9kdp92bzyzXdmrCbswH2gQcLisd
84nnRnEY3tEQSX7KWwXhaHMjhxt8Fv25b5E7DZP8nhff 3RRehMWArYWxnBRBQrVgKtbcQc2k1Z7sUxnzs3HXMTzmSy18DrgDXpjJdPUohp2dP6sVJhTsDAiEQEiTi6kGjzuZ
EEG7FpqtA5YX65YbRMuiXGs3CFEug6mRGpEAuQwgCwid 2PKq6BPmTgAhrU45vT6wQ3EAAwwnrcFSiqPqZgVd3sKMZPuVfzZ1ygjG3Yp8g5rhrmXkbPGyoW1ZKTcESLLQnNRD
8DLnuzD2ci1FkrwchKXa72GuRKGsFCyz5xvJd2JbFzja oyZvbb6tUuudKT9dDLGyC3QRPo2GDXAcEodCvqpZQF7oFej7cDFiay4SUfthATQC1b7edWckRsQC9JxQMNiW1Uv
77APc4RcSLJnwfcea94sKpGvdHjR8cVTrRfW8t4frzwD 5JuzWubwkraSTPwvYfqJnWUaxgqS429s4vdeGnc4sDzd41dNSUNVHEeqpLYhD5nTJnXB9nFmugZ5e3HoVj15MYSe
8PopjxwQ17egGH8iKoB1FPV5VDmcPXjbq31t2v5rFGXd 4R8siL21fHAKDz6sT24SVNyWSHB87Xd8pDDRij8a5bpkfjNNn9nfDBosgLhqzXQj3jN4pqpXvU4B6kXrwttUvUxn
5Y2fyrneNQ2B9hqE7pAwjpF9VkZMkDJuQjr8jBNswV9x 5ZuTxx8NKi1xCYDSBdEbS2XHVNFJfLLUzmfz5B4hKpyBeaSPEqiVRj3Ub3K9jkgwDL82HmfheoPQqJFGhN7f5yhY
ALr23AGnNjT4XKRtd8gngS6Tz1eiGethYjQMTVSqp1LC p2UiTPiTimwN6zAfPV2DLkNbQFjDeZSKnJxELk1hBtPjAaUFaoEp2QfExEbA9YBMvxG4zrKVwG12a3HpxhwaHJd
EB47QZLPjkxPUPzmhNvQ2uUaHmKMJcfwWH8kMoVJfFPB 2z7Qmn6FhqhF2BYQURt5vbwpCqaCJnWK1so6jEYEFgeyty1vHPPJLBa8WKEa7Ae3izsfpbbHqEnSE7XkrX3CxBci
4C96myqQaHfnaETLvdv1giPK2Ak9xSCmfqG66bSxqjC2 2ts8uDkjphnLDxtDxcHLzyhEpc2f3F9SzvSE8aHSmYzE3QnbMvkVbLoh4gVqsoLDw4iqJeswBpkusBzVJxATHanp
4FwNcFGo4uWTGUSPRrdgz1YYgMELT9pcjjWpnXjTAvcw 2dPJ6FFY89NcDTqJ1HqR6QjnWje4vGWoBJHZgpHpuS6QXTTScz4a8HoYaJHMSQSyQCWh22B2CZG8DLgenUtaqVsG
6AeDMTp9og112PsR8QKvLvh4khZfpMVeQw9ocpVkThTg 5WZf9GXa9kqeDy9RvKWQyQYovX8V6ocDHE7D3tNqmZ3ivHpfeAyKXmtuXhxQ9b5v86nM6af8ZTNsxUN1yQAEybnX
DZZq4LRQJjfUt4kaGvfdJp88QL1egz2QL9UNURCXcKwE QASoLmbJu2AwYXxq3DBcvb5ajxTDu17W8E2rG3Fe1tphsgvKJNvffeS5NVKuNJGnSabVNfsYwJGwYmuT2a1LLLq
9A7H6kyKq8u6HSDNEtomWJXi9zgwZRTapL2KoG6eKyBV 2w7eoAiRA5VRqHS7K89Yjw2fFuascpEKLAqEoE8PZUjRtEFwMiG7JNDbqEvjfS4U2mFUFQHyzaX7ej1qzPF6w4Ep
HMEat1DuFfhV6RnMqnrqqXVK7foombb17tySiq7XeTVT e1nfrc4VWhgumJwDjcaVHt7kkyn8a9GStKfbEeeCVY1A8pQgbUEC5LmkEd23C5UcAJU37etejZHsv9twnw1VGGn
8t7fJCxj1Haj67pj3Uiu98chvxN9HFQHqjTNpgaQtef5 5xLf86hdqGAdZWS4LSynyLVufTxMBkSMrFbDVcuJnhBnNwWrR7oSu821sEZZomhcUCc54jLwUedK7V4sP8JV8MzM
6jCyEU3QRBLyccQXd7ww3QM7avt7XdHrv97nFnW7k7GE 56yU63GWG21RV68bAgPe56zoz5aQRgmTYwBHEGsAtMxRxig2CmxUrXoFNgo7FE2LtRqhhzJNDrRm7AHXrcAa8yPj
786CyJ4qAd9ugBuy2pT2JeWD2Uq6k1d3sPurd5ZjmCaM 4BXmyM1f6XzuhFAL8YV28XPrhFva8836G7J9nSz8njAueKG6cisq5huBMCMZJGVvKYydyy9fnqhc3jPaHvzWeD9G
CEYD2YKc7rQLQkNM7BWHjQz2hinAuK7axgTFF1bAQM9Y 5RAwSo9ye2EPBHEgviXChCLhzfrvhJYGy8Lv5UmU8wN9YwTMV1UVziquN7jr5QCmn8fNHXxurvFcYH5MHau2qWCn
5RS3JEbyJ1h3ghYz3KzwkHgffHwpgGv4gHe99rZk2XnC 2qaCuWwEDNiJSeMkg2UEFtTP9GkX2Vrtdnzrm71R94qHje2jztoqK7iuqV4zJUd2mpn2JmpY3HsNqRQcwAFo28Tg
9bqYm6KYCWy41icyYg7DgPviYkgafw9zoQquQ6UM5RsS 2YbengmNKWut6iz4jb8jYfiszgz7Yp9ux8ZHDwNGKrZcFjUrhiLkG1X3LnqiKBXerZ5EG9wpymvm73rzGJ655AEB
7uKc1FCs1xvJM5ZMkBEeNCVyut3UZwK1WCwCHT3wF65h LVx9fhjgz4gjaP84J5VH29TdWu1Dh5g9LyTCkM5Zxh5RfnDXxTmYMCVVVJnKmrzUtod2Jr7q53q8T7moGFMCs7f
EiCn8VERgfLKn1pTrjBLpwBcFESfNK1kUALS13hPpeSo 2o3HmBsX5C4LZbwdgyhzuc7kRxT3figGR4ogqbaaZZHvdwzVkvpw1HiXpSNsVvE6nwW2SZeRjUQ7RZKXD9tipgWp
EWFUbJmHYKe6e6bEJhdke4cozf6RJNW5sgABPR7cUK6D 5VPBHuc3gv85zrkwxAMU2Bcku7cjCgpxqaAE6APE5KtsRqb4HCxyfqBpqzWMeTTyCL6FL6HViMRsTVtEevB39G3J
ALsJ841W5bmymkP4niHYee67BwB6fy4HYWxem5YHEggf 3TLaCCjkrrm5XFuASZUshTQbtSTfx1mqiFbmUPfvkUrqqAqq5krrbx1N6KNuWRamzDMjtSAz5sCVMfRdAwdHgsBV
4QnXcKyymPXJ7aYZuuC2RnvojwuCgTf3dP3KoV3z8ZNw 1T2SGojKW1NUzfLBWAgSa4ByD34xiQatCuAaGC9mgzqBqsnsmBEs1JHDGcGL8PqNyLuSAxQJkTKAaNsrDY3kPdD
9EqbktMpmBVxxSFds7amzVM2Q277QS1NRWnvwXGw5uDk 3xW7Aiw9S4F3crZaXCC4zVGuqDXkw5c9uhgaaCKGHuzgU7EERuvtfeqCDo9dyXD9oSnKQTPxVhxv9VPUF2tBx5AR
Bcs2baKAd1YgaHve3RCY1UreLz75j1vTTfJDpisu5ZZ2 SLuUTkZas7pDo7UzoTaKdDq8Z3UdskhFyEqYDX4wHQsKam11KBYHSMLe46NdnaEQhLA2ykqB2TnS7nfwvaLDVPn
826J6g6uM8aXJ5wk79mAN4Df6Z9ebYNEZYLWVKtkiBTN 3rkgKnAAUK6U4SYr2N8ZqNbP5xZhZfxgqhgev91s1fE4VMCkyfDC2vuMJoWYdNYg8bKxddofnnziypjifHtS8r3k
5KzCKMHimXiCK5bvYcjQHee4KpWN6JNi3tKJAXijSB1M 5gy9HDFmgA5hQVjNxYQBJurQ5WnLQotnzrpJ5C1BvTHf68RCtoEMnPPqgj42W7JSM55T8HdoqJeP4zoT5MZsPJYE
HFshf5Q6frLg1BgNBTfDpLgPssymkVRRhjjth9gBgfv7 57h7pTi1BHqJpyJQ7f6djMTPL6uvkX3GUcDfG72uhhEcUwz4EUN9A7va5LYQtkiBDfqqevTJiFwZMYkTpjT73rKY
D3rcKvHhF7VCA7Z4VdebsML3tpeduxcfGg4BocvaagEG ShAGJTH7UqnGqtrxkiZppUcLk9gzhq9riofBPp3jnrMBhxALfXE64gVZJT7wT3yMURu6BuUj1Qw4bEifia2PTm3
HvPMVWHzoXP1yHRn2quJC8Js27EbskWghhQ9PeaJxB6A nq9fR7Efg47uNmHDhip8b8NQQLrnY6w77CoMUXFFmqKF3h3eADv59SCYaGyzfmGjtq1Ui6R7FgZcxY77wFdm7X8
4vT1e9WyFvqZUjc4JR4rqyamo4zo1q93rTpxvJUg2e8E 3N9tHZjWAjKLSrQ3k6yMptCxVVNxAQVniQk7U66vm2pfY6iDLXYwXmM5aiv2MVxEmAiuQKHnLcfnzRA4TUvVUTVv
EmFqPFzoeKbfXVagYZjbVWWx2vka553n93giXsP4RtAU 2ZHkBzjgYp8zwSZYv1gzQBhwFkXr7JjqVRVzY6EZa1VRqxCf7e49gKTw1B19wQn3HNYE9f5j4RrQmvCH6QStVozz
EU1mu7vvN92ppt8tkUbCZAPqAVcPch38XDmQv4XiMXDq 3fuaSrZ4eBLFdvrzqq8A7CqJwXNVDwZRSXeUCxTzUz5HBPSRXPkkNc5WT49P1Ks63wfbGgqdrppaLUsrqsPYk11Z
G96wvDp1HayRVjQjYJUDymDaQ9GjzS4PAG5vGVoA7jas 63osaFP1RD6X7wp5kc6jAN6N87gE58yxpMuvuCEb7THA4DYbJMKG5PABYESufKMEGKk3SjsgdjehKHbgY3oKgP9b
AKUCbC2oV1PBV3rzqQWCQxvxWvzZuwQTNixsAxC7GUv8 5cMwGW3JhFshZMjMXbqZXsiYhb9N9n9GBbyy55xJ8u6SWYUy49myxXqJKXtPJ7m9LLzyYjssL3cp3aQXaiKt2Zd9
DC2HDCu7FoaXEtL6zxSW4DD36K65DBCnT1yiXhZbTF79 4K9osfDzbor43wigxuARxwwbrrPPEau39ic11oRX6o1ojHa17ZePuwo5vg8D1qhLimTxjVDFNEqsg19fT1fvYtuo
43grLyP9qwTMFL42sC8axfXdK6WcxNbdHHoVhvmc1iDz 4n8mJpkyyfeefyBTjjTDUs9SxRpgGbf1Xc9tM1eZT811eyK7pqrY2c4dHfmSErpa8rUDEV2Dbn9zjDciNW175sdX
WzEjWd8kv2uAgSGX2gyzr4cZHzna41pfWShNp93dBHi 53Rx5K2QVwQ3pomBB28aK1XzAh9XxVWNkpwFPbB6fyLr2dtsBD9TxePJGzXMptU6zFzjXmoyLh3A34hGgXgYsXMk
CDdvnUkKW1SfeH3vT2UcJLv6gcAvMUdu3ombPTqVAgua 3xD4Wq8MP3zjssgNvCQcDekKMwsjKXAGm431nxK1eEUxwQznhH5HCwx3VaLT97J4R1M5kbLqSCDyaQshUHSMXS7Y
BkiWfsoJGYz3UtRn5ZyyKda2P3ei1tm1Hje7kJzrdY7N 5boazuhcYW8FZR8CUzd6gR3ovsUwPNiSrxCkMxgyiuixnUk7cy1C33hnU4ibdRirBt8SzoC6Cg8iuhtn3DZqSgtJ
4RTkrNM9vAfqPpupEQtoc9RQscwm6jUopYLAheEzjyJ6 2kAr1uc1YmQ7stw79dBsBnj8afkaLdNgjbjVMxSTup8xHQJAdJ4ZmJ6JghdZ87ksS3D1HP8shV8LVjVKqZs1Nu1q
4USWNXfxdqUtzUxFTdoCN6RSuUB4nNCmirhNngHRjSyy 2udRMdx574tSpbnjqzUQmXkC7azyyTog74HLqxynfy8LvUZHdkeY2QDTPH2qBqakSpsRFbHqtqV93MjhzD6jdJ8m
CbLTLSsRhHvtN323bCa2yRNuWYLWcd1SNW3VZrmJn5xw E7hdxZwf2AWvhCYb3XbdmcFNaDzUxNsDYz1rbYWrcb4Gyi1m6vePYXKg36U7LGELZUQLJYxjBKPfqWUw2axFoEa
EeShTDkAK8fgg7aJnnpcgMuFrifyrfxSeh6paYXduTrd 5RneByt3yxqGFKjyiMmW8SPtokdpWbyEXxYQ6VVpCx8pr9LzECjy13YNXviFAYhtrqRCc3tUdNLR1mRvngvXNb49
A3JC3y7uFuK1RtF3MrQW8XinV1j4iJ4yZxmjPApCBKoW 2d1DRe3bo2bEiYs2DEuJfXKsBDjaRR4F5uoYSsxRmuUFiCdvQQndJpDF2yMJudf2uTU71i5JzXeazs89Tq6a7dJ4
AQ6s4qBcxPf26nTknmYqBJJsGbRYMgqwH7QWwcGMMicU 4HZv7d8y2j6oFRJ6to64Vnh77SxRTofSJjWebZXVhfNdsoU3osFT9ast6Kboi1P5YFjdGPy9AQwojWY6rupW5sMm
DY8EFoWCNnk59nt12mRmzP4QQsXfgm54faTAFRQ4hKHJ 72mt43fhZDCi1uJPPVNcwKznxMRuNNPnEKYJ3zYaAZ1mbkGik5fYL1rsPfCrMccoKPKAefjdBfx1UY1dW7NXGJN
C2qoYoKT93wZRFU8inp6qS5tDbChHwdsafKAK83nkZwx 4EvrkL92xZgfdAHM64MSsbXRNCPnRChDJyraE1wpVvRNX2hwSQpgf33cwNL9Htzx22hwaeB9RZnwB8TnVxD4UpHY
9dnmbb2tteotQcyqsNhUD8f4qTVVdRqrUEPSnboTQ7Vk 2PqyFeZTPTd8A7SwrPvzkwTueanFwR2Rce55BrKxZ13KUqTHKnRS5KmDmhWwmEB9eKpnngEYFQaxgpYtkUXf17kN
7m9KDqEXAk72V3UnBnYa9trTdDEtYXveuwDKTRvga35M u9t2AHkf6azVrUWYkXNKj8WPp8mzvmutA1uhYbNrztRM5VuaBBW3XLam7fx9BzNboDcdWVFPdW5CutjRuqx8eZC
9SfGxo2pPbQH1AA5kTgxniu5Y2dakbmXqx72HUKQuB44 233zPDtFY2JA5seJsHCmQcqDxrnzBfXicVUajgbTp46SxZAr5npXYZJaduk9B1zWaZCRC14hAVF1rGenpg6zxUCq
8BpuQFcVQXG2ui4ekacieWy7fkLZaL5QZ5JNmxhaG8iv 2gnXML5MPrN8xbiDpbJFNgYC6r2yyG39bx3ahxMCXxQPb15eTiX9sQWiV5cp8nitJfnn3WDQSMJP3Ui88AeDJ8yU
GP8MXHcQhK1XzJKfdTaV7ZkkLuBT5r4TTPXyGDWdgm3t 3CxskxybafJsWeYeMQMAwEQnFxiSiX91aWtSu3AZfCKLz8kx3hBdfuE5VpcjcwYqz1v1zbsAEsaPMBbqnbwunqFS
BEyUBKeGexDdZ7gC3BiepaQEpT9Tjt1DwRiBNJn1qeBE 4LS6LATna6TtuYqPL8JtYt7CDZrsvbexFsbmhwTPWtPxL3rMbzBwAjsyCiz4ZMqG5FCEreRfTB6zohet9k1DCk8g
9rZLorM2XjLEX6LcjDwtZW599obiDxjH7aZAWA5ja4zA 96kn7LjdGwq9Z6VNJRiNzhvSUwDGeFoNFiFKyZSAEU2gW6Bwg6AQMYbNrixm5XvKoNDJwHiaJFicSUZ3jic1o6V
BBGZNvMBZ1wrPAUurvt2BC3Jfo4TazkeHKkk7mtfodM4 34YBMDwEmtBKdSSqV7N3LqM26aV9bzTaTR5rmsoNUkwwqnyHEvaNPZfe3zP31AVA7duzjixj4nBsYVTfdvTdpBeX
EMFEePYsgz1nSZMvUAv7qxtzNeMbrZkmGMhwd573aQMS 2kSncg4mr2goNXquckPKeWR12s5wedaMjtKr71r6tSJxepcSS779WEhQuqacQbu77pAuYuXy9KevzMiNkNLa5XC4
J5RUepJoJFQH15uukmtXnTV2o8zxu2Fip3XkiGs2nQz3 2MEHkhxr1HSZXQP92t2M3kwzxVN7vEZpsRFuXuzFEpgUNDCNEszJKPYrP5ChzkLgW9TbJafMn3NuC8XiJvr6x1D8
xtx6SQd7L6Brf3o5PRzcxnrgjcuffeCTF9kMryz6xJT 4TN3ZKL1Sdx9oVN891rNu4pt3o4Db3YsyYodBnMdn5PZN7NTrArbou1JkrrZkTjJYag7Uj1vw9GaDQkxwV1pMV5V
E3GpEzH3p8vWHxQJMKaQoeuZtrr1o4uAgXEfRJ1TYuNQ FN2FgbKPFH14itwkTszs4ujFLxxTaQrqw6244k9rco46aZFRfGk8cQG2g1hLFP6rGqHYCrdrYijjADnS1k31U4E
45oNb4L6NZECCs2uaZewWFcUkFJhM1e6jNqvqtGXirdu 3o31M6EDjZZpS1L6MkAnKXk6pdUUsp3eG1oCpUK1wc7oNfjzseQuGzyZUbqF9YK9mG2GucN3MFevwuuTMru1hZGh
2Kad32PDFCcZVpiCdbcyMwLhKP1cHQqVgtKgeBKTSHTe 5a51sQhPi6KJJ2ACy4nwoscm9j7yXjgHhgCXN8dZwaEx2Quciw53gqf7LVksSLUWWrBwpnz44vweqSFFruynvJPB
62j8jTvXw8cHUVNEXVX4AjVDKE87YAThjRjtZUd2fCNN 27AZLCzHM4ur83wL2k7B9M8EK4fnRJJp8GECyhSJNexfW5rHN58RBLsRVXAJaXajUKTFVFdQjJb8XXsErjsf5aAK
5wzGJQs16mS6Eob63odLMvLT3ueTL37Gz6dpyQaeoreA d4cU4G4sHHxKfBXCinWVusVCFqJtuQaxRczNp83QB67JRskJu6cxPkeqqyjXtG2noDTbYASE3vpncvvjVm3Jw1i
9TATv1Qsn5USesKsLrKZ7nTFub8Qatiyzvv6vybHgKHE 5QTBmyvk42Pc5MfJUcFefuT592jQnaRhRaDmCZkH9nErBEQfqTNaPoqH1AYSFHPgqw46yWQVay39CwruA6AcPQNH
7j7xHMZvAMwWM4Bf1oMph4ZG2pJdBDzGdCDvuGmreB1d XNBwk4RzbBgnAisb86RbNF6kzEHRHe35VbCCc79eiLk7XgKPBDEfhN39jBpgvUkpFjjYhqxxQX9fRVMHNoeK9bU
9hEDfpGnXNdjvbbewnYorwDXpQ3t3KUpVVQsDJ3UNSCc 5WtCJnmmW3pJkshpC75vjQ8ujiG7D79eGMroTBB8cgWqqEWFMQ9PqEGR2BctYKRHfr31J6T1TMLZhWJrKyNZHEGh
HJv1VGjceqgmKFXYk8he821HDJVWGEWjYCeYb97HsNCR 36wXxpQgbbfReKTSQYGCwZFguG4ZcRsYxi1MGt8DqtBvyDPbke7LeSEkXccVuEVRE43RsUUUF7YHRLxahtHZfPQD
74AKSQCFV9bGQnKD9RYkX7FEwSRpdJ55pJpkkpm14wNz 2at7KD76sT26vv4Cz1GhV94muahtQqbDHhZZXrFk71nTEJZAfNPp66RK7oQhWHhr24dEbJPVvnj4bxkUthRFqisF
BCvuHHNsT2qgVqj8SoXfBBe5kEqWF1dkhUtiNThb6CTC 4HaQPSt9opsHZpt7QmZBS8o19EtxPansSS8ukwMtCG6gvf1oo1ddjsbkbMzthd8FK9vo4rVq6r2oTpZKQ5ZejacF
C1RHH5vjyhzuxPZSxBnntxXAexxQUhMinAxqw1yMbkcc 5ikmvgn6ULUBX8gVWGersXEaDqHoME1k11kH1BaoLfKekrvDw9kUdU7DgDwgGJzaG1yErpcZu7r73RGjkSuZULXS
HAbUyrvq6sSHCv3MBrhS68tpxWMfV7oxwbdB4s8TMEYD 2rgbdCCdYH8TBiuRdATM9zD4ZycmAMqoLHyZArRacY7osWXEoaDTr4XGwu7Edz8QS58nyUAPo4Fj1fQeLcN3QbYh
6EzgUkAbTpaHFj1PxB6bgCTgyNsefDjukSNjsZv8Xw5s 25bfr9KXvbEBy7v1M3UNqzi1PuTW6qh3PxZXpWTFR5VcRNRRDjU4kTitngHXgWWKVNBWtPobco1GVAAZhPje79qG
iCy3E2qHUZNEaYkg9ACtFFCwzWmEu7vngaWrksoaFRn W35rGAGdbKCQHKWEe9UTLwTfbG2kRdga7AeMQEgZTuT18tjYrFbR7m1ymy7WLGekqdVkg2usd7bmTaeLwEzn3ze
GXyVQKRXjPRRfq5FeUvoyywpXrihSugY77UXos3gPJ6X 2aDYMDKPNcjzee8vAW5GTcinM83JqDsJNBY1QjP89yjHXHX66gK7vun9BNe2F9U4mTmUhUr5v4pNuKVKjjGZcpvD
BPcbmY68N7qD4nDzi1E26vXWLDNDovXmKBwVCQ5T7JP9 B5UxWSuEaYPhuzhmZZjCumUNRNWbQXMVmpQafgwvvQntCJfJ2hyLJBgYXM55Gi92ZrHMkEvnuZEVtds3x7jXpCY
579ZcLkuDpVFWGzWwY5wn32bEF4x7UmjBcePKubcUGDp ji5JRU5TRGN7vfaBgiJDK8NzmAXHRxYm4BwjRQirxd4mZtQvF4xpbpDUTCg4sGiq5sYG7KCEnRyufjNAoQie6WG
8VRpmEUa2NYyuGnqEfQbsM42DtktfeL4EJcmcxmFrRA5 4Ka2NEzfbhpG1e89FdqUJHz4XveZghbgdwWgjz3kLVkeCUSC7yda6FQKHQpL2CjD1rH91iZGjJUQgvZBwkDLxFEJ
BPrkEjCv8Zdeu2HFpzbww43gERd2rMfhymnTWRf2thY5 4Ku2PQ871jxZBfErfsWPQgmnHcqT5GVsSx9vw6Adqxv83rqPQvjNrq4ZXY3DPUChYFzTU5UVU5HWz2Q6XWmCqcAY
uEVYGrh9t77aofV1eAWnvwptwuePtCyTCtqTonMYbVp 3gLeMNY8zW33vBbW84vTy2MDg4p5jVLbLbvWXxqGa1Ys3296KLZF2vZafm62DKfXiuXvFXR7KyDzMEhM93ahCzCi
7m6zKD6EZQXv2py8RGwmNoo1S1SpWzHHdQNWTWaRE4ej 5Q3N7wT5ZYQ1uCgJspwqJj5uaFMY7TcXw7sMepxATMwYo46ZLA1UftxYuWmafjSmnKWV3HrF633hNqhjVquo5ekM
8KRPnj4Kh7R2dzBavgVywUzRvBLYvYUui2Bdo8TKPmnD 2Ynun1hjiHEdpCwEPi6w9iSyUpBSwk2uKwsuupF2Yj3U9LYMvTrgjqqQoRsTmgsF3TRzaw35PabjSEVzueZ8KytZ
2tLZBVw8eEQBw9cfgkzcg1JqhiaAXYFvqfWRNR6wGZEg 2bbSRSmF9UpazWWw8goHw4wxR3sx5PQNFPADaRUg6gMtFLQxjMyLzYbNi1AV3amdpEHLSeonMC2dnyaB1yFpsLq2
EYsHyjBENNsV2XvcrrzfU68Q5TGu4mJU3cu7abNohpLZ rDaJo5saAjeH3bGjbBCFTTvUgAqG2MPEv7mut2ruPwKtBz3rGVc56tkXWdSbaZuJwjN1omuUo3GMqnGSVJ8eBQE
Gc67rcpqDgi7G6hk45FTXA8D7KQe6YKL8U9DyDefcuQT 5TgnxsvkVafZaXKNp3vB53XQSxFsCBb9zyWDDi7p3UdJLoajyrZm4mbCe9mBXwN1FgfLUTiFDEBQnRDasT5boqTM
7PGWxyuMrG7Zc7g8XLD7z1BCmK1qCJCotRFR4ictwkXq 2BBMte5jEtDduN24Ss4rX7ZDLX8LW8e2DGkmZYV7fB66WSoSNRjGqj2XZCDmaXKsVttMCA5HfFPneL5dRsmkPnVx
2pugENAwgqYYNnW92BBfhgWkddXbuAoqgBxUvxCxtmrM sApgqwBvg9tW1PQifwpJifwZwjQ4arCNBNbzNCbbTvHhwGLLLAWeMF7EavycExPQumtuoXcNPSoZsuYejMwGrT6
DkxmHZQo9x2y43asQYePANWGmU8TifqTRDF6YLgRvo5D 4MTfcU5pGPVv9prUmtZqUw221xQz4r8CLcTXP3QH17XTPM95ouFuccQrgvofjQjC8cCYp7fHnrQKeNzqhWR5jidF
G4qCb9RMZHEx7TGaDiM14drn3YNyaCUW11S1VULf8koX Wn3eNJQdHfGyoXRxWjMyjkSVSAmUMKqiH222nm8zKzyGj1pi3fbU3dwsXLfvVo1ijPABcyGsmHjoSmZJ5CmCpsy
Hb3CcJAfYYmd6CpE2KfZ2b3ZFuac8CpS8EKjKtPLPLFn 4e79ft6HLpfxjtK4SCKAGHqfkaEwdo14YQqKmdpahCFygDuZXgTDBsGJz3GtBt6CE9KyR8rDFr6tzpvTppX7byZt
FSwWcvKH9t1Wut5ziQKveakVYYH78GoCqC3ScPhpC9vm 2kQKNRt9gG6BcgE2RTR6HDeqZS51EwMFUnjjcNyc11RSffuD6BnJxujUru42cY1P7NrnQ3Xhxs8fRuRAFESw2kMF
4UNsMAvusLqKMaNedJeJTGaCnTeDAhx8gCSHFiPcb3Ac 3wAZinpMUXKrxmJTmCQDGYAqNa5r9GQy9Pt8iuPPKBUGV1ArxxRn8hXu9vyeCiX4dnnipgmvPc6ywoJqzBpsCVDh
9Edd1jJqxAmSuZ6M1uogiH8sdHnMJxvXtnG5XZCqJet4 2bqc6fsx6Md1hUGdUr9DoZgS2swHR6vLY3TeGi4EwL2TQ5GSy1d8GQxk9e7mV8TazP29e2hupwbLo7Chjjd4zoRD
6FQcrpuzMhibr8B8cZuXrFpQ5FX3xhEo4ojHsBt675E5 3EpcPMqTgNmJJxck2nUBXrRVsaPELEyEUgcBR4bkctjASP49JiTebHMDf1GQ6fNA7TQDUdMd8H1AWALoUuLj393Z
8K7Pu5mUXVnVakD81APjqfSX1KwCh31jxdtJBwmgBzEm 63hao6cKGxvuzwH1PBoX1uCCBJbjmUTKg74Q6yWXTX2QuBqt3H7m9biYHkcEhFch4beDorEoLJeC6PyqpA543tPf
C2PxZeEeXgg5AHoBwSxGfyfDQvf8caJd9nVsrFQ6pFVN 3FKrdhMHQw7S9magWtcUYAHzdpFAsTWNR5TkRhSEERfirjqWpgUwcfceVzcmmYUcfNmp17tYRjSN6hoEFVAFhCbE
GYvaYFmJkuvHfS7VMuVLepNtxLTy63MG9R68L2QQ1RiT AQg7FxxqDC7DYetmjwUpzszgsJj6jxMdk22cGR9CmLiPv174T66ttQpRuUAVq6H1Uq6mmSADfJevdXVzGGVQwwu
8ZpvsvrF2UDiRxSJ8wpGWy1e4vCBEXNpSgCHQLVbnQS4 4hguhkHuGB171PFgM9ZFTazycnuwy7YXRqz3XVu21ioELwxB8bZXrsxmHCCZEaRidENEbzXZxsFJyMPaVLudnQFK
9KzkdvTkgJvjX3iHpTG9EMeKsWxMGZLovUT7Vcqe7ZXa 4HqHi7zY3mFyKCfqZL7QA61n55SutsNxpdwXX4hH7q5DJb88dwgiHumtXDifxzSMakpKTCkJ8wmjvUrYRd8QtAJW
5825Y5Cm1XgBLw1GuHCaKtzXSVdmsvCUeuZbvLDZoonW 2cNBywL3etchAQQdg1114UeHehey4ako1zR4Z4cCWjspj9FBj6C8W1phbk8EUZm8Gb3Q8H5BYUAhFtkwFhic4eGa
AiFoXGssLFgdePBpABNQaMM5TrttKW9iPptQ4jcYg4pM 2TPvgJVh46JYqoAf1i6c9nbKYYG1JVmDcGiUeEHgE1oHP2TpyzcXPmHjCU83si8vb2Ao3B1FqLqbmV4cT7eCciH
CWFXuU2JTr28yotA2tvnYagMqXX9rpobjAJTQ21BJwHb 5AkWCFpCPUrmMeuc1kZ59rrU16m1fz1zPErqaLs79p4zrK5SBVBbVX33uvvQwS3VgWJN891RQpjqXHttwWXAivGy
Ae8MY8jSngEKhkgwXJmVBwwkzNbKBEJNrqT8P5sUwdrr SzBde6hHH4XfPSR5qogBWaqLfP2ppZpMscZxeo1GVSWmrRPCtN4aQBympoWtCtoN8UmbxxBDGmbL2qDQBzJ57St
pUCwFEqZioJwvSXgAdbAcknKnEHyzPvpGnx55DF724a 3oVj8QhxtKakgRbcPoRYjBVYjw9CRYrhfcn9oKxYjNixUQEVoS5z2JitnT7iYkdJc9nCgPyEJqqvWPmrQpV8bUHX
Htj5cGKA56QP5Pca8B3aJbx9BkbBQsSFqa7io1XkRpnA 4bt5Fery1TyWHq3hzZ42VDg7ZgzL9TnsDu6E1rEaYrVz3zBsrgMpsSbtVWsdDdF5pujcjHoDHfvqEk3BrFztoy6E
CnyfZ9RPSfFrcb5kx8AbWJwK1ksTf2syL9K1DuuEYM9R 2qcN957XiDF5d3TzXErqim2L8sz4Ennw1HHnAVnaT5vVg5aj7LcScDwJreEBYPgorzxDUwjQ4MLTcR9SWbab9j2
H8xqsshUSg2dX6JFPzboYZ1wdECaazJiAyk1xL5tgdB5 2inoum34w7obVGD47uZwFY6nw5JjpaAjCuNV2HttnYXLuBxJT2QH7FzoPNuYf6Z8VWkrfZvXRQNrCdxTcvz4DTqH
EyGe9AqAvqWzFSNP4hFnECfTH4Crp5xWrLx4Gi6QehVM 5Zcw8BGff1dXXyxK1Pbhb6D5xpPMby63iErEuNkm9LL9jtP1f21kqjCCpL5Uu6C3AJVkVgF369sVGsFYnkougT9v
J86mwK1BqBhBscBZoaRs4E3D2RCEqoYt9mGiCsHPgMsQ 3zyJZBJ2jNJG45Qom67auKLshPBqjzu4TV9V6V8tydm9uN8jVeLDSHiApnHXsUjjrKade8hZrW51bheGDSmc63EN
FaF8qTyqcxH3ediNDB62xwJqsMfPycCFnpXoDTRmVJhD 4ci9HHmh5QT6yP6GNGGMkqfHdjmyNMzf35UMRmVKSPvcdixdE9yiLHyDvMKivJvvUV2F8pu9Rqc2KBy6ZWvPmxp7
7kRZceia7PyHS5c1hJuvkFSWzqdJQWmfj8mPUCLrWe61 ges2AjbGjq3tNiMStEPxhM3FHYerFSBiC8MfVoqyzmaBMrgEvDd7Av271tCwkqU59LVvmP5HokdzGFM3DqggsLh
7uq4wgxRa55L1XLVLEx5BHUJ8sgTKkzDRvYdVvtfuTLV 3DKJzavEWGFAH1j8sKy2nSwBiqNgzyawz4diEr2gQ6z8HSQxAhTGXmfHiyBt1USWRP7jedtWdESehM66dKKcbu7R
6AoYU1zFMjHHbCLFa5VMWcisWUSe9anZLnbx8M7toyJ7 38bFSe6y6R2MJRKPfRpmRB7Uy3A2i2hWBWhFW71NN46KAD2J8axVZaqo8y63GMqfieQM1nL2FefF4edQWeXtBrJH
4x9ZkobZzFX27eUPZGr4i8xUwVWUb67Db6C5MkY8JtZv 4ft4PDCGXwMAHhEUQYd4QHWinBKQXyj8GsvAqwvkuTkrMKRvmsw7QKmtM994pmfhkrzn2bfigkynseD85hYpaFaR
52BJ3sMXq1N8RZpCKxR8jGv9nyCeU5Cy5Rd1S83MXGKH 5E2bwu6yPJsUYHJoD1C3GHuyLNPFNzZA2BULwFPtuD3LifGFsp3ttCKR6vwHrkkwzd5zcMVdW4LG8j7cGCvRoGg2
8U9kQ1QbR6SgPeNQGrjHvteHBRPxvBiuyzpE8Tp3aCCY 54icJuA62LhL8DYCQMRpM1cN1hf9Wb8kjD9QhYFiXkGAQw5FD5UFR7XnjnsyApHhWJESAJEGcTM8jZA2PwpEMWEz
2ifRg7Q8k7Qa7noYvpfeRJkgiP5D16GfSSu5LTNf1zy5 2PprAU18pSXWPahoUqhn8t1Nd91EcC1JrZKe2TUuEf7hPMdKgiMhqhdj5kJVSNa43SQeV98DL2KHqYvu8UNEfczQ
4uRUNm5myUnJEmYqaavEyzYLaP3KBJBkV3gkYSmMKn4s 5am688BKGQbxCuqjCZUSPijkbshdd13o5KkG7eJUAHSyPRM4LEHVfuWzvfKpo4Czbmf3HCPj7JJzfczzE6y3nnSh
8RLgKJVvAbyjbBNGfpcBMuD1tbw6RT2TJK8vb3Ws3z3U 3W1ajTTm7tA4dQbhnz1FhMTdj33GvxFdabM2zaYyyuqYUG1PHFk3sRgKQ28qcg5Fdd4Yu67NmMUt1maXtoVPkfEj
FDNSg7YwvHHggDZuLCS72DYfh6eceyLzoc4hh6SaTEuq 4ACJSj1tw36D8jvrfaFbSzw6r5JtMMAArrwHRAxMzNi3c8J7d3aLCm8zEiDYx1rDurX7cQpcATDSKbVUBcxUeF2z
3CAN1u1ae5eLcLWFeCJkyXHz4vYTffWAYx5xgAuy59Uw 1mjYaNJf3aViGRp84zV82z4Pqye6LDKrwJDstw8Vs6UBjpwyXbZw2HJ9a5o7aCcUbN5qQybZEGhwikphibeoPkq
8g2gLp5SbMf1JKZ8rjD28wwjDZoURjgcPSeSWouoxj9D 5ng58R9ppA7fAHpZsH2SNDzGoKcom6NCyYreAfsRxDqHSoiaxS2Ywzm7jNyKZbTQdDeJNrnf7N6Cvt3C5x82pB1P
GNSzwccmZKZTFNVXQwC3LV962A91Si81V6jUQwAMcp3A nXyKRvHom4UYAvVxhQqJSSSUvzmeuYZKs45rc7GYxbLBz8M1j97T1KTVaMFDGEsvxnGRXcEUHuWaAxWMeUcpVLb
AozbzBJDZZTSDn1eYTpSNN2EwMVMaF3BXkXtX9pvjZYk 2QgCyzBAVeWDKHgr2mM7uBUcZ2VTor3ZnzpPdntScWqmwQvGWyPf91z2BYivCywSusarBzzzPos9JAMZ4Tvfiasi
Atut9CZ4vMo8agwYpCyZthZj8JUJBao7uPTMxswgHXNE 4bCXceN2DoKaE2FSxfvXKQjv4ww2Ysqd8yGP6azNWpbKKMmdLFst1Xt3cDRysvjbEAgT5Yf9m5bhKRPRnKbBv9tw
8NppcxLhboqxsEsBb3hwuSz5C7Gxkq94M3L6fcwh1i16 5BqRQmwTjo2YahNTYCcw1P8oiVjcMvq9ThdkEBeMPMsy2hTVk5Uf7GkJyvtFpNk38sria1h6j3n8CibGW9PKcjw5
916xToujLaJTtcKjyNNh2gsbjkTczM1n6F2awQJmYtMe 4jghJvXPAWaCAAwnQxYm7Jhvc82mXWbBW9PHMH93X7W49jMJQ2rpfn2CpNoqJWEMmoXNFYcrMJxFKJU4AaUUHeZ
EqRVqfW6TEcVv9eu43RtjLEBEZ4sw3Zp84fmDSSNTB7Z 3Yzf9ZnuqEhAFq6FaMNXeQDzYpELaGWLoLNcyihh4VN2iassaEYY7axSZTyDKWDjiFiAJ3eBWTuQzjuj7arkwAWr
H9v3KN3ToB19fjr5mJkP4V5Yuz5DAHoA46QrHJZbVhvh 37uXCBxvprTupum3dReuseeG4waqpa9qufaVC8Rhk6DJmh49FFQyD2YumWhyt23HJBREF9rrfndRiJUZeYPhknR8
8MHFfm6TyyhwGukqv4E2ryKR8h2KhCYu1af8CDkb99i6 KEzjqFKqXwg8UeYXkq7UFCgzCUY8b4eAocKCS1WPfzzM8P2G5P9Gq6phFEo1536YqfjV7jdLsyiH8pFS88xwFeu
CBD6AqY87VRS2fbC9A97KqVa92hvcBgE4oFj8AHnyY9x 5YwK7uJCRbN5Xd4pBFKv14Dq23VSkwiLLqNoJrnRDj62ZyXsEpdNfvbZgwoyNbDZCQrWkyHuL781Xf1sVGSkwArb
GuDEyi1BWtjAeQGhCr3iqC4mEQHq1SQoTcDyAiN9uEfm 5T3ZLYmXsA1Nq1xETv5tjvNTCJPbdYewC4XYVRhtCvdZCRt8YZSaPetCbRd3h2AmjSwFcYsYAXXGgftQfZtmCoFA
7xmTA8HTWfrEJb8NnoEFDibYM5UH2Wa6bdYeQbwsd3MB 3rJPmqFRbmeo82SWG87uVkcNY2UhoVLpnXUv9x8vSeBgBx95RRhUrASH1SD6ukVJ3hExXWAcG18LztKy9RMfMhsK
j1dt4B6SWCX1Mmx5pWuBCwCn6hhPw4ZVoSgDfv2W9LC 1RzJbXT2eNZLWUCh6SCaNoqi7yU7ZhNtwP2LwQGZpk6K9G6wzh1j8nQiBGLVdMALgoJEYqcyMpFedJf2Avi9uzZ
F7eRtCdN5MpXVcpYGzScyFeELphsRduDD7FbebAiMe1A 3XY9NWe6uVV6hja5eK1AUYEPEd6R7g8fFNEbUrsGtynT23c4i6qn1LKSptuNnPE7mE8u4S3dbDQT9KbsFmLPoq4j
7C8buvBE7jqfceoW3fVgQrGe1axNYEYpEZXhRhHkzd2b 2ssBLgTByui1ztuv7zjhqX5R9BynjXxReyTJFuKpdyqybn7NweYJ38HEDCAC2JDRUq9yncF7z9QJuTqZKNpwZ8qd
Cw9yc31umJJQwAVGoQcZEqySDKBFxfaFCymDoEMYz2wx 27EwG7A93YaHPBXMJcsH7tNhuFQPr39uKQWkQv7FdJVx4PRmSiNoZJX6vcDgcvnQyEX1yhmj1ktk8XHTPyGspVdY
HjrUbpRm12JF6XFoHREmPpAe36smkx4a9CTXcTD4PeEq 4U9fpZf3F5aRQjpzdq1KVhE7VbZa2amdxPb9wvQbCjigSf4ZauoZahyHuAjiMsWWTBRiqyCQTKJ7nLookkvtUDM5
dWhKsgFXcRRCWZdeUyRYcG6bCzp7uFMQG9pwL2DLfdM 4eZ5PMgZJ4mWdDPfzJEcUiK2w4s1gLLjpaUSLoR7EBptgtvPLmf1PQDFDcdixBs5E4ZmBm5PykSSif4ioZXAB9Tb
4f58x6WqPMU15fwhq24TQVcwuxWvHY72HccUhwnmzi6D 3zymvsuvs67T18BN7mK2Z4V7cb6bHoo3s27QD93gEW1D3yBY7PL76YmarDKXwuECS6vppWApfuRPdDBkVdMhBi8T
CXcAJ61Zuu52JvtSsXvXt6uxFUeuydHPGU2JxJS9BbB4 3YpR6ny3w4X4GQ7PYSen6s1Qrzs7uxxKojcZYkSVsr1a8XtWSxE8BHup44SFjbaPXmLdwtNcnqGu2AebZLSoPo4q
DNqE1MT7oi8JiGLmgjfDBVyUm6gx8vHFDkDLdcGZQGsb 2TgkNS8eEFzAtUBoRBw8h41QLFcTgaEYz9y3sXDVXADH8ReeWAZzX7pXbtTSvGszgNFNyWVf6XDGcqsLx5toFE8p
CHbFQRWxiwiUxRKi1fUpeA91KumJL3tbAfPY2YLW3o28 MxBYVxjEtcn54JZGFrxbAqeBm1RuZdBuhDxaN5rawrDLWe4LoivYEBTFcQZBrt3ZQVNsNMp6C1R5398ixuLE29W
5UJ7gXaFcvTvgmrbUbSKYLsPFdMxa5kGuAzLXRfPhMLU 64heu6hCGh81XGBeNnG2SBLGxDTgqEp9Wyzi6p2hJE38TR36nHRBNAT4KQ8zok9uFN1Lqmvaih4ncibzPtUDz6Tn
DYJF5ucYAwAKvjLiP7pG2AWRM6VvHWwMdcPYR6c3xDsz 3Fn8fRDg34JxH6XAmmdxx75qqcNrvsjpnzTvGA8bispSxvyhuLWhqWoL8pcJfcQZikTqanbBz358Y5baWVQ5DsEB
B74HvfooUHUwnN1u6g7BnVQwLgWQWUeBZJpadMPMXYZQ 5o8y4zj9UYf6sLP32gPBbhFAzxFoP5Htg55NUnzXdFn5oChisUJusS3HPRmDmoH5gLTJ7qxH6wqCbZjbRDrYEAAX
CXj1Ntb7sTG3YkTJFQpSpuH2YJQDoXRhf8AaYpkiHxXP v3Vh2kvEF2WS6oqbnjZbBPQJNEen9wVpiiWp84os1LmjWABMVNxCBbZjXLXojiKyWdxgSUGPrCz8EXdvfwkAtgn
6rRqyKfTTWyJxWQMer5Ee44QWpv3Cmpf9aqHhL7vnNWv 4i2PNXeMCcFeZMdm2aKNoELdNQYPiRpx9uVXH2RKgWKUWfwLxu4GKYUn5zPkJaCR6Tj8bMFNJcKD8gWdPS8SX2Y2
8wsnAE26QgJT74nxZ9J5v29kMtMDvcF9ACU6Re6knsaV 3fvBTeqCHQR2WGV3NTwDQJnk2Em5GY2BKHjp42tyQSsAoX3QxHokmLrchSRrDWBwqK2syTnDPN1vhMVEzgje8zzm
AJvGiYYryBRHSLwQFP1g7BTWFQicPNTdQo1iRmsrzWwt 4b1k3DMnGX4GhDbPZZbzeQoioE6AyYhDAQ5K6rFoRvbwuzag9RN6C6h48PyXAdgSnnk6XKt61g2n4BpEPe3ZLeQi
5xC81cndfFCbHGB3PLo9i51WJ4Yc6DktnSqosHRbKEH9 B8ZyVqySFkWBW2Wr1BRoZ8RdT3v9GCmX2Jrh2hADyQWyUdYN2do6yTxJv2ZoswiQ4dfYM7JseN2hdrtdHAepWMb
AvSWTE5ZWJQe1HQSeTQ3MmaAJ2xqGjirWtnkiNpagau1 3dEGzRDo24yUYQzi6upVzaNLvsxr8UMQWPXUkiKNb4ui8sTjWcvHhW38vYcgpoL8Rk1fdxBGFLZsfChswsFMF8Za
G1YLbAiCyqWZ925VsUEUL4xamRPnGZ9kKcA9RtX8dkL9 53TD6ZzXfGjAXpqonbWXpoHWG4uVcXsLRvBibPgJMFzb1kJ9RUHbzKjJKLy2ZYWFZEZ7R1i8gE85a2gve29y8zCp
7fpFJqBSar3WCZgXw4GtmqLUDRAoQdd35TU7UgXRCLxp 5UvFbaiXRQb2vDfjroEGMSVrT3yeU6a6ASdTqSLzEC9nR49cPja9yoaQa5krL4EHsCzfCoE9W5XLPyWK2jH47x69
F4Sbmbn7gESxB922AUb9XHEawXz53ohx1oUb1iZuM5dS Jxf1W1PygayUpQdmrEN5kUbnQ15Hb7QwqMYgjaitJfw4wBh7gPMfVmdEFfytKaGmgCYyYZkp9NytZED4kEP2dvH
6BhAcvaogQ2yvFGebbgX7cb4fufDraYhStP4ExMgkE5c 43scSDDNGmqbQouKLywkjNAGiZKNj5TofWySj6WcHzfzvt3wfR3vi4u76vATPRjzQCVqY3krcoWvTbeX9hE6K6ca
GoTA9vyfDwnuaZgJe8rNPpLCYNxC9VBPBSwvG5MxsGgb 4rVskBk9cXd6m6fJiA784BNUKn6TxAC9WyCu2k4y9bLULBgxHR1YzK9HEkvpAFe96xWhiVnkfNswUfC84soFp2z2
36SW5E4Qz3ptXjrpa5FsWykSDdqhPKkBy1wXSebxTtN3 2BTGVXvGmT56EZS2FHEuCZqDzSSCetyLbnQbi6Gb4sfD4FrPPXanvw1tdCLwnrRB9uTsGNU3XFqh2wt1mLD36oZa
CnbbwzH22iaqVF6mWVxAkbmqxRpFCbWsA4y58rwovxDa vgds8yJ2Q5GspNUz1mJmLnXLnT5G93KPbB1Hk7oPVF51xc3Xx5pYnuBBGcpU9iTeWpzUvASqi9Y6eZiySqffoTX
FjjyRsxD5DebrfZvbYudfjsn956jBWRi7FncttKffKH4 2J6HjGmjJzYuf8Hfqi1YisBNfTwmWZdtEVTcVPJx53GvvhjHCAL9pbSw681DM2NsQPko2PDggXWg7a2WmC9iT7kN
EdNTcJZAFBvX2BxZCdMmNKuEiYykmQiQh2qgXUV85jLu 3UDaHBxzZBc6qjFdGWJr5B7yTgUyZjyvMiyJWnc6YuMpadtH85zPFh7HzBDCbJQmpZqoqRocSHuNK7F21857xDzu
756yug4Sn8sLNBzaURZYRNmAK6j7z9NNwmV3mSQcEEy9 K13foApMdPGUQZu9b3cRD3Zjsb6CoeDUodpgqAqyM5PNjQB6HYauqyG3aBxwZdTteCfn1uTfAxpJZkPm2gFaKg5
CZcvPC3PGJqUGBMi7CzfxpPi6Z9Vfk3Fn9i3jfG6jhh6 31qEiAvkanGNh2ngVzCCikb44ev82iYcBBi7xnS4Awej8aL48U2P5ftyAefcxvQkLeB3YVZAJXegnCuNSsY7SELy
HzAydFrfyoN5gjXfdcNwJBJBwCpavH1E5iaDSuji1Q9f 2VLMEddebswvjmCPaRcMk3WiL4CqUwpy416JniQVrmaooHVpdnzwiyDE8tBeEEofFaL7PGTqoq2GfALt9HTkk6pA
5fWQipiF9DJGj2UwN9yzmex7kpZkRx5YjvNHd9RzwAdD 4bunBHJcsiqAKqhMyMhxf6umVTCV1N3a84gNksBLEhqwufPAgjFWhTXuogHBqHzFWLA3Gu3bjvULWyiziDxJey2r
9SxRmj4DdGFbUtihm3BwqHC9B63iX3qSVxzL2GeFDgrV 4znczbDdVzaMhszvKr4Y2ishnxXfYAKsnwEfR4zMoG8PKdBAjG1CCZ7sKpFaKJYHS3325WDbkTDzTpiG6bujCvN2
Fwi36buna7bBMyHkDC9Csr6GWfah9Buwf9bjAa9zYmBG Q8t2HwDneHMmZAoUCBz3nmUdUBQr4yfdFvdPGQx59vqZ9iaBSbHTeboYypwfJukbcWYi2a9r3LFKcsTemNRa4wT
7h2pt6VDFpYWFAcWfYRS4Gzg6UAwnSuJ7ejTUv1jzPVR 3SgwfinyeZw5Z1N9NWY4bbCX7RZ21hL67wzPGjkkVjWVbnpuziyLiRB7Kij71D9Fu1JMrc2SYfPnuMHi8QrhAT3i
AmedKk2YwDQQJtF38LDFG8z1mQQxNsydsCzeaxhiZgq9 4P4nZNnQS9TShJ4P9KCimhBp8LSwSxgaTLoPby1CaavanfTqkqeWqPMyxLZ5CnVBfPU59ra6GH63DwZM1U2WcUVw
2gS3cp3qn22ym4yPNBmgoeH9dkrtWrVMqwADr3FFRayr 5YrN7Lqo46Wy3UWHdjJArUPKZHt92FrtP77g5f2AqEiB5ELuFhShJS8QkFSgiRRq7wH6bvssSRJWueqETfC6iMzq
BeeMY9W1Z616w1TUUZLEvLb9pNcZeQgEMXKrQkZmSsVv 21hDhHtrLVpUnAippDaP9o955hNzTwKhfXQEv9Qacfqczf89RMrA6XqwFH1zSPR8XKhk6W3EunHcCiM2PfWYPEKb
7UeDFiaArUFykPHTkzT3Jw45QycTZ9Y1GHooZypGiYdB 2isBGU3pdKjktpEsfnJxoShZEXHydMnGnB8WeyPmKU4BCwqD5DhWrLebSuxyvUc25jhohcQchcch81nNoqXcAzS2
HRyxtTSzSoQKNmNepvaUeyasrZivoLtLzDg9xJ55vfFf 38jsDPfiemb5WTio8YSQWqLqGPo6riS7STLRpFCraT6GHBLj8SbCZGZN9cmu88vMum5Seeeff37LLGsdfKsXs188
CwF6AteWUDCQWv9DMzhwj9y3TRTgC3ySCpGHGPEAJjVx 2uUARdMfuiutVGGsGDBGKE6DAtAZLRvfS2JvHAfDkdvH6qHqkTYRQggGbi4GmtQSnEESv523BnuvTBbsoe5U6rJH
5WDjcZbM4bwFmGAJxBv8MZUhEmfVjFaQr4NNoh8bXbwn 4yBZ6vXYaJBQtpZ7irufLYm5xNJkG6tAc26WC5drb18QLHcUYLstHviGYNzikodGMKfnhtd7FEJVCcoX5o3ss7Va
CoBqag8dCs35mDXw7PvwCzXoukBXHAbdYe8sJwn7QrXf 41hYruM4T6ccrbTFK9JrKovhLobqMgow3tsCRWyWTYzxtXThZsDEuNPv6p8V17MDdyZxKp3xSukcMHSXxC7MEPov
2Za9KzhRXc7MLZZ3wisurSh5zEKxKjymGf41wRvtGBnA 4rvdXahS8rLbUvksRv7yp7HsuKtX6YLdPp4dk3Pkxfsr3qC3sqZRJpzERnPACJm4TF8kiQJmV5ieKKFkWGzjsoAx
5BMqGWH8BcimwwFEXq5wP3p35rrs1jrbN3Jbab5qFXCP 2mdV9W93C5q7ndnMrAraDjqQ1LNDVVGkmSvbWFzjf33Sj5svZgQ66VkCBRXbvi5LAbcic749XyYug1QxdZBJC3WX
8AK1agLEQwfHY3jt68UVQrb2Ycd7Buy1QqFxMAEieKtR 39CK5kq7njbfdgfGX5sQrkABRDzTWP7vTcEK4aaoJCtVTyiXNTa34Qj2CJ1iKLYYCEuztZsDhbmENbQuZna7LVXH
4q7Vd9c3BHG17r12UuLAFgSjJbBujWjX3UURuxZeE8vJ 4k7U58TARYnAhqiRDYSKTjAJVoA5zQhcrtXBf62L25BjcZT82LYmTR8HTi2SY3iqwjtp29gjwcoJWAHTsumj8xPP
8HtGbwhmmniAzGAuAo4yncnufe4TtL7L6gXftnsBYsPY 5MQ98CAfbzNuz5HG8QcMBukSdmtgf9KrRLQ16FdD6mcEVpTNx7v4pqw47beV4xC6ZPPYhiFFTaVKF3iHAJVu6cbX
B3zvN5LvoGkobd6kWymKCZpLjUrwU15tyDbL2Ag2nwdE yBetg4QnScujnfiptXCHXB8zTq5s9CrcoaEdGdgRc4c3foeNuFiK8rtQ1H6LQnCJMa6dQrVEEV1EGad4ycGzsDH
Az8wbMZmTA8aw4EY2vjcFhcnNHKZBBbURa43CXjFy9p 5g8TzsRBYMKNXFE7MJorqt71gapjvEaofZ67rabK6GdZtPJVuZUVigstMjk4Fyskm8hx5uQ2CpC9qGANfQYFur1B
9t9UNNHuiyQwHga6W7dccNsMLbwYHvwTwy3Zh4DAKjrx VPquKYGrEMi8pYnc91hBi5Km9Tof45RcEou3qh3No3xdcmMrDkd8i1nSWNNQvczvD7e83ZREhnDeoHxWRiAe8Rh
6dH7ATQ621vew1s7xXZwSv2e7vuErwTjkBVRjcme2Lbo 3aLKCxYi2TzjrrcQTWjtipLBo7H7wrfwcaNvnSBvMbTAmeShQEmtv3cvV3iXyFBtDwxiMTGpK7eyZkzNnVPDq9sK
35EgbzRcE29GM4wMj2hrN94e4pzQstibnrssPLGFxMK8 3RRx4W2BQGdbiupQZyqihkyC7gHz3WxgTEHyqyEF87EAB9MGsBbUKyqfhcgoQnMw5taC3REua9AgUq669NoRkHj6
6LsMAX2wGgMBizJgrbcnx7tvRf1vFzZgUAqaEyiP3mxB 2zWdP3hNrPQM782B3EqFKGEfWbWr35FW4EQ4KeaQihCQCtcU954p1pYb4sXAVFdZKQXobW7TKCbhh1NQnoHE9WJ7
D18993HCX63TVnVGy6EfMQWnRdyhn7DJSAbKmz7q7uoM 3ipKmVko4XGQRx88BqpfMSSKdoLGbsmKRt8dmHpAxaMHmCbiryHtgrAsgMQKcs9kmE4ZWW4mf2km1e3UR5Dkdt1A
EwmFpDxAVWckpNtJWjSkLw95BgipuPvDjKc9PJZFUuYA 4fsFS5FWDJRZv2RPYr2gnSp4ddLFZ7ukmnKmCwoqAieMcgZUGdhk1j3ASriiM7XsiLTQ2Z6R5LAf1ja8rcSs7kgq
48ioPgz8zU1ypcVRMHS6ZWcFKU2549gtTS7yzReMSGbB 2BajmjGYRFYE8ZvRMXAjAkVAuusyu52AMWazN5hCwyAxdhA6WwzRetpt6aQFAZfqcLGG3N9Lw9X4ERyq9bEE9y7Z
J6xRm6Rj9XWVw5YpERgKpjeYsg2PQqbzuciQqesJyVLw 4WETSAcegRqeJ7H62QyGRriK2DkfTpHAG4WwEFL45RKuLvJNGyrKWfBMpCkHbnquPhz9hD7MmSG2HGyNRZV6jzoy
Hv3BofEZwWHfHnNL5uG8GhMSkWTVM9HXo8XijTMfqjUp 2Tre4gBxYWqQq7VvpkrjCgovf3d5bmzqvcwBd55qknbyTRQgfsDSfNic3Nxx4EaHNqmNMmtr2beQ2rJhjJ6iTJf3
A1jzudjU4znt4exKRsXbAEU3HEeARNX6igxPEEyHHDtZ 5pM2ZwF3jmUVaFmGXBH9gKAdFBvWDEfjnDnYXvJpoYXXL2pRgbSSyU37ATGKFvaa34RJuuPGYbT6GviZAd3Texmf
2tzRNuuHgDgYD88eJPuUGwB38kRUnCg7T1vRLSwGPtDo 5QYqo6gNiKTmiqNj4K9ddrqq53ag8XiX6szyqiAierbUGoq3bbrU7vM2sFZFVaKh4RX1xszPk4CFNHHusmUjenwv
4D7kyR8NRsqfd7WJPDJUfynbzoWfTt6NSBt4DHi4HfZr 4YKBEXcR5U4YFtJivaPwv6LBYc3UNp7rZCL8vngAL9GrboynAvtBA78D9UnPwxAe26C4ocFWJ8BYi5jtYqDZSBpD
4DTh61Avb6moL56RqPnhH2zd8fzwQA8HLzrZv73g2csC WEaAPMa6ssidc56ADynz9w7bcTi1qMjYWVCu2CzXMeJj2PSTht6qLUp3H5VM9RZSR8SLWN5zRsSzAg6DJ6NwfVx
7YH8wUyBjvSMv2RqGXuafzAQckN5u15HS6sfZHwRvaGG 4ndxy632XxquJrkQ27kGZJpPx95ZPhfkBbWsKyPRvtNsDiG9JneSLHfP7aHeXXNmnAWEAbrRUTZRx8p5uyMekuPr
BzPD7FFLnuLWot1VPeLuPDgohizWYbs39JsGcHB6y1yv Kpaug2fECuEZpXPx9BfAxVqKJAiwQZJLAcUV5vvAUfnXufhmaktqjjbopPVkpmpPiyyUBfYuAi6MaaKbVbY1J37
J4JcCruxwHzz17vomwyjBChs3KLfQ9wzG343Xb6Qo53w bojNNvbSGhJrY5zh2Ybvd9F9TBXY4RE6SczQVhCb9NGyT1zHnkHgutV1QacPD2GYBD2kGPHnUMuNG6kYRyJzLym
9ZMws3k1HH7ULsHJU7vBMQN7vBzGD1ucK5g6Vhkvo8bX 4zSg6ohLdmgY2Nvii6pU9q6k9De9iWUnw4rNXDKeB3yLWaPTiAdZMHj9dtzZhRCKyzr1DkGDXMUibMJqn48E1FRr
G7VKiXoYQEoGpVrFafALNvYm7c7o9QqqTYhfqTLQsbsU 4z3dfeUQP1pUwRujsXXiE2ytffHf5iUw6AdrUrZx3JsmESbU2JX4QTYM3Aq5HKRwrqRyJUFw7q72UDZKzGrCMGn3
GYYipjZUwjj7qoevZDHS7SmzGtUiGst6bKCtsRENMaue 2NiBoXqg72hwusKLL7Sh1EbDhy4hQZ2cmDYbgzCYwkdQj3T8pNB9N8Z2AUF8TjYxYBDEdyrMAsKVFrLomd7VY5r9
6ASKqNsCWA5pAReCZSUGVZB2vTvPdWvjTSXLdZFdmnRM 2fg2by82KzPYPrkXWfWU9CeLsSALCVKmZyZ1E9Agv5ABdUgF2ndhzkuEbzqHuW5MMwxeSWir9oiYCq95Xj96XQKv
53HhdkksApBqsh9TMsK7P1Yas8nbCmShtPi5Dsfp28Cu 3cj2XnawSH8uBYYwjSVHr1hoyezzQDtwx53owjtA1fcGMZgwNswbxpV9bpQEWL9E8ocnF9kJmLcYdzwaipt9gJNi
8PVzSE2gC31HH7i2fdgDi6CeNuJyGVkzEeRBkyBFJmAT 5D9HjoKsmUvRT2uwcHkpiXXeaJo5wbSpLikuz8j3QJW1FL1tnXAGnCf93ohNaNebFDzVQ8UvKEzAcWzguAB2RmxB
DEMvBKUr2gvAHC7hQhcCasj6FpEmCdqLV3pFVu1sN1Da 2kXJXyDKQF2LRARW6R3y1jGvGmQMYBXbGxaENoEYrjqAfRPL5i3W9dgoUnWB1Kwkjqs9A3PE1egnoLn7d1YRr3Yv
8DAutyaBoWdFu9mK4Gjp2e2RmAth7KYPYprvaPa529Be 2U5bAGJtekQWMwnn3qpSZ5eTg9qsov2tDCx4939Y2emPif5dDMd4H1DetyiYZLpnnPGH3MoFfBQDrQriXH98WVYN
6Tdt1P6b6M5SBE2FUNW4juLkoPdPvJ2TQUqFHk4RRquW wwrHaD9nvjYjCPf8EB4fLa4LzvUQXjpJq1hKrUtY74eZriotCAg1rvZj4tQpCiNwY1Xmq7euWYYtBJQPPYsfQNN
2bcKeMCa2ScmTLDEYUAoc9RCqz57r9f72VFaokaaddbc 2d1XVWcct9f4oicqfRJkfsAnLUeP59eDg9XcRaAeT8peGsgvGFPK3hbJYmfuEJfWthoD5yz32UxvsqcekgS677zg
EQ98dUw7Spq7Co2VGx68Kw61mWNGSc2sUfwdqmh2MiEc DdjhyhBKv9tuJXkJrLcXhHVux6AfWFmJ7uYNxeBNCbgCN1DnL3MK18ZKF39UvKQVWH32eQncHYGf6TQQtTtHFSr
CGw5ArNdBDwsbjdUcGGTZ373exNBJ5d4u5j9iuf3Jg2K 4yPh5kgJGo3gtTpwPka4C52S2Y8PaRryFY23rMzew8MfDV2ieqrhkLFAfVxbCTUzvX5136FVXGJJYrPv6AuPThk2
FTQsDXg4jJqUwG4fMG4zmTMcBAPwJgnPs1Pr27E2kZyX 5hhTZK4cXuLb6ab1BduVNqVvYFbeBGfkYQdnNbCLYe4sym5Rczx2AJXyXsP3Cy4Xspwqa1HasqC11eFp9H3qayWi
8UknkBaAEXwxyqyvCtzNckkngzA5BR7L9kWF8DKNc27 4A4GBMZ25HxUspt63zsBSZtUeYrsEsaTgD5g6bG1E8iF7Gyo1sGwV6myt1F1Rw6a1L8LMfyqCXncuc3rJLFDrMNB
3xHhNrWLrxtbHa8P9SkMM9KpDKSHnmifmH4E65eKf84L 3ZckBstrDUkaqtLBPjTNjDqexQQCVGxF62h3zxJmAdgpsLFjX8VLSQvVTrP9Z2PH2rKj56L3zLsuUnXWxGveHiEd
4sWPk4AKY1usKvLnSnSCcWdxf3pFCebMy7vGyvgpH36c 2XZNzVa22t41zwmrRq5PGxpAtg3UXWJymkxXf9nCUCDPAP69yKAoyFUvNpjTWQ856WcJv3tJh3FWowVhqbeQMFg3
2XsKSAHUg3YRpjcf1G7r4zFFNzuYgXKZChAYGx8X3GWF 4jcAacZ9QwA2aQCcsiS5kfMUUhDKm327aKyziYq9V8kZw7UShGv1oawg6bqUaFsxVPMes3CPDfHzMtFR2dLv9Pm5
3Pmo8Um1Fzx4JqRzzQjEg95PVtbbmEXMTtufBVNSRGYb 2bpAvJuSGD1RQN86EEkfxgcmCHJme2wUZPQdd3DiHATxcYj4P9XEUHVvhVgnrqd6eBrNCC4JVkzXxkaTjrVXkK5y
AfBEzZdNFCHi27ggkAxo32yVuUCPHNQbB8dLyPAaTxya 57Y75yFQoeKVBGqrjwj3h1JidrWrCeazb6jcSvJu2UR6bFD9gxMXegM7ZSkyRdvBCPJbFmP3fsJGXaPnp6x7UPUU
Gu6DQsd9xKYCshqNJo59xzqssYE2PYshLNJdoJp9h9VY 22CgYcWbq42V8gHm8UkSi9FNv6yz3g5WEmiCLTFzJJtV9egL2MpQYxmoPybnAkmajBGwhBZds6NPuHh8AV6RHbew
4Ezz3dsdVJa86dnKxgUG6R3snvhaJGRCBtCzyBoZSQur 2x4eS9FijekVvQNHHoUPepFkPaBeuHpYBPBoH9ZfXHq4aXY2RPVqyBtcbzbufqg9YeQhHdGvEHkNTihusEzA9BqA
GwoXiTvy5wPT7EEACRJeCgrzQvwJSkbWh7KsRY1SxX5G 5SW3apZL4XdEFL1KPHZy4wjiNhJjhZ5PvaQq3qXcAQAwYLiWZxsQ8fSi87XKumiJv1ajzMpMC8jMBVF8Tqy3b9ii
5cLTVKMHMsQJXgrvEXtuLwTKFARLcB3h5NMwQ6VLH5Fg AZRrGogNfpmCMBUhzvXyUnWvD3N6sb6hGXCG7DzPxinfLgGxZFD8awAYR2bRW9CxoPWXt6E96cvLTVS2CaqGgQV
vZrabWovS1aZbbAWpMKgnXnpfCzpJqyPogAGaamL9Xq 3kFnhvwM89KKxG3kW6mL3JeNg6XHSTGJ7XW1wcZ2b9FBQsE6ySi3FDUan2MqQBga47NabUHwB4Fdpc8Y7ncy86xg
6BrKMJLF8WkbKXzqJxAiXjnWLVCJ57c1FXnRoZpidznk 4PTZh1VHS3G3WqbTpFV6EKLP642gdLSq3nAptuffXNioSBhgYwMoFQdhLHxWj3EzeTFCgDP6aUkhX1he3LakV69R
HzczHmC4YCnHfaNvd4LApwaBLEfzdTU4YnTcvFUQHk8a 5dATqdJRJAFVMwavweMWPMvxYotpsU5UH73WNfHxQLGDDXvwdiUvBMHmctqSF68U3RjZm1yqmNcWGkBouxkehVgB
AxGtUvTFkpmmWgHy8FKGfQpPYE2VAdZKQYaaadEGt9LY 64GDM9B9npMmc6BBhhQErvWYJz8EPNBsN2eM5KpLHgaXESDZZd5GQf9i7gkN7f2nndvVqbZJUnKgH58pN8G6SkEr
66kcoe67j3WPxC15eQ3KL98ns8tq4D9qfEGZVQ9GkNi5 4bNbGYSGXTbCKsJLqLUDVk3fNuH5TYrYxMc8mYMQp5mghueoM12maLC319DvawADR8stWFb9Mhj7BW4KzqSeQ8Ji
FkL9tsGJjtisxKXifmaTrkKG5GLDjyMvtRbe3VE7BebQ 46TH45WFZYBJ5GTiLtb8WqD3Hqg35dEkZdfK9DWXwygF39eetaNQWmrBJdFTrLTokBYjsFQBVCcWZvfzKXPbahq6
9BJ9qHHvApwn2ng3dsYhoMmcUQT13ZPdHsab2URejphc 5TUjLauPoawkM8CMdx8kuDPDjQW4igEnbPvnuoEEZcsZzGSMMdRYb9A7nykhZ3JNGhnuuzHPQ8de3PriK15vKsLM
HwZuPt83eadGW4ybqgvjnkp62Wfo11YjGqgwkNSfkEzN 5oSCsxXWhnoxxNNCr8J1YvWC8Q99y3HJqAt3iwxSbSmxjSd6YnvzhE7JwsPKQiy4yUmR1VGGM6fgyYMAqHUgpx8L
mzMchYSxVti2JRa3c6qaiQYvT9URyxJbiqfMVioDGcu G5vEb3KApGTTfUXN8ssqNt4TdY3Gk2g3RK7553ugSaU3uMgdQoyiXXizSz41piH4vUELC1fip8n4URqbJGREpri
9cRVzTpxj9sJwaGyV5xM4FSDhJGvs3JzYe5c4eZUxAnQ j44meSxiMx7NnFzt1j83oT5uM5meDKw3bNx31HEEh1MQ6TFXUCtpM4MaepPy9GX1CUGwxm1D1Qi85VjKE3Epco3
ABH3vgcwst1V9jPsUVUeaXXZf3YSFnohCmEphLY6PvUT 4wQ3GwnLrLmtG1BmxBFU5MPG8v1khqfWeYXQAszpfs84ME3aTCSt2VBCzJHVn35GpqCTjBkPDoRSQGdxrJPoTu6n
6Spq4J3TTb33b6RJi1BDSGnUAJdjWHZvCgCjPYYpFgay 585Eh1DiAhTb1uwwLPWcFGSALgPi7k46pGC8GVL98ebNBnahQQDgXxWenG2WtWocMTKSNzs5WKXn7h7fMer5hxui
BLvsYL8BPEu68A2vhYNNdh7fW7QbbvNBb2rFku2QCWYp 32roRsZcWb8RNoauwfzeZ6jSZR5EwTHioP47yFRAsLj3Qkjv7qam6CqXg73rDsUiftusqNQjhqTT5tRaHM8dT6jd
BMsRM2bLUAaWXLev77REfx2zc7f4XBrxdMT5msCheoMX 4eWX1Kw78K6G4X39dKQdTkDrK1dKHt77ZFF5AEDC3vcTeaegiJ268vFZXDRhX4ABSNQB2aksT7EvnojAgQ8XW1TY
FxkGy1PnyrzUnL55HTwiAmJzHWsdx5Bh7B5YvPZs99Me 5szskcRjpEfXPmeV9B88JBLR2z6cisNviJrKh5yjeonaHNyWQmzeBE3TFGjuBqtRqDGdJ9jJs7RvbcEcLEMtHeq4
2pm6XfHucFkDpT9mkRysdZa8oz4EMQj8R2Q33zYFiBTr 5gdBWkjxAQuraZj6hL15fi6kqWCHwYsVUGhNt93cBBQXzZyYNofytELiLHduHYYEAr7RjimW53yUhhtkm1LEjejG
HeXHWr6W3XhVSFsxD9ri9269wmVNy7ytZiattLWea7FJ 4JivnanAkgTwB8rtiWCaS4kE1hvG8z45SiMCF8Tv4D5aZapnGJSwgJoqgfPddsizMwH8tM4YVGjB6nEMS23w25qF
CeMMk67rjd2EBkrWaobt8dqKUc9UKFe2R4j8uZhVntiG 3BeUaFK5NcsxAx3R9RRWJhp9HsCFFDeWjmYcEz6rFZYaCtmkap9NL8re591AMCu6eDvZCVnhPdAG5oxebwDq6eA1
G9TiA4RYBVbgmXFfx9rxwcB8oFduHFyxFQnFcwRjvR7u 2yo3AUXT99XbgGSrciMuTNzigcG5xirMupMEGPfyhznB4AXb1nMZoosiQW4mexnftZ1E1XWyfkaxZYrXzfHLt7uy
9tx9ZgCiWCfkrA9H6LMMKsitRgCqEH3C76BKF82iq1xC 2g4753HAoLvZ5ddHu1X6auGZtVHsVwXKVkTqT7nt3cptvnYGa9C6ufoD6qsyn9taMmWVvb5wnSVXvhiYFZfX8ATb
3EmqHeaf5xmh4XF6zVC37gPKHsyLC1e6rsbHbTWqtj7N 3e2BK8irpnEspbrn1YeBcZRufriVr56e2kkeLfNuYjHHTMyPrTfFX4NT1M97aygzZHNCJiu9CooxiWG62An7puEs
HHaHwVbVNdKTeXiZfMYtVkg9Qgm5YeBujUNap6gSpj1V 5qwrxkghXc26XNy4xgGvjxwQiPyy3rb3eAJgaSdexzm9DD5tf2tSAX8yNSXJZDVo4GESG9htma9RuXmWLFsL1Mfs
81WDvMGRpXrbSNrV2k6oEVZbEmWC6URiELDWeacmgQVi 4Hff3FrAb8gTj67LCq9qmiKRUycuUWEPRmDreo9psBFw8BMHibJR3MeuEPtAfegx85jfNN6b8JyTTNTokWdMRzyG
6mEitNkyPJs6qdPCtwNyHiEWxA5FTc6eg5ovTzw6CMoF iZ72qnP2YHRiKf9exY6RnMxW2xQ5QTCXowxFWvFysaDqGpu3AaYfvWKk6DfPxpeAMcczrx97PnVksFeLaRSHPK7
GsTu18Hta56MMWPXxYUndxPu2fnrqLSHf2iRUaMZzcmo qYUbhHeh2hadrfEj1yxLADd7Enb2MPtzqwjCnZpBH6f3BDCbf3poXQkm6DxYZXL9ztu6RT8ATLKrw6M36qyxd8C
EiRyni37zuZs4ebzAEL4AFUgbLmC1hg6KZSY9pj2r2CB 2xZiVzBzw5pfqkzbUFMJnn5U6XJDmJ8KUoZwh8QAJ2RYyMxFvqYw2uz2yWbT6n2guLTst8E7ByhMKamqCqZ1zgKF
Ga1h4HLWHraemYeWATYyMwfw4BnVF9WG5LSdCNKd5XtQ 5qfGQejrU2JqtLsxZJw6MhAD8yDBvDhkT6BqTRkbQD7bxDu6B5QufwXPjiZssEQp9uAQqX68jLiBaJk3aK2ikdPR
H7sXVLHZRR8x8AC7MfFLX99kTs7fdv5E42Hhs5Ye8JQ4 267XFhMd3KrMzjM4Wcv7sS4YAW12HysBDCGvpopTFKkJ3wHwXjgwiWswpz7AoAuiKmsLndFhKmxbPkzzAAfkn8Sf
7ctZ1yfoeTaBHkzGKj4nyTDv4H2yzYagaDHUjYigP6a1 29ZTerFPKMhw2pdNfUHUA6nh31DMsc9kM8MhHg4X8vPnkq287pzFMco5hjHu2swc8rp14vqUx9o1uReyhvskAatz
3P8UuBUgceL26MQ3ptP2EQ2NtEgKvH8RhBFvJvrNYQrf 5RaCRjYytnfLqaY1MupRHCXvzbu9i2gdD5namCkMYnjQHAH6sbrRB56E5U4Pr1k1exqSU6Aq411KZCm4KbFmxG6n
6F38a37Lx2cyM9xwsJb552ibedbTgsXTbgtT2sTB2UNy 3fvBer742gvcY7eU29mci3KkBb3YbJR2jQixmeMLLojEUpfUq4mhYWCyJHCr5SCqEfAKNEmJnxWWRby2KZwmVTst
28wzFHWqs9XjH4eTiNMK5Woy9H9EHivFbCH1GnpNd1CV 2PAukYXKmta4QiiKofhaT7QmjN8wwwCZ64oqQ16DGkR92ttuNQjbYiksCdGZvNGsai31YhWtyT3GRg8KZ8EnvCLy
GZaAUJrK7YS2ZQc6Zb3qptL4BLFjWodUj5PFA38igdh6 3wPCJtCUKf3ftcbC3poskXHut3DVm2GWF1eDdYvdi4NGWEkXnLD9qhLkb7YMtxHF41UgTh8ZLrBxaUArFKMXyzG3
73Q8xV14oQmkJcX6nYAa961QJWgXVKxvyZNZcmNFkJcX 3h7FFxwJYYNcScpwjH5ejFY31NdQiut7svwccapdkFucY81i8yBmxe4mVqy8cgrLrtcFDxJQWQEdGAs2fAwwqXkj
5aCdpMYToeSuKfhcQMsUgxZEc1Ycez16CdHmQRJ1UAi4 4H2cXnbLdsYCQJehE8NK9H9TyMfKDzr5W4mBvCZdcCJFEmN4qfGyw7KN3GnrmHbKqNmmZchCYRqDVZZ32fspzxFE
5QPDw2ArNzUq1mud6Y4Yx5ejkztH859u4FuxHxgacV4B 3VudPSZjwiVdLYRd9azHbnfZHDkaXzVCTCpHtYckosCLrg6Q3wuUSQAT1Keb8qkD5PT8dzuV7TAqhUzhJPPtzAE1
Fc87rBjf3vDLpgQu2YT6m1XXUAzv9SHPw21XVo59KeQH 52AqopQPp6HF46pGwy7iaV4zHzZe9xGa1V2ZK9myPGfikQQQvnSivrcNPN5ap9PpaMSQ1uJKVbkSPztrnPSay7Ms
H5C8tz7nN1JPtpbRZzBZwSx7AjB5F7c4xiXMPrydX6ka 2JQSB7GC2KsjSqeCJvqcaGzLaVgJEExadzCbQLp2jopAQTqKqfv8dbr9huWy7krrRbfoRrRGdiAjmmYVLfrc6kVD
GHG2CJfEmaS9CnjabLLSsj5eDGcKen6eKkf1NhqUNyP3 3Kmkis9taF6Y9xqkzFmYoQAa5hjrYQSePuVtJQn5XKhypY2G9bAdGgA7MHLDsKe3bbqemPBDU8Q5cctLwPAvzqga
BnJHGBzEGpnModZCHDhQifp8EYye93WaJ8saXRie2W2s 5z6HEkring3619wbupE9b76rVNy7gHDFW52BTAHUvDvzup1iJrjor19Q53cvdDVsCirJCJXwZTrPxeC2tptMbixT
6hAsd1VZUx34wFb5YrXRM21HrRiDaDjWfBFvcU6cgk4H Wi83egh6VWoZnXvotBG3gskwRKaex5ZhmwTcfkczEc7cg5GHoszn3ww4mDNfoKA72NJaUhN8bT9b6ACQAPWx99q
BbD4fbVEVg6yQUNx3sUx8xcV1fw37jCg8aAH6zVRjWza 4rhEJkQ2W12bBwiRKNyejfuxDbH7aBMq2UQqUeeXLqRzsommEiPdWypweo2t9SD7nxsRqE3NZSo3rfzbEskghDWq
HBQ7K29RDHyokihQ1t37WWPLbzseaH7u58L43XK7px6a 4i14J81FDbq836RxeqMyJ97z3sWV74ugVwCGe9ihAnbeHBevNh6XqHdKgii3A3LfbfTHy4QFvkxzYdupWFx3u3vQ
GJH94KBLaquBoGueNPhqrgDFyFjhLMAN4MufKkAXfznm 3j84UwmEM8yjEb9vdfbY4DJCztNqfQai2PCzEiWmF58hvc5bXDvun9b2wC5x8JUkHFmY5EUQwmDm34DEiiAaPk61
B8M2zkGRXizDcb8moqc211sTep5CjGx33UbocgE3ymS5 2WUzQGq291rnJpkapTkVMdVv3u1DYyq76tNX67zxHQc6dZgE1otmQG7pStVZEpFVoFVdDPkyZ9Wb1RC1yhzA1528
2beGk2JmDGpDotNqVydPg4qBzQ9dRmiMvmDDGNE7kxUv 4KoxrpxYkNmcCqGhz7w5CDrFQhdaAshMj9DG7TmVn2sN8JoP6vuQSgzQqHXU75NNppXR1p1sfZcEB9ykGYukckcd
B5nqs6pvqusv7KGondyAxbQRCj2wBwmRJ1aF3PUhZVcV 4hxwQv6zqGpcjkX1MBj3or8yk97baGDGgjXaBRhvTeE5DMTi8FvMcgGQPjyZ5APQWAwP6dfsww6XwhkNJ7DWPsAv
6L5YUpWXPLt58yYtV1u7bXNpyTHroTbG3i5FrbP99AH rCAUdJrf2TWaYTsP4PV75MbrJ2v5dVnxeSxvLvDTxkFwUmN6JxjoQnXyPF6RXv4wmVkNRyJbgeos5j7oChFBfst
2A4kgnXap6ioEZZ9FQtBi4618P8LudC5f9PbNccH41aG 5wZR6oS9ug5E3jXm7EVcMksVtfdb3k9kUjTBtS1ee58QcSFietaXp5tLAia7bPnQfr7WUrNE6UxaZwvzRxF5qrJG
EMjXKWEiwZtNYq4FKM5i248j194UPLWF7pCGVzTuX4QV 4p4whPjve6ZzKrHe71QB3vAxsvu8wFZimcFLSZT7UGnfaxG7kE8qQqGmCgESgw6ni3R44EMZrJ17d8FuUE2gV1NS
HkGjJEQ1PWQMwDpgUyJmBS5DyvEuZPtHsL25DwgRLicK CETXmYGN7r5QvCiLtRmZxNzGEBQPBRmYCaUVshTvcVPHGtNem55qDuoCn5bLYj5ziRsFBTLG5y5PTd7wF6KcVkY
tAbaYCXkd9sg4CemiZ74n92HRBVucQWkaTmEupRSf4d DCbqcpFoD7vFnsTQ7Px8UsZdHFu9jDNnNkr2UAJufBoyRC4vNLkX7L2yuFbwFhtHVLGnM3qcbyXR3YuPbDoCWL9
Cc2SM9pZJMGP6tsExJDkxpSjpoBzDN3iERfaT3TE6iYY 1NvsfzQEzu7ev3oKM7dTvL6E7QsmxMTwphet8V5tEo3CKToUYsvxAu2S3k5KYxWciyPKQsxVMw21gBdvtbvypDZ
5fdsA1vht6SPfGcznKntngD1mVSDyYUgDTKFchpTun8H 3qYKFPNEyfV1EShemGVCkKDHA6pwXRJKXxs36MJSWJKn4jBhZ7Jd2tkPmmKRsFqA1oaESWS8HLwP8VwjD3bTPvff
G8EnJbVDHyudzFSDWknQAkYCLf62FDLruQNK8DeYSxo 4J1P8a8ibuoPekAXC6aPRJ6amASi7EQuXbYdjzyM2qrgAxLCBjw3S6x7a2NkoADCL5EnXsDfVZ457f5kbErNPXAa
2uicVA4GTmaJYFGKWqiQpJCeMRSLnJbYt7onukGXHq5Y M89inrse7bhgCu6WyehbeVJcoKfp2DDo8CSrv9Q9oGP6e9xcUZPx1525gB8n413bRwdKFEQADweq796vSapqotq
EaR9KeZgoGK2RDiU4TobksWuiiHDTULTbdUkDg3vetMC 3QFjwmirG4vrDVarx5fiwLqTmVUsXYouq4ip68My7rzVsockpMzUnQgcFAebggu2UgdHU3uKcMRYVu2eQoHEUWJF
83AYFkByQ85VgXbah9o2oqStNttdc5bR6NigQ2qUF7Ks 47FAsCdHg3EJ9zJ3Z6xx6gtibhh4Fy7QJTu78j4WKcBuQavtDFQH93f58ew5Uf53F5vRmh5qBBF5FxmbfBKdsotj
Fo1otNhcdLYqTJwPct69ngaKQgoKos459rnB82atbmsK 2cxGFnK8amuLCsT7YziBWFDzokq3ne9rXg5hPkgw2gwDVWQEVB1RkcbHTYJE794niRE26xkeM98boWM2MNK5zknb
899xFK8beBpu5sERK6oUJkaDEao1JhfyLQt9KRYTDZPn WPuN6QH3TJkKJEYR2kPnHtGcUY3ihtPyKnmQb2GEb2ta5Nxw4EBGJhHpK3PUPgdJnxfbpotsxmeas9vLNSmneMZ
74rAUXSydiq12Wu2n8kduXcXKcQ3vPVf7AZjvHrrVJZn 4hZuifCjq1TWsu3WvdsbnP9W32jnS4Y7TBEJdZA2pYYcH6PvyUeiBJFC5X1jv4LTNumBAKPWHQK3iHWvoGeQ2Q2T
nLHKxKSH3emmaEC1QASMwsi7VNyjwBMGNyqHteGpGjT 2VvrGkuCA8yvBifJcWDZdD6ZCdrJ7P9ujR4c6MQK9wdiVxx6icRSfdJ4qMMDkTcQwgoa2pcQeVafxo3a1W2biFH2
C68x7wFb6DSoquQyXuUaQvDAe4YF6wXAp5a3ftf8FNwD 4ybkHANERaxyi1Mxk8m3XEHAvQrEKrzgEMihd2QGSdzB9VxTB2Z9vN7hcxBVkWa46aD6co8ZBdnbCHe5331KxVuS
8Ag7x9NUvar93BByQ4mRnQcaQvW8ie8gGznjBvJKwsLf 2n5VErUzGcUrvRvoBQvcRoUqsTwV7etd2DU9fy3QXGCh5bK5ZUKW6sQz2SVTYP3Er2CByi2WzY4efCvCUyW58zYC
8vw7Fqm3TChhjbrQeTUwP6ZwTds4ghapAscF6uSeAgeF 4KWSfLZri4SH8tSko2wEWgjVLCB8sMYiNvixukQ2iQ82fq3QB6wpwSBSPfRX3z9kSaFZeoccuRL5XTbp3K3t6BNe
36ZHQVjvNgqxLycQ8MaGUPF7EkctkyXScn8aZjG64FHv 44d4Th7VMQaqBPV8vJt9sPCVZewb1PFwRWEmiAWrxX2ax4EgAt1bQmSCe2mcszcnE2Zj5B4Mktiyg2C1qJ3BzyAH
GJfSn1HQFhPc6bhb6qSkJxm2LS6WVsQG7yh4QWbxijgB 2KJVCoG8rcyhP5fcfJeGtYz62J1YBWHjGnTwyJJwfDXhgk5XzDbwf34MZvswWQxbwQengBJvLgmv6xzERaqu6GtQ
8c3hwz97gfzWPQmNGrsjQZKSPBvwfRr92ivFKNrZskbH 3F84VJ3W6YbC3oiYoJDtDuYCixHvPpVvCyQEtQ7QajkcD4RgpA9bWuBi2QwrifMN3uAkdaoJtzrKHRHNGyFu66Tn
5qYpv31ZWQp4VvmAr24q8pxkDrMvoT53jvmMxtsNsK6a 3nBKpQ9cbPjxAF3uQCgPmpLfE6hRw6RCV8Heiya8LRvoZfBdg4aLQ6kbeVsdzGSNpTijvBZGvat9J8ZkThftunxv
HAAGTKD6khkcrWLMARnfycVUsqGxMMHVYTwkNeyMFqgQ 5ga5bkfAdDGUYSB7Tsi32zc6J8X3cSzSDZ5Axy21DWAwX3mM8Qqec4xzQToApEpMPmKEAP5uTeRhBU5ZAGmnNGgz
6y1nRviaeHxM3H8d5sSyGp9LUCaXEUhX6s9SsTQSqNqg 3ZP9PZSMhHq97D1nG9Pa2u5Jaw3oS7k2yMuRkCszpTzbJGVB36scykZG9AZubYQmcC6pmgtoLxWoraptMqmix4TF
TUxo5KaBVW6wrmwQaLTCeU9uu5iGftSLBZQNNq22K5K 63HNCiUK6stx1LaswfyJEbZCmfwNtDFekihQvWCCQLBsun564SsatAaxQwts9AihUjMvjPYcrYvsG4azVbZrXC6L
2tJeW1pWZ8kHz7cuYNwGUAwBY14R7VUBZkZtmhSpypqE 2Eqyij6XEp9KxF197o8zRq79uzNwZSSTxSDZukPemLdk3yb9c5RJaxnG6Qn6v6fzcimxHSpGrossuox1mUECRkS7
95BCUV861Ari8h7N1XWCZ8h5Y684PZc3DN7LH4wkqXqb 57VD35rLuTF8Z23t8NaiwwCdgwKk8WDd7NcmKgGVzuSGde9XkADPdfHf85UaPiY1qQ36v2dBkF3UBoWCXrsSid7X
G2MmronokR8WJtm4UqC9MW5JV2bjXTJ5n8vCdSvJyZ8N 2jyHknE2aywEB3ymomsFi4pqUxj6j59qfjZvKSaQfX1Jr5ay2jkYNZ9U4D74FysdLLKHbzELaVrhvTJa1Wx5p37e
8v4EKVzwjCbb8MJuRPBF4G9MU8FdtzZxKTkDBpmcfrQJ MrDxG28Puk9mBcC9CnX7N5hreBUFZPoLKGsdqw4QYSM4VfgcnAPajkqMK91mii62dV48o7ucVHQ8Vgn8C6AfukP
CEQRvpn39FkmGTKPZ86ND5sNxXCbVEnRjqgMw8h78ZU5 2hveD4YaLivnRECuFyp4TAjJqRo1niMkzxnqVWdyR66XHJ2RVmjXaP2pbaMrbxdHYiwoqwzcsXknsrvRcbscLUX3
5UveRHBJJPEZtyAgeLyFpb4hUBMhZqeHjWYaAXw8QXK6 2ZetWc2RcAuME9QxMXutD4yqVogn95Htc1prnQBYZkVwXSfmuJcGM8jun1mHyvNWCZgz15vA4hoyqQXTgXf4Kgpe
4DeXas1gHtUUnT9Am1y2PhP2MiCrhrpy5xWnfH3YQyCx 3GhiDdRs4yMdwUSL1RQW5DQhcrfPnNm3qLYg4tWs2BYUGLPJBAGnJVRbPTJZSM8Qd1maEYfgJQxowM7Qa4svtEQt
EUa9Rc7onsHM59ry1z3FUEgypb6Aoe6sLJNxGDJwJ7yc 42fYjJnJjJtUkz9tWpLXytW7gBxAroBje1432LSTX5Noo4TyL87B74MPVt136fYBCYTEyqFa8nAbd2M2wf1Khmgh
2S4JiHwra8w3iAHxVgqdxF3ZHgjZpisajaYMca31Gg79 qidbh7ju9ETk8QH3qubTyBxgiKfyb94tcotmkBKjUPgNYxdzvm2GcCoX8CwfyDg3fHJUazR19RyHACa37ToGSxV
9JJsbc4Xnx7jVDdUTHxiArV6SRjUDRFDkvc56SMwVXxe 5nxoBtdDb5LauVyPZod2pj66EdKCTBRZhBuSbFUnyJSwL7fB5WJtAV1rUeTVkv4BqjBHpag2Grgxv2qzwWZijABZ
HEFE34pn9axAZ5YCeefzMgq4ZuqLhtbHESM7mgycDXQD oBhkxyYMd7kmQHHkgUQ9A59GdGKZ7YBAg7u3nsyxDYbWd1e43AxH8DnzPYuXKZhrpuM2GZjAoHU3NnuUjSQwfAZ
FzPCWFRd66tnAsdEcqytKmuEAZME9NCLRP9G6J1HMv12 2cT28ex71tWoULRMsxSg9by3V3z4Yii6dizafngawEeud1aQY9GSrWYjt5qpjra37h26Eb7oJtf6xQoryowvimJB
EAWY9TkEHyGY98hp6PJ37raAW4w958EPrnXgsSCUcFn4 3Q2fdXywqbGPbVVmAexxh9vQTb3tXmLmVkU4vqBaTUD2E1SH5Bo3vCLAMtLnoYKFjb9apVA7jwJRGsjHsf5A59pK
6jGHJLRVKezBjdPXiAuiwN4nCSv1oqHeEvmMrbr6iBja 3o85GdSNfDpauEbbqcMhxdxt8oG3ePyntCaAKQnDW8MS76bJCoidszx5yFkRAQMS1Jor85KEJsZ2kym4tqjsZwCS
8xoH3TCma4sUTGQn6pBXPQp9C8cWN5TNpsKbicxBwSEL 2DEHSnF9fVKXaYBPEPWbd9PmoHSY3QVZapDAJ9y8KcaWwmpGRZ8VR26s7knSQJ9ic3W6iftUxqwYRydLKzg262VF
HVKbfjbG8MJ38TFWrr3bkaZvBJKVBy2CUHivGLrHkVwU tWsoMnzaZYqYX2m7286kMH19C4SMtpeZmawMJLXB9MeGHJJcG1YEmdSeD8C9CKkmBhs3RngWrwVQwppWnGNUja6
GYQNbxE3zAHchgvSWxnjuwkdYcWwVvB1YxUNUPXappcU 3HAn8RWYJQmELZtTRA7NP2VFje9dJrt284euq6qdZ37reCK2DRFaS6DmtcZ93tdk19nYi3rDwFZhwmfdLXFAK3MX
cGmxTQectHZAzoLX4JUgfMnMnAuVgjsdWnBq7GYb4Eu 52jyVkCRCDKmUQqrfrhorh1rm4mNAnkqCZ2W2TqTxwt5CL1h3dAbr4TLBeMNFZvYziTjj7GJWa2NM9V62TvosHTE
5z5jz2biQ6pBgfCs7J8nfUjNQNfGbDgVUEA3sigzSeC9 4AU5W5j8ZXh3XPEnzGvBvVdPQhrXNKkPnL8ibtAZjot6XnkZUeRiEpgHwPAbzNA9ukgLW84NQoXVafomwkrKYSYi
G9AEZYCn5UyP9w9Tm1q7mrZHTacjsJQwDxTph3XQT6rK 4yT65eWX2dGkUmSJ9ZTpHgQAzQ1k49JxBQi1jPnpc4cogUeZC63xH7raEVihhiikpe839qMCahUWCPkM8oVUqFs8
66kB57dSCLqEoTo3BohjRvrppjWiKuP91hjP4UJr1VWw 28bTKZHYNeHkF47EugVyax7moycTZtiBGuvQ3ASmZY1PhNHcrJ6t1ir5Lvj1kMdEfCoSVF1LDsLx8CZXJBHaUjDg
DX4xpYKB4JRaDUfkwYxj2AsL2FMuD8rSVMfJiUYkGZnx 2pb75dhC3xVoGdXryHY4Gpjf8cfTUF8eGhcFXyUd6DcTrsEKvQs8rp8ppWakSEtXkAgWmpAFQEhymUdKk6rSnzES
GBpaecaMaG3PhwXjFxWQVXb2ENRc8JvjBGCYspnAkZX2 fuAp9TPbuv4EgYpZ4irVYR3smbqmUGGLcbVNF3v6FvgAS264851viBcqjc9EgR33yuLy3dYQtua3GHaGjYTqQKw
FVtj24zgHnHaZY3oURPdqKuLP65hmtm5JCksEbSSTr5p 2QuoHbsRUaU2tnSwYbNvqqz5BvVzKcMG8p2a6AFn2ggSAGLKExzSQ8XdTwt9C2nXMYHr6Szr7iURzDGFRyKXt2Hq
8oRB5HqJXM84DGhxfq2qmQ41a5VBNd9qK21aCamH3UHu 5FaqxoJkJ9cEv9SzVEzwDa2EZKZMKoDC3E9w1kTBeHEfcxN1tp7KqhjmTCKWkgiGUpabJ9CsA9SAD9fnjLpjUTwp
HDHynpxf1G3Z1Lu4zyvpMPTAcgmpCRCig4cuzhXh4iou 3EvfqaERMY4wDkxTtXTrtTGU2shuTvqzgpEw1WAB8WP3yRw6wcb13GoVdwkpWJeh7MM9MX6dVbD7A9xF4NnfEXoT
2tDrzUZ6da5bcXkxYWURbTFSKK9hrwCkCHKB9zYvwejG 385Aj4311cSEeKvVrGJK2BhYaHdff8pyebnovuhNB7jerXnvhynLhFM6LfQnfiU57ferDohMqpjj49YCndECG1Ft
BQxbSsdPYYMuGuwTv49KK93QiL1DqB8a3YauaWxwfhew NCGz8B4WQCuaKvHtFM19GdPc2cnLgrzAw6bqvz62JUEsuaKVybCtH3rSwGqaMpith3BDiX7WYuXQtWzyUzkrnP8
C5vvjiA4sExYEH13CwpGK3BCQHNZv1i8TKLHGgFBMwKh 3HDhUakrnvYWJtSzBYSCsQSuoMTFvjBijGgbUqCr2g7ZX9V7jnELJ4Wvf8xK3JKQmig1gUcMs2Bgxp4XrvHVAgjT
FFhqvNu3nQiaJ1cCDRrWrwm7xJoqLcqCKVNzUAsUwcJP 3HoDqgNo5McaaViZ8ooc7KE47oG3YvX8qKkGj6mt6Yiq6E8o2hm9oCfqE14RYCGfN9LkosUmh8TnyaroBRkskiof
ErpYW6WREscERJJf6pm8DHoJbpfPMbe7SLS56riAj4rN 2SYzrjAnNe9T4DHRiQs1LjWvj7WMZHdkNa3ZzfF3wttPqWUVE7PMp7AVieQvn3rhiCiAa8eCQVKd2YtW2CwHxfYC
3L2PWikARxYecUCZJbS62gL6cyxdPvN9wu9odW3tySKb 3ZqziZBdfE4sJrRqS1ehzLGxV4p8cWkMnqWxH2DgDErFuLJL7fDznsuQqZgk64bcrkGhDj7RycavfDgZS3257gWc
3z4c8K1wFrwqWVLSqFBmBHbhs4uRDtGiuYFEcvEs6egB 4RmJdFjBjm6brY2uAhBVTELvotVrsLhPXvhUPwxzwAYDLeUC3DUiVRe91TWWUrva6BAYx7eTLbZ6CwzoveCjL5nD
DjKrsCWtSAZnEFzFi2WUBXJmGp9jfkpW3sg9HwB6xYXC 2PsZ1SPny1ZzQQRo8SiHhS9zEFTCs2tP4zRKh9fzygb5fJ7m3KdUY9bfg1efWnMYyUVRS5kUDbKYtx6PRDdXSs8Y
HHiJysJ4JC34iabyj5VGMA1fgi6NBaphv3QJNHmWSDxk 4i9VYtdCdLLwkYychHWeQiAET7ipsimDMriUiqbGGoNg3a5CP5z3zCYi4LF9vA6kSbcNL5h4ot9gdn39YhRzZHb5
Bo3vzzg1hB7kAtUTLAej9unYpTqLFKJsUWyVwmHZaHEK 2Vc5hv5JCG2tVHpnZrdNY2kTLGPYeHyaq4VLikwzJNE5qFQLNAQ1rawD3ZmdjwxQmeUhoiox5UEa9iijFx6Zte12
HsJtRKz4M7EKEBncv7KkRo2DQqkSanmoA3jdX49HYkPL 3ZiyY8nuLNFNzPwu6PS8MoUBr7KWSs3SbCF43nge1oM1f2Li6ptpKDZU4cywQzSYpnZY3ZS1xezyoKS9if7zQk5n
HJCnV1R1H2kGA6HWT43xwp7XD9tLvE7CjmGZKbGz71Ky 2UBHiEug5baYMGys8PrR9j14zmrRHYRghb8yKyJDgwCq9BVDmTF8hPWEyhsZCd7Gtr7B9kWwHq4RRxJFpRdC3wGD
A858pwiajr252UF9eMmWFhRp8jRfWUsNEQKvvS2JC8wY SquDdxA7fS94AwMaiG3qKfHupirGzg8Qo4fFbnU2CWKKcB7G2T4P3b37cGMi3gNAKUJFh3ikM1SNYs28udFiWHL
CeT1J8MJPZivAVtkUHGbgWYg67QgCsRtwFMcuXwTozVL 26rMPgtbgmCeT9CeBgZ1eFF4jVjrJkHVKgeRFNofAxW8KrVtdJnZ996dMenWDjB4uCESzMyiXVWXzY3QpD9AHswx
F8owKNTP6JJCy2M3QWAYrymw2EujKGzcJMBc1m1KGsYF 4dPSYFBXD2DdGizruTzSsBkyFWHG8XgsKnyGfqdV5bSfWFhV6TDmZiFzygYHHrx4QsuXLVcU1sKv5H7kfrhnp7pg
99kn4UoHyjFdVhfBF8FW4QkJ3wYGTnJT8ihi9izpqibR DEkorNfZmtyVhCW6GxhGEDSjTLs8eZcvDz9BR7D4KuuviveQxjCXLwvBpc1Fc4xEcoJivt8yQf1phpD71QTkfNt
bEGNgBYidGpUxDTvUN7pGfr8WviTHb8Yvy736HbEo7s 5rVVBek95wKEjogzeVXgiGxzZxFaA6rSAA9dzNSKJqLCjAsAnzEGYnv6RcEdR1qo5E3FXp6qg6mM664Le51f84Ry
CBftMQ4XgziENHmZFvtkJw1r9FU3GuuWPwL8cTvmY1T 5GBVaqhHFZiJmVxpswXqqp9pdknLcYLTwggKUCBNHzsc8aw3SEsGYkLS9GDjEsoW9TCmN8ptV1Tjruu93CaCLGSx
AWhx8wZzwFPPy1eNMk5K9T7KDqZuxuKtZgbHK6fHjAd6 31BV6hJV8763ytSgTwEH1xyyHQWavYnMb5uzE12tggKZZqjnShXht9yp3UnKxh9ZYa94kA56oHmWk4fUv6NMTvnu
2VhwwzkqHTtcfJ5KRPeqWvCgDWRqPeRHxq7eq8LXg1Gz jwoqzSdkHpdDqwqpYvVqg8sdkCYSMJLTnQUsKweHjwdtBCmC3s8vjPJdSkbeHFtkCWEvJL25cQr2ainmqe4gRnM
2rRDPtMiuV7LoaxYPZ7BNHtcqSKmn9S1XPufiz4r9XwP 5R1FxzNXrtaST5wy9vbRWuLS3eg3SVdz3fj94Mh6s3CYB2NyGt7VVfaC9MYx28nc1dXdvvHZcjcQ6jpkU5yc6V3n
Eu4hHHVXRXuU8Z4i73KSnRo11f451zRkRoZvXoDZBA7M 3Yuni24W8kdF622BgyFTBUK5Hqun1xHDBKz3jX2kXNJyu95PxSYxQWSa3U6jGxERcLueQDcz9sPgfWpMrq9N7WdE
BwGxaJ9YKGxWk7eJDKAw1Vr4k1L2ZPotmQjw6EZ5FbBX 5DKWSES9gHZRcAjHoMzE4oNTK93GxMZiRoQcGRAPLeqMnroiis2vpP7daegrUefWWy5Mi71mUytrBDsfS6764zHb
8aCFfFTYpwznxtKmTStxNCHtwLQcCQpYNQPXikfDAB7B 3anR8rQnm9v5mYBexxq9g3WA4df8FrX5qCtuvmb3Tq1jm7mumPjjqLuuGq61c68ePsRWNztGNx1CwQoNQxTeVX8J
DJepnYCUfuqHvKfoov5CfW7UTP89NHn4mEpeLfx6aQwu 4ZTZkEBG4rJjebjhj2A99uBtNFE9ssbmuPQ3YRJUgiPhZpExxkAk4p9VL52LK7JqVyoDXwsS2GpWEdeSVtLKpwBR
EmR4jhuDCMenR5x6szziS3NGu4egAU4sEVXY5wb2y1WM 3gxUwUHRvvS6MYUZ1rU9mrehjU1E6MK2WQQ8TkRXT9ydFoCz7hWWaFoRKYtJKNPJHg2AHFqJEbtviq1bc7xG3GwB
ThsjQTDQUWXPWsS2XwyzC4mSqinHB6f6uikbnNyvjnr 4pvR9GNLHfriFBHPuTTLrWm9qDXt2URrSeHHaWF4uyJPY7A11LC82bbZg5Um2w8mQNJfEnjXVg7Pu3kddymGmqTK
smQ46DQb2ggxVbJfW3WfGsqEnzQLS7zHAwMhCSW3Zyq aPPerw69JLfVBoQsYojBeZGBVxk9HdyEnoyELjcUDvn6vwJebj8txz8TnCiBjRMMfj3dvuV2s4M69ovQQYUXXbc
4DiUU71J97Rdnb5QAtWnrPQz9huwVmjVKG4SqJ4KZDkQ 3mHcF3dz3PaP1QnfBgGKTm6SAabEfxLLfUkUvi4LrKVAiQym1RF3mtzzHgzWbjNS8mmNXLVrKFG3Dvx4VBVdF9Vd
EjjaSJStmKLeKmUwyYB55FcW3ncyGWqQQsfG8s15EgNA 3FZPyr8ndi8jb9QxNyiJiXjaUUPaqtYKwYTK2az5JaiJBKsbtdH4VRKw45gBdqyjsJVQzrkuQBBrD3ivWd1369aE
6zHTY2Qv7aNZ5sYEbvMk4L4wdtjVp4pqfF6BoDgoHPqD 3Ca8GmACQHWqbd4yn3JfCqUBGjtWuGAZLqL3GaLmMx2oY3xfv632pcKXXtWNuRP49fbEvo9BstReHoFstJS9j2LZ
GkPW3YwAUMhU6xYKY4uPXPT6s4x8JgnsWVTUUppK4xXM 3R5A7QfwFmjzvxZC7ridydq8dU5gtRQZL4bRAXKzJ7LYmdyCT8mYbuUnUD7fj1QGuBq4gpfwYtBJ1w5rvhhrD887
FHQQDBvdxMB1LD8vFWnHcy9xei4EcVugQonXtMjtDFFz 5fpU8uj8hkSpc5LfCPcrhcnPnXSGCXoD7M2fcReREm9qMvWSGU7GGCRvjSWQEbQD8sfLifffSdpjTYMvPq54NyF1
3Kebva8mbbao1Etdn67MAvcjM4kgWgXbNMTQ4Vq9S77g 5siubsGCcCBniHHVUBkEunJFo2JNih7uQVVvE4QCCskBaMDS1EE21BsV2Ak4svJ37tZbSKShfSREUks6p9FjnRWu
HZShiGYuXpNYQZcVygZCJev3Ro5XJfw9G2rDn684xjqb 3pyfdU5N8M3Lz6esQBbnpGrCQ4mhWCFVdcX9jCz7t4b8fTU6vVmTGq8rw6qo5inpEwCFzACf2Ys88dkpzQvjDpGf
