Dx1D2VBnJNuU6w3Rq9zdfSEiBwWKEnXHeyMCL6nURyyc -
EHhNnVqa4JEDPuPwUGEyvrvQ71sK5QZxnFPPTbfM2Cgz -
ECdZWpuxYsF1MTedTaFkTZxvZrCqfb5hd8kg8kaihwAn -
EyVSYe6CrzT9Jw1BG3dkj4gxPgNHc5VwdvPbp7Sbpifi -
62WAr1Bj2FKkQJ6Bffj5PUzwYM79EcyzgFHXxswKx8gu -
8MZHzUTDVPgAaJb1srghx5VEEM9xAtXwpgyxHz9GpAxR -
GqpjSirpvmkzZaVbgUqRxi51yqB713SegTnxaHYm1G97 -
Aoaa5v5m6YsF6zW41gYZYxHfh5Lzns5VrEiqMCV1ZjVs -
J4LQo2Phyxnvrs7LnSQ5AHx4hA4Dq3HaqPVQG6yNPeYX -
55f1mBfRE3L6NANTBGDCrNNJRtBDGhw7KrJzacGbmgn7 -
2jhgo1KbWZ586N17jSTJoz9hyaEJzmFatt3RB5of8j2x -
7DGaDfR5Q7iZvAjviMEz1y8xyoEuorpJzEWQyz3n25zu -
12PaFjp5spFoi7Pf2My6XrftjjTdADJQJveRPQf4aF3K -
9DdmSheK9epv4pQbezmgiKenmfHkFht7adzgwUWr3VLh -
GoTsdy9aNdHpgW1wJQyQK5DfgXfqnUvo9RC1MhaxoSBT -
HG2EDe2tDUcugwU8KPFjBv98hLFjCqG3WpFiacSnxNZx -
rSaoaf8Ekpr5jyUM8fXT9XEowkwBtNymHHcMejG5PFm -
F7tbp8FEnqoBT3RNmPr1kDdzgTk48V26RPtn6EMXQYUh -
HBPqeAARfD5mcJUxmguqkgG6FjTeBCiquLAD4fk45fxz -
5H1NRc4ZYydEakTq1yto7DH2zjaYMWrdsZSWUh3YbbAE -
EZ26ML9nk5oZFiKnxaFvmJdK6Xxbju2HLxy5g5WMYYYc -
FD4r8xXhmD3f3zYtYnNXBSUvcMgnywCii3WQ6Uu2UjC2 -
2sfZxXFVBSS3Be8D2nkr6NEe8JdwteZsMF18dPpir6gt -
B3UYpXuMtH6r39ue5ZZndYEpYrSKn5NssvzfLQQKwWBG -
DjwfZ3Hf9EUQZ1m5xtN9mdJrjqLjfLJxVa4NSmtofdmP -
5iHaSVLfBRhv9c4rRhTwZTkYvK49bsmTsH2odK3GMgD1 -
Gm3WRGfXAqg8wzmi3QEPu165e8hXcGQad3L1nv6SzSKc -
GWUpMR9MgG99JKBjfgPAB8uqbBqvXybMzYsPEu67P7pr -
55U6b4cWiyRUUmWn2efEZWL5ZBnynnBqohXLCGyE4tJJ -
ED4Zu2szZf8p3vEDnkSaNzAAwry4jdnoDEbhmjz9X6k1 -
EWqxbgMhkqu2dM4QW9Dr38njyfH7J4Rqq9uhy84hAYYa -
3iHD16dm2F1P9rMoa9Yz1h47Sn5XUMEhLMqnaSeKPcd2 -
FuLQr3HxDwMjxUfNoZzAQScmMuqG8bFaNXsJbym31vkg -
3z2yE8ufpFJFtoPoCLMYjf8Jg8oDPeX2Kk9i7D3zyy82 -
5VoWZT78dvE6Xxb8WpD5V4kYyhBZ9os8K4RctpuAbGUB -
9nnjLkP4LX2NfyCw7z8irb3T2dgPMH7DvLcR6cRPcb9v -
6KfRqXH7NnNTTu9j9BdqjuTCmpi8FkZiY69wwanBpWAh -
6cmUa2FeR5UfrscuL9sAeC5zu6FDnpooXixLyi3mJa8 -
5pvZXYQ1A6BeqwXLWAb4pi5NkrLfZAeYxY2qDqfLeD7f -
Gvrtomfdtd7i9NjuDeMNaxQAykWQd3U5U24T8D1Y5X81 -
EqwWS8NnQN9tB8zegcc2cHaZH1ZyeEBbykqySy1gEnMJ -
ByzBaRYowvnhCtUpR8f55Qaamd5PhekcviNQuAu7XVBy -
HuTzzK6ckhD4rkPCgBFSapgqifU3z4Rb3wYedeVTcAJK -
AKjZxC625aPhnNcdxhhyDmrXz4Qv2bvFXNegQFM7QQWw -
2inFgrTnVfE62qbmgv1hrY7gYGt5FfsSBoMXLK4rp97P -
JBMvELLmcowPpcGmZG65gR7NP8msghZYaNQBEGjVhv5a -
Cx3iRQzBgtueGNLHokkK4KQ843grFm7QfqTdN4as2qHj -
EEd7MJULmJmoyuxgX4Ytt5867ebPhu3jAJTSaKtSc6dP -
HJyaex7KB8ZtvT3rGL99MnR7i6DaThghNUbMoxqLoZvv -
43JjfrefEnWogfXdkWbusMn4VErw9bYVdvg41WTns9o2 -
4V8QmWYqbwmkdHrHxCL2njV7DF5g5zpd7H2AWMR7XBL3 -
5y4pVKATZri8t7B5GbEsnZpYq9NusQNMr1JoUddvtywx -
HCL4qdj33giBJBG5dMuXgiUm8nGHYcELwSFoxGhhfdAk -
8wr4wiAPwURwsns9jCnyczUhhS79FkgyudDtQ2TwsWRq -
EnXBcYYUNy8TptvvMZarp9zKD5bZrwjgk17gPNNAVscr -
Du6QXtFEiehrNRqaT6psfdtNR4bmGoK8MXtFVEzVU6bu -
EVXnQmqSff3xWRGAqYbwPQxX3yvR7SJvB9U79EUSC5xq -
G2YU3YT7s3FGA8MKA44VVK8xj9KfUyekXHxeiuamo7Qo -
GkmpPbLE9bG1WtZ4dakB7UKFXYUnvcX4vZrWiEV7ohik -
D2L2eeSwrGi2BYQ3ML6PZFBt8tAQaDsNAKYVKbSfcXir -
DfDc7zzsc8oeNPqMadcScr7Ein384DcHL4CzP4DMrT7g -
ArUVWuwZa8wTQBUjRyrRYiY9gTGU1A64ioRGkW7JoNmX -
6hEwcX28GcJxj54rJisvo9BXJK9b918EYMWYACTKLcZu -
BRyatUqN3PsfRk7FomAcJ9WguftQwegdakr7i4Rh8nkE -
3ubd6WVQ57rN2bAyBBxTC9kSzBkhhpb5zK5sVemZuRcA -
8qRNVZoNhirLmjJAkM9NUUA9sqkULgumbWqD6KrPhcxo -
6wwgAsajizUci2z3Nn2Z3XjHnuTeuJisaerwhyuANqnt -
DJ2KKEZGB9nt6CgbRPoCfqo6exRrCcAR64qiBFceuX54 -
pMuFL5eY4Z2PsvyxCgAyqHTtPJ8p4GJ5s5ZgK6YPGN4 -
4AnFePs6oR38FjjS5sY1PM8aK7mt8SCMecJdjEM4dHVM -
AfBh6KASr1pPRMLwPdxqjr8vjhpLwWTyfJCydVzRFPjX -
9Xn723ZNCFHhsyWuWCKDQuTxfmEhAernkSkQKTtgrU8Q -
3mv7inQ68Psa3mAQCbcmf885hV1vFSPH9yy1xR9yFHYV -
4vbGAX49NxZ89bJPM5zfuMqaG45rczmCDwpczTbutikB -
3TcYKbWxCdRsLrfMXDbDM7UiaQYZsrsxLZgLsFmt9woe -
2wL6Xx1vWhW8zdRdZnPYUUfa9JJC67xi3WrHxfNpzo8a -
DJN8Bbq3e6Byc9CdryxJsMzdx3m6kYF5KFqNu7cRGJ4i -
E7yUikYoMW7n2VHZkJ7qGCUnHam82RSvrrLhV5u89Bgp -
XHfkdLWLS1tamLSaNDSuRCzLttRU7EKfqKiLM7PRovD -
47g2aEebGNAELpeuK1UPnpZv7GNi8Aqyv94A7ZspbpTw -
82ArnRtQi8JQHQ5EFkVXaoX6H5kv1V4sMftYBD7YfhSq -
7R8foQJwQXHoRnprqKvCReZVWiWRUe7jqJbVk3TPpRvt -
9seW4ssr2oaNK5Gxw1ZHBnGWTwK3qDSkE7V4NQNRevCP -
C7cTjx5oNvobR6YskJWRDVtJmg8MyLp3ddkFxj8AhD9p -
GrbGjdSJhaSvwH2dH7rHz4MwrUjTazQnCDrgPxeJbbo8 -
2bZneHQ6QJEanDX1cYCFnx8693udRqi3AfHTgbwgDaDX -
13gohJCog1Gng3xLKpfzZfPNM87shVq7UzfraKJpfgBs -
Hbndz89u4cnAp1xWmSTP8y2n4Fme8q38EpcxHiR396fn -
E9GBG5ALTE3yCmU8sp2VsfffgftjTYzxnWnjiWjisUzp -
Bbd3nG9MqdtPGR1Cbeuekm5BQEr7A5yGHWt2479RQFoo -
CHsY96XPcvMXVK972fSBtmmTrFjyWZsSoBXppugX7mS3 -
EaSP2Hn6zDTLTnSogHdPrwpRtFRXUJhtdz6ZwNmgeBLw -
5b67rK5gHiVHBRo1KngcEK5EhJzDEFxzC8nkP85r4rVu -
5pkQGHsYvD1fczq2LUBTydAPWCyzTqLYnsj5BoGo6UHj -
J7zu2qd9FsUFTZsaS7QBeuWPEPpzxjbXupNts3zxfZkk -
4onZWx4nb8AocRTWBth1eHibgfYFNjQ57GPUKGhD1m2S -
85zfAbyeoPyb8VuSv4Ux9AK5VygCvxCL4Dh5NrFWChRZ -
3SYwhQK8JQGiSEdpbjjLMvwvaube7d3x7Ly98yYffLoq -
8Jzvp4mmAHRnnuyRRVeHHRpXvrw13fgmKL9HAnCvXkUN -
8oMLH7hUZtSYhyAdPgXvpDnaf3xw1y4KXSSEBy6nkGDF -
8cqLXrjnFiEDCJeF8RWirHzqb2DR8fSpiXjD5uLvMwSr -
2YXQzgwf71LWFjzhySmhNtTKzbbRLCn5hixU8iZknDVa -
4c116wwanLZAS37L9oNqRD5hMhuA2fx94QxajKQHL431 -
NoBQ4bne7DqbLspdGNh4t2fY2LtvoirqbY88P7cpnqQ -
8ACY1SyECumoidRds5rGmLWJsi9YjpYkrGSmTGb1FpPr -
DjRL3dHVy59bady5EgLhKdbaAoW5skpevGHMoxhLAXjy -
AmJR12P4duUMA1SXTM94ACmRN1Lq3ctjkXvssZmrShtY -
761HKmUhEk6dHjj8FHjNqpD4AHeMmJ35KwkhLTSugbmL -
4kbfAfaZPKpJVg3bzCdGRyxMTJxivAPrNTufvyqcaUjR -
4FDHedJ3yHC34TpGEE5MhV6P87pbXdvv9TVyMpFm2W1s -
FfzBwpZwk9Wt6YWQR7woKuQDVs1jRMBMrH9Y8qkrs3qU -
C7HPazdECzUdVF6rEdCK3AQZ192Eof6gm2rA9AHrdcNr -
bvHqDzAjdSbjYTtZ3mQi48tXzXbC8uS1VaLuQDRYubq -
AYgyL7rp6VQmjkvFEixLRwbS2tGxwZMd7dnqi74cYS8W -
udzQB4a9v8fAqqGGczWqHfCtGvNH9ntujztDNLqgxUL -
DoARRx2B8e4GVGqSTQ9yDFqQJr23hFVfPMuja5ieQpHa -
GCNrcdLQeUeYTZroWeLDxxBbgvVGAN9asBXmd7GASaUm -
ApspWoEWHzBTdVSfyraVhcREQAyu2Drxjq6Z4dx3cAci -
GB6xKr2usNTTP1zuNq9pyr9BFNgVdvVYAwA9WrWHjad8 -
EBxh9qThqvo6DrnvcjdMYUkSFiAm9Wa8WtdkW8VsmUZ4 -
2JmQ89xeT3tEsADM6yKisV4c57gb232mTJmtzPdvbChY -
EGUus6QJRWcdMzRCXM7h1XX2epn71nh78RYLXmLb8e2z -
EUGgzQHoFAvAgELDZ7eAtbeZBdSLozKDGE3mfWLVsPjd -
BgMmkm1oNn9HHVw1ebRX5rggwvKjyV1SB2iW3jwYfumv -
8s382hryjoz3JLA3wkEK1GRiL8U8oZgBMUYGyYodYMg7 -
DqTQRvijAR43HZ3sP6m3C6iLkNBTh8oAwCwbkCzPWgPi -
GwPJvVC8i9WHZ1joySJFeiScnWLyfN78ZKmjrSArrCBG -
7rkhgJNsmCRauG4uFEye28h9JpqQWjta1sQ6NpV7MDyC -
CREG3XvA5WVYT4EH1qksSYgzJaq6L3VseyyB6SVQXuPz -
FswKsgwz8TpQhonbi6iRUEDgSbUXioFd8QAZ2qPTUtZm -
GfWp3gdgnr5GZUmYT9myJD2Lj6JgpNKWtiurdQ1pWkAY -
GkHb3KaVo9yptR6xXYtuUGo7oAMdkNyULV3ySyGvMGG5 -
HCp9idJZTCGqnaRKzzCCqJQ2qE9MxFgDgxK7SQxFPGRT -
BLamcqdJUcZKvQ7MEB1MBNUEcaDdXTvUgc3Z475oT6Pd -
83KBJ99uDowCSt49KGSEvj6siBPcxycL2mSPdNqSefKL -
FYjMYhR5ypaNyRs1iuvPqo5XXuN2e46CoyrEZiMYzMMu -
9bVF4KZfCdn6M7PWB5KmJz4TWqZyZqeTbYB8k3meZ2Pz -
6YCZVGcDo6nG6ipxstArjtzvDeM8bRxvjVhRZmgx69TT -
GeTtrJJ8yi6yQX7UNzACbVS1w8x5YYyun6cPwv5XgPFp -
8Tyzh4AUD1t3qeh4a2u7C3QtUX2MZiFSQwWfUBXf2yLj -
3QpS7BkMxYTjPge7GuACzanjzuawwvzFUxjbinmDzwdQ -
C8Yk3q6UV5szqSKn6SYKjRPqrS4etXgKehpEunWunykN -
8Af5VujGi3w3kpHJFFN5xBo3ncu1cSoqodTbqhQFD3Hf -
69aJKUUpTsqSpcySe2ocUdFii4Cs6dtg84UMp9QAVZ9P -
NH5EchHjPhanhvAxjd8j6LtYBtyPoDjorkrGHqDYcaF -
WKod3FeHGcN1LGbtBcBHy9GVhy7o8uqjc54KcpoznfT -
FoyJa6szQos2MAXiWRnmHeBU7tsYcGeFXfJi7Qv6hT6W -
4P61kBfrby6bGhoU8bFymmzuyeoK99AdZvb219rAtB9N -
DXvjRuvdTMH5m49cztpYiFc5Jj3cMMGLjBEpKH7qLQuj -
43MWFXsurCe6Wp47BgdzSoVkMCTvp9NfXZQWiRFchUiS -
7msmYVzTa6R6GWrSfhtvWjuyhXs8ssE4joDg8B9ZtNR7 -
6FEc43eCXZV4hLGLnMh2FQyBrNDr9Dxt1WWh1rVY7kFf -
8d27gdj3cSfLb2oZyehZzFU9RXNYU3qZE41VfbtFc6zZ -
AAFaXcK1pLPRH36foibNGXLDd3AB5rkYK9U3eTcsmBom -
HoRkvUWFWSuV25GSLrcMsdTHHUgripyrK7rdLjTV8MnG -
C6FkLquDFDhWVWv9ZV6wCNNwHKWWRfsgv5hY2xhvGj7E -
8hnCLtFAGSrHiqZgWqfmSfLGnLJJTAD5DQqAmXgT1AjM -
HuKHvHT2n453WJsj4xn8MNCXxhLiTCjZxSqkbRyBmK5s -
6568JzYK5LWM78w7Wz4Pzm3mgqL6FiWXqZ3a7ub2stu4 -
8L9W9fS4jVCMv6WYngqpyuPAu5pT1dAoQuZZYAmx9sxY -
DVx3rVVL2GYrHkMJmHHvedMh7iAy2omWbRhrvi1QPoq -
EhKb2QeWDHGz5H3nP5WCU7uQNqpudaYTodFN3fyXNKj6 -
F2nrW1cVQ9EhWGfTYNk743vJb9VhVCW3PzyecTE1xvuq -
9sJqu7SKzYQCiR5vioZKHrFyN6oTypeBGiGDioAQeaZj -
4V5xoGcueFedpyBfGetr6AaGAzZNZ8gk22zNxWF5GwQ4 -
2nPE4EomZSyYt32MfjtEu2Vhs1Yxm9ydrmcrGJXH6GHh -
A1nfLvVEAh1DUaWMxCwZ5Agrdt49fQZZRrLQQb8yhzPk -
7SNFn7MLwV8BR4DAFfLZBCbGQ1YNm19rVq3YG5FyWat2 -
8JxAUXdFgx7N6YuCBaAcWN82MPgCRTQGPfc2JPSM2nnS -
341RBD5gNaZVyr3KwznrD41YBNdKk8BQnCv4EUiZpipi -
EtTirQXakD55tfW7D8PVNh58YK24JvoEQjUKXAkziSqq -
CLgAKzWo7RiYZMZVYwfPL8h7vK6cKg94b6ZARK4EVA5b -
GZCxMUoEM7aQpn3FLhvamLEeZpnVQHRQGyRM6XbdwxXB -
BWqxQfxunbLcrvNHmekppuSEy5QvYGogGRantQDQocfK -
BdekQD6PHN6z6VquQ5M5f45RkXiRdSpHgqLzs6tL3yQP -
9CWeY2ngwTUGqSfTonqMDDqJ34YeMVjMUfsYswvT1KHy -
2SzqyZxR3oMgabJadgTYqEZ8ApGLYpnJsmxKEeh2PyVe -
rdwMNBQdVX32j7ZndTD6erhd62vp5R3aGo6Vkr7DvVG -
4QMu3oe2iEcuvpPA9mDFP8wJPcgijWKHRRqfFdXQkV1s -
7dAjeuwiY8JLgExtUV6irVZqeesbkSzAXMbvkxi83Vq3 -
BxAZ4Gjb7zL4oyst1MafxJ3McbCjZP4twXNqSXu6dejX -
Ak3NqG2DV1ePNxmDs4yf9y3bzyvgDpmPFxFL3WB2nBFv -
8VY15KAKSgsgf1GhfGpnMveiE5G9DgcUyoiYtsmF1LbY -
EfpEYiSXSAbgtmvfSXmvRaNdh6dHr9yvP6TXmUHNrvpJ -
GaNd2Rz7VGAgN6Qye8CH6k9eRaEZQ6GtVt54aXsZcNEt -
FAX3p7R9wzDhHHzAwVnJX1zpakjcoa9n8QnLRePRBwgz -
HNx1LwRHBiPZk2vtd1GWVaBzuDUMzQ13CibP5ezGp8e9 -
GHesfo6K2JRD8i1uJuZuyoNHLT8fUZRbwGUvAgNJenW8 -
2oLJWaF3Ye3tVExV5J29318XP5gzuPpVyXfDjiz8r7X2 -
AJRkhFo4hWgGUFK2PJkCAw9WYz96F3yaebEM29WQkh74 -
ABMgVho5zXYLyqw1poXwh6yB56SBXqUWcctHTS3yRmUM -
CYan1PGMm7A41PEdmGgWc6hom9wXcVyBMLSHJLtC8D6W -
28PKY2t2KWo53X14dnims8PxNNBA5hM2KgDrXzMKh7AB -
6gYTFrHfEjZreTPNH28CtmgnTrKKjv1d5Q3suWxQeHiT -
H7eUt3UGiDeKfijcSxhTQWsaUUBzjjd93RQ2D36SSEgT -
AzuT4p8t1NPkV5eAfjXtXaCDWVXa8UnxCkLf5AHEhHkN -
DGhf9ync3XBjR1HLqgrusfy9VVGDp7PXCa4cd34LYknH -
H8quLUL2PfdGjkzhm9CgjGKGvyDbPEnKcJu8bBB9WExf -
5XdghzBiKqnUfWSUwHRC3PWYwyVXhLAxT7JiSWeye4fs -
3ZawYpqdYdjHhsGbFQhFFufzYg5wvjRhXqGu4nTituC9 -
99vAGktVTm5o7etgVpQJViYWUoSDfpE6HppJFTdpiGU9 -
DkT5B37myaPeoih7JE16rt1v96rBEFDYrZ6BcLtT9Kbg -
B8fL4X8AYsguX6ndu2TPM7GAtvDjxAcgnJsatZpxo4gV -
BoyAqA2CCeFS2NFvEdfddRQUZW7KkUvLCWhnKPMtWejc -
Fb19makHW8AAyjhtWsWgFnVnZSjMZTweMyp2qLscL94R -
5MzKR2Km9QTBPYpWPs5sm4nGE6vaSd5dXjDj1Rz6VjTh -
58rxfXpbND3YCgakb9uNBjKysRNMoqCKuVD3JdvXVuwv -
DyKThBRzgvmv6YMm4M2iozH3WcSM9TKo4PERTYF2zB9s -
4gHGT6kBKyi659JQRTQHP1L3e5ojghW8i6aLqvAwF4RD -
9eB9KY5DpcEHSrwKH9kphyHqhPjqy6Ynj59uQcavgW46 -
HhW13Jw1Fq9VJbEcDYdpAU1DAZ7dpModcG66bTr4WsLB -
J3PD6idaBZycVg3fk7pShdrAf99kbs5AtFT3LBxujfFo -
3trnNVHq9e9RD3ysUVGKEKjxPHhcQf5rTjxqmQN5DM4K -
5kwr4bRRMyqfRHcQFdJaJ1GXFes3hCaDETi9o8NBvmo7 -
68L57pGXr92sN9oru6TcDxpc9XyDwFMiUyTVKYuqZFHD -
GqVdfkMqis8Xq4SL88HNec1RgxVwnCfMKtHXGWvdRrS7 -
4fBXbmxRmdB4LaefpsATHx3DgTPF5dy9uEPg73NSAvwi -
B6vHFS48pSkHUrgtEWMv4SuYQTbSqKFuWxzX8Q6RJ7HY -
HdhVrid2C25H6hkesaqoeoSSRBuPrXcKgJQxnYiaApch -
H378BbzS4qFG1Mrb3qhieNCzgPZjam17WzgnMjUEGgoX -
5YcXkD7rvEHkiVEycWB6BbrSAEWf2ezGova2dy9WJ221 -
GnPWaHprz75syxNqExPSYuuupZzDbjLebsuURiv5Lbtu -
CT2dK7eeYWmdKPhYDC9J3587pd32Yumyi7pPzaare3fW -
5hEykvzuj3Lt2LVnfbNoxL4XPkktHTMnpPtNUHXuJwzc -
3oivGrDojmaqSo7uFGFbJkZRtL1XfqS5izFpXdijDd4Q -
HCAdCZ3Lv6ML5UHEj7ZtVG3emQBH8oSALGdhyu1s3JeP -
C5Wv87vsDsPjPPaWAMhL7FvzRr7HPeZc6TLWNWyqKExf -
BDbaNZ8DFDyJ2teEWimRSZaRfE8xMocQbJ1DvU7w1P1k -
2sdfBnbqudd73rrwuuYudLHTXEvUBAacuwf6Z7tTg36A -
HqanwGxh52ZXUdqPcNrpoN5a63t6rrDinZgZk7Y36a18 -
AnLJatBLjjpMxHJxoAdaNXuCnZHzcPfX9TiBKPfKpBFM -
HWCRMDgeY4u2gq8naNXz1m6g8wwxN4nDyAJ5ZrD6sLmi -
F1jrdKyR8Ea2qtD2PUTDsXB79Gh9j4j8MYahFDTiyNNm -
4V1xh6CFm3YX3jSY44hxsg74FPSx8bjWrpNAqEiM7Fwz -
B6BZTV7PE4kLPBvw2m23HLGmfjQeH3a1pV6UyiMvWf4N -
47uL8veVFqRc7BLKMqCrq65F7WoMdEjdtugRQt3TjXB9 -
GctXPie8VfNsEUB5BirEeywJRKjKkyxFZeyRfig6Mzr8 -
8EdLHeujEp5LD4PRPxfWXCrjVCYjKdyVc47vyodfcNNt -
JAwjEpSc12rmksSXbQejnUJNeuBHivBU76Nx75d453Ft -
GKJA1kEX2JSXWrJcLSArf45p4KLetJuoxdLzgAn85To7 -
8sU3fLEf4wHX1z6Zmj3UVTpTwx2FneMxxtXRRYiiP1k4 -
ErWW159X7vEV6JeJTpMqhL85Hj4RGcnAKQfvWfTakHb4 -
PYWGugpDFomgeFHSqe3bLiXL1qyMZ3ghKg4fUZXsobw -
93Kuy8eSLYS1J5kaZRbdz2T4nGbGjJspsnjcVyiyHfch -
6XNJ1S71ucEXrhz9F6XxwAuX6jPMXoc2mdvkF4Um6LrU -
GsPLMtyjp63YEKA51EGc5Ke8YChfu8oEaPydJRdrisE3 -
2TGw8Bi1PrfpsAmKS8enDYXMijTTzmucdvVBnpYDhDZi -
9aUVLDUCifsKSUVxLehMeWjjBRAJep7uLPFmi92pFZzE -
DuTEoiYbELkQae4TSENinnEwFGHyEeddTa5uwhtKnq7z -
ATaUKcfudPMqddJiyB9QSveevLgDjKEfnjgMWDBr4dL6 -
6R1fckYy8BPpECRCiPHqWAqweGQkjRUtAuT5U6JJpoeL -
8AJirFTLYHCJwLZYQRPJykyoLhoQkwigyvbTBB9dA97J -
5k9fvkuYdAERqig2aKpAmFfhaUkEdd4j88r3EP7EQbGS -
4tkBgweSfdLkwox24Lkapuiz5LmQZdusikPaepT3yEko -
6qnfNhJzr5bWYFzPCatR6HVTr21fB7gHDtVeXhZHrRQs -
AnwQ1WnUNriA3yCcQZUPzV8vvQAtDG6i3bS4FkJBouuZ -
DjHXVTjABa1ktJWMe5yH3W7Amt1J2Ws6p6jkfo1UazeX -
C6YmPCmEVyEDkLzbjAW3D64aPJVuL5DXZSi7QViLs15o -
GEkd6tdZHftcwQaFK8AuHD4QA4ZF29hDfs6mpbtPV8hj -
8JYYYtHShXywfY5CgNBCYQAMFhin2v2UB2ygxfR7BVeA -
BpATnjGHGoSMPjELkacP2M4MQUwvAGAd4R4BFtNSTEVu -
F1aGhWqAiiqm5HMmtnffCvGxdqN1Kc1bLak6e2jUMmiL -
4sURJjKHFkC5GtAwjVDmXcr7nWgkADRTVeNPQieeLhQi -
3tWhPrpHgYsZeQQAD8oaRaRj8cDxg7pvJNmpb6y47qLb -
HHZjicPNkd7uqH8s5myzrFPe7bif8njSKqZZyztaqFqx -
4ticPvwcW2VCkbST4QR5ejdhfCTgjsM5yXxyW5QhbGjC -
H1UeQx2YpMWg2QmdwZtGTCwXBmS4J9TV98kFtpPjGfeG -
EVZthZWghonFcMscvvkThvyN57XeS5s2cXXV6haZWw3w -
CETRBBAK4rvK12XcjuJvHEHhoj1HBU5wfTogrJCwNVzt -
6vH2qNCsk1uh5Wzvx272poXBoRj8LGzdRdWZbXwcd6uC -
8xRm3rksm5Uwpj1uKoTGEbi4EkELBW8pQiS9zt4ZgzdR -
Cesu8ariMWM9Lve8DczYJN8aaMd5v2cs2irjAs5uKunt -
5XKodXjawSXP4YJjUXnwuTWWBf79ou63Rmpfpsszv1Ex -
DVmCXuaDTBdZg52fivQsyWVMV8XNhnYKHewjHHCCNkY8 -
BrKLju9aUFR8LhwFpMSKi5bAUt5DTPGJCi5nJTaxTMqp -
Dr5ykA2oL6BuCv3UZtLruHwnmPorB2jAjqDoreYg92u9 -
2udjnGTqchSgtxa3SgDg5FnHxRPocSVqgHybBea84i9F -
GH9BonQGrUMT41QawyQtuWL4feZdqxcX6rTZSadnusxf -
6JW1sNJQYf5iEKmns8pD9yMK9xZGLDmKtqaTGcvx7u2V -
H4FdLd73GsSXPPNXXNGXqPpE35TmULj9BEDwPRs4vW25 -
ELu4M4WufBRNTtBMfkovpBogZyJ9eR7x8Amr7JThLU92 -
9TX9fCNDFvPA7wpVnWM7vdg6vfbHhvcHDNvnpTMcRuoq -
J1bbLdxYad44vzPxx2jncDu96oWBcNrhhoqDEKtzcMPV -
C8LBumuyNLwrRmV9Kx8LCsnAyic2ysTu4RgZJANcGGpZ -
C24qLKjXBRAawJZrsx3Jq8cxHMn9XrHmLkKvsSBp5LdN -
9kABBMEXZ588HiiZVWthm2zVFy7qhfDRaKqZVdp63z6o -
3YkdRJ7HkuTy6DmuDjJ4yN3dkbEmbqeRsqr1A56eTPWB -
3FkYGyPz75168B7pU7ijoz7zF27PfeHXPtqCrs9wcguS -
H23y4G3xY2ysZuB14dQw5nPdjjP6Z19EDRVZvmbK49co -
G6z5hLyqeptPyaGMNZoWzBwTRSo7ZxJLb1gUnSmoKcXx -
JCigojr5zenB8fC42AouXnd1JYwBFcCNfxgctFbtr18U -
nyHjhFLraFdJvUpcrGQjFjbKgkJtadaTUdKFJqKkPzK -
FPVeZQeRp7XyCAfkDY4PNUgmoWvwmR8B3rDNgwBepuRF -
3yrv7Jv1K5wxDSnCQPJA3mt6p1d1i13jRYNajh8e6auk -
G7dL61QExXGL1auvT9Tc6kdoYTJZDMZuaGcFneRQqNRB -
F6dt217NTmMRREzJ6GcQfS5rxtRYSnvKp3yBAwvonpTj -
BeXvYk6iLoX5ULpppDHuBYzrmV39cDJs9fdiPnsQA3sU -
HK4Dk73RZZCEorFwPzCuiMKAmfwCS7LNncWfraNahzf9 -
9gPxKr3rMd6ZuGhLWhKSonCc23868wizfkBAw9shBN1t -
9LSLDbYFJs7n6AMkfCT2AJLHvAfsXZ3U5BPF5ZB4jGQD -
A2tUSP9YDAT4hsNdSW92y2yzgyopTgNP6TDS3SBmuWW2 -
7qx2tLFJ7mXhYGLVbpC4DmKdEAhg3tnHf6WFj3zp5FVC -
E7FKVBz2dqRLFkST8gtV2FZCNQDhZhQKjLDqrgmFS17r -
FoLNTnzFfBTDrFdGLBpNA8WM1qifs9BmKyZ3SdUKDkYD -
HnZCFTLMGgLqBm25gxsswvM1gE3yM3mxuhvv1EfkYWnM -
B4a1pVv2UygUnV4d8ZMAAtCRbXLeTTeWMVZL32fvhvoL -
6oPfS6rRTBgDDv6nDo9RfZvYB95xEN1dZpP2aqRowzFH -
7w5kVEcoUwbpLeAS7kN34bUGbkgkCW7tKR2QMWG1QUtF -
5SRFtwzbyQTk3uA5U8ZWVE8NQrZi3AEAtoCEN9TfMept -
CqUErBtj7sTJSpNs7tawtnGTK5dc99nK4NzULnHpyiRk -
6Na8zbKEdiJGEwyBKaMcYEHgpwQLcnKHDudEhH88ZTnq -
CELH5HQ9QaFkSzzYh7xAKXcKdV5zKBDdZwZSVB8YcNnu -
FBXBPWhsZ2TTuMg9iY44XXH2Rpx72jqpWjxHEzBUjMcS -
ESVEBmDFcKMZiYcu7aQQzF5Stod3JjeMfK7XogBSCSE2 -
4qL275T4gm136FoEUiMWg4zxMGATyc2QKosLhcqgCrRY -
73xqqpp5zmCh7owVyZtXUukc9sSQnfB9owHsKXeNLYHj -
6NSte6RHBtAoiwgagJ5tBYHECHBK8cbtEQy1cvW7VdCQ -
DANxrbqo71vYm3ztXTbeFVkGHEPW6LbAMpZSjc4gVTpN -
6SJSbXESPunQN4eWkFHSVHBHvySf3KDRbvhanfmZRAL3 -
AEBhhA1Haek3KfSGmz5RXYeCYHiDhvfKysyNCsZw2k9W -
5nKmddk3Ff8tNMwGtX5VswsUDK7jTxfUJakCiADVX25a -
6GbLD38xRTfjho6Bc1CaSeT26B4mTjZx9dGuoUvLcXa8 -
3vS3fEjh6TjyC874n7ps9gnXduLfavs8owD5T36uV24e -
64muWGcuZAbYWrbPRAEv18kEebbgmg1vyE6H4acZzN1x -
6g8U1uGSh9n3CK25m6r4TLt7ewErL41CBPayhaoB418K -
GXDNrG6Y7z1QKLAVKxU2RM1ucphQcdxynQNNyfKjhFs1 -
T86YwWuz3iuzny9SqkVKzgci7MSde8srY25x6AVM6h8 -
A9URahBewcHrjPSbPZVBJd2SG6kJ5yF9j8CwVMt8ZPTA -
7VHUuyvE2sbVsuscBKqH3fzVpew1uLFZWCA2VaD9cbbu -
D6MRHvewEdw3zK54KMfkLk6mcfsAhDTXTJjXi6JAJ7Eu -
6yJQyNTHnY4MQRF5u3A4yN2tXf8HTZAgkEmwBgRCP5dB -
2sFbF337iVFbSo1WJ1KtVkDa4TTZpjLj2FT6RVeYH7QC -
KcdmFexJEpXg9vtaRgM4PubUuN2bafB8geRzgmeDnmb -
4izj5NdrVNFrgKEDP4SxojzCy9gHNZhAmnXNXYeM1U5Q -
4aHputBxJpQDWWsZu7cgG8o3LaCjy2TFSyY1TgVL2jKF -
DF8qdVCd6me84njQv3uW6VjHhE8MnoSN3MDM8ZKhcTVP -
3miy3Ttp2KKiY1qE24qwHRvyyx1SdbGU1yADePVGR8gP -
6xrMFLQvniUM5nnkKk1MmYQ3oEQBPJYYco6tNwgEa6GZ -
DAmQ1HWZ9VDedNnzP6LsrsyaUUgozWeAtgFBQ85Pb4m7 -
3TS6VdbmLrjFaPuXcvKwYAPgDwDYMwiPbXtbBae7mpZz -
BpAJgfFfBD3vDkgHXpoTF6uhhhwJRrKY8ntoagPqdxQw -
GS6x7m878JbQNSqZhcTRExAtaHgzk6ELsA8LSWxrnRqr -
4WkCM2BHJGQuRugGa1NhPJmzLqesrBrcicFs1UhieJYs -
ESfoXW3Pi1nfYMAqRMKQ88iBLbV7SSq9XGLSipRC4Gw2 -
Bf2TUgjxsGmskbSS6rQt7XNS7f3Az5S7U83otuBj9cGE -
7b7ssGJFvpqGjMMmR2RkWe9dm6NhYTLe4htJLvtePVL -
B5s3hbrxN5ejxsxansnj4RkzrxzxA8r12RhwefX8kQ4B -
2PCKDJgUuQc1DTXNtg51oUfcvL4oBGzaoq1frcr7gndm -
Cozhj3rVamLL4CPoaCBf4txo8cqVLJ6Miw3X7wRtEf4G -
3zY5qeEupDNETtn3dC5YADht1HGSrpb716Jc519fMWKM -
JsXdsuQhCqfcRQBmJVMuZMEX8pEvm2j9nDWNJ2PkfEc -
FM4kN4bUvwZwnyGoRq9nF3DAaVRUj7JbXTrPKVvarXcr -
wpNrao4gctKLS7XPXqmzHurPZr8jkAacudHktAfxaJb -
43FtpmXq97MApntm9aeKdY7BgZKqGzEBDv7fcumndMm5 -
GXPHvojmBD5DWnEAmg2ZdqK5rvxQMsewWBuEQKRP8hBc -
3VAER8af5pgUdyEfps3Vf9Y3AaFRSE5nfG7NSFgaPHNk -
5ad55RwHTfGqJ38a7SZuPE7j4FzSjAgEfC7UyVST9mqk -
BsFzu7cpnvHhzgVYBQyDhk5hmPnn9Xx451CMqTe32PAX -
GF7ynKsRiJSY3fjQSmUhMqdnjKgaqHNqcCWNMkSvDaPj -
89wXHf6UA1GR3nKaLfWFCtb8nZb56sxMYLrJiaYtVRar -
DEy4eqtRi44gnTv2Qc9rkrTuJzqH281AujmUhBsU7Ymr -
ChKjzjzC44LHSWmvarDcJoD3jbyitF74A7XHWtG57EFn -
8CQKaKN6ja7eZHEmUF46h4mdkqPxTXBx39ZjYPyRwoDn -
E6MQDsLco5GbnwFS7jrrrpYXKY7GerGyNzgMMEVGbWDp -
7XE1wGoH4fHj7xz9UCHfDoxGE8KrBnq1EYgRRPdXqLdw -
RftxokN8pdGXLriXjPvFopjC7h88zqWMGHwWhYpiA8s -
3A4FLXBTAG3EHMn7qHbqhGaEo6aEJKEYDx6kGNZKBYb9 -
9pzQotWVScUg4d12gURPGzWeGqgy7SVbuk2EQ3TMeF74 -
Br5o83NP8aEGR6Yu32wjPkjjJtxvXMpvRpHdGvqkJ7Ef -
GQZoQ3DA5GC1UAXkd18h6pWhTfbjmmyfRHGgpAvEi6Yt -
GF4Vzb3Ez48XaQZy5fVUEhsjwrSXnioFJj2US1dQKXim -
GojP2c51qNcsRT6me7x3DPztGe24L8jxdCaDfJbdJpPQ -
E88fwLW5qwAMQ4dG1Sdpm9HAVc2NKfv7yfwkK9Ne4RhJ -
4rLRWMgu6MhHkQXAkrdgriYrVNVdYpH3FWZmMbvaHgWT -
EDh7cXDyYVwHawd6MKudDGVumWvaMAtCzeXquFY7YAAt -
Awhy2A47RQpwjw2WzpLckrH9hHWTSQu1ivVcEb3uMFAg -
DYkafHUxYgow87Nv1hGvY31j49UxZpUQbm9RC4fAcgSu -
4MekA7hjmcS1Z84bAuEpyPN4dvzXmnZqe2P5XhsXtKJ5 -
DDD5bDro7LEXMdgAdGKSeHX9D3KjDHFT4fYTgo4Z5ctT -
AgLHVNJ47rY2jLcW6eNLRC4VsEbLn6NKrUUtSx7JKxpw -
BhRnY8gWKFLCoZqGRgds9RPidz4zaf28GSTxKacE8ZuP -
FLPV6UdsyVwoXXskdCd9Ema9hdP8JbzyvEVR7bucU3m1 -
9HcKwRqCp7MSyyT9uCrVLjwKPRXMs4gyccEqJh9P5jsd -
CDegn4LH578SdrYvsnn87Bb7MVmn7sH4cJH3oAQK2Q2E -
Garad1VUdpDiEissfQ7txV8uNvhG6c2uHoYNTyAyvXS4 -
9KCQcNVSy2YzjEFvxdMU95XuQQxf1sR4bovVMFWSew4X -
52o4xsp7wPmh3gG6SWSfdP6zm6ZmqX9XoHRTv4jdbHpo -
H6TxCsC4P3McBrPyZNvTti7RUhdTJhANEmVhqWcXA6dd -
9TDBoWctdXqKkRtbfjWaSAtLCYUHBea5pmnAVpPMeVst -
9uxnT92uxtkRdotjPc74K9LoA58bKGRtefHsnn5XsNDq -
BopotrnPVFy5pW2FYj4ZC1JmdgwrQDoZwrfPTF137fNu -
9C1WsTMYAQhCkhiF99Ws3CQD3BU6LwFi1x6coqPVf4Nk -
Byat8RNxWyETxncVrefy8mut4YMLHhQqFtvAYcEZkUHy -
JBhFtJfjAUsmmxc6UD7bK8bZEHUHHbDSffNioNTKSQ6E -
BoYz2U57iLAgQxnEwGBsFZrBnwesh7VT2LmDmy1USJDM -
9iXGHxRGK8QJ5jnTKufZr11x9yUVJJR5vuygBNH3muAq -
EZTvhmo4hDXSg82eK3DJxjdp5N7tcXGivxsBkLtpLJHW -
2TvgPVEe95rAuW8EyBJJ1DGG1vw6QxoApQ4qkRxrzXEx -
D2rzJrmSBEDb3GngFobJikkENqL35vL2fraCVEsGRVDe -
6fecU7oW7Hnxz3HMWrBdsGXyZ3ZnQA94Sy1YfYfyFXpr -
5VV7f167Se1KJtUi6vJB8nh1CqPMu6FHvufDTk5fMmEA -
7jsDDxVrqETTXowchEjs7JRmtuWTjXyck2fxUDBCaas2 -
Aswm1EvuKg8dadMsR4xQdCMjxfZtdsYeLAGXtf9BHVtx -
Gxv7s85NWTyr9LtXYX24XBGPsqk98R13h8cQqx9QY7dg -
DYwW1rsuMMetVenhZZ5y36mt8tAKPfjA1RtEeJ2ZCA2r -
66e6y2wtmEPjXbdQwfBmN5D6g3UdvEAixH2k7paGPSxv -
BAw555rUCwsDNZD8hyqsNARaRKTvocYQGTRnHJZ7618 -
HNLQW4g8sEVQQRb8dpEQDpY8fR2oxm6tnxpptPTVxqEm -
gmDWXxERCNDG6rQNSkCTQbpxsL2tjv6mmyQhsUukasg -
At3oCN5StsrYygznDkYNDGw3NRDhhXgesmnQMD3Cn9Mi -
EXwcJgjtgo21NG7xhNc6E6ydiAyYr7E5493tftkGbaPU -
2Xq3Ceqadhv9RAyw82dfWHdiUTE2MQMymqBZ3eiJaPFP -
3d4f8utrXYxND7a5pQxHh83SPbqF2UpYdxBQM4qrj7Hr -
AAJWcutz67tRx3UhtzsBL4kCmkarkEcew6Fdj8KBZ7To -
EJ9pSpvQ2GeNXxc1wjtEoDH61Bkdd9wAAordTD8Pq3yF -
AFibe3Vcy7JEQ1n1nkMEsDbRZpqWcLm8bEY4KPKzcdpV -
8xcdQrAxntzWAwrxyfWrCRjPjZk2fLt6PTuhi7MrxGCM -
GdEJJmXCq5zdkwHSGyCnCfZA71N2vCoKiyAtRUDV6bph -
4ciB3LLSHbNQV6YRucVdGCabK5WZMbZbQPRt9qLLX3Cj -
8tHeARbs6RhdqcqjNpRCti2B2QsJt4vzc41ZweMv2up2 -
5pre8WoZzKrt7bKq5rJ7qTcj1SbQBvroCSz1UgLtLDvd -
DAKS6bpGP85weWxEudTro2hcqMMEaNre3BnpsJeLcQd5 -
9Ny8L5dbs4TuTCrPEZhwGkkvkYuraECb2r389KqEdxHA -
46wVdzjvVGC3hGkk4Euxd7GHmJtn1X2rEVWyzfLqFbTF -
CvXYpqaC2VgWbQQhmMAgJASFprEaondV4vvTc4cTpxSP -
3Sg8jdm5gafHqxdjsSeg8ksvevo9ZZoTHB2C92LXYJ53 -
H2Bamo4rQc8HdYPWYtZkP4d3MW8wWj15YqXMQMSxTbYG -
9UUqb9EhFgrpbN3RxT5SYYQ6PuhVkYg6t5ESgLDjm3oj -
8ca3GFaAUUWLAJojpdM6fKJcko77F9onsCHYBVHZLGvz -
7HP1fMj9xJvjLPTvvGaseePh1xU7cPgaaksQLMAqgrUa -
KRTTS3kCWWNaK2kNZZaafYcvrjvJuRGLUhdTGduWz1j -
CSeNEAP2e3yhzhKXqpFaGhxLmYsEGrdYQDVzpqwmRjoA -
9pAQTReAyqefSHvqTakDy8LEBXbrJTv7h9R1peD32KTN -
45YUJX344hSjSxG45duu9zC15JhckQeoz418Hk2UvrrU -
Gts8gsjyGtX5S3Z6zmvK8KvWCeAQW7yGy5AJkNKvmDRh -
146nDCMuGJXYCUntn5SyKXtDjDJtxChAyPnn5JncbJcS -
7rcFk8vuFqLy4p3MyP4xsi3Pm62ARmySy3e5jfmavaQo -
CBJSMwa2fW83YYRzNn5MNTjqBGEm7Y6zND9kAwi5Q4xb -
6ukWd6iWd3zMftv7qdC4fAq1tbJTeVRxK3fjHFC27PwB -
G3NEhSxULQTZW2VnpxrejwwuHUQjonogBkVhFAZdMrKp -
GQgf5yDchwQ9ZsEeSK6T2KEdn4bVadacYWMbvMoChgH8 -
8FniyHXZwZj69s8mDx6M25f3N3Q9BatsuQWk7w6Pu65e -
H8ChCJD6zMnQHpQteDGFxfpUMGquUKuonrQLpCjgvccU -
8jjHdKxJo9CD8Bgg4cZT6RrpQvLZwFbpBaiz7SPUnU7m -
HtNH6dqs2mGvZBVt2R1L5DUijp2LtucWtcLN9yXaV1WL -
E8d6Zze8zDdaeRnAEuW4cTBvJML9erBD36rTq62USGHX -
D7UtW2Zd7nc7wbMxZ9FieTcPBGCH7shZ78shQYtceuXT -
3EugiYMZSXZxpEHXrsmKDXH83M7VvkwishChDvnmnLtE -
7Nba61cxJKeuBdgiMZsMs8ewKUBUd7BziNdpmNXXRivW -
HyUqy3qqG5XLnrQZit1wTXpB1FbGUeWQVxXpQ7wytUMZ -
9b4jzRVs8jbcPCy1PfGbBTLGyrJ73VrZXCMEHmevMNr4 -
6PgPThncpgSQ1y2FoDN8gFZ6Voh7cyYVJb84k1JxH8vA -
8toAHSR9g5Tu6Xhd39jxY5o4fqwhATkM64xFnKyrWJrv -
G5D26evGUYERL6ncTs7k2z8M4PxrwN3AszHdQV4R1ov5 -
2HyE8QvwtW8cBLDzQuK6NTzTH2Tr3VDUN3UYVNu6rMGt -
CTTtQBaUwmSjEjDYLEyytagY585etQPB1KEv5S5HXYsM -
5njCgLy3c8xwArGcwEUg3irAdfAPvo93tCjGZPPof52A -
EysoSSxKDVudCpKoestmpe65jJMVCpoG7RrHPuH2RGcu -
2p1ytvj3HirX7vSqbQmvumsxJSPBVkxSPYGHEVzw69ut -
93voiax6sQSJh7r21Hh68m6bunEQZrYs6AkNb1AreF4y -
HiBSfgo5ztkh8dTLUgZALsBeq9UvTVXDCfMAerHiiKC6 -
7Gze2FAw9TuCMQLzqadKRLY36eWJY5QftgJU4hgcQY8B -
GyTFK229mLE8utReHzATobN3JeJYrTBSG4eJiYJLnw8Y -
5ZVcs9aNYWGmELf8ADxoJfiNRFCa5seE8rbwbrvQ9uuE -
6M8Mgctm5p6sLxZpvdz1WTytA27oYgshhx8acdyqwWj1 -
9L8x6KdTfMGLVGGMVdvhqRESK5HKbGVUeFQ3TsCiqRnH -
fyPoyCzVfq7gbYuEj3UiGAvauHRFxbTzn2KkXtCz5X3 -
4NX7Fk67r1ash5UAwF3brerx192CVFLKXtUH3FWrvZsW -
6EyrW35n1pZaAakeQRzVPx6VsnDYaryz328sLebj6FvP -
EwJM7PwcPdNJKaNgCiA5LD8D958M6fsNHKE21zoGWUqz -
BQB8MxhcFDNT8nH2jHavpqCRX6pfM5jkokZKJ9Vv872h -
5WhcnxmQ2HzKH2jKwd3AxKbroyrrYwC8PmyHNFq5NpE6 -
AsC5m5nxwijp6BvuyTDMFoL4B2BeNpLFj6ZnJMRU4hks -
94zNqVtuCtHjPNBsRF46D5XZ12RHdhzDxjDeyvNRf9tU -
39thxy3jVXGEcBcmLr6SFoAY5DgS7iXdR5Aj82rkbFr6 -
Ew2isou9s5Rob7yrr1mUATcqWMTMH75cUcSBz9BiUqxZ -
EvmxJq6QiphFpbv7ZyKxybPtBcYAkkBw19pCyqFPvuLe -
AHdPK5mTcqdr2vHhAuKf3jckMsg6BGtgGmaaxxGGmaFg -
7UdaxCzkAWi61V6oFAHchjCtSDFV4okZuXsNpzpfnBTn -
5UAxaNwmucDvxDaYhQUKetetGpMLNZkT5fPyjp1ZWYJS -
4UmgQCC1Qrry7SCpwhWXCfqinnvhU6rJh7SvHgqBqLoC -
Cb8oUyo6GnJgYPkUqPY2WoggKL2A4nndLixm8bQeD7Zc -
98DtKWZAC7teKX6sHy99WJae7nWrj9FXnSoCuydh3Y5E -
3pDs9LSrJKnY14ot5uXru2sBi29DYjX53cAUTmZobAaj -
CMPpFMiH8riknbmL66hpPSSy1nwQnaC54Nyjd5c43zyD -
8299faw9UAeb3255e8H4gRdkAtZtuMBoeuc38eqf6SjZ -
HJhpaZmux3KsM5YLFVtgoFiYu1HHvfFo6CnMVvKUsBPZ -
9Cjn2juELu7pC5Nh8UBEMXKBFKJwQ6MaiedAVTTdAqCp -
GbxPXqodDAXjgh5wn8EsZxytT1GFaUHPB7BdkubnaDa2 -
AYzWfBZT71dkF49o7Qc5HCT22AeusJhzcvJ3emYkpzce -
5xSEWhVdgdZAb7NTueTRZbuJ6n3DP1ZvjFjz9NU1hyua -
CRTyxp4HWpGjEkj3CPNecmoXcHG1qH84H8zb8MmUFD2i -
5HERitEw3wUvB344q8rJGe73dwTaRJrqJ3vADW5Dfrq1 -
H23CQ1gQj7pGxiF6haM9sntsTES1kAnpBe76gt58UZ43 -
7Pgxnss3hQsVhoVWTdkQnvTMcp5RPoo4z6ks6oTdvaro -
8GLNbwDKiEDN3dVRWXFhpVSB9rYZ82jhbVo6bSPvgHVy -
H5n8w7rD5rAyaGaYTFjgzphS7t4fq1jvBKedK1uqRfPw -
J9pPmqTNfT8euDteYVdDUoddmZoRDFKRUd973NrRLbgj -
EVkSoomjYLhAjgAkA9RHkRFrd7rYhjpYjC9UwdyerrSt -
89NJ7cv4WYnuuu1QUUajUXCsiF7BKfYbF7XCXiyJcwq7 -
6Bmg6DJjYbcefMnrodMpGDgGL6sBuMGLE5xyVJzgQyeP -
4qSP4LsPDCry47NEN1AS23HkGnNYWun8Mg4mnfiBMin9 -
8UQSP5HmZ1TEJHbPF8Nn2Bsp97d6Zne9DQ2Ek5CBedhK -
DK8ZDvmZJh3L3fXcgu1YWN5zBtATiVewgkBuG13iuwbW -
DTtuNLWSW4S8sSZaAtxtutpFiaqQ8hGDt5V1qroTmG6i -
DNm3L9v9voL9ktAZf9xeiBgiiTxd1xXA35SPy4SQcgfB -
AGkHqaXwkRvjmjep3DH1qyj9x7HVMjw5wsf1KygNGMQR -
EQhtUqKbANf3SceeF8BKCb9fnHAEUmxyTCc6PLY4LGtu -
9s86RyLMN76ZE3vqppXb4cQxQMYt9oqEer4HnRRUek1x -
6curYzRHoADhEyBCFHyAxdLPP6eEuN9ryEupSv9GxsLd -
GNC75MhCBeZUBCLwAhydWiKQMeym4YCtQNZgJV14Kfm5 -
EwfusaviWAY17TQRM47hrMYqAaXU7Sw4K3GuX7P2ApMt -
7kDzsLtn63mr2UNmZfLWdfvw67PKVJNALsgv4FTTa1X6 -
9tL7udUfsvqRvThFs9VWsutDWvU3RKkLgMBzQ9aeL163 -
Fw3DysAEfN65VVcztd5vXSYQJ1exaeNFJh83AfgEgemx -
FY494q6gh66fXnL2SqE5RE7AwZXb1K3ESi2LG4KEyaQd -
4iqderQLYKtBhbNA3UJzCCQwSQNqsenEafYfrHmm7CgJ -
9XhtPEYX2MNTmY2oQZC1piQNLZEdG6GNkg1jL33fw3Vu -
2kcS6w727ta4ujfKvNcysMZQwnmSeXY96tzF8eq7f1wz -
5bS3E6cUvEDdXQHdNic7twGgGvo4TGxPmLMjzm2mVhm8 -
FEaJRE4FiuitCeiEEjEAYt7E6m2eQvnB4ZBysfNWkv4o -
8L9CyzpTrAjuBPRuAwKPDnqTujJKYpV8bEKNrW8pZuP2 -
12fjmdhAFp1DNti5b4kFi2DscMdFFsf4E7WaykssCcWD -
5wqdjgu99rdZX6XT5ozBsEQdMyb9hWgQ5xbM5sU4nghW -
J6feB6xSs5JxSwiJ1np7dk86iAisgooBP7eNq4ouxbf1 -
HGqmtbySCW1Y8zPs7G4zqz77i7zRt9jymWQKBpLKPD9o -
d71e74w9XT7VmnHnwz3pKB8JdeVoEREPY1qJhpqXgXF -
At2aDVHgp4hp7LL6iks4FYyKEaxQJMmhtxGwnitcvwhu -
A9zFh7QP99NrxFssuKn9uARfSbifMuhe9Fh7pubAMEhg -
7sEkYj2UJ9vGgAZxWzVTPNsTpgUPKSUTzdVH2WPL9o3X -
586oqAnVtf421unjxGNUQButAQC1pyirx4TibzWqg3uA -
5E2EhRDBr35c9BcZRE1o4mD4GNoW2zZwFNSpJWZfjWKg -
7TnenaB6xZLTFUFGp8S5YZwMWwPsrbi2iUiYkBAvF27L -
FMtT9YHSCC6YBJJcZxBXtztYz2AxsL5hAsHgLazucBNs -
86ptNhXZzmEajVrsTZFM39pQVVr8rqE4vwZHdw7czVSk -
8P1G3dZXHsBG8QCnZoxzsNTGFi1sqMWt8T8QBqgSG3jD -
GLmjK1VBNoLUfJDWSvtf72gXoLgMqGnRABv1QjzkHK69 -
AoSMBG8CoxZPUCtuwF4MtAs1xkCHRA3pJT79mJtnadV -
KZHgTLTsVcV1UwhAuJiWxckf2mfgCPXKqDUYMveWhoS -
8ctAKqbJwvPQ8HWBNUM7ay9j8Nbb7KgCHkGDA7Nf6m8B -
GrmaUzkacqcyQ4qwPXWfKPdxqg7aomWeTZviiTVaW6Tz -
3nvGreSGjshx5vW9HoJuj8eBidiTNNVXeYBrygEPG65X -
iEoFy8wB4qtwuxUXwAWcgcJG73fHzf7mbCspRRkhHB5 -
JDpi1pVDSArKAfBY2dw56K7u5PeiH8Q5K6bkEnfKwna3 -
4UNPpg658rZ7EJ9nGEAWC7JcrQRCPYkeHYm9eXFKs7ib -
4stn6w41DfcqqsJyCgap7TvXEHb6M68SVBCNfwbdL6om -
47zfD6zVueLyCiwGbHoz3UT7oBMAS5JGvforxsH1inwh -
BSU4xaoWZhK6rhhByLu2AMbkhmPoJLNcV4smv4J9s1Nf -
827vjnCH6HqZit41CEEhvCkHuLNGfC1k3BckA2nxKSdn -
Fv3pgXaHi7LdvKrGTBED7SGFgmmYHjv7gNrrXND2jngA -
GYa148Jj5w7drviVZJjao1vi54LeLNRmJ1cAvGneFFHU -
APfyHWCbRRBqCS76PiRkPzggsidKVVhpzed6wTpo9qan -
Et4dFKUHoayHf32wNHazUDxgn8ry6GBYq3v7MSPPEfTw -
8TMZD7CvhQgRSUvXeFGc2dLcmkhsBteUAmSDwHjAWR1P -
EszupuQP46LKatJoGxFn5fjchuehdjsnYR5pMVa5jnyN -
CjLw7XeJj2S4cVcz5RZhTVYEZzcdzyyX9VASmNjbVm7u -
H95mJrUkynceEfCfLYkkbJN6xTDoeukugunkMcQNzCXi -
Dv2ob8u95vjS2gpGLPSepwnioWPNLLSFCP4ZoaJi6MPr -
5SY39ZFGzBChzCVYmdKiz62zVraverZ1iDqXvAtRx1ws -
HG1HfvCf4e7pmdQgQSzHYKBuZxVrDC1isxeiF8wJEk7q -
7rH3HDPMQ2zToEAstABXeUL2BANCqXh5koCTHKB4WXVt -
CtTWWrthFUMYFwcjtaynY4zcwCeDXHC4kqhAbTbpBXjm -
4Jr268kzuPfN9KF4WyU7dMNdizKGGySam8mqhx65cCK2 -
HzEF9EXSn9ezeFMKJSd2psW4wiF4pZvRDHzh3GKh1J3 -
12BmUUzWVXaErbUPSU39ZM578aAbvzJvPPyTDAotgKUr -
HdVXjU2y9j65TfLtnjV5m1qFVTJ6WWFMxn9BizKZ4Jxr -
9yrWLjCSWK1SYqAuWeo8Chcy4qPUAbdexo5og6xw5nQS -
93pLh1Z4zPNjqnWDUW6rL79HShG9Z5TNTK3NuxnyQny9 -
EWXAXZTekhMjxsp4s2Kxhk3am5C6AcoGikC6XVbVRPcK -
Gj4vSWALkywvaVxXu62jRDUPNBHkFTxYw8PuNjNQZnYc -
FZ1ejgzK5wwL3EQ7v4oFxAwNivEnrWLdDe6xCsX2FTqf -
ALDZjLvyqgvZ5GdmRf2x32gdTYr5BrdVACZBBMvY2s1S -
79Cdx4K1uERcvtDE7DpnDvTc7YXsXFgSXzAMeRj1PzVT -
5n7xbkEY5cwf3KCkpqLUUCb9wEHcfbuQcczUZviXxJLX -
7VyHQGBD94K894FuVRMw6ts2oFixrPeGbf3hmXEVyfVr -
DYyBySarfLg4Bg5SWAxq5qU4HTPGbD8BTiGfKqV2SYtT -
DwFvqzq7EKrDZhbKKdfU9AGUGDZKKpv5i15BpBMXs5Fz -
6dp3wYm6Dw9HEskivJFnJcC7R2drJo7PaHyfk3RkP5Au -
5M4zRhKxEHvR3pBVD6kKHdhRoJfTaJqQbGCqPmzGFfjZ -
2mWD7sRVkwj67dwcDndeWEbM1ytE5hBseuzbtNGr8Zhx -
9Lw4FqfSdJyfd1y3XFxDpGAKDd9Q6NjBRSdcatac21D7 -
DrpHF432bip7xvC2q1erHmW9SYLV2aP9JntXN8zUFGLn -
2nXgLAcHagtCmu3jq4d6SaQzodcmh79bFeULzqHgwZH3 -
GqEA7VtaKo69Xywnm4nfLQtC8ED5ofqhPKWcRCDQvWjZ -
HpWw5JXkF6vRRWGnA3cciLMiiR9eXw3AqHMYwGVFtjoh -
Gt89ijUxucMQbbCUwu2yWATNvrqjRppvewRWUKjvwPBy -
9BzAuay6vimLjMYAVJBxn4bU4Zj9UTbGNKL6sEvtZou4 -
3ho8nn2dPkCGFP3LQPEtEJyt6YKa6WdD7PUdRczZ3Z3a -
HdZkg9N1Fv8Zeynaaye5hdDoV97gjfXK7mfAnk1Qx2rj -
3ned5iAFFeCuKh24ZRgVYHtJ2qvrbdwvKfTUxBj3eXfD -
EbxLJeZerrFhAHT4UeQRU5uUzGYBgZM5fB7GyFnne8qm -
77y1Auk6QfeouoCoKt9ZyPURdCTpguSQXH7RBUqnRf8X -
848vbJv3tTM4niSXmS5EnrHnqhfqMzG5K17YEuQL4tEw -
EfMkeMb3kt7nAsHF7o1BmHGQfowgBYTXcwSWKL9b9PMu -
MKPp51bRDfcW9jUfdbKYeJvLC3bsszENgPaGkbqvCSS -
EpuURhLfuWa96Md4Myq5ezpnUATjhyt6vXkr3TLecuaQ -
6ztofh21JY5ndxiXUnZi8vfPwk2GsdtYq3PthMY5ZUqQ -
4Pmfe2AiNfw5D84RsK61Q7MypJTNyofC5BSGfBN4FMYJ -
GvWZEyRbkfc12VZTLqFA8q1XHp5GAo88LADEH6mD2deN -
GbGKNodQ4TWcPxpmvJKogRZJKXjP7yJRPHrN6Z3qu8vz -
BLvwLvY2vYY8F9CWsX4ps45scKVAwcw9xS9pf89gtarh -
HzpUgjEtKmX7t62MDCrzHzQs3Hv3rz8JHHH3oeXWieyK -
LiYbcDrZKZQGRSqHP9HN2quSRvKJn46tfPEWquLy5cu -
84r2i4a8pLzqpckxcKXbUupuz6HC7nxb1TmazZYyPYz8 -
6w8DLpHjVrBQEQkauPwHWQcbPNJj6K8XZQHRi46En73B -
6iKkQHZuZAUsuHwVguevLhvcq25tk9DnEUAtEegqL3tz -
BVZUM2bKHeaSBFWeHn1Gwf4Hsiq2ykRZ6nQn3qBsSsxU -
7wCBE58xQHchHYRGi9CzSvfF2WPEwjfQszC4xyYFiTt8 -
5STfy7gnjKo4n2BnYFfFcqJHH5JCSWMRbw8UESw5ZFRs -
AxJdKWjMwBruKjdqQvUhDReBvkPAuYJQ5uJt1h3okZj4 -
4F57VqjdhDHKHf9MENtxEFRF6eahMT77Zu96KkaaS2o3 -
DJhnjP77KN6scXggpQkUGpL8KGae7TwPgZdJk9xNASEk -
CF3wZhNFkRoV6FgYZFrwtcu9oDGjnUShvctCLqXtvYaL -
61TaVBjHjs3cqJ6D7SXJ96BtqF1iCX6KnThJpL5hwRmf -
G23xM5gcGP1d1dxXVnspi2UBsdjVu2vqLYYqqEQHtb7W -
Ce8yAvFGAGToTrakHhXnk5iWZixhUoMn5Dx3vGHBhjQH -
6ZjFYoPBSNeZrAfce9ryznbAsZJ4gQABLpcufLN2qcZY -
GxqAJUxUnTvKSrHQK3tEqhzm1673FLEr6tfyu2GTU5eE -
5vH58ycU8fjLmqJAMLjhHqZ5Xoc6MHmKev2Gunm99qWq -
29H5k8ewRwCtHBmo3V4aBcCgjBCANCqN2Mru67dtjopA -
FMzFkTk6f41WAjzeXGCwLkiBKd15drHNYgGCUbMTCf9w -
8bdPJzVL1NEv9Tz51exqD6yuJHsAgCeZSFhrz1mMTQZC -
DNFJPNYxScJjiyw4YnRwyzMEa798HWmh6xz99sgYwfv3 -
4Y5owaph9fFQNvg9waRq5hA5cwouT9XVrE9Vdr13mwmi -
741W7NhN1RhM9THpuDraQ6DwUMn4pHabxVQjx7SuWB95 -
37eQhQJTohrNWcTyP4NsyMzLdoLQKwXa9hwrLFTciaVY -
4cAwqRANGMWK5YsRU4U2uYzN3M72zTFAxKnGm9LFXUYF -
HwT8MLNi3xGMk96j64PbBvrLqDxBdaemfPkLxpfu5wTY -
oi7P1c1jd6A2SyL4vNAzv9CEaZEFNCakR7yFf9rfEu8 -
FdygUMh8vDn2SqFHjWf1hT7vzLWPsceQz1UTP7dCddzG -
71a1Txbp2GR5UmGsHXcnfbLgarNfpxU1bC8X5C77ojok -
Hpdo1PKFhVF94t645ZyQ1mn985k86z8yfCQLZ1GUkVj7 -
5zAKUsWj3XRmNp4ohtpq5ceqrFuJFyXdA8pvSBTtiFW9 -
D1jEcX6mLJbJFhvfYp5BkS3B6RtQLss8aTWzh12a98JH -
Gjx3g8JG45nrG7tZmTYNaSqX9jgwKNYL1Rsz7nc5k5Fx -
GZXLi4K3uEGo9mhrSPEVFKQKtknSfh2tocTyHBarX28U -
8rXQDtVU7q7mJfwvnBtprUmP5yAih38m64SrWSLcc6GU -
H3Act4GX4xR5TXqHGNN7KBFthdc3d4mqQzgfgb8QBPoL -
7fAFo1Qtip7hpcJ5FpjfaJr8vaddro6SAY1d8smEmoD7 -
7vTUkjPqqrJiXukLxTvFo75Qtng1HyrbkWqfgTr2bEfW -
CamJMgbuCwYCibc13SZM8QU4bgfF8wKQPSz387JeonqQ -
2o298mRJARLNMvcjSPQwmtairRSPU7eFJ1Rjss3cCJRh -
2rAHri6GaRXPvExdVSx2KrPxtXgL5QdEBdBENTN58FwT -
6tDuy77jWiRaP9rb6cPRk9mMZAdfj8hJRLDLhssAHf2G -
3CMAjj1L696hbHEe4CkM1F28pRgsrvYdLXVMP3iQKfey -
AnRxFV1zhoC5wMaDRWYPKxDfQhemBqPsrkBV5BqjucTr -
5YcZog5J45bsWtWNwXBuNBEvQ1syopYe3iSTgsaXNV7j -
4q1QitTzUs5ndPM4pAbeRYamBUaTx9QugvYEu5xPnCqE -
Bu12zMZ6rAsdVCcYj1zxCw7KzYNrBiJig6TdCZuipxBp -
Hccx6hXwxBuXL7gHEjZMjcaF585TvwTN3xLi2UPfmFZa -
4QmBdANJ2EBFKgw9XntWpMTQK1XC3qybotGn4FjfK3HK -
6EWeveNVxBd74vaZAg97fKRZLzBytEjxw7wbVtPnZS6m -
AJef4w7jwwu55FUV9KMNwKdUvG7vPrLiDVWcof1WKgci -
61Z44uXLENZZUEYY3D2urGGK7vErJCQgKnJXDPtciRr4 -
EjrC5oe3twWh9mranJ7CW1fMufusAUDXL5E9ryMuPRUx -
6ZJyyyKjR8wMPwPFdhvx9QEXajr3jkkwaT1bkA4tC9at -
6L1eEG3iPDsZpmg7cQJB9w8q9874y38UQ5P1FtdoeH2T -
8vyAcxpT9VHdp4midy4umbZTRyvtW4dVMNZcSLoJDh4s -
38JtgF3A2X4MKjfyx4xADzqgbcMdAEQuieWdw8VfoT2U -
A6ZmmLpbFzHdeESH1B4vASzDYb7M8g3dVeiG2z2ZGWEa -
2De6mYcJkwawtAvdCvJt9zkYUhYc9dXPr1VBTzyqE62s -
4n6QazJCJ7aujWyVqDSYry8TjUwqmVy1cbish3cq5X4f -
EiVxti9VRQwp6LxYgPhsT5ajVsfMHPcfVGFYj9jpL4EL -
Hiv3Kg6VS3EnsYAs6sN9x35tqzUoGcxfLvBzwzFiwZCy -
6jYnUMC47AVKwtSEhf3nKiD4WpDHBguAJEGG4D9v99Bw -
3FZmCdDHNJJC9fDWBwkMvgf12JQc4Rexai1pCnsSr593 -
4kUCUHMi3vig4VJiJRWU8HUJLux7tgGb31E9s98Fp71Z -
w6yRz1HWEr2cx1HmP8UQgF82gWPjzHUTKjXr1RuHEJd -
ArfVwauPYsr6FaTxS718ABedzPQiWzotLau6bF4ewgSi -
7hhVz68LzYhyZUhjJz5rY5CiKRf4WXJd7om5QLJyL2E6 -
DPnnHCATgftoRvRPiBjXqJHmbp2eHgt6D1ZSyacMySSh -
CGsCwkqqnN23vBYBGRaCBdU9JQh7MRQe2UodCt8yjYDa -
GXujYsJAhUVnK4mCg3JWscNzV8452q4PUKFsot6razQY -
HyHyNoPbrKw1r2qbc5ibWEirJN8uGmyeWz88ruYQexf3 -
2abpqtqeCbx6jmw694SmZnZ2x7JyiSuWDzp42QUzbjks -
4Nc5cdhxyjyjcFnxagCK7ddvJWJAU8UwnFHWM4FdnncR -
BNMMQp5xvWp7n2W4a8KSDXwtUTm5YM1oqfhvXvGUPBwX -
2vGKfeNpTqWW1e9eqpNHwa5rE7CGeNJCnn9GGGVYyouo -
5qtDVpk74hrj3XZC91e8JoSx3hETE8m4JiywztLTUnLX -
5R5E9bEiVJNfvXzcwsPLoaK2gJcuL7dexCjdra8zHwPX -
6yMLtTRLVnymXKBYPKQNintjiMKPNVZuSV75BxRqwPqu -
8SpV7AHyWL7yYiCbph3f71cTnRjqnsYenXs2jtYXJ4Qw -
FvZ5k9JG1XPvWzPWsxyG45tZ7Hqgjd4DboSc1VvFzMP1 -
Fs6CEWiB4yqUv9FKZ9SipgY5uLZNp663aw7MbCyg8eU1 -
9BmHkyKGYkESKpGcuDhGWfQys3wGf5oaY9mW7qtfdujZ -
FGmszbgZJRmBM9JYjoLi6MCT1SVNTZiAc7SqvCmQK7HT -
Bw3V1PEfkye5sUeVKN5jSDY4xB2fTQaLhE9hh2jw7tWy -
G3sq3kgw6PysdaYY6xUncfQSEuBndiz8XU4sAUTfG93L -
5Xx9nbQyMcp2XiGz5cFzduzmM8TM5E53MWXQb4Y66PNm -
9QmqQ4qXFqhe4XubZQrQFU6EtskLBvSBAt8D1GMqVMPh -
CyxrL43hdxtrhFdLrCEg2yBKFiK3PNXnPG5YWhNcyErN -
6q45JrTigcHqnSQfA513nzQUe7Xn5zTQQZjaQdnTm5t5 -
6MbKLSKYD4mhbtrS89TzFebwtA1hfKw8QxwM1KwhoGCD -
BKKYXAiS6ryBjn35FRJfh3N9pAGA1inTKK5ff2ptQWHz -
DDVVT6Ae8XtvFK6kNdtFU2BxfHqfW1j8GrTDimabpsSA -
HQjp3qXGWxeK4MKqAeC8nZcHcWb1JSzWzKx99iuPRAcu -
JVriQM1EQbJtBjDd4KRi7PczXiki7NLPgu1hiDWSJf5 -
5oRbpZWdeSmvsdwRSGG76RaaTkM6hRc8fbKiYupB74b9 -
7ys7zs4gbhkzfk71TM823eUF2nqoUMgWgwwKBMj7ABVc -
AJQaNfteyPmVmcSrhQjMb5M4YsetdqiM3gtMvCAsMJdX -
2NFHziKy6e393xtUCCh5kjmttP7XNRPxgV9vYVwft9bQ -
9z754cS2kHB3kRYWvpVt6i5Frx22CZesND4VT3arXH8 -
GN8BgnSoDQozYNNjMw5FZ3nPfmRxUfjGuHq6zGRKB3EF -
5LzRVvgxQgegYeb7hdunCpCQ4hfqpuHzzDhJpEKDKTUH -
2SDG9SrmPrqkvSrHVjKEMDFDAjRyiFrsdydQTZX9NZQF -
DRQW5R4oRMwHir34jS9wapU6oUTAHKpi3i9bYavoRiQ -
6WbtTjknu17Zfs38ekojntULjtVdZjPESWRtrrCeEBS8 -
AW6axd4iWErgyyzNrYh8Vfdc43uQ937UKFXzwaN1VvSd -
Ft2ViMnaH3gWR5u7Mq4n4eSuEjZgv5MTBHPbht35VjqV -
32WFZ1dTaaFPqGnoKmw1zqXXohGrrxR5KTozPULq2HXE -
3kgjsotVbXVY3VjmyygVVhYX4t6ghGpY4VUVVrqXdxU2 -
FwEfBtuSbnS6zb8QP4P3bCMMwfGA9km2xThxHBxJ2Lvr -
BdocfueMDXDf3tCY31NL8QZnujqhxgwVizmeyhy7Q7yK -
DLTCYgjygPgL1g9kmjCU3vdkYDMAh29neicRe9z3jrmZ -
CPPvRejTqXBzLWePzpNzmCXqwd9sLBDtuvq45xxWkZvg -
HZVkxxVpf9wi4yCWqfkJH937aRXZamaHmWv9Z3PcDf6w -
EotZhTbVH3mfpeSM7LpkC3vFwPaNHopUYVKNevcdEgCd -
ECFTxCxQ8nW3H7SvVPBriaXBzx7BVDZ1K1VT5fhv9iDq -
GPmxSQVf9epST2hjTbP9kfcqcTQnxSJom4q5mwZJWEpJ -
HayvcMewr6vdzNgVW8Yu1xv735C4rTSQE3KVu9uMgJHJ -
2kQEBRhxoo3YRZy3bAA6bXzG5vU5eo9pLVTsYbQKfyMo -
AquVRUmMnbxHg7XfvVp9S6w7FYo7KvAc934dw2DBZmvV -
DyVLZSuCxBmWsyMMpYNbzPF6D56tqhnmx1VYbBMgZG4U -
4WzWmvfHvnBmNL5tXbtEjdVLDJgrvUdKn57PexdBfQrX -
8FCDTxd9MTWvghxVwsfj21bZFFrjNcGnjWwTNtmGJHru -
GWicZki3W5dagSynsFNbJ82pBLAj5TFZ6QPopYRPnwi4 -
2EZT36Fe7wpzuaPwkJzRvvYUrp5AyXMLpnxXJcZmA8Eu -
GR4sYzA1e8MBnzwTVJVL1tKGvJPUYiK7oCskH6VFSsbR -
27zh8vyLPKxacb8Ujr1aEDaeefc43APdsUZxrNcK7pCH -
H3pAsZqoimtk7pmWvuKDv4TVYPMSyDPGGgykZpcxMosT -
BiyFPUYhnsggnbM8GbzxAncu8Q82kKMKmv7NqdHqGGNg -
J3BoLGsaMDJpTnazzfBVN3h32jsn93M3CCYhqwyYHHcE -
BbabRdxxkXPzthnMX4C6z1gJmEAQJRprHyg6fYXbQyeT -
FA1Y4S9YHGDE1UWJHaf4FNQqdaLNRMjsY15bA16dtZr2 -
H25wLpEGbwDw8hroem9Ew51HeA1T5EUoNFR1iKwCfLPn -
BuN3stLWAK3dsPxvRpsj3U12khGfwAs7f83UCw47bdi9 -
AKi9RgC87Zbm9YVwYbv55uk2wVbk6AFdBNb6yB4mkHHN -
ASSe9GJuUqBAp1cpseNC3TTvfayxtnzrFenwU2XUYo8Y -
HKBv2NR6KrLgw68xRkXwJ8AtksTRZfS3AuTehudrf67B -
5mL1xEp6BC7Pw1VCpKtjJ5RzvGRqG4EW4HQHQzgjo1dr -
9Sutsv7zR5nX6ptkyB7cs7JtPTPhB6k7RWRWEubvNYA4 -
CtDy3e6fY392ZiFJtWLLoCmEz2rYVddRvoXsp5neQqtn -
JD4whSg7r43t7mh9kH2g4UvVMyyDoAW1SL8FD1NotK47 -
4CqXNE4UWLNmifC3XDN5qyyiJGfigf8na5yNftMtsbvt -
GoHCXNRJrXoQqsR33hNuPncrgXYj9oz8HLXW12KhtkPD -
Gzd56SA1m8eK9Fy5ukuRHmLNXx88zypLVwgDtS1RFJ7d -
5Y8CeJUtAFfFbVZEk3FXbHJcPfiTNyHhz6HErG2QwUbP -
F1gugF3WEdZZ6gD2shTRQDSbiDG9Kfi229TUuidZigdG -
CgfWchoN5qGnJYwJFGm7XkCkQTiK1ZC4fqd8AjBWRnrR -
BhdvAmSzmnj7UVjjJfStUJuXp6YqQQpKz9bA3agkQWCv -
2aDBkSoZn457ctjJzbnu1G54MH23j659vKU8RxApRKc3 -
Bd4Mh167g1hmE6cbEAJakCTnxFuWZQLTjTpEoALnfuZt -
FPBp96qdvVhs33Ji4ucvY6V3KDw1B9tCYpShs8j78aVf -
2Y5RY5dcde3qcNunEH41G925ByTuD1cnB8K5wMnKgDvJ -
7Huxnaaj4rXX1J97msJytD3CFkLT2dF8pFV9WraSdzBb -
EtKgRktaZHF4k4nWBeXCXrFfdaUcXxZjTz18S7nF5gV7 -
5MDAWUQmwKVEButQC6o7URHjukPGkVKDuy16hN1Xf1QB -
EL9Npi6A67d6FXyqkiVjUkqz7SutCar6YzkxmacwVn2t -
GtQRc257YV9aPUwgjd4tmrNJP6QLtrzJpZuhJ6vGhUKj -
9aNtoRH113DyvjSHWF8b98h8Re5emrWaHdw6nao929ZN -
58ZKuBzsVJCEupcPmFLT9Lnd2TM6aqguSnbmaXaipepV -
CVSJe7zwhnSTLJmULZkXE7YeXnYqqvEWYbvWeY7ADqup -
CPS33ZorsETkEedyw9pipVZS2TX1Qg9Wywk3uo7p7ZQ6 -
8J9P3YBnBZ8ioWJwc2tNmjojkpCTz9qzZP8o261WrMYZ -
ChvkysEfkpy7UkTNTm17AnmoxEAv4w1eXYsWX95peqn8 -
F15qEFAFLTiov8Ga1qUL3Q8uTD7CDiqEUVCW8vC17ERa -
9VP9X3tM6LLGZFzEkh1E1dy4rBJ6owy2tQkvx6qcUsem -
4q2rwFQe2A35phHxD5xin1WzALb62XJX51Ss9np6xtXK -
6TBAVTkjk62cDYmbkV7MHajdSGWeVf8EWPTNLDW15V4B -
GJZgS5NeniNtoMcRP2SP8sHs2887jukQmGQVikm1fWCS -
7qR8psXgomDbjGRbiQXsZVUxeT4VuYkSrN5B39rXRskg -
DRXYiTqir7GJj6Mqsovbq5aFd5xbHMJBn5s4cciDXqdx -
6uzaMrDcZQEFDSc2fNh5HwqvhhaKUtBxnuoum8Q9KsiE -
6Jd9D9bzkBej2cNv5ayp7XFsRvxfY2TckBb5aknrQiRn -
5po8nSR35KXd3rMoHvcma1xuJeu5xLhLh26Po5qP5tRp -
5XWNQNUoAehAXKjh9YDqM7Atwv1EKcStd968Q4vxfDT4 -
XkHMX74fWNR7qdqgf8rcHnXzW4bSn4FCyicRwF2nvV2 -
GEHCehzeJGrzLK7a3AwzSfkbUGvqNW653ciAG4fFfkpm -
DTWBA8JYQzNFeQjmnSxpxLY4rU3tVW4HvMXu2nNfLzce -
GS1m3A8YVgxDYr51CbnqhVQ1mBpWTSk72W6iErVBW2sy -
F9ZvTahwcsrx4XkNEaUNGSCNPdNdbG7xVxadi9TTWfft -
8vxGF5xygdgwRe21EY5iVrZcANXxQdysUk9vqHFimgiJ -
9VWDxRteB35gFKGyRjDndajTiDAGn7pBQy7WkBhfu7z5 -
CgnPJxVCw4tFp8YaU6xZdj1qz3Kx542Q41V5B33oRQEt -
9h2Y2PodbvFHQ6Fqy2gWLnAYEh2mHEprqosTa9hqPGh -
3GvtFQ6mymJRXXoi1d1KZA7M1fdEySTRpnVjeMU2k6Yc -
6FPRmAVqd9mLRvxdpYKR93Lav2TFYw1bzq7jj3HGCnyo -
HZhEqVZaN2QtLmzTRXWQjSgm9ueFMdZ1k5MsW9jbjCrF -
22rMqDgbNMx1xSTCvxa1VPtE5UijF8Gno1ptrQaX5ruV -
9oJPiuvvfAYyfsUtX6bBZA5f8mKoGNwvkWBL2gH4tyBj -
F9CaYRGEJVkpG74BUznErBe53kAagnMYDeMnsDgredhH -
7gxZnMx2PozusTUVg5xQ3kCN9UsvfbZYVzmxsdSVDvFa -
AnmU7sqVoeHsTCsrRPvJuy49k7DPoww1Px2kTwTkK6A9 -
ArVTRzUQjUrnnDvhFYieunv95uJxtGp9YNXpEqzgnN2e -
6YiWXDVycSq7bunjfbuLMQCYU5vMaNbB2ae8mTAwRWHz -
2NJSEzsFHJMdKBeQzij6gmDWbKYUBdSpm8gXHLMwTXbY -
76sky9QHYMWn6J4xcSAPqUHZjRm9wisbPQ4K6pCPEH93 -
6dgBhNRygtoB2Dc7XyoP5ftrBQXpe1K4v1c9WwnFqtjM -
9o2uiRXBUmpGGu7GQTixfmQQnLjFzFCYVrvdorDzQU6 -
5bcvu8apGVjSmBxifaXuvV5jwypQBUugrSQrF42ZNWJs -
72XmeCa4xBQjLZwDWjo3bwaDohYUPCv2QXECPe92yMi3 -
EhUgje3GbaPzmGTd5yCRRHzu5GKPE5KMzXfZhwgahsDL -
G68uRXAEYXqyuYaygJQeUqT6VT8MXnR3dHYrzJ3yfu1w -
8ToWeZnwW4ysSwqXTkhg53KVZ3SKAFFoUzga711PMpKX -
8BjAPyGsMv3mCSUvd1kd1hFpjmZbch52tWif64G35Zvd -
8gpdfx4W7hEtWogwwfN2ymUH1L1iojvswFWoBjxuUvLX -
3BadvQPP8sBJRWUzrChXiq5Eny6HegmE6CQ7FbY9GvJX -
GHKAt4qhyKhmwP2tk3ZiJUgKDCvmiPEiu4iDM2RVoc5n -
6a7T4qWpnPFf8MUUCW4CdhG8Y3aRjNNUU2Ch5tNNz14v -
4jcfyiPih1xzZ3xiDGiMM7KzDbycYKNrKfjoXqDZpj6H -
AkoxnK7YRP3QKfbtxYzXLZeSj25WrXeb86LjW29SiGUE -
8W2BCFP6b8dj8CsA9w9EJRpEW1w9dd1nCkDZ6ik8vHaV -
ARXCqyyfH9tFfT9e7YQqqsdBPJ4GDY94n8KP8ywrMHqu -
BXbQpgX5jjQK6SNHKPa7A7fNt4D7S13bTbrGgQico2kF -
7t3Urr15bqKsxEXwHz1HX1K47DU5zXSbC5jpc4zMeuEn -
AXzZQ4AsCbBJ8YQvYMwARbhcKJfw15akowJd9683jKPy -
8hpa44oxJDSziaob6xixjQEHirLbKGVaP9P8FNKjYdtR -
4FBowpCeyab88Zb66qLSGvVcAgmkUwutysWQhxK8EbYV -
EbBrvwBVPCkq6Gusi964XxxqookqUS38CTC6xZMN3r8j -
E8mz3SmdJd6DkX8rHVug5vcErt2bnoakpfm5dntfYm6B -
8RUwcT1ckCt2RZa1PudmaZsvVUWwp8uPbmNC8wEZpBFZ -
5LYpP9UD7H69npKjP9fqKL29Ho8BZVisyfQj21MVHq5H -
BjUHTrnBkEbVMMy1AJt8iLDbjjvK97iAVSvqNVPgtrF7 -
HiXJHu5mcowAJxxYC7zZ2QK5j1kNCqd3k4LFFtFdJHZz -
2qSBeQbBvk6VdL6NLMiQdyKB1VruNtgUtN9c1mAGsUHV -
3SFKmhqrhqdYnTP1Asq9LN9wsZGNzcmzJQ5st8R5yTJx -
8j8u5rLWkNCaNM4PFSKLpZ3nizscxe3DeKMn3pWgB7ke -
88gPNuDoGbi3kNE4gZuvF2YByn3iUbrWkhAxm3Bpb1qW -
Dde8sxZkZyWBvbTyqZQ4TzDoL22ckkqURJhQUKKw9zUV -
Cgau8HCTgQxFW5a2mfXGX9FWAoRrJcacmNXKg77RZNp6 -
2PhbaaHaRddgzntykJRShqJyoYnK198d7Hi74Len4PMV -
8AqYRREHQ5Dev58o38NHYKXVQTJXFvfqw2AYjgbhBQvN -
EK48q6897pfpGM3U1DnebPYzuyd1iq1ZDMwCX6ZfBcBN -
6ogoULEXEzAvouJHrepxtrJ1UkR3iXpw6nGPahNpqtE4 -
EiAU4drGwpwQJHUbZ4sgPvWiJgqasfzuw3WkpSBe9uFy -
Ge9JR1KyB3MMA32Hz9QMGHr65st6m7jxMi9XyJVYz5hG -
EycB2BXv9Mz8rrw411LTKdxVZ5EEQFGjkDWKuLLgN43k -
DERjykqfDoTMoeq5Zq1h4mrz2cHHX5EP3aAW7YhAa895 -
FSmQTR18jbH1QqRVMJ7pia7jE1TA7shnFqZAEnyx1NLe -
DKXMzkT8nigQGh5tro3jNA15rptYCsutmQncWs3iLFzK -
DvERt4AcaS4Pxe5CBYebgrWxfX4f3U9ZG2X9NUHuW5CD -
57FMshQx7xULqmkJTYaKYz9qM1GEi8t9bAm3nEhhUETi -
C6FtNstqy9Kn6cYuRu1TU93ijKB6ag8YcHArKuNZgh85 -
6cEk84SnZPdewhrqwENEdGEua5tZCUrbTkZpehyx2p2j -
3q1z3ptEkmxhpBUiExPuC3zf7UBkzn96oRyLWpcPCPQJ -
CnkXDr1VR63TpDXiqugKNfUmmiFbzoLcykSHiVH9zEv5 -
J1NPM2wb8DELDj4Hs75PJjyBxmYWfsXYbeqt8v8TgZKJ -
71DX6DDrNFF43Vq5gRXHv9H7iemFSt9gquxC9yxjHBBN -
DM2fWAxJKCeEh4fjKYTqrinDPpHrKn96tNCsRRbg78U1 -
2S9tghNGLtfntqHa4Mr8uW3AFUtqhgarL9peVcf3hLSa -
2hNQgzKsbdUQG4tLuLTJUD6cw7NcEyetHE1cundBsSJk -
EDF67txjhXyvDQcaUGzLF9rQ2EgopHzLmoMLPEiVmpRu -
4nxoqSYfDyboUjL31nCeSxf2ve3CeG3QGRDW28KWdFLy -
8PGSgje8PbhQRSa1XUyi2MD4kWepdaoLGSH4QpJNUJD -
BiBPiqRFdGmQUyjkbn5X864tnPEezHWvCxhEjqJxA7d9 -
4poBEnbZuyPcP5efD4GKua4tqY7PKXYYgvhtzVN8Kv6d -
EYL3qTZREsoUwKg7LgXCkdgN45QTjLBQgoEyMtKQC7su -
5wzEzfzeo8asj99bq3G5YgdUqiD7WFpZibzRcDY6QT34 -
AWizyWYqR4gAfkUcz4ZPTytJMz5DG5JAp8msFngoQmqt -
ontbztoK2TCTcgMnYZdFjMoXBSJCgCt67TmUxhQBdNv -
4SUtPBygs7TzEmoJ212fEkYNpLehzJSBPE9Gy5SypgfL -
HZfysR8bq3rX4BM157MTCrNza9zgo7tQDiSim8M515tL -
BrdH8GgA99jGF58TGmfchJ6vTVNRz9aJTzGxpzGnMMo2 -
2zBCpQbcnkDPQ8ophkeFxFyhE6H1jFP2j5SuSxkkCxxx -
HRSvbCzMRqBTPs5mtY8Z1YuxkY1gPwsTLuvCtekM28VN -
3V1w5HSWKWooy3XVC4sPXfPdWkkhpuDuTYT8rSUk9PbT -
C1SBJG2UWksySTEqLWDykoUYscZWaoYfoMrNUKE8vAZm -
Ak3cdaMNaeSYdTJmooshsXo8KVrU1NBgAij2xUNzTzc6 -
71MKS9rhEowiuetVXPzFGeQchkzuoo3Ryz7oxrrNxiNj -
9pdnLCgbB3o8bNaV7DLdTTZS39rT7k2huoZthhkQXvrV -
8mcgz6ebTjQNmrW7WwibCstjob4gnntF8kwTfufUkFnU -
2MU16HxkzxTZgkSPiCDDgWieA5uprP7aTzx4Y68hDN73 -
6bPFAaKrFGZhAbMFp5CEiASg7gP1vVqqVScZfHWFJmMD -
JCEkXJmU7RuHLbxHd12oQdCRLDHTsDXr7F1FY8wsFX2s -
FcrD4x3aKhDMvZtGi59KNUaAo82ctJnJrdNxaC16V9PF -
22FyCHmrGP9jUUZsiGjkdF8QivjGjfNbqdogtmCHrxpz -
EeSJjEQmtwxDfa1KWUwWFAMwXovHkFbsVu1uZvoyopSs -
FihNHWymPvKjgGBtgM7tedjgp6GkeJaiWmyzD6BTH8Sn -
Dnqg9dYCv9TvFsRWkyd21VNPQ4dUc4h8NdFUULqdMYCu -
EJREAuqMRfqCr4tiWv4cdMKkSAxf2CPyULjPoZXfR2dk -
KdbFPgZPN5JNJnEsL6EQLR28uG7ws59UVy9ETxRjtJo -
8WvGcDkgTV4pbisaxW1kxiqGmP561YC3ZMJ7PQiFo9R2 -
3BmF3zYwp3ioqt1ECwquobo9wxGNxWpKeTQBi531WDfb -
D9eecrUUAArBQhQizU1jPsVzdutJvFgB2TqeRyA5DRTJ -
9ML4RofDE7TXogUQGgQXRG5RyHtaah1XZHUdsupG7w55 -
9vU3AqSQmXycGRZWvnhugCR7egNDnp1gyGxmgKDRG8Wk -
Czrm8pX1LCszS11wqazCLCp1iVV6wf97neuvFS4E38W6 -
Fne9ifrzfTHpCbhjoUfD2QVNeLAZKSRJmQvcTpVhDeMb -
CkDpGmEX1CnLMJSzgvPFqqTEFPfQDc6bct5QkZr7sjrh -
Fq1j2ehUfo4iSEfHP9pDz57kVGajCsYzywczgqvTmESV -
4oyEHvH1st15Ng85enYzXEboLNRwUNv4QbPt32DrpZm4 -
6mmvGtsT19RYXR4tyWRSkoMTLuJ3Y5GDao2aKy5UDG23 -
6DyHfhSgXADbZ4PXEENznCkVn1RDdwyqjQGQVAyquGfQ -
AkWvFkMHviaSDmDANLbVXFV4457ihWcS2F1NiBUrP3hh -
7RrcCHPGbGYeBLBNiB7ytzLe7FPZ8TmzbcKVQPsBPAMJ -
A6NAin9PU1aiQDto7bp3bdSKNK95PE2Shg3r5UmcUNbD -
7DnRjAgEe2z4vdN6CM7NG175isFBCQUBcz4MFwR7NSaS -
DW8tMDr3FaXc46GioCv3g65XUHW4iRgtKgb71wzxQK5k -
AsiMvM2nHWGrhFcL5PSuu9Po1kNiwxXFFgXCDFFMkDUg -
ACUqQrRBono6w41QgqLG7JANBkQ5SEmgT3QEj1vXRmmW -
6q4rAg46duGqnWWyCx53FzJrh9RLjNqijnzyfdbqw5Tf -
Cu3hLS8EAwa1zZCMmodoCKbKp26Rp8Lvjt6KXvtuHBKC -
C88BAXT12Eyeyh95pMye8ZEAncD4i2YXrfjpDoaNSm7i -
9Nawk4XbJQqpmMdK1X4WR9ndrs3E8iA1xdtPy4xDhn4F -
C4hsirzNTydpyJqFn1T72Ri4reANXw2Tmf7SoX9C9zZH -
6eWJssn8bzfepaiWohU7ZBV7ydNyUbNfbp4zxRuSRTDZ -
2KdAT3L6FBjWuZmBJgTDo3dbJCEM3vptNhPggoSBrAha -
B8o6GyijfPY1ZWhvdAZSYihog5mr2SnkRb92w4GdeFtW -
GkPuMFWfszj6NGnztect6P4XqQvL2cxwJHyTt5qF1qoP -
75AXBhSxGKQTPmdfd6HRw8TFN7urF2b2unNDCyrRtQmm -
9va6WfeTNcMJU8PZEegDYPt6cuxc1TX2CsvhnREX2EbQ -
HrkkftstkUAdMUwWKKCZt9aaXjuBAVy6rgcxvHQ1hJ4e -
5A8Jr4m4U7DCeq9ukwrWeMt3KKfiteAYBjdc9jSN3Fw -
8hW8uJujuoDhgJogvfy1HYTQtn3yUCSzzvh8icuMG2Sa -
2v27XRewCyen62GPPtYLLv4p7qAKmK4Bn4VXbNCpTHTA -
EwQWhW7GTkvgsrNVAoD6erRWDiF4QjdBCjFpfXVfCZ8V -
vt6novn6A4YPMW3EvXhL94JupEVdpwmZ3jUHokbAuGd -
FktJB4P8CWShfHU1UVuoUpVSYzzhgdiMxNppjVdKU6g5 -
BLnQb3pvuZYqXPk5wpQqjZ2eGdP1DxiEiS7VFn1HYJG5 -
2Q2vCt37XvBiJ2TBHVhX6SVE1r4GhDjJ9dYx5q3HyJGE -
5NeEAxygAaxeZcUAjYFRN1vT8JJgUsbkw3w4gUqXhc8T -
Amfr6zpdE5UBLA42CZXDgdfnpf4x3neNrPaL6ZaHZztT -
8vjPk2AuxmzBDCBQtyvkEqPYMpKYnUUvvgVfHsT4zJ8q -
BBTLPReDa8BzAB5fYxpMd2HQBt5a2kHhAJYd6tyLwJqV -
2iYHMf5Ms4KUJrGTfRwnf9ApSUkwUWV5qAbBqHe75eFR -
AcVPavJr2tHzRBmHqDyHLinvcdL8NSZ6o5retJ7zQBhm -
Hegq1p9Lc9ExoigTC8TS8TtxZaiY34DrP2a865QQrBAY -
ELUfyqQzbqtBxVkcVvd2fva2TnL7eRrmXufdXYt4GcKL -
7Pfkd9qASGNLuEFtHx7mWBnqrRUEgD8pEczDhECr2Pa7 -
4U4y84CZnTgkzDrsQ1vGbggdt1uMoRWj5vCLqf84iKmw -
myiQrxuV97A1vKXvXuRDoscJpfoMvbNXtyMWjVoK6FF -
F7bsWNaMRqBUmE5Jaa6LBvziLz9cu9NWi37DZMD749Xf -
BQjLxP514oYTr9LcoyWUE17dEYtU6WRtv4ixcwvD7u9n -
5sjmmsNw6QN9jRxaXaoTE7WVJtekbM8xQwfxEUyn3FCD -
5rhYm5vkzhy9pXYosDaKR2rSRmRacmEMdLKkR7iA5yXK -
DZjDzPbVsxEgRVm1r1fiQa5waUdaNjXzGk624q2YHEDN -
HJdE3G2vRqSQKNhvPGo4DwamzA9u99XohunYfJYRMNyw -
AFkVLDRMvSjT7ZqXamFTLERqTjEzUtE4PqktJFiFna5g -
7YRNVHMdip3aD9mkqPYatm9cswfSH3a76W39ndK9DSYR -
7yFy5cvwGk1PVi76zaxUkVsaZCPAUjgiyQBL5MYozoXP -
AzA9RP3pxms1Ut9iayThoEpYPjTSG6WR8RPcuinoyLPo -
Btq9UXcU6d5RUc7wriUkW8n2Hnw5pzGuigibGfmHiHGG -
Goad7pSae2gNer2xtj77WvEJ3fNHgm1Tpki65PxhSVWC -
FMN6sVpQjj42eUUgk46iuJREJtoptRD9GXNMwK3VmoMG -
5pBTotB7Ck3DGovz1oTKramugh24FBK9A88dZU4BXuGL -
E2F4WG6kUJn3Xt4TUGW2C39LxAysJhFoS6fhhvmERnqH -
KdyYckZe7yr2gyVdNVZMWktyNEJvaLryGeVaDBtn8UF -
8GBqx6UBsXA9zGvSWf26ADqW11mhX7WBAD9NrEMLyjXG -
JApffM6d2TmwicEBiBBar1EswxCnx6nUCdYGoLGLKTC2 -
F38WoAs4pXk4BpGdJ8oKKLcUU3bu3Xfhcpv3ghBNuYRr -
5omh1v9A63d1Hgj8wFTM5HsR24s3pxQBbmPpDrNDbFfy -
LtMn8nGFDuqmoyHkZsycZ4xVvmrjaD2ZisAxsV1CfwB -
yyPRNVV4NVj6ueJY97cLXDFw4XhgxqTt5QduL7HNCTS -
U4ryPBeFQPs6sewBh1XwC3XeiDLoow6NNunikqLc27M -
J1sb4bUBXaS6cADjSKKpu4RaQZAhaSJgLL93toW3TuF9 -
GUN8Qyvv9c8ytmLfVzY8YSi4ZHWjsQ3tkDVXhQp3LZr3 -
BgpQXqv9mBDoVgQPQkdS4maHivMwXPozuMvdwtoQLUfc -
Cvi7eChDywYSCCH7AgSUm449UgBLtnrec47wF9FWpHkp -
533w2TbGBK7QfnQDdH4LmxsjpvVwMAL3NKoLVRcoQYgq -
2zrEWpbheum72tc2n1NpoYd1cEmHbtRX95s1ojKMLgrw -
A9hYUcmDXHqEQiPspHoAs1bhY2jFTJHg5RySPDNzw7g2 -
4rnEty6JJZQkgExxoK2T6C1hdz1DTntCDYBAUKkUsHq4 -
6b8gserFF9BeXZJSgz7QqZVuUsVksMcMEoXU79LkV2m2 -
6BE2AWunhHr3r6qiDrzba7FNqcm8Usd38LrRqjK8HKEX -
5cSdnbUYfd7zZ1KuEQQY7b2zc9pKRGcXsWoC5EDezzTJ -
6YmfCmpd9v9XZLXiARjpHRDqvscmku6EWmZ7gJKNBNFJ -
7QwJ8LQBHdTCkfEmVg3GpXGRfwYyYcwqe8xAvMsTY7wi -
4QFcHs3ASECzVyXuTQi8eXxN8RS6RgQu1WvJXyfyf3M9 -
DEfWhdJSp2WyxxKrZUoAgyiMyPBmG1NdjMrbg2DXvXRC -
7wZnFUFBC8i4HzRzfMkd89NS3Hfz3V6JYSHdyNjDrD3P -
7jWD5BwntusHoJYUew5gLzt1vzGVitAqFVDt7SeAWKT5 -
7r6FTtUoNnLqAiYFoEmr7v28DpaKBSjRuKaJ4Q2s6LSE -
5yWftjJWGpLBo9QuZUAiNois1YTMAnbph7VTcbbWPQ43 -
6jnpNojkt2XLW9WmmUykAxtFM2Rqwbn9uXonEAovTw4E -
8KNcecMRj8Rv8YxCdGLbNnr9CCyFkYe94mGHgcrKZHXB -
DL3BdN7QiBseFkMR2E3v215kHiraTyGHou1QSHPpt9rL -
Vueiz3HjRJgW4aANKatM4F1oZrzfVcuJS5Qo3H9gzSx -
Gi5us59kf2owyc7w1iUacvN3xiDCArGjyXYxtYNpoh1E -
FAKiSFKje91AoCLWLxUr9bKqnAz9SHshNJQnxQPsyZeb -
CUD1EVRMVRGts7v8cGH6ZyJZk35LUJLb6PcQXZGZ3oA9 -
96q5vbzAesPLrkg8cC6DyExsAseU4dYwvgQvx3LyFV3s -
Dq2e1esnNQEWs2snt6iX7BXZi5q8BbtzrQHgnVmRAbBf -
FUm3Ne35hTySBArmXSiV581wzBCr9ZjW66RdaMFd3zA3 -
FGe6kSxuYcvyEZXC7sDQaSe1XiybiGL7szEHCzBgAkeA -
DPC228BSZo1LekL77ysTbcSS17wUhm2RJx8rNHtBckv7 -
DUfPBVBmha2h5Zf4Yg6D3Cfr7nqewYsuMEVs6s1PJJvx -
2vXCgZUKYKkF5mf7kAbR2XbZfU958qwGy4Y8uVXZ7dYK -
2rSiEkuVTVozvNu3WtR7UQvvTX6kTu97sSPVnHhqswAd -
8Lo9EMsWE4EdycfbKcpKMHVQxHXmN8nFexGB9BapSXEC -
3xGgwePkR3uqvc39qbGZJzMdtga3rJJ6yWEqSHtVGQXv -
wB2p18SoybfPZvdqDUbk9sPMxuC6BEEmXfsyKbGaBzA -
9u1tvms9EwKYmRtYRK9pich5r9CML6orkcYbr9TRkouB -
9CFRKTCbv44ULwtFUbZX57xFmhj3HGLB3xi2rg5jU6Sx -
CpHFSFWZuoyiMafdvxY7AgyUu55vQrVRXj7C4EURnbEb -
5LCBiQXzuazkwLfohgCMDpp171gv6zmgW7DHbvgUGyE8 -
5zM71K12Mg8yt85q4NHQg5arFfzCQFqCg1S77zTiABwe -
Em8CKDTgktXuKh19uUMwf9gFdNCbBkNQy1oSdrMXBFVq -
HA8jrdoo3KiWiKnf69ZhqpbbWKBfsKhp8LejUbkJdxJ3 -
AgrrcxyvLXdCpzYcinBh6WiXrLRG8U3Leo6XEnLCuaTy -
3WrgJezMpYwdr23xKwny8Rp5ftRZDSVgLMw1eRTQdSJ8 -
4md9HuFB2j57HTJTzE6J3YhBSXrUDiJBeUsmcs3wJRhm -
EoVop5GLeQs4KutoeRcm8pt18Y7bsC31WavukruxqCcE -
C7rxksRShMaTUrpvPThkwMWJnvANmYB3Keafacvfmvj6 -
DdAf9fcRdegTKc5U8xJH3g9PTgSxt18HMwj1ejihYnLq -
9y1NNsGb9ibFttBjoWk88jJXTsGqfMW1R6EAwBj7ebuv -
J1LpF9hn71CXY9rGbWUMDPXoGGLgs1gVhSYq2eGEQenS -
6JLDQAKuevnt7zWYe45MjVntC6L84ZnEVAxEF9B8iqEi -
FHPcNWavXAA5hu8N7XDR9qkKQ8HfA6D5gpgWUXYCoLVo -
AfSMxrKtDNPjcRf26MR2Sw2t7cDbA78zDaCQYMvbRa4k -
D6s3RKWC5hRmdY1u1zFpQgh8v95mAR1qeN2J1WPnySjU -
241ChuQ12zNPokdxyfFburmXzmMfXDMqRdfTAw2vYrwB -
8ZpCQuyesQynwRGfhnKr5XvFRubi4SUwscSWoRQ4vn3L -
DDEmouB79FnmsmnaBSDHZdduVWssBp4sYNCEyyqRK3ug -
CRzd8D8V3VSniFmwSaz8voRBorJkFrYkRCXxVhNf8MMe -
qzC1p5PK73Ub6SPoZCfdbXGm76pSzH7ooPrzTajcsY7 -
H7nDnrEWJTN5siPUnYw48RWSNct1fbgfHdD3b2Nk9qTB -
CNrjq7PaPqw5fEmjepAtRzYzVdCHYmXtqy55iTgYysDb -
7SUrbgH6qQs6VKHhFpGQFRz42QrmSVdhXt4MBa2F1TUZ -
CXxgWxFt4QaPQwpU4NDzGMp5yZN1QfyeuUFXmR4Um4pn -
2EiBoLb55HX2CZz99eThuGgjLsbj3HJAxN5RgBm611CV -
3JF7C98Kq2K2bCYSj6Y7fvWzdNoXf2ky93ik5MVv3AgZ -
CCckqBCseEbjsT9hfy5L5WhHSnjNzmYBpxgqDpjp4h4E -
B15N6sktMZe9UYh6myJXoPs3QwTPEFU1xc8TLW1byjA -
DkZvyDbHRqo6Xg2VNGGUbrkh3pnJihyRZKfprAGhBL2k -
78G4eHxc39NK6bAonTDDLhDgfWdytt44UGcWBcwvTpVJ -
7druFQ1t917cMGkjoyyg6ftZmfHW1AnjKkvna57TQRJB -
7eFBSJuY9UkyMkU9qLP9UCjzjiP6K82GZbXPe5oYNQ7M -
HMTZjYAKui24bcxodpVgUjrVV5s4mNAy5dKtBpoz14ua -
AH6dtNau2nECETd7P6xz99BcuoagsXUJpGrKedMrxUMQ -
7YbftnirXHQS7SerD8y6mBBGwMdLUuct2mSrcrufqWg4 -
4pQ7B46rVaWwW8zgD9RS6zd4VHCsrt4R6WHRUUni9uUh -
BR99N7BJSGBWGRk4iR3tqCNzfsxzd2vtqRbigfPJTtq8 -
EKwoKi9Qxc8sFRUYYQZrC1sh9WKryVbU7zvykYRrV2mc -
31fSHVbputuHGPEopKL6iTHdinhqN9Kener7oURCDBbh -
2zMEv3Hns6Eq1Apw84G1cEovA1QV6CeS153og7kQpDx9 -
LtoqqhKxGUVs5R324Qnq2FcCSoGfdzs6usxeUDBTp9B -
8GuY9X83qWVtCbcCiszxixZt2Wq6kjcndQTtkQjVfEZd -
6V39i2xsMcWySXaLw1vSovrKL2cSyukonkSjB9FFi97 -
Be2tbSoE7RywwT2bv13JN9Cxnhthn5YKsXgN7PoVtNNg -
DpDaBtpJmXpxCURhCSeTan737yUYZhxcBsXpEzMGK6QH -
8RB43y2UctKMsmzniktVQdZG1AsogzfJSxw9vg8NWJBW -
6zNjYfDA8ce57YvCymCyiD5AsL2ndUm9D8cvTtmuL7LE -
5dUcyWb9iTaSsjfkCo4Sj9is4WjAtwPL25Udz89skV8T -
82kh9gT6irWXJcsGx98mipYxvedRtWRVRp9BKNpRe1KR -
AzjHS2XpjHB2fv33iSJycEVq6JeSgo23Npj3wQTEbK7G -
9Td5JbW97MJaHpPbhQjeXoW9y3PsY1oQvvz9CbEp1MuR -
7TUBqM3Zm7Vn8dMVtuQJUJjA6XHQW76KFjcbQjpG5x4n -
CqaCPnE9bPQAdPUnuYCLNact4bNUMzQjrSGEHNRVG1g -
GuaJgLUiGbabdiXNTwPDh3rPnn3yrcseFYQE2Awx9K9H -
3G1L5f4UMsvAamjbJ3tZoo3kUGNC5u8YHyJ1phkcb4UP -
CGpawZdqAqH1xD1XwJcsBMeqp6oChP1UzVctcof4p4yd -
zysi5EuBksyUbio4eXje7x5F6613DR1KuaDRDbYeuGt -
7mj8aFP1r1Y3LWAcgNzpmAqMrJZG8XtNic8iguifNuLT -
Dmto68tJmagy1JM8TwbnqYCG69i59DzCnVJYEvRvdEwB -
6f9WXnrYrPfaTrAaDNLRukSpthjZrA1r8LgMZuR8UJap -
CT3UzshvqEJDPMHb6WTvu2U3A7XAbM6MpuimkutSJSTJ -
JAS3ixfPR5Xc5Qwu4bh7fTKShMpb6LbGeGb8hy2dUJFu -
GkYMvDjGQhewbLovPhAFeJTGX952AKjucSs957cui1uB -
HtWFMpwPjqqGcsd125kV7gWSLN82jcoSULAdnM1e4bZ7 -
CgjeGvc6EWXN4yUHWkk42inANVSCCVy11YwPndsH1WPh -
Dqprdyf2AEyMrTqWSQ75X4bvMQr9hV2EoTpgtFiJgaJ1 -
EUZLT7UbYL6k7uk74rM3D5Ew8rySAiB4t9Vm4923KudU -
9y5eTTvNe9kPeebCwoJwimHNxcAWwCrFZDRYcEX6bzLh -
5hKFmypPymvC8wyqmVmtMJJJ4XivLYRDWSC4vQXS3teo -
7XVmpWr2z55A5Tc7D1MVvfupnAgvkqRq19Amq9QcgTtv -
FPTsVAKoHEm4RBsrJzdVWfb5bjXik11G3HbCTSJRPpHf -
2ajLczn1oLPyG8PXz3TeRUqRoZmhKHTAGnSaz563icj1 -
6yFZuAqyptjaiCooWy6PgeH8GVLpHophDWfHLnJxiKVz -
2qkUvWQPXMFBvNHsrP8TnQeCXLhmURtx444BvwbPu6oZ -
HAGix4jY1bzdgAnw4tZPsUQJp597Hnftu3c1j2EVjjh2 -
Gi3utodLDyxttrZAwVG5V1j9ZwPtJT9F5o7TcUae688y -
E1kWqBqE8HYRxi2YdjFYsSmAuwPHz3HLJq5yq7JVrdKi -
DTbFMmtXziAxxaTbt72hGbToMW12uMvN7s3K31HCZSuy -
EYdCXvkSHzX261DZfWKenAYGuEtQhdCotgGN6cSHQJ3 -
FdpeyFE8shapKnpFEHsfWcgYQpTHPaWc1wDd2J9EZPrH -
FjgGZqo9S5SbspJTGQe3Y5wM6RKDMDaUgS7z8M2RC2BW -
H7npaiW4nTApKXrJ9kM8wTYWLCvV4JsvK5fe3NQ4KfmD -
91B3irojvg3QXGbDX98SuU4VqL2BvupYY5hK4drXw6fm -
6f7mcz8dWEyQvNsouh9MSRU9R552eBnVRktn6DqxiXhS -
8GmdTbyDvj4jENiiLMm8wRyvjUZjDPT3QQybUffBiKRo -
DZiNsCetKptCCDgHimmpeAEkrBzNDjumRJF95p2uxo1m -
A9dnP3TiPRWQCCSsgmo89oi3KKUY9bEK9RZTU5B4owMU -
8d41yTsYwjAf7VphG8iBVuvfPv5zBx83KoeP91WU714D -
7DDkebcddNXQJwkPSHTHHqpBfLrwPLM1PMQuVh2MNyPG -
8gsRjBpVwAbBr88RD3iQxz3cqpHBnmcnCpMC7WfUzEt8 -
BUBZeTpAvgU6mq64EMyvXGKsoyLY8F2rf4fbghmUApka -
52DK9zqS8BpDrb9gpNdtm3jFNR7yrcADpCzCN6v7UP9j -
GH6AiMBh3QeNbfxaVmkRdM7eb7CggPmg7CBLxJaxM6L3 -
DZbnKneqnnVE16yFXxTSEZvQZEe1woBex8qR7tGrS4cL -
ErqfTS7JwKUfNqmv6JQMCLwTzwVQ6GCKnhJw1oZ6Jqes -
5sjDmwUeqYTUkwczjxbN9Y1oRJLknbBHv2tRFQsL7Yht -
BUyFq7MQCKS6Q7za76fUZHrGLEjamVTJ5KoZhqa9oi9F -
FKHqd74NiXcmfiX8JeK7gBB1MLCpmj7bQnn2b2tcY3iX -
6JtASSqQNR9RxoSSBEQk8ye4X9Uf4b5vKatGgCEJ7LGT -
G3wexE5h8A9CDknuKLMG7RXdVgx9mJE8tJBw3UGhcEpc -
3zNemsTXPZN4wz9Jmfcj2bQwgTwWNxpvHdRC2gGYgTXE -
8VvNNtXsVvMs8F4ue3QfbtBoqHBWxY95S874P5Z8DPBj -
8hXrzwhL6ddcGuKd3zjpdGHGVyg1HaNVyxDArz9ZiroD -
79YKYo8ZwdxZbFJq77aCvCAeEWRX5yjwgfecTBEJxVyZ -
Gqccg3yjZSyS1118wJSaaDYdd7Mkug29CeJGjRC3PVye -
BfsKdKK3XwDjguHEAfx2iHeSQM6wCPnSQjsS6rrgbX1F -
2Fpr15UHd7MeUaNUjRjHMPZRkD793uzcNoypGg6HJgjW -
C43De1JAzriHtJGLAjky5B4nqUkFRXfa3WuJy1f2ugBH -
BhpEL94jRADhB9Qj3RKE3b8R3TcppXRuFHK1eQvGx3zq -
DqrJMnzcLCebbXMuF3CFTegPqoqV82Lb7hhfW9Q6BnWN -
ERiFKGySATPb3d4cs5HQiCQujesB7X7dtEudeVstdZp9 -
13Abs6usTMYD572rexbbTxyNmCmvCYa9MSpLK96By9zR -
6nxfLdmTCwQz6EToACpb6iYrVCo6pQZK4P6iQ15avsh -
AYiTfHpM57em8weMfvVb44qiSxEp3CXdBQqZnqyg7E4F -
FmY4sxvedwrAj8TnS349FxtYiuHFuivAxoEBLQTnPgJX -
A2r5kC2et8CE16PAUw389J4jEqDNe1ZiB49oDUVTGRrQ -
96n1nqccKQ4696mGHeQ4AGQ6MzqHZ5QFdkzrAxNpWGv4 -
7sp5auM47kn4MbeuosgP4k2JE7XMjxyV8AjsDStMGKMQ -
HRihXZW9k1aR8vNzK8xkNBGNh8v9ycbJXFStJtuSL2X1 -
GLXnPRvR54ChX3GtvSsEK86ddSzAcFomkF3tt4scqtAt -
6aN9R1DEuGWQNV9Joe12DafnyVkxqJmkZ47Koz6Jj8pA -
BVE6d3nmL6wjcNtkTzNdQXPF4sGT6umRuxrtpDzTv4PR -
2T4qov1QX7oaCkur2ZuBLYSLkDZs2kmQSbtP6njddmv6 -
E11exeUs6jPwiZ5zfV69qcYZ6tfr8HKuerPdP6Vmew5r -
86fbRAn3osjeQq8czA1XF3q4aC51SvmfmYdc9FkVMfP7 -
6y7JDtTeBCr7gM6iFmkLnn8cgbfK7ogLGR52v6HMyQg1 -
C4sC14LBweUhMGTyMiGF1BSxGmuHWFBanbdGvy8N87wv -
9rqtLZsXsK2KyptJtt5Gvwx3nJFGj5KEwjP426t5L4tx -
F8e1Gp8GvavwK7UV1WJhWE8VtzT38KpaaukfK8Kkomj8 -
Hzykj2Zh5y52LU3U6TY7Dt31E3vJX2vZRYjE396fReKL -
BQ67b8JrbT8QAKqKnq18ynbZ3XFLiaraWVrw1U7YsPXe -
DYUPWpvG6xXUstfv7rBY4HSHR8ANAQS1ggWoLUscZ68j -
DPRiXTAxX11DJdPQCd6oEtN87bDDK8o4RRuwYuqheSdY -
5C2wTyosPYbcBmaed5jj3dqiweYXiqKnHGQwPqau6oF7 -
8NHwJAYxuzg2XPD2Ds8Z56TWVEkNYsrQAsPn9t4zd8Xf -
4uqRCmaNC43ipft4veTTJfiCtLHQWctz7xJ9hrAtaC9Z -
J6tvLxon247ATXEk3VUrozXRT8q2Nf8M23iTcMgp7etN -
2FfuEqUB8SgeV9B8n4STVGnNBg74MHfC8trSG2UEqWLF -
8UxZBnJthrM98QwJz6iyZTtbikbLPoTpc1UXSvpgdM1R -
CvWrRMTBRE3urDsKC4r6LkS1NpqEaA1qGVFaYVCDfpC -
HLvSmvdZng62romVZVx4T4N1zULF1MzPfozaE7X9ZuTE -
3cAp8WJwpenRJsK8SyqMmGxq9Fkm3v617Sj85eUYGudU -
3GYRZkxH8pMzzx7pB5zRuLfDuyCap1ZB6cB69tpRK1Zg -
ANBtgYnqKrtzBQZ2sj9si7FaAX9oq66wKLmhTywdvcCL -
56uAoVcGG2ExqsScWWysqH9B82ML8EueiX9XGeZVvA6S -
4fpeVdKYKbZxoi4g2Ztx3A57sygU6HoNJTkX3u859m1f -
5L8iDPK1tD1UNGe5so2TR8TgTWLG5Q77VkvgZSbMXipg -
7Lmmm2Z7qfYmTjDrPj8eEQUEQYqHPXyAkx6Sr9qxT6tL -
74TeUuxSsPz5Mn8uLPRrugNtVSjHzZMkwPxkTz4Cogiz -
ChGMvaGhcN2e8SGa4wcbX5v2XAy68cYhmyZQhATsPMwv -
5hNJfm7LnU6cgPGwfsLGshJrVkE8N3o5Ro4q63yDMVUC -
C88DSDsPK5UH2RTk6V2yyTobiC833g8sQq2xE9eJ395H -
xxzoY5xdiET9VndjbeebCCoPKXsPNhjGvodrhp8LQLF -
biXpeitCxYro2k2VqxyACoLaH4GiMovbz62sTzk5dHj -
2FcCXN5EuLJvCiqHnLGXmSyJPsUouKPBW9bUpmnC6Rfw -
xpb3wtYTNoux2mcugr1qSNkHtruKQNnzDuNowoGHySU -
CQjqngwQ6e1V72X9atGP5mfvSNSBbVfrrVTwDS4ttDYE -
24V3jmwm6Af26vkUmiDQVGmLe5LwKjeEw6NSpbGTeefb -
CqHvPL5nvXcCYTbofb9EDuh3P8YX77iNtbLhrNfV4dRz -
FkaZJDiXrtwUCTm9Ecb86DbLcg1qGUWFENGgmMJW3Km2 -
9dGSEeDAJqL7vTyADgdyA8qELghR15PEQVnieQ7d3uSZ -
EqadDFSpaQsU2snVnEo1n4en4SrZ6pGtoZUHo2PdSARf -
Cod5V5uSNWfERmezDWpsxX8uZ339CEHXh8HtCRAdN2Kw -
DzGoC8qYtzwbD86ruAV5dU6rRUSDr9UFT3L2KcPcY8Hm -
4kp15An3Wtq6P5rAFoNfzgRfGq4zzEgifX3XNLzEF6g1 -
GYUiRirRh5HSj7KvcCvfcewuWsSdx11LK7NVPnFf37of -
zkxDBy1EaqEkbgu5N1UU7qErWtPSy7pr7dBupbHnZbB -
7yd55oAgVSbiT2o2JQ1bxKDNNTCSxL27Xn4DkmRzUaPs -
5MsnmEWvbBSe6iEVhxBFQX5MnXrvdqH6ffcdf88fcX82 -
9tQ4fhsyad7rv2yTvEf2ssw68K8QZmwwRJV53wtKM4ae -
DjMnY9VoacLVGpS35ZUjx7W9gsTTPZYdyYFrozEaciAF -
6YKmq8hW2tvoAnNRhwE9Epfm9rkaPr13XiGP26q2fAaK -
CvK2dPzDgfj3rQqshKQ7n4ujFHhYjUWmTCgN5Zqp2gwG -
AZf61bdq3oovH3fhxPRfqD55sqrbBG2wiok7bbwvn65V -
DdUMSkpwUhnhCPZkmtTxz71dBBB1ts4HoxTgtaB9bVA1 -
BbrBHT9keFTqJMnyggoi5JM1AT1jAKddruCFZFP4bUHy -
DnUn3rp2doQkFx1kTTtgLSnMWy5yg4vBi85rpP8Qhm4B -
AcoupQHDP5w2Y35R6mfL5c1eiFbXPzseuvmL6dbAhQRr -
GxBm2jwuXgKMXnthGXgkLryEtnxFxCb6RWQDdzvwYTxS -
Gny7nwjwqJ2sCHafoN9tDLxa91hsMA3QPBdYYKQPhEBr -
EAS4V5NrW1v9AK3qvR5eco12XQE2HeYMXbhuPeD2ohSE -
8HQCQQppWSaLV5fPJmhVoWwc4c18TJBMsxf7rgN7LSyv -
89oeNLZZd2w795qbE81EDSYqdqWhBCYHKU37THBLNS6Q -
BJrLC1kCLHYoCDNazyzXK4wXNWAGhuwbuZ6x2Z7NmjF3 -
6m1FmPFvrhZPVPmNHkZ4E9dkuWQBC6BTWZCYyHQpnaEq -
6mcLxeDqq65WQdacB2jbtMw5L4grHdvRqJNiG9NLskMD -
C2xKp5kzwnDdx7zFNQGHcUYEc8CHNn7pJGLY6adLidJR -
3YAzE429qdchbtHxZCHnxRoX92E52mLV7eBfaG729FtJ -
F9YNrjpeQgAoqQzi1kdG8eQ3KhsRvKQ1VavUxnsakPaB -
2i481fnWqD8P5gZdwumy6rKqRzvGhSAHhj5H5ZHfHsqc -
Co5wpWHjafG35nVgyrcGrnUqfm5w2TVdJNNyHZJa9rTa -
6whZcCQ3YSfQg25AmGcEdprZskwCyqwi7aut4gNamgzY -
6rai8PSmPpvq6di8hngV9bg9zKFnCc9JcPpqpvfMbuq3 -
4dGPe45ap7bNj7EKKK9V6Cg3MkbWD81PMUnKpMgaAKD1 -
3AGHeE6MMy6ywmPyEFh4yy5o2Bj2CsDHMiL9QcPtq6Bs -
CVXzMmdRg81yr7FPQdpgRBAt7pHWWctjCZJHWBCrASAZ -
GzqvmxG3EY8QCD5hPSnwEWXtzYinQsB8pRjmjDmbnak7 -
5MFDK54FKEm4BWtbtVHCypwiZabPXwjvQyfjkHWZR2wT -
j4mLTSVbrGAxHNw5eKG2PeMondd25x5C5eA19uWq72J -
EaVBEzgdywHVSapR2US1zRWCb5L49MPAcVJqij9AdCBZ -
8ZYyES7FZqDYPMuUoSR1LmK4kXiLYRTteNAWvgSUBEDi -
3YAvER7tzt3sAjiBeAiFcUqRtaqC4Ytvmz35PD1P3aZQ -
AhkhPue1ApYHddDyNAVQVKKtAW1YbZwmYMYm5GqXsCLj -
3AEFAoKnVU8BccsVp36igF2oE8PUTFe7NkfXXPaZkfCf -
2HKeAYNz5A3AdU3wfPAioy1rJBzjHbRGMYHeJEsYcn2h -
GTZCpZut4gukdaagjbj1sE2D59uvcaHYUxAGWvXVqMFh -
5kN5epPR8v4jBSbinHWg4GMXU5823J5EKp9en1fxBfbw -
A4V2LsnX5Dd1MhVJSDhGcD6DJCEnvkPLQWHvRnSRSPuu -
EgpgmAQ7dXWPjc4JcLxhnh9dfy742pgmaVwFmpfMcxm7 -
2iCvDQuaANywR3wUscWmhwKaZknNRU4hmWwbzp8zNG8N -
EEAskKZQu2FGz5KE6N7Nk2gGSXrGELeeQKe9TWSyCKU8 -
D6zW2WTxiNTPR7xLoFjifGyioBLKBm5TGaK96QgKc4AT -
8TFNXZLqPwwvn3JacmkDmu5UsS7bZkG6biVRjsJMJPLh -
3i2v9fYgFyG1wuv4ZTn1divTfTKhTK1ApUc7n4DaByUd -
2LmuDDSpjrjYk4gRSWc8jbjA7H6FJo4Ht37sGavGjJY7 -
8k1ykmtMmpziDZqb3mNDVRpyDGhntojvbY9QRT4gvaoZ -
9b5Asn1u5BeEzJkLg8GYYYGnxvWkdurHnALaJxM3DNq9 -
HRgDUShdcUuuTACSmZv8GSuVVH45rXa7YMd6QTUZKFpq -
CJV8rUk2YGggjEqp6fJoKqKYp4UBLbDGRhYcHbLbu4ey -
Hrtm4rb57btR4T8rrk8ER11duomnkYfcqpcwNNZi3cu4 -
Gx3xnbCe9RGH1im6S6bCzkHSoZfqH8aKCYtv5WHiB1kE -
66SV538MraLtpAF5rXc742ucaBPmnjDgq8Ed7S4Tu3ve -
2tfjTDYp9iHkbijWsSNfz4FLnTWqJFRNwNiE39u4FS5F -
2cTQCNeyUPQSY6KC2tuZSh16CnTf758USyzqigKikLyK -
8HrPyGFQqbNcjXLJBgTnCdie1ZuSGp5msw4xMESmnApP -
3uxd19oUefvxtDN7aBSEwTvkbNLYmx1bqKz6VXs6z9jq -
7jQXm6HYbHAmZ9G6YcLPXn7uRMYmdvRGUdGpjn64mnH9 -
BRdSKpiUjkSXyswpEfeLdGvgPPsa4WsvKoVeCV1qA6ht -
FC6S3zFHT7GaiMt5f8juPzmsEGKcycPUGgx82VBiTQfZ -
7mwZHGTwLNX79tuCfpdLeeGbbtiGrRim7KkbLswapFuv -
Gc9kwY1UpMv741xCcstfn2PXywXB2xQB5oLcjZDNPxdD -
9oQicqetjXgyFueQP4vCgCJVSTztDgLTtjRMMbVD73Qk -
ArfDuCMhqTJk5i3CGhUE5Ls8dNvDXh2FpzciTfmGT4Yc -
AK1ZXZvvsvWGP7mrruqV8ZKwW15iNhX97vaNhi1uxuGy -
CqjxyPbtiQskTC24YZHmQB6wk4YjKDSLojkCTv9pq9G2 -
6odWNg25zR4VdXWFzAvRMBiEVnZciEsHydiL7fapLska -
GsuWqpomyLWUoxbfneH93Puca5FU19944hv1WGkbLQGa -
EZQZD9FkSfFDNzfE9EtRgTRCDGCQLo6hHftPh1ZrLD9C -
4g8i4ejeTuBC68ADdJ3KsQzYrGEZyDsx4i2UoVxPRut1 -
HAi4jgt1PegpnpeTREGwh36Ts5cZgo4srsnqaoku8dQw -
CMtrbEKk8roxuxuASTWQa5FJW7uLgfMcuLw5sq55mCXZ -
2ia6XyWfTafeuGGudW6BRDrV2BbAcqw8an2fGbRo2gKz -
4rs7ruWtGCjSJPXVHErVELhj2cfKXKCwRv7JiKKZoyvH -
5kCJ3MB9SM5yrrawT5fB4gzxNhhE4nJAyRBYsHVUS3TP -
9MPBAWrbTPeVaq9NZaooQr4G8FiFF7NoxL3pSbY7LpqJ -
Cekhi5Q9GpkiUedcXRM9i3QsNtsTDwP9W1G6FErmBMYd -
6ssrBMC2epgeEQtLMF83y9D9MkDuXdx7WUJdsiWDrHRE -
AntXPoTA7U6L7qWA6zZR1zEHJaAZa5yJzU2BeUR6wSj1 -
A5yZRfutjMVsdhM8JMfvYW6XiwUZfYSthQh9dyFudrGn -
DaEQoeHHFjzCFXAdJ74tTzoNi3myhYcbBuMf9Zbv9FKm -
wJgRdBHwjn3EWHxdnakFz2voSBjcQHC18c9JrExqtHd -
FzR1jbLay1xTp4K11rzuGqVrXMFBz1ceH1SED5hxY1To -
HhhASUH63bnBbxc5mGttPBrciwLHF86xFhoqEQgyT8t6 -
CyLNmxtSY9rHwkyRawq93YL5a4wuVrWMWq3ePek2A7Xd -
3fT6E4h5qneHwWYA9Qcbg3gaddsMxmc2CpFqn7UGu9hU -
C9qSAX4j1g4TPp1GNEQdL5CeTgHF6ruTN6b9TB7XdqNt -
CvGTRzbDtGfLCvw1SnuVvSt3pL8Mx95m52soyL3fU6Fd -
2ef2wxuqDzcdBJZ7wocrRzzKeCamL5mX2gGggHTaPQa6 -
9q9Rfn7ig6CXDySWGSQnepKo7aHGt5DpsKbTJArFaQty -
47XHypw5pza2divC4WuJo13cRKjy6as144mZWZiP5Muh -
6sDmPfSpJUDbFTnpg2xoKF9jJxiWbT8rdVqj3bERjEuF -
5jtz5atTv7LoKaxrYbcqG5JLLjSg4bjsBKN1KVumtT5q -
9ZUetviu4HrUGkssgRWg7jgZUGSN1bCvZBdZVSUSaWKA -
8NHVrhrMwGMRQuL8FoCMoi6Ab4C27kWsetcqVB8mBFEZ -
6YuYayzqPdMXbHDjA1fPq3z99G59LECUeqXU9b1tVzh -
5ADeUKHxH5ZuJn2aLuAaVwkYBaADzwdo1qm8zmaHPk1p -
G9r1j5rDPEyQrGdBws33gAThw4g5tjqUv9VLbYq2quQN -
H7v8QGs9GNyWp18mjaXyjPJ25WmxHXCbFesunccN6n6X -
45LNkkPA1mkcxzrfjjPSRCgf52L2b7N4kGg49Nnqy7rU -
7Bbvpo4ULPEyg5HwbcBX5sHQzkPUSGECobi5hkJw3udK -
Aq6bGcvKTGxEs4W4wB4ePZJJzNq9m6KJPGyHwCCis7jD -
5LJT5WkfkBEF5fKQXJTF9sfqB8WfEDTm4MrSKgt1k8re -
H3GNrdxSoFkuV7HQ1CzNkcVzjd7v4SdP4pkJ1FUDpcPf -
4bp86jbcpQBBpNfbs7NuhLpJi3iUhkVX4foNmS7sZsd9 -
AsfCCZLRQd7ghdfYSSP3SkBn6vjMczqEEVVbaUo4hbJT -
Hdpj4aCq5Up3Mf1FNmHrJk8Fj6sPgfV3U3ZJpNe4Fvh -
AS48h9XejBdEYArhXPtLDicHhrtjUV6gcxAAZMgWPgRb -
D6oio3NNq51ExxM2riBi9yb7W4VVAvexYZgvmqgJ6FiF -
55oJ7ZyWw8bTVYYGWaUXLTRreZoDfpFpSZbf3vgqQyz5 -
C3a2573YsEVUBWxgtPFLiz7ke1MKaoAg3JLsdP41PFnY -
FErGBf5D4iunbLmQCLH3riRzrsx1ToZZ1QEbr5p9AV7U -
oUFJNj5XvvXLuMXkaAFm7FVH51oSeYqfH9THeAyZniX -
Ftvc1UYtSUjEPB6bgFKw1yYrmYKkaVeQrUwgcGiJh5rQ -
CJuGDAEacuHVmEQawDLdfe2MVh3RJ5n3B2pdre2dRxHi -
DeLG5eo5X9pghmMsCxzC2NNhFVS77JnKRm82pC3XdWwR -
BUywfxnggVJpvT8Po27qNMCpJvmbQjTMk3bxoDVfef2g -
FPkyKktfe4uVyU8ZbKqmy64GaHr6pdRG54js1HmStZ49 -
46KQCuuHSmkvZWejF6qqW11jPps9NoiUy1PCJ2h4NedR -
EhfQTmPLyz8Zwbgus4J3zwyzLEKLr9qsoVcpgYBzcsL6 -
67qoS4YapBfpZ6HJoaHwrMeftBYyb623wtzFJsDjaBUR -
EL8DVuwChnHgs83pE7U2Dw4CkqarpadDwqHBoCrW9juZ -
YWXma6TvX959RsJfLDa9H11AGUAN2v4XQ4YgaeKETKp -
DF2ESV7oRNFXqwLVYbuJ2tK7j2uMbnDD8HPGDTKL3ZnK -
FcYoxRNgzJJZ8CBsYrWNpPGH5w9t7RgCxDiZbacaTF7Z -
6yujCYPr1CYSqmhsqDPDPZzba9tdG2Fer4PZ9HXbPZon -
2hrCQhK71A9TC3iYnHAfmshbxTZEw9zzKS62LTHqdLh1 -
81rk9cDHhQLJGznTDKZgAxErPC1zWg4RLvuiZdLMeuEm -
337cPbvNJEYGGxukVNPSRsB3XZSQ7hxieCruSqCsLxPj -
7326JNy3C37QiNCgCzmkfUG4rbrL78HAdqgzcDr5gyMR -
3CiZvgqmbNTi6XK3LmSSNYifuA99UkAdmAYMX1qGHE4k -
GLuf2xh17Zf89ufpGMeNEDwVG8vF7hKn2BtuQWApfHB8 -
6hvz1jdkYfMAmBPJr45X8zTf9FD3KfpKLvVmmepSBYn3 -
5EvnHV51vxWxXyoewg7RPeMwABfyyxbkjqKmstZH1x4j -
HzoxL262h2Ckn7BfvYb5v13htPa8MKQwmRfTc6N1wRo -
8WkiCaFafeWcEqQpSrN1kKRNNDTyaZ7XAsE59rT5HzN2 -
5xS5R1cnVNmidb83wj8WQgjrxjw8h8sCn7HP6zWPqZ7x -
4PUJ4ZAngvR7J8uVe5zKiArJDHcWh6XH4R2rh44eKi7y -
DLdPAGVLAsJdW68oVT7rg4wVdqK6R3fbuKJMg87kvSEZ -
EZVPdLfNyp1i5X8KmfzFLBJURCXfjA4DNQ33jX4JGr5V -
32vJ6KDrSQorHJgsrPSu5xg984TpYe5Ugsx1jCB3zCh5 -
CfsERTEE6mf1F4apPuT5JJhkUmJ6Bmft5nGaGXJ83WBN -
Hd63SHFmZpzckWijokPp5oTGWyRYAFM7W7J3gCtbvUvY -
9aq8cg619hRh1PKXKoCjh3bacJqmvS4yF23b3bsP7rZn -
CNCdXe2kFF28sYfUWKyTnmLjGbjt2Ee8uxjYmvQSMhG3 -
9mUoVUu2HLe7nn5gZPzK9UjbGPXDdAyEQRZUGBn1NsKq -
579NVsT4GTcqzZcAfhZfyEGSRVpS56gYUXpYCLUP8922 -
9AHzE2pQpwrzhkJspox1Un6uZbA2x6UVnvy7TjsYZDMc -
7NqxWkywyxt2nD6134qGLshEeJrhAY3cxNwyiVSQUoxL -
96j1YuDQXbTZcvjSyqTUkynvzTAGLnzu6CnyXMviYn8h -
8xyhxvK4LJG4GEaq29eKxWJnxHV3HooJBporosXtR4z8 -
3quDoWiAnr7aG1nk2qK4EvnguKL7yKPSrxNpAbAdfpeQ -
2i1BXuJsuAbDzcY8NGvBovrHLBb8GF4wATTg36Fo8uta -
A8zT6S6uvHDEHinEpdX34Noby6f8utmK5JyxMkLLTcbo -
FXgh8w6zYfNZsCFPkkNLpseKiV4iDJyLYxmhN7LjdykW -
7d5AvRKFgAWFTWt5RYjUv2gjn7WQ5E1KhuWxy1EHkMQa -
2HG48rUPAFVNeVxYHdXwSVL9u5wx3RzgdvrGEUtYzt8s -
5NGw59wYAdomkbtp9VmonnxLYqMjvzvkAbcqMLxAXfmb -
yguSxqHyzdjW2YGxgLdj9pebAkHaM2MSKWnHARk3ssU -
2WcTmsmQGYwvN9j7zyBhPazCFjR51GCjh8pNBNDyMVLc -
6ht7ihWtxQ34ZLcVVuUjqcf6c9dPf38LDWu9LJG9nahw -
9fcSGURVtvKRXCVdyqsohBBh4LkmAhD4TDcvMMiTJ3YK -
mAz4DzoYrtVZJepqVpaW8GcExho3mzXJfMc2YTKsGCv -
5k7UK7xJAjusNYHSyS9UjkFnsYVf8jGEH4VPFZ4FyzYR -
G4VLvd99eA53QUp3rDTX5k1VmoSzzwsSW9aAr9qaNEuf -
EovfyoZNye8vDUYofmpXxJGiBKB8MHghD6yRsYBW1bof -
79aawTUpCfN4rJJVmwxn6ALqWb4WHmUxUo8o82x1Qdyo -
3WruXpnabZEayF6TuDwyGkYJb6waNiXUrA1Dpe42NjfB -
71oKpJoeEV2R9zXvNbEXnUqzRjKos6D4A777KgwHQX4f -
8AejGdecuERKnRgqu8dnDGvZCbGdMRWwPF9mX4wr83Rc -
FGY9XDqv7WZhUKRWJpBw8yyuP565L5U76WjjfgJK7SWW -
7jQ4sjc5yj86vHHqzJoTnKND8Xv4Gq26qCsTC4GJH1V8 -
8RFEbpccJ5nY4iroz9QXcX5PaawiLmWUMmtpcDz5LKMR -
FxmvjNTjRtWR7752go12zFwTR2EkhpHWzQ6t18zQawQd -
8tBFtGCaeudsNr35voUFX5bfMcDe8XY7VG9he2wTB37R -
6BUBjTueyXFWfcRAqyPWTyorLrNt5gX9Fj9ZCTDyq5x7 -
8stHQxc2GzrDnodraLn9em7kveagVw7j1VEN8fRdBVft -
GBz4Xanr2fVwLg1wbsFfWx5MGfK3Eu5RAHAXaKdrUGgY -
4dwcLmruhrfk34TPhcCLC4e1LjDZTrR5Ru6UHd3TDr4B -
E1bnrWs3EXiQkD36QSiW85d14TcXzXJejXCsBqCdmxSV -
FnRaTyA5VrSsHTfCsDraBu2inWJu9aPKTH3tQciHaTZY -
BsSDHAeb7T8CgSituneMMQNehjVji3bPuvPVVHhjnNbD -
BEoBbRMdxubZaJMsg6oXsaJmg9arUfSXsXC1VTS5MjMK -
5fpMonU8xATpRKj41nFBpo4UdEZMdFEYU9XTzMC85iz -
zCxZ1EjLMoTkqJTqn8Go2obKCcqVvphyJ2VhcW7kvJx -
B6hyCk1RqzFVF8cDTGXiEoXo29jqYTUGcZ8NwMss54YC -
2ppDdTNvBgDv8GCxqbnfNi5vUE6UkGntQDs6UhEtpiub -
3ii86ujWoLXWsTFaqJpotRLP1ZfPyyQsMTPByF4VGnpv -
Epvb6o5eHzq2ek6DKcMtn6kr38eSU471bkoDoy2HD8ju -
tgby5HBJ4Jjwpngs9TRaZUa6GdAm3rQkUQHVmx5LYCy -
8udUjbPq1VVV4KUwmP6bG8xuQMH7D7JJ9G8RrY1SX9fj -
7EPtg4eEwAnNSFGSFGmK2yjPUekeKv5yDiYjCt4xGSaK -
GrtRebAMTdCjpXLj3T93c1FjS5cZvUrJZ1cTsmrbMVRv -
CVTBoKC5iCFKU7T7ecy9N5uY1iJWjYUB8YQunQyHbuYj -
KvZg3jt9mgSXbB7whUob3q6cfyxar8P3PuC6Bhyejoz -
4TPLxSApfiu3nFhsoe58MEyXcWCGKuppLoCXnjhkEoGr -
9x3mjoF5B56RKGjNEwwRaAPW4HZRRGsXUjUYrppW4jrz -
GBmHV5WFfT453UDMB8tpGgVebC9PTtyfVycC79qtFt6a -
EvxVSLUjBt6uw7oFK7GkzHMkZ6JwYkyauzbive13Q59Y -
HQKdE2P4HCCc3NJP7WvraTTrHyP1LWrtYrGnPaKCxLit -
6GgXJDbahDH8MiCtVRJr9zjuSUqS8ToWkQw6khWCbspd -
2M9rjPkVDNvgNexgEbm6RtrsQDw6ktWT66UMKkEWdVD2 -
FwchYyCJXKXEwHhtvDNnqHKJxC6eJXunQ1hvyGbUpe8h -
9h3qfhtQvkRVZKqNjbqu3ScuXr1SKA564viGHiSjPTah -
28i1i37tToRe7urbGHLY7hgLUspQ9sTm3jReiaWyzWD7 -
8W2VGXpjoXncDSBfphEqPcegRGSghf4wEcUsVKJLjMWq -
3hjiYG4b3PtCJaE9ZiW5XJmc88P5ZPLgiZpX9p8XRP5e -
AYqd4ZXo42bnFesbZ2Mw87xsHmHHyvMMSoBswpjjnSby -
AhqhQp6xJpj1dbhyqcSBDyXwtds5ehh4z6tzEpR4QkJY -
5F8RX8QWatKouZuDxLAsdPaMTvKYLPnViG6FEABrX3BE -
HryP3RRhe2t5j7p5fWVewAGdMkpX67j61N8oZYLp49Ey -
84xoRpT9mMRCcvYaVANZPsAzYaP23aLzMAQ2AvFtRLB4 -
4WUuDyAv8ukBDnJox1VXnPqmWs62eB4qiiBjvbRWF2jt -
3ZT3PRx2HWMAnFP2gbGcuFwSi8UmPpywpBpLTiHuh5v9 -
HScuw6UsbtmVQW5WwK4JRzmbPXXGDzW5QqzWw3C39fdW -
7LSwrRDZSP6Q4DuXqU3WZiv99mMJrANmKQ3EQXTpz6xs -
DDBvrYVWiw1kE4Ch36Whdis59Pcd66jVaeJZRyRDMZw8 -
3r9LJB5cmXvGxEQ7udeVJnKXvMUzqAMm64YzPpyAtV9z -
6Xy5VcSdKzEv8ULsQ5aMNwieKgb1VS9unMKD2Vu6KBTU -
