12BmUUzWVXaErbUPSU39ZM578aAbvzJvPPyTDAotgKUr -
12PaFjp5spFoi7Pf2My6XrftjjTdADJQJveRPQf4aF3K -
12fjmdhAFp1DNti5b4kFi2DscMdFFsf4E7WaykssCcWD -
12ti121ErR3je7H9kBH6SQ2S2Z14Hq72CfpFQPeHPMUY -
13Abs6usTMYD572rexbbTxyNmCmvCYa9MSpLK96By9zR -
13gohJCog1Gng3xLKpfzZfPNM87shVq7UzfraKJpfgBs -
146nDCMuGJXYCUntn5SyKXtDjDJtxChAyPnn5JncbJcS -
1P2mQHf57jcD2nsvbAeqWArGrmN8WuHUhmE794avaD9 -
1guS26TWrPXqGc5hFDt1KPPUU7uDaWBEn7ZfDa1zRmy -
22FyCHmrGP9jUUZsiGjkdF8QivjGjfNbqdogtmCHrxpz -
22rMqDgbNMx1xSTCvxa1VPtE5UijF8Gno1ptrQaX5ruV -
241ChuQ12zNPokdxyfFburmXzmMfXDMqRdfTAw2vYrwB -
24V3jmwm6Af26vkUmiDQVGmLe5LwKjeEw6NSpbGTeefb -
24mKdLyfMjAcsKAphw2vMBzzprABProHBiqd1dSAnHk2 -
27zh8vyLPKxacb8Ujr1aEDaeefc43APdsUZxrNcK7pCH -
28PKY2t2KWo53X14dnims8PxNNBA5hM2KgDrXzMKh7AB -
28i1i37tToRe7urbGHLY7hgLUspQ9sTm3jReiaWyzWD7 -
28wzFHWqs9XjH4eTiNMK5Woy9H9EHivFbCH1GnpNd1CV -
29H5k8ewRwCtHBmo3V4aBcCgjBCANCqN2Mru67dtjopA -
2A4kgnXap6ioEZZ9FQtBi4618P8LudC5f9PbNccH41aG -
2BUVryuDJCHGRzGPMnK5ToRztfQ1Y7SWgGq5DKAiEko3 -
2De6mYcJkwawtAvdCvJt9zkYUhYc9dXPr1VBTzyqE62s -
2ERrwDgkBHxKbibLHVJmDreq22KK5iSKHbfMkJnhUK5j -
2EZT36Fe7wpzuaPwkJzRvvYUrp5AyXMLpnxXJcZmA8Eu -
2EiBoLb55HX2CZz99eThuGgjLsbj3HJAxN5RgBm611CV -
2FcCXN5EuLJvCiqHnLGXmSyJPsUouKPBW9bUpmnC6Rfw -
2FfuEqUB8SgeV9B8n4STVGnNBg74MHfC8trSG2UEqWLF -
2Fpr15UHd7MeUaNUjRjHMPZRkD793uzcNoypGg6HJgjW -
2HG48rUPAFVNeVxYHdXwSVL9u5wx3RzgdvrGEUtYzt8s -
2HKeAYNz5A3AdU3wfPAioy1rJBzjHbRGMYHeJEsYcn2h -
2HyE8QvwtW8cBLDzQuK6NTzTH2Tr3VDUN3UYVNu6rMGt -
2JmQ89xeT3tEsADM6yKisV4c57gb232mTJmtzPdvbChY -
2Kad32PDFCcZVpiCdbcyMwLhKP1cHQqVgtKgeBKTSHTe -
2KdAT3L6FBjWuZmBJgTDo3dbJCEM3vptNhPggoSBrAha -
2LmuDDSpjrjYk4gRSWc8jbjA7H6FJo4Ht37sGavGjJY7 -
2M9rjPkVDNvgNexgEbm6RtrsQDw6ktWT66UMKkEWdVD2 -
2MU16HxkzxTZgkSPiCDDgWieA5uprP7aTzx4Y68hDN73 -
2NFHziKy6e393xtUCCh5kjmttP7XNRPxgV9vYVwft9bQ -
2NJSEzsFHJMdKBeQzij6gmDWbKYUBdSpm8gXHLMwTXbY -
2PCKDJgUuQc1DTXNtg51oUfcvL4oBGzaoq1frcr7gndm -
2PfAmKbCJKJZGZxDYDf9VHpp68C7CSySHjLmBmYWqgvA -
2PhbaaHaRddgzntykJRShqJyoYnK198d7Hi74Len4PMV -
2Q2vCt37XvBiJ2TBHVhX6SVE1r4GhDjJ9dYx5q3HyJGE -
2S4JiHwra8w3iAHxVgqdxF3ZHgjZpisajaYMca31Gg79 -
2S9tghNGLtfntqHa4Mr8uW3AFUtqhgarL9peVcf3hLSa -
2SBBZauuDReq7jKrDnKfFJFjgNsXus8RqULDobS8S6VW -
2SDG9SrmPrqkvSrHVjKEMDFDAjRyiFrsdydQTZX9NZQF -
2SzqyZxR3oMgabJadgTYqEZ8ApGLYpnJsmxKEeh2PyVe -
2T4qov1QX7oaCkur2ZuBLYSLkDZs2kmQSbtP6njddmv6 -
2TGw8Bi1PrfpsAmKS8enDYXMijTTzmucdvVBnpYDhDZi -
2TSrRWY9jhYenvYFePdupi47RywAw7kDc4xjiFcxvEuw -
2TvgPVEe95rAuW8EyBJJ1DGG1vw6QxoApQ4qkRxrzXEx -
2VhwwzkqHTtcfJ5KRPeqWvCgDWRqPeRHxq7eq8LXg1Gz -
2WcTmsmQGYwvN9j7zyBhPazCFjR51GCjh8pNBNDyMVLc -
2Xq3Ceqadhv9RAyw82dfWHdiUTE2MQMymqBZ3eiJaPFP -
2XsKSAHUg3YRpjcf1G7r4zFFNzuYgXKZChAYGx8X3GWF -
2Y5RY5dcde3qcNunEH41G925ByTuD1cnB8K5wMnKgDvJ -
2YXQzgwf71LWFjzhySmhNtTKzbbRLCn5hixU8iZknDVa -
2Za9KzhRXc7MLZZ3wisurSh5zEKxKjymGf41wRvtGBnA -
2aDBkSoZn457ctjJzbnu1G54MH23j659vKU8RxApRKc3 -
2abpqtqeCbx6jmw694SmZnZ2x7JyiSuWDzp42QUzbjks -
2ajLczn1oLPyG8PXz3TeRUqRoZmhKHTAGnSaz563icj1 -
2bZneHQ6QJEanDX1cYCFnx8693udRqi3AfHTgbwgDaDX -
2bcKeMCa2ScmTLDEYUAoc9RCqz57r9f72VFaokaaddbc -
2beGk2JmDGpDotNqVydPg4qBzQ9dRmiMvmDDGNE7kxUv -
2cTQCNeyUPQSY6KC2tuZSh16CnTf758USyzqigKikLyK -
2ef2wxuqDzcdBJZ7wocrRzzKeCamL5mX2gGggHTaPQa6 -
2fcWvJYZEhJtUChJofH3LWUaEbNRutHtexzyDNFtmfUx -
2gS3cp3qn22ym4yPNBmgoeH9dkrtWrVMqwADr3FFRayr -
2hNQgzKsbdUQG4tLuLTJUD6cw7NcEyetHE1cundBsSJk -
2hrCQhK71A9TC3iYnHAfmshbxTZEw9zzKS62LTHqdLh1 -
2i1BXuJsuAbDzcY8NGvBovrHLBb8GF4wATTg36Fo8uta -
2i481fnWqD8P5gZdwumy6rKqRzvGhSAHhj5H5ZHfHsqc -
2iCvDQuaANywR3wUscWmhwKaZknNRU4hmWwbzp8zNG8N -
2iYHMf5Ms4KUJrGTfRwnf9ApSUkwUWV5qAbBqHe75eFR -
2ia6XyWfTafeuGGudW6BRDrV2BbAcqw8an2fGbRo2gKz -
2ifRg7Q8k7Qa7noYvpfeRJkgiP5D16GfSSu5LTNf1zy5 -
2inFgrTnVfE62qbmgv1hrY7gYGt5FfsSBoMXLK4rp97P -
2jVeHn47ynT9z1M7uBFuPLFNeJjGMwAb72Kb5aqZx3eq -
2jhgo1KbWZ586N17jSTJoz9hyaEJzmFatt3RB5of8j2x -
2kQEBRhxoo3YRZy3bAA6bXzG5vU5eo9pLVTsYbQKfyMo -
2kcS6w727ta4ujfKvNcysMZQwnmSeXY96tzF8eq7f1wz -
2mWD7sRVkwj67dwcDndeWEbM1ytE5hBseuzbtNGr8Zhx -
2nPE4EomZSyYt32MfjtEu2Vhs1Yxm9ydrmcrGJXH6GHh -
2nXgLAcHagtCmu3jq4d6SaQzodcmh79bFeULzqHgwZH3 -
2o298mRJARLNMvcjSPQwmtairRSPU7eFJ1Rjss3cCJRh -
2oLJWaF3Ye3tVExV5J29318XP5gzuPpVyXfDjiz8r7X2 -
2oTnuwdvWZwP2mGXZLZswCYSK45z3RP6s6FVLmzUq57b -
2p1ytvj3HirX7vSqbQmvumsxJSPBVkxSPYGHEVzw69ut -
2pm6XfHucFkDpT9mkRysdZa8oz4EMQj8R2Q33zYFiBTr -
2ppDdTNvBgDv8GCxqbnfNi5vUE6UkGntQDs6UhEtpiub -
2pugENAwgqYYNnW92BBfhgWkddXbuAoqgBxUvxCxtmrM -
2qSBeQbBvk6VdL6NLMiQdyKB1VruNtgUtN9c1mAGsUHV -
2qkUvWQPXMFBvNHsrP8TnQeCXLhmURtx444BvwbPu6oZ -
2r4WcQxS1g6te2ecHA8HnzZiJNzE6b59gs1BC6DvkVER -
2rAHri6GaRXPvExdVSx2KrPxtXgL5QdEBdBENTN58FwT -
2rRDPtMiuV7LoaxYPZ7BNHtcqSKmn9S1XPufiz4r9XwP -
2rSiEkuVTVozvNu3WtR7UQvvTX6kTu97sSPVnHhqswAd -
2sFbF337iVFbSo1WJ1KtVkDa4TTZpjLj2FT6RVeYH7QC -
2sdfBnbqudd73rrwuuYudLHTXEvUBAacuwf6Z7tTg36A -
2sfZxXFVBSS3Be8D2nkr6NEe8JdwteZsMF18dPpir6gt -
2tDrzUZ6da5bcXkxYWURbTFSKK9hrwCkCHKB9zYvwejG -
2tJeW1pWZ8kHz7cuYNwGUAwBY14R7VUBZkZtmhSpypqE -
2tLZBVw8eEQBw9cfgkzcg1JqhiaAXYFvqfWRNR6wGZEg -
2tfjTDYp9iHkbijWsSNfz4FLnTWqJFRNwNiE39u4FS5F -
2tzRNuuHgDgYD88eJPuUGwB38kRUnCg7T1vRLSwGPtDo -
2udjnGTqchSgtxa3SgDg5FnHxRPocSVqgHybBea84i9F -
2uicVA4GTmaJYFGKWqiQpJCeMRSLnJbYt7onukGXHq5Y -
2v27XRewCyen62GPPtYLLv4p7qAKmK4Bn4VXbNCpTHTA -
2vGKfeNpTqWW1e9eqpNHwa5rE7CGeNJCnn9GGGVYyouo -
2vTvtVEGwnjCr8ShRpHGXaizfVnCLgi5eQoBrqLWFjXs -
2vXCgZUKYKkF5mf7kAbR2XbZfU958qwGy4Y8uVXZ7dYK -
2wL6Xx1vWhW8zdRdZnPYUUfa9JJC67xi3WrHxfNpzo8a -
2xqwH3bouTCjFZUMzxDpUWB8mJSzCmaX6KenNbrk7vYR -
2zBCpQbcnkDPQ8ophkeFxFyhE6H1jFP2j5SuSxkkCxxx -
2zMEv3Hns6Eq1Apw84G1cEovA1QV6CeS153og7kQpDx9 -
2zrEWpbheum72tc2n1NpoYd1cEmHbtRX95s1ojKMLgrw -
31fSHVbputuHGPEopKL6iTHdinhqN9Kener7oURCDBbh -
32WFZ1dTaaFPqGnoKmw1zqXXohGrrxR5KTozPULq2HXE -
32vJ6KDrSQorHJgsrPSu5xg984TpYe5Ugsx1jCB3zCh5 -
337cPbvNJEYGGxukVNPSRsB3XZSQ7hxieCruSqCsLxPj -
341RBD5gNaZVyr3KwznrD41YBNdKk8BQnCv4EUiZpipi -
343yf6xeNCzKCDuqYvmgmfDBKUMk3yiRcGgS8BFTvHji -
35EgbzRcE29GM4wMj2hrN94e4pzQstibnrssPLGFxMK8 -
35VkHbv5DauQAg1upANEo1EogonNFW7E51kUUjR4D3KX -
36SW5E4Qz3ptXjrpa5FsWykSDdqhPKkBy1wXSebxTtN3 -
36ZHQVjvNgqxLycQ8MaGUPF7EkctkyXScn8aZjG64FHv -
37eQhQJTohrNWcTyP4NsyMzLdoLQKwXa9hwrLFTciaVY -
38JtgF3A2X4MKjfyx4xADzqgbcMdAEQuieWdw8VfoT2U -
39thxy3jVXGEcBcmLr6SFoAY5DgS7iXdR5Aj82rkbFr6 -
3A4FLXBTAG3EHMn7qHbqhGaEo6aEJKEYDx6kGNZKBYb9 -
3AEFAoKnVU8BccsVp36igF2oE8PUTFe7NkfXXPaZkfCf -
3AGHeE6MMy6ywmPyEFh4yy5o2Bj2CsDHMiL9QcPtq6Bs -
3AYahRKGn22Q8naLbw3tNjQERcZeFHAZpt7PZy7n5qpD -
3BadvQPP8sBJRWUzrChXiq5Eny6HegmE6CQ7FbY9GvJX -
3BmF3zYwp3ioqt1ECwquobo9wxGNxWpKeTQBi531WDfb -
3CAN1u1ae5eLcLWFeCJkyXHz4vYTffWAYx5xgAuy59Uw -
3CMAjj1L696hbHEe4CkM1F28pRgsrvYdLXVMP3iQKfey -
3CiZvgqmbNTi6XK3LmSSNYifuA99UkAdmAYMX1qGHE4k -
3EmqHeaf5xmh4XF6zVC37gPKHsyLC1e6rsbHbTWqtj7N -
3EugiYMZSXZxpEHXrsmKDXH83M7VvkwishChDvnmnLtE -
3FZmCdDHNJJC9fDWBwkMvgf12JQc4Rexai1pCnsSr593 -
3FkYGyPz75168B7pU7ijoz7zF27PfeHXPtqCrs9wcguS -
3G1L5f4UMsvAamjbJ3tZoo3kUGNC5u8YHyJ1phkcb4UP -
3GYRZkxH8pMzzx7pB5zRuLfDuyCap1ZB6cB69tpRK1Zg -
3GvtFQ6mymJRXXoi1d1KZA7M1fdEySTRpnVjeMU2k6Yc -
3J5TCiK2qfXuN6iui3zcrHYsWMCr9EtwhncMrFnNXt8R -
3JF7C98Kq2K2bCYSj6Y7fvWzdNoXf2ky93ik5MVv3AgZ -
3Kebva8mbbao1Etdn67MAvcjM4kgWgXbNMTQ4Vq9S77g -
3L2PWikARxYecUCZJbS62gL6cyxdPvN9wu9odW3tySKb -
3MP6ecjYuNuWGe2uzgFNJ5P4sCx6Q8ANp9LvD7PuDCN6 -
3P8UuBUgceL26MQ3ptP2EQ2NtEgKvH8RhBFvJvrNYQrf -
3PTLg3BURnfW4WwDt29WxGUjD6jitVCtWXc6Ta5oqZqB -
3Pmo8Um1Fzx4JqRzzQjEg95PVtbbmEXMTtufBVNSRGYb -
3QpS7BkMxYTjPge7GuACzanjzuawwvzFUxjbinmDzwdQ -
3QqaC6qxFdgyq8eDoiEU9E4ZVHAjknxFoZKJeuRQW21A -
3SFKmhqrhqdYnTP1Asq9LN9wsZGNzcmzJQ5st8R5yTJx -
3SYwhQK8JQGiSEdpbjjLMvwvaube7d3x7Ly98yYffLoq -
3Sg8jdm5gafHqxdjsSeg8ksvevo9ZZoTHB2C92LXYJ53 -
3TS6VdbmLrjFaPuXcvKwYAPgDwDYMwiPbXtbBae7mpZz -
3TcYKbWxCdRsLrfMXDbDM7UiaQYZsrsxLZgLsFmt9woe -
3V1w5HSWKWooy3XVC4sPXfPdWkkhpuDuTYT8rSUk9PbT -
3VAER8af5pgUdyEfps3Vf9Y3AaFRSE5nfG7NSFgaPHNk -
3WKHfyBJjeRxaoxy9dSTaatz8WJcBaKiXG2cpMudULaR -
3WrgJezMpYwdr23xKwny8Rp5ftRZDSVgLMw1eRTQdSJ8 -
3WruXpnabZEayF6TuDwyGkYJb6waNiXUrA1Dpe42NjfB -
3YAvER7tzt3sAjiBeAiFcUqRtaqC4Ytvmz35PD1P3aZQ -
3YAzE429qdchbtHxZCHnxRoX92E52mLV7eBfaG729FtJ -
3YkdRJ7HkuTy6DmuDjJ4yN3dkbEmbqeRsqr1A56eTPWB -
3ZT3PRx2HWMAnFP2gbGcuFwSi8UmPpywpBpLTiHuh5v9 -
3ZawYpqdYdjHhsGbFQhFFufzYg5wvjRhXqGu4nTituC9 -
3bnKq8JDeMtoStzVsXGRcDEfvPNv1DRCkKQdXofq1CJW -
3cAp8WJwpenRJsK8SyqMmGxq9Fkm3v617Sj85eUYGudU -
3cX7h5dD7QQpRYFvCrRFiAopNyYqSrPwoFmFKi2PU2zy -
3d4f8utrXYxND7a5pQxHh83SPbqF2UpYdxBQM4qrj7Hr -
3dX32Uz54QRALE9dSr32LszhTAfrP7kX6d5iAS97cWyF -
3drhFeV7ZmEetHiZZ1qNp2SnubzBjahutyqPD59eW9aH -
3evXePrGACqLVz9Kw737b29xT2arPsBddsgRgyewJkWV -
3fT6E4h5qneHwWYA9Qcbg3gaddsMxmc2CpFqn7UGu9hU -
3hjiYG4b3PtCJaE9ZiW5XJmc88P5ZPLgiZpX9p8XRP5e -
3ho8nn2dPkCGFP3LQPEtEJyt6YKa6WdD7PUdRczZ3Z3a -
3i2v9fYgFyG1wuv4ZTn1divTfTKhTK1ApUc7n4DaByUd -
3iHD16dm2F1P9rMoa9Yz1h47Sn5XUMEhLMqnaSeKPcd2 -
3ii86ujWoLXWsTFaqJpotRLP1ZfPyyQsMTPByF4VGnpv -
3kgjsotVbXVY3VjmyygVVhYX4t6ghGpY4VUVVrqXdxU2 -
3miy3Ttp2KKiY1qE24qwHRvyyx1SdbGU1yADePVGR8gP -
3mv7inQ68Psa3mAQCbcmf885hV1vFSPH9yy1xR9yFHYV -
3nPszr2wvQDSaWhpASbvaqPcR2gfBBwkz8tmaxspPpGA -
3ned5iAFFeCuKh24ZRgVYHtJ2qvrbdwvKfTUxBj3eXfD -
3nk93qMfUL8HebPu3WnvoLVtCdV7F66wvYenjqkZytnL -
3nvGreSGjshx5vW9HoJuj8eBidiTNNVXeYBrygEPG65X -
3oivGrDojmaqSo7uFGFbJkZRtL1XfqS5izFpXdijDd4Q -
3pDs9LSrJKnY14ot5uXru2sBi29DYjX53cAUTmZobAaj -
3pUTnRiHT5KuutuCuE17NCdSGGiYNbzxchprq9d19TQv -
3q1z3ptEkmxhpBUiExPuC3zf7UBkzn96oRyLWpcPCPQJ -
3quDoWiAnr7aG1nk2qK4EvnguKL7yKPSrxNpAbAdfpeQ -
3r9LJB5cmXvGxEQ7udeVJnKXvMUzqAMm64YzPpyAtV9z -
3tWhPrpHgYsZeQQAD8oaRaRj8cDxg7pvJNmpb6y47qLb -
3trnNVHq9e9RD3ysUVGKEKjxPHhcQf5rTjxqmQN5DM4K -
3ubd6WVQ57rN2bAyBBxTC9kSzBkhhpb5zK5sVemZuRcA -
3uxd19oUefvxtDN7aBSEwTvkbNLYmx1bqKz6VXs6z9jq -
3vS3fEjh6TjyC874n7ps9gnXduLfavs8owD5T36uV24e -
3xGgwePkR3uqvc39qbGZJzMdtga3rJJ6yWEqSHtVGQXv -
3xHhNrWLrxtbHa8P9SkMM9KpDKSHnmifmH4E65eKf84L -
3yrv7Jv1K5wxDSnCQPJA3mt6p1d1i13jRYNajh8e6auk -
3z2yE8ufpFJFtoPoCLMYjf8Jg8oDPeX2Kk9i7D3zyy82 -
3z4c8K1wFrwqWVLSqFBmBHbhs4uRDtGiuYFEcvEs6egB -
3zNemsTXPZN4wz9Jmfcj2bQwgTwWNxpvHdRC2gGYgTXE -
3zY5qeEupDNETtn3dC5YADht1HGSrpb716Jc519fMWKM -
43FtpmXq97MApntm9aeKdY7BgZKqGzEBDv7fcumndMm5 -
43JjfrefEnWogfXdkWbusMn4VErw9bYVdvg41WTns9o2 -
43MWFXsurCe6Wp47BgdzSoVkMCTvp9NfXZQWiRFchUiS -
43grLyP9qwTMFL42sC8axfXdK6WcxNbdHHoVhvmc1iDz -
454hjuvGUHyv82HEPsBy7qF3B24qUG8VV11eyz9KFrxw -
45LNkkPA1mkcxzrfjjPSRCgf52L2b7N4kGg49Nnqy7rU -
45YUJX344hSjSxG45duu9zC15JhckQeoz418Hk2UvrrU -
45oNb4L6NZECCs2uaZewWFcUkFJhM1e6jNqvqtGXirdu -
46KQCuuHSmkvZWejF6qqW11jPps9NoiUy1PCJ2h4NedR -
46wVdzjvVGC3hGkk4Euxd7GHmJtn1X2rEVWyzfLqFbTF -
47XHypw5pza2divC4WuJo13cRKjy6as144mZWZiP5Muh -
47g2aEebGNAELpeuK1UPnpZv7GNi8Aqyv94A7ZspbpTw -
47uL8veVFqRc7BLKMqCrq65F7WoMdEjdtugRQt3TjXB9 -
47zfD6zVueLyCiwGbHoz3UT7oBMAS5JGvforxsH1inwh -
48ioPgz8zU1ypcVRMHS6ZWcFKU2549gtTS7yzReMSGbB -
4AnFePs6oR38FjjS5sY1PM8aK7mt8SCMecJdjEM4dHVM -
4BcQcrARCmn6vmp1nFzwnGkqkXbhZrMabNx5UE9zxDm3 -
4C96myqQaHfnaETLvdv1giPK2Ak9xSCmfqG66bSxqjC2 -
4CqXNE4UWLNmifC3XDN5qyyiJGfigf8na5yNftMtsbvt -
4D7kyR8NRsqfd7WJPDJUfynbzoWfTt6NSBt4DHi4HfZr -
4DTh61Avb6moL56RqPnhH2zd8fzwQA8HLzrZv73g2csC -
4DeXas1gHtUUnT9Am1y2PhP2MiCrhrpy5xWnfH3YQyCx -
4DiUU71J97Rdnb5QAtWnrPQz9huwVmjVKG4SqJ4KZDkQ -
4Ezz3dsdVJa86dnKxgUG6R3snvhaJGRCBtCzyBoZSQur -
4F57VqjdhDHKHf9MENtxEFRF6eahMT77Zu96KkaaS2o3 -
4FBowpCeyab88Zb66qLSGvVcAgmkUwutysWQhxK8EbYV -
4FDHedJ3yHC34TpGEE5MhV6P87pbXdvv9TVyMpFm2W1s -
4FURacMuoGLjHdjek2YLsFp5tR6zgaWRnjQuasQVVmhb -
4FwNcFGo4uWTGUSPRrdgz1YYgMELT9pcjjWpnXjTAvcw -
4JihgTQWKXTSw1qJVXGMoHtYCDpAY2mjzdMTwb4fik8L -
4Jr268kzuPfN9KF4WyU7dMNdizKGGySam8mqhx65cCK2 -
4JzkzP9uCt6ep1sFtJvJAGujkdGJGNHiX6RyoR1ohPBH -
4KaDrcSVqwrgA2m4BZbAmHLMykkQhqqaG4ixM7AZBfdm -
4LwiJbFE7hiVxjpZpBgukVxCeXjXxu9BNWeXV7D8jnAa -
4MekA7hjmcS1Z84bAuEpyPN4dvzXmnZqe2P5XhsXtKJ5 -
4NX7Fk67r1ash5UAwF3brerx192CVFLKXtUH3FWrvZsW -
4Nc5cdhxyjyjcFnxagCK7ddvJWJAU8UwnFHWM4FdnncR -
4P61kBfrby6bGhoU8bFymmzuyeoK99AdZvb219rAtB9N -
4PUJ4ZAngvR7J8uVe5zKiArJDHcWh6XH4R2rh44eKi7y -
4Pmfe2AiNfw5D84RsK61Q7MypJTNyofC5BSGfBN4FMYJ -
4QFcHs3ASECzVyXuTQi8eXxN8RS6RgQu1WvJXyfyf3M9 -
4QMu3oe2iEcuvpPA9mDFP8wJPcgijWKHRRqfFdXQkV1s -
4QNwcQzgeYX8KoFpXP2CZgsY2kmJ7ZK9jbkz6suoWzUd -
4QmBdANJ2EBFKgw9XntWpMTQK1XC3qybotGn4FjfK3HK -
4QnXcKyymPXJ7aYZuuC2RnvojwuCgTf3dP3KoV3z8ZNw -
4RTkrNM9vAfqPpupEQtoc9RQscwm6jUopYLAheEzjyJ6 -
4SUtPBygs7TzEmoJ212fEkYNpLehzJSBPE9Gy5SypgfL -
4TJXTJTt496M7ohPJKD9dXiQmRcDXrQY6hFgR2EqRLcY -
4TPLxSApfiu3nFhsoe58MEyXcWCGKuppLoCXnjhkEoGr -
4U4y84CZnTgkzDrsQ1vGbggdt1uMoRWj5vCLqf84iKmw -
4UNPpg658rZ7EJ9nGEAWC7JcrQRCPYkeHYm9eXFKs7ib -
4UNsMAvusLqKMaNedJeJTGaCnTeDAhx8gCSHFiPcb3Ac -
4USWNXfxdqUtzUxFTdoCN6RSuUB4nNCmirhNngHRjSyy -
4UmgQCC1Qrry7SCpwhWXCfqinnvhU6rJh7SvHgqBqLoC -
4V1xh6CFm3YX3jSY44hxsg74FPSx8bjWrpNAqEiM7Fwz -
4V5xoGcueFedpyBfGetr6AaGAzZNZ8gk22zNxWF5GwQ4 -
4V8QmWYqbwmkdHrHxCL2njV7DF5g5zpd7H2AWMR7XBL3 -
4WUuDyAv8ukBDnJox1VXnPqmWs62eB4qiiBjvbRWF2jt -
4WkCM2BHJGQuRugGa1NhPJmzLqesrBrcicFs1UhieJYs -
4WzWmvfHvnBmNL5tXbtEjdVLDJgrvUdKn57PexdBfQrX -
4Y5Gn93WZQmYFt7tB8JxYaUiYQkB6oAd7cQGVJz49ATp -
4Y5owaph9fFQNvg9waRq5hA5cwouT9XVrE9Vdr13mwmi -
4YgmLpdLHNtxv5YvvyGSShe49Ys3x4FrXcTWrUwYyGn2 -
4aHputBxJpQDWWsZu7cgG8o3LaCjy2TFSyY1TgVL2jKF -
4bp86jbcpQBBpNfbs7NuhLpJi3iUhkVX4foNmS7sZsd9 -
4c116wwanLZAS37L9oNqRD5hMhuA2fx94QxajKQHL431 -
4cAwqRANGMWK5YsRU4U2uYzN3M72zTFAxKnGm9LFXUYF -
4ciB3LLSHbNQV6YRucVdGCabK5WZMbZbQPRt9qLLX3Cj -
4dGPe45ap7bNj7EKKK9V6Cg3MkbWD81PMUnKpMgaAKD1 -
4dwcLmruhrfk34TPhcCLC4e1LjDZTrR5Ru6UHd3TDr4B -
4f58x6WqPMU15fwhq24TQVcwuxWvHY72HccUhwnmzi6D -
4fBXbmxRmdB4LaefpsATHx3DgTPF5dy9uEPg73NSAvwi -
4fZF8wxJoynwuMFnXbdJ9yLjcnWN4qjLi7nqbSXSpsoN -
4fpeVdKYKbZxoi4g2Ztx3A57sygU6HoNJTkX3u859m1f -
4g8i4ejeTuBC68ADdJ3KsQzYrGEZyDsx4i2UoVxPRut1 -
4gHGT6kBKyi659JQRTQHP1L3e5ojghW8i6aLqvAwF4RD -
4iqderQLYKtBhbNA3UJzCCQwSQNqsenEafYfrHmm7CgJ -
4izj5NdrVNFrgKEDP4SxojzCy9gHNZhAmnXNXYeM1U5Q -
4jcfyiPih1xzZ3xiDGiMM7KzDbycYKNrKfjoXqDZpj6H -
4jyPRYYB3N61qxUznmmdd4j7x98xhTU3wRBgyt5PmAdv -
4kUCUHMi3vig4VJiJRWU8HUJLux7tgGb31E9s98Fp71Z -
4kbfAfaZPKpJVg3bzCdGRyxMTJxivAPrNTufvyqcaUjR -
4kp15An3Wtq6P5rAFoNfzgRfGq4zzEgifX3XNLzEF6g1 -
4md9HuFB2j57HTJTzE6J3YhBSXrUDiJBeUsmcs3wJRhm -
4n6QazJCJ7aujWyVqDSYry8TjUwqmVy1cbish3cq5X4f -
4nxoqSYfDyboUjL31nCeSxf2ve3CeG3QGRDW28KWdFLy -
4oJNWiUsZ9oGL3ZNQdKN2cB7c1MP69qUxY6A2mULMtMp -
4onZWx4nb8AocRTWBth1eHibgfYFNjQ57GPUKGhD1m2S -
4oyEHvH1st15Ng85enYzXEboLNRwUNv4QbPt32DrpZm4 -
4pQ7B46rVaWwW8zgD9RS6zd4VHCsrt4R6WHRUUni9uUh -
4poBEnbZuyPcP5efD4GKua4tqY7PKXYYgvhtzVN8Kv6d -
4q1QitTzUs5ndPM4pAbeRYamBUaTx9QugvYEu5xPnCqE -
4q2rwFQe2A35phHxD5xin1WzALb62XJX51Ss9np6xtXK -
4q7Vd9c3BHG17r12UuLAFgSjJbBujWjX3UURuxZeE8vJ -
4qL275T4gm136FoEUiMWg4zxMGATyc2QKosLhcqgCrRY -
4qSP4LsPDCry47NEN1AS23HkGnNYWun8Mg4mnfiBMin9 -
4rLRWMgu6MhHkQXAkrdgriYrVNVdYpH3FWZmMbvaHgWT -
4rnEty6JJZQkgExxoK2T6C1hdz1DTntCDYBAUKkUsHq4 -
4rs7ruWtGCjSJPXVHErVELhj2cfKXKCwRv7JiKKZoyvH -
4sURJjKHFkC5GtAwjVDmXcr7nWgkADRTVeNPQieeLhQi -
4sWPk4AKY1usKvLnSnSCcWdxf3pFCebMy7vGyvgpH36c -
4stn6w41DfcqqsJyCgap7TvXEHb6M68SVBCNfwbdL6om -
4ticPvwcW2VCkbST4QR5ejdhfCTgjsM5yXxyW5QhbGjC -
4tkBgweSfdLkwox24Lkapuiz5LmQZdusikPaepT3yEko -
4uRUNm5myUnJEmYqaavEyzYLaP3KBJBkV3gkYSmMKn4s -
4uqRCmaNC43ipft4veTTJfiCtLHQWctz7xJ9hrAtaC9Z -
4vT1e9WyFvqZUjc4JR4rqyamo4zo1q93rTpxvJUg2e8E -
4vbGAX49NxZ89bJPM5zfuMqaG45rczmCDwpczTbutikB -
4vfsfwMaHpV7V5AR8EMeGKUwQiEZxW1nprhMbHwWQxgX -
4x9ZkobZzFX27eUPZGr4i8xUwVWUb67Db6C5MkY8JtZv -
52BJ3sMXq1N8RZpCKxR8jGv9nyCeU5Cy5Rd1S83MXGKH -
52DK9zqS8BpDrb9gpNdtm3jFNR7yrcADpCzCN6v7UP9j -
52o4xsp7wPmh3gG6SWSfdP6zm6ZmqX9XoHRTv4jdbHpo -
5336k8Kv6bzizU5j9PCr1BdjQ7d3MPSZepYFE5j9eAqF -
533w2TbGBK7QfnQDdH4LmxsjpvVwMAL3NKoLVRcoQYgq -
53HhdkksApBqsh9TMsK7P1Yas8nbCmShtPi5Dsfp28Cu -
55U6b4cWiyRUUmWn2efEZWL5ZBnynnBqohXLCGyE4tJJ -
55f1mBfRE3L6NANTBGDCrNNJRtBDGhw7KrJzacGbmgn7 -
55oJ7ZyWw8bTVYYGWaUXLTRreZoDfpFpSZbf3vgqQyz5 -
56uAoVcGG2ExqsScWWysqH9B82ML8EueiX9XGeZVvA6S -
579NVsT4GTcqzZcAfhZfyEGSRVpS56gYUXpYCLUP8922 -
579ZcLkuDpVFWGzWwY5wn32bEF4x7UmjBcePKubcUGDp -
57FMshQx7xULqmkJTYaKYz9qM1GEi8t9bAm3nEhhUETi -
5825Y5Cm1XgBLw1GuHCaKtzXSVdmsvCUeuZbvLDZoonW -
586oqAnVtf421unjxGNUQButAQC1pyirx4TibzWqg3uA -
58ZKuBzsVJCEupcPmFLT9Lnd2TM6aqguSnbmaXaipepV -
58rxfXpbND3YCgakb9uNBjKysRNMoqCKuVD3JdvXVuwv -
5A8Jr4m4U7DCeq9ukwrWeMt3KKfiteAYBjdc9jSN3Fw -
5ADeUKHxH5ZuJn2aLuAaVwkYBaADzwdo1qm8zmaHPk1p -
5BFsZkEqs2aLrqDPfyABQmsA8YsUBwUaKzPu77weoFTf -
5BMqGWH8BcimwwFEXq5wP3p35rrs1jrbN3Jbab5qFXCP -
5C2wTyosPYbcBmaed5jj3dqiweYXiqKnHGQwPqau6oF7 -
5E2EhRDBr35c9BcZRE1o4mD4GNoW2zZwFNSpJWZfjWKg -
5EvnHV51vxWxXyoewg7RPeMwABfyyxbkjqKmstZH1x4j -
5F8RX8QWatKouZuDxLAsdPaMTvKYLPnViG6FEABrX3BE -
5H1NRc4ZYydEakTq1yto7DH2zjaYMWrdsZSWUh3YbbAE -
5HERitEw3wUvB344q8rJGe73dwTaRJrqJ3vADW5Dfrq1 -
5KuHgdxE4sMwxwupEsDnQGhhxDhj7QgnD4CpRQRB7k1X -
5KzCKMHimXiCK5bvYcjQHee4KpWN6JNi3tKJAXijSB1M -
5L8iDPK1tD1UNGe5so2TR8TgTWLG5Q77VkvgZSbMXipg -
5LCBiQXzuazkwLfohgCMDpp171gv6zmgW7DHbvgUGyE8 -
5LJT5WkfkBEF5fKQXJTF9sfqB8WfEDTm4MrSKgt1k8re -
5LYpP9UD7H69npKjP9fqKL29Ho8BZVisyfQj21MVHq5H -
5LzRVvgxQgegYeb7hdunCpCQ4hfqpuHzzDhJpEKDKTUH -
5M4zRhKxEHvR3pBVD6kKHdhRoJfTaJqQbGCqPmzGFfjZ -
5MDAWUQmwKVEButQC6o7URHjukPGkVKDuy16hN1Xf1QB -
5MFDK54FKEm4BWtbtVHCypwiZabPXwjvQyfjkHWZR2wT -
5MsnmEWvbBSe6iEVhxBFQX5MnXrvdqH6ffcdf88fcX82 -
5MzKR2Km9QTBPYpWPs5sm4nGE6vaSd5dXjDj1Rz6VjTh -
5NGw59wYAdomkbtp9VmonnxLYqMjvzvkAbcqMLxAXfmb -
5NeEAxygAaxeZcUAjYFRN1vT8JJgUsbkw3w4gUqXhc8T -
5QPDw2ArNzUq1mud6Y4Yx5ejkztH859u4FuxHxgacV4B -
5R5E9bEiVJNfvXzcwsPLoaK2gJcuL7dexCjdra8zHwPX -
5RS3JEbyJ1h3ghYz3KzwkHgffHwpgGv4gHe99rZk2XnC -
5SRFtwzbyQTk3uA5U8ZWVE8NQrZi3AEAtoCEN9TfMept -
5STfy7gnjKo4n2BnYFfFcqJHH5JCSWMRbw8UESw5ZFRs -
5SY39ZFGzBChzCVYmdKiz62zVraverZ1iDqXvAtRx1ws -
5TkcEmn7uTQN6UHCx7D3AH4qBYCGXMSreHtd3BX5dFhF -
5UAxaNwmucDvxDaYhQUKetetGpMLNZkT5fPyjp1ZWYJS -
5UJ7gXaFcvTvgmrbUbSKYLsPFdMxa5kGuAzLXRfPhMLU -
5UveRHBJJPEZtyAgeLyFpb4hUBMhZqeHjWYaAXw8QXK6 -
5VV7f167Se1KJtUi6vJB8nh1CqPMu6FHvufDTk5fMmEA -
5VoWZT78dvE6Xxb8WpD5V4kYyhBZ9os8K4RctpuAbGUB -
5WDjcZbM4bwFmGAJxBv8MZUhEmfVjFaQr4NNoh8bXbwn -
5WhcnxmQ2HzKH2jKwd3AxKbroyrrYwC8PmyHNFq5NpE6 -
5Ws3aEP78CSuxqQ75E7NjvSg8pmLrv6EYTQErqBsXSnx -
5XKodXjawSXP4YJjUXnwuTWWBf79ou63Rmpfpsszv1Ex -
5XWNQNUoAehAXKjh9YDqM7Atwv1EKcStd968Q4vxfDT4 -
5XdghzBiKqnUfWSUwHRC3PWYwyVXhLAxT7JiSWeye4fs -
5Xx9nbQyMcp2XiGz5cFzduzmM8TM5E53MWXQb4Y66PNm -
5Y2fyrneNQ2B9hqE7pAwjpF9VkZMkDJuQjr8jBNswV9x -
5Y8CeJUtAFfFbVZEk3FXbHJcPfiTNyHhz6HErG2QwUbP -
5YcXkD7rvEHkiVEycWB6BbrSAEWf2ezGova2dy9WJ221 -
5YcZog5J45bsWtWNwXBuNBEvQ1syopYe3iSTgsaXNV7j -
5ZQwZbURv9h4RvdwFcWowMMzkME1f2bPGKmPZKzRPJUD -
5ZVcs9aNYWGmELf8ADxoJfiNRFCa5seE8rbwbrvQ9uuE -
5ZY4v3RmAn9wF2hFtqZrrvpTC9o1PM7ZexRSqdxQ6PFb -
5aCdpMYToeSuKfhcQMsUgxZEc1Ycez16CdHmQRJ1UAi4 -
5ad55RwHTfGqJ38a7SZuPE7j4FzSjAgEfC7UyVST9mqk -
5b67rK5gHiVHBRo1KngcEK5EhJzDEFxzC8nkP85r4rVu -
5bS3E6cUvEDdXQHdNic7twGgGvo4TGxPmLMjzm2mVhm8 -
5bcvu8apGVjSmBxifaXuvV5jwypQBUugrSQrF42ZNWJs -
5bishpPiYL4KWU2Tu46ywfVceMeXgw8E8tnrtts4kAqZ -
5cLTVKMHMsQJXgrvEXtuLwTKFARLcB3h5NMwQ6VLH5Fg -
5cSdnbUYfd7zZ1KuEQQY7b2zc9pKRGcXsWoC5EDezzTJ -
5dUcyWb9iTaSsjfkCo4Sj9is4WjAtwPL25Udz89skV8T -
5f6jhHnzGwy1oLC9YtsQbraSiGHP5hYh62KYRcWJfxqZ -
5fWQipiF9DJGj2UwN9yzmex7kpZkRx5YjvNHd9RzwAdD -
5fdsA1vht6SPfGcznKntngD1mVSDyYUgDTKFchpTun8H -
5fpMonU8xATpRKj41nFBpo4UdEZMdFEYU9XTzMC85iz -
5hEykvzuj3Lt2LVnfbNoxL4XPkktHTMnpPtNUHXuJwzc -
5hKFmypPymvC8wyqmVmtMJJJ4XivLYRDWSC4vQXS3teo -
5hNJfm7LnU6cgPGwfsLGshJrVkE8N3o5Ro4q63yDMVUC -
5iHaSVLfBRhv9c4rRhTwZTkYvK49bsmTsH2odK3GMgD1 -
5jtz5atTv7LoKaxrYbcqG5JLLjSg4bjsBKN1KVumtT5q -
5k7UK7xJAjusNYHSyS9UjkFnsYVf8jGEH4VPFZ4FyzYR -
5k9fvkuYdAERqig2aKpAmFfhaUkEdd4j88r3EP7EQbGS -
5kCJ3MB9SM5yrrawT5fB4gzxNhhE4nJAyRBYsHVUS3TP -
5kN5epPR8v4jBSbinHWg4GMXU5823J5EKp9en1fxBfbw -
5kwr4bRRMyqfRHcQFdJaJ1GXFes3hCaDETi9o8NBvmo7 -
5mL1xEp6BC7Pw1VCpKtjJ5RzvGRqG4EW4HQHQzgjo1dr -
5mQPBgcWt9oHC5DqRtKswtcDgaVDhmDcBeVBmpsJJNoZ -
5n7xbkEY5cwf3KCkpqLUUCb9wEHcfbuQcczUZviXxJLX -
5nKmddk3Ff8tNMwGtX5VswsUDK7jTxfUJakCiADVX25a -
5njCgLy3c8xwArGcwEUg3irAdfAPvo93tCjGZPPof52A -
5oRbpZWdeSmvsdwRSGG76RaaTkM6hRc8fbKiYupB74b9 -
5omh1v9A63d1Hgj8wFTM5HsR24s3pxQBbmPpDrNDbFfy -
5pBTotB7Ck3DGovz1oTKramugh24FBK9A88dZU4BXuGL -
5pkQGHsYvD1fczq2LUBTydAPWCyzTqLYnsj5BoGo6UHj -
5po8nSR35KXd3rMoHvcma1xuJeu5xLhLh26Po5qP5tRp -
5pre8WoZzKrt7bKq5rJ7qTcj1SbQBvroCSz1UgLtLDvd -
5pvZXYQ1A6BeqwXLWAb4pi5NkrLfZAeYxY2qDqfLeD7f -
5qYpv31ZWQp4VvmAr24q8pxkDrMvoT53jvmMxtsNsK6a -
5qtDVpk74hrj3XZC91e8JoSx3hETE8m4JiywztLTUnLX -
5rhYm5vkzhy9pXYosDaKR2rSRmRacmEMdLKkR7iA5yXK -
5sjDmwUeqYTUkwczjxbN9Y1oRJLknbBHv2tRFQsL7Yht -
5sjmmsNw6QN9jRxaXaoTE7WVJtekbM8xQwfxEUyn3FCD -
5vDEBYETmmtYRAz2bo518mXdjcXMLPg64VQyNaMfzvkw -
5vH58ycU8fjLmqJAMLjhHqZ5Xoc6MHmKev2Gunm99qWq -
5wqdjgu99rdZX6XT5ozBsEQdMyb9hWgQ5xbM5sU4nghW -
5wzEzfzeo8asj99bq3G5YgdUqiD7WFpZibzRcDY6QT34 -
5wzGJQs16mS6Eob63odLMvLT3ueTL37Gz6dpyQaeoreA -
5xC81cndfFCbHGB3PLo9i51WJ4Yc6DktnSqosHRbKEH9 -
5xS5R1cnVNmidb83wj8WQgjrxjw8h8sCn7HP6zWPqZ7x -
5xSEWhVdgdZAb7NTueTRZbuJ6n3DP1ZvjFjz9NU1hyua -
5y4pVKATZri8t7B5GbEsnZpYq9NusQNMr1JoUddvtywx -
5yWftjJWGpLBo9QuZUAiNois1YTMAnbph7VTcbbWPQ43 -
5ytoUAh6CT4SQkuPMnBaDUsTYQL8NF7XJV7gouP41Bix -
5z5jz2biQ6pBgfCs7J8nfUjNQNfGbDgVUEA3sigzSeC9 -
5zAKUsWj3XRmNp4ohtpq5ceqrFuJFyXdA8pvSBTtiFW9 -
5zM71K12Mg8yt85q4NHQg5arFfzCQFqCg1S77zTiABwe -
5zQYZavavmqCgGaLm6uTcrv62SSWZEWatETb8CcqC2uq -
61TaVBjHjs3cqJ6D7SXJ96BtqF1iCX6KnThJpL5hwRmf -
61Z44uXLENZZUEYY3D2urGGK7vErJCQgKnJXDPtciRr4 -
62WAr1Bj2FKkQJ6Bffj5PUzwYM79EcyzgFHXxswKx8gu -
62j8jTvXw8cHUVNEXVX4AjVDKE87YAThjRjtZUd2fCNN -
64cP5vYrm2pcqbd1pX93iVqi1akQMtJCmGULmkRYxzzg -
64muWGcuZAbYWrbPRAEv18kEebbgmg1vyE6H4acZzN1x -
6568JzYK5LWM78w7Wz4Pzm3mgqL6FiWXqZ3a7ub2stu4 -
65YEzs1hJqtJrYu89yemrGYushXpgWyHS1tbbCQneo8U -
66SV538MraLtpAF5rXc742ucaBPmnjDgq8Ed7S4Tu3ve -
66e6y2wtmEPjXbdQwfBmN5D6g3UdvEAixH2k7paGPSxv -
66kB57dSCLqEoTo3BohjRvrppjWiKuP91hjP4UJr1VWw -
66kcoe67j3WPxC15eQ3KL98ns8tq4D9qfEGZVQ9GkNi5 -
67qoS4YapBfpZ6HJoaHwrMeftBYyb623wtzFJsDjaBUR -
68L57pGXr92sN9oru6TcDxpc9XyDwFMiUyTVKYuqZFHD -
68YnWhwt6XRuWFTqWEm5KF5L4ds51ZRf8dmrX5ndRUS8 -
693uYmMmaK47PPgtB1LLGY58gLbMcFUuJxFKawmk5NVx -
69DzBpmnYE46RAwkJvbPinKCZg2LDkfXMoSa7Hpawcch -
69NZuKKS1HW6VUaqWBWtfGdxUdEDXFVqkd96nxU25LXJ -
69QNUbesn3nGAxCZ7H5xB2g3FyP1fNEQPQ19M5kyEdbd -
69aJKUUpTsqSpcySe2ocUdFii4Cs6dtg84UMp9QAVZ9P -
6ASKqNsCWA5pAReCZSUGVZB2vTvPdWvjTSXLdZFdmnRM -
6AeDMTp9og112PsR8QKvLvh4khZfpMVeQw9ocpVkThTg -
6AoYU1zFMjHHbCLFa5VMWcisWUSe9anZLnbx8M7toyJ7 -
6BE2AWunhHr3r6qiDrzba7FNqcm8Usd38LrRqjK8HKEX -
6BUBjTueyXFWfcRAqyPWTyorLrNt5gX9Fj9ZCTDyq5x7 -
6BhAcvaogQ2yvFGebbgX7cb4fufDraYhStP4ExMgkE5c -
6Bmg6DJjYbcefMnrodMpGDgGL6sBuMGLE5xyVJzgQyeP -
6BrKMJLF8WkbKXzqJxAiXjnWLVCJ57c1FXnRoZpidznk -
6CE3bZqi1nfezQBR34edgqCVVwEyBQj5na7gZ1J7KgV1 -
6DpMQWQpZAp4PQdCmjwnmgmu59nrT3CmopkXWhumxXPD -
6DyHfhSgXADbZ4PXEENznCkVn1RDdwyqjQGQVAyquGfQ -
6DzC6r6Vy1v6kUAZHqgUPv25FTaFPqk9j9AReiNjK6Lt -
6EG9jNhiKqZj6cMHVppmD21g1rRa1XdQbPhqwukjJqgp -
6EWeveNVxBd74vaZAg97fKRZLzBytEjxw7wbVtPnZS6m -
6EyrW35n1pZaAakeQRzVPx6VsnDYaryz328sLebj6FvP -
6EzgUkAbTpaHFj1PxB6bgCTgyNsefDjukSNjsZv8Xw5s -
6F38a37Lx2cyM9xwsJb552ibedbTgsXTbgtT2sTB2UNy -
6FEc43eCXZV4hLGLnMh2FQyBrNDr9Dxt1WWh1rVY7kFf -
6FPRmAVqd9mLRvxdpYKR93Lav2TFYw1bzq7jj3HGCnyo -
6FQcrpuzMhibr8B8cZuXrFpQ5FX3xhEo4ojHsBt675E5 -
6GChQkMBupdkETWphGaP7vPHHbDH7wZYGKWYUBabNq6V -
6GDTrE8ae1ayRtbc4aoCJ4GVuTGtJ6AnXYG1KEAz9X9r -
6GbLD38xRTfjho6Bc1CaSeT26B4mTjZx9dGuoUvLcXa8 -
6GgXJDbahDH8MiCtVRJr9zjuSUqS8ToWkQw6khWCbspd -
6JLDQAKuevnt7zWYe45MjVntC6L84ZnEVAxEF9B8iqEi -
6JW1sNJQYf5iEKmns8pD9yMK9xZGLDmKtqaTGcvx7u2V -
6Jd9D9bzkBej2cNv5ayp7XFsRvxfY2TckBb5aknrQiRn -
6JtASSqQNR9RxoSSBEQk8ye4X9Uf4b5vKatGgCEJ7LGT -
6KfRqXH7NnNTTu9j9BdqjuTCmpi8FkZiY69wwanBpWAh -
6L1eEG3iPDsZpmg7cQJB9w8q9874y38UQ5P1FtdoeH2T -
6L5YUpWXPLt58yYtV1u7bXNpyTHroTbG3i5FrbP99AH -
6LEhcixM1bvHh12uqy7aMJBbsQ9zxZfS6TD1M2PZENp2 -
6LNY4SreXgEH5sdV3XxcQCVCSARfqMuT93zEF1ubuDxs -
6LsMAX2wGgMBizJgrbcnx7tvRf1vFzZgUAqaEyiP3mxB -
6M8Mgctm5p6sLxZpvdz1WTytA27oYgshhx8acdyqwWj1 -
6MbKLSKYD4mhbtrS89TzFebwtA1hfKw8QxwM1KwhoGCD -
6NSte6RHBtAoiwgagJ5tBYHECHBK8cbtEQy1cvW7VdCQ -
6Na8zbKEdiJGEwyBKaMcYEHgpwQLcnKHDudEhH88ZTnq -
6PgPThncpgSQ1y2FoDN8gFZ6Voh7cyYVJb84k1JxH8vA -
6R1fckYy8BPpECRCiPHqWAqweGQkjRUtAuT5U6JJpoeL -
6SJSbXESPunQN4eWkFHSVHBHvySf3KDRbvhanfmZRAL3 -
6Spq4J3TTb33b6RJi1BDSGnUAJdjWHZvCgCjPYYpFgay -
6TBAVTkjk62cDYmbkV7MHajdSGWeVf8EWPTNLDW15V4B -
6Tdt1P6b6M5SBE2FUNW4juLkoPdPvJ2TQUqFHk4RRquW -
6V39i2xsMcWySXaLw1vSovrKL2cSyukonkSjB9FFi97 -
6WbtTjknu17Zfs38ekojntULjtVdZjPESWRtrrCeEBS8 -
6XNJ1S71ucEXrhz9F6XxwAuX6jPMXoc2mdvkF4Um6LrU -
6Xy5VcSdKzEv8ULsQ5aMNwieKgb1VS9unMKD2Vu6KBTU -
6YCZVGcDo6nG6ipxstArjtzvDeM8bRxvjVhRZmgx69TT -
6YKmq8hW2tvoAnNRhwE9Epfm9rkaPr13XiGP26q2fAaK -
6YiWXDVycSq7bunjfbuLMQCYU5vMaNbB2ae8mTAwRWHz -
6YmfCmpd9v9XZLXiARjpHRDqvscmku6EWmZ7gJKNBNFJ -
6YuYayzqPdMXbHDjA1fPq3z99G59LECUeqXU9b1tVzh -
6ZJyyyKjR8wMPwPFdhvx9QEXajr3jkkwaT1bkA4tC9at -
6ZjFYoPBSNeZrAfce9ryznbAsZJ4gQABLpcufLN2qcZY -
6a7T4qWpnPFf8MUUCW4CdhG8Y3aRjNNUU2Ch5tNNz14v -
6aN9R1DEuGWQNV9Joe12DafnyVkxqJmkZ47Koz6Jj8pA -
6b8gserFF9BeXZJSgz7QqZVuUsVksMcMEoXU79LkV2m2 -
6bPFAaKrFGZhAbMFp5CEiASg7gP1vVqqVScZfHWFJmMD -
6cEk84SnZPdewhrqwENEdGEua5tZCUrbTkZpehyx2p2j -
6cmUa2FeR5UfrscuL9sAeC5zu6FDnpooXixLyi3mJa8 -
6curYzRHoADhEyBCFHyAxdLPP6eEuN9ryEupSv9GxsLd -
6dH7ATQ621vew1s7xXZwSv2e7vuErwTjkBVRjcme2Lbo -
6dgBhNRygtoB2Dc7XyoP5ftrBQXpe1K4v1c9WwnFqtjM -
6dp3wYm6Dw9HEskivJFnJcC7R2drJo7PaHyfk3RkP5Au -
6eWJssn8bzfepaiWohU7ZBV7ydNyUbNfbp4zxRuSRTDZ -
6eX2YLrGJ2s4WLnf8nJfwM56hdzQ6vdZBYC5g444GvM -
6f7mcz8dWEyQvNsouh9MSRU9R552eBnVRktn6DqxiXhS -
6f9WXnrYrPfaTrAaDNLRukSpthjZrA1r8LgMZuR8UJap -
6fecU7oW7Hnxz3HMWrBdsGXyZ3ZnQA94Sy1YfYfyFXpr -
6g8U1uGSh9n3CK25m6r4TLt7ewErL41CBPayhaoB418K -
6gQt6T4Xmd2P9KyYKdGUTJp4fN8PndVGhu3tNcry4SWQ -
6gYTFrHfEjZreTPNH28CtmgnTrKKjv1d5Q3suWxQeHiT -
6gbQHUinpQpBbTZa2YnvocqmpMjSv4Z7NY5g2A16ccqQ -
6hAsd1VZUx34wFb5YrXRM21HrRiDaDjWfBFvcU6cgk4H -
6hEwcX28GcJxj54rJisvo9BXJK9b918EYMWYACTKLcZu -
6ht7ihWtxQ34ZLcVVuUjqcf6c9dPf38LDWu9LJG9nahw -
6hvz1jdkYfMAmBPJr45X8zTf9FD3KfpKLvVmmepSBYn3 -
6iKkQHZuZAUsuHwVguevLhvcq25tk9DnEUAtEegqL3tz -
6jCyEU3QRBLyccQXd7ww3QM7avt7XdHrv97nFnW7k7GE -
6jGHJLRVKezBjdPXiAuiwN4nCSv1oqHeEvmMrbr6iBja -
6jYnUMC47AVKwtSEhf3nKiD4WpDHBguAJEGG4D9v99Bw -
6jnpNojkt2XLW9WmmUykAxtFM2Rqwbn9uXonEAovTw4E -
6kLw2ZkgpUnr8gnFji6qkAj7Ra5m5cz39MESPkobdF8N -
6m1FmPFvrhZPVPmNHkZ4E9dkuWQBC6BTWZCYyHQpnaEq -
6mEitNkyPJs6qdPCtwNyHiEWxA5FTc6eg5ovTzw6CMoF -
6mcLxeDqq65WQdacB2jbtMw5L4grHdvRqJNiG9NLskMD -
6mdPWj3CMHi1Ux7gh92FzrmWwrtr94yEFHoSMtjCGyUC -
6mmvGtsT19RYXR4tyWRSkoMTLuJ3Y5GDao2aKy5UDG23 -
6nxfLdmTCwQz6EToACpb6iYrVCo6pQZK4P6iQ15avsh -
6oPfS6rRTBgDDv6nDo9RfZvYB95xEN1dZpP2aqRowzFH -
6odWNg25zR4VdXWFzAvRMBiEVnZciEsHydiL7fapLska -
6ogoULEXEzAvouJHrepxtrJ1UkR3iXpw6nGPahNpqtE4 -
6q45JrTigcHqnSQfA513nzQUe7Xn5zTQQZjaQdnTm5t5 -
6q4rAg46duGqnWWyCx53FzJrh9RLjNqijnzyfdbqw5Tf -
6qnfNhJzr5bWYFzPCatR6HVTr21fB7gHDtVeXhZHrRQs -
6qqEXzrftN7R8zXo91GZwb8e5VVmPov1xR2CHYEWaphM -
6rRqyKfTTWyJxWQMer5Ee44QWpv3Cmpf9aqHhL7vnNWv -
6rai8PSmPpvq6di8hngV9bg9zKFnCc9JcPpqpvfMbuq3 -
6sDmPfSpJUDbFTnpg2xoKF9jJxiWbT8rdVqj3bERjEuF -
6sH81QgTyg5rMgZTrXTBg622qZ1S3p6cSTbk8KjpKryM -
6ssrBMC2epgeEQtLMF83y9D9MkDuXdx7WUJdsiWDrHRE -
6tDuy77jWiRaP9rb6cPRk9mMZAdfj8hJRLDLhssAHf2G -
6ukWd6iWd3zMftv7qdC4fAq1tbJTeVRxK3fjHFC27PwB -
6uzaMrDcZQEFDSc2fNh5HwqvhhaKUtBxnuoum8Q9KsiE -
6vH2qNCsk1uh5Wzvx272poXBoRj8LGzdRdWZbXwcd6uC -
6w8DLpHjVrBQEQkauPwHWQcbPNJj6K8XZQHRi46En73B -
6whZcCQ3YSfQg25AmGcEdprZskwCyqwi7aut4gNamgzY -
6wwgAsajizUci2z3Nn2Z3XjHnuTeuJisaerwhyuANqnt -
6xS5WwfRCaFNrCXarwmjdUjsZhPqQv6NLzx2f5McYCV6 -
6xrMFLQvniUM5nnkKk1MmYQ3oEQBPJYYco6tNwgEa6GZ -
6y1nRviaeHxM3H8d5sSyGp9LUCaXEUhX6s9SsTQSqNqg -
6y7JDtTeBCr7gM6iFmkLnn8cgbfK7ogLGR52v6HMyQg1 -
6yFZuAqyptjaiCooWy6PgeH8GVLpHophDWfHLnJxiKVz -
6yJQyNTHnY4MQRF5u3A4yN2tXf8HTZAgkEmwBgRCP5dB -
6yMLtTRLVnymXKBYPKQNintjiMKPNVZuSV75BxRqwPqu -
6yc895qNgGjiEjVydn7RGueopA5maqQJNDviybCsEEqs -
6yujCYPr1CYSqmhsqDPDPZzba9tdG2Fer4PZ9HXbPZon -
6zHTY2Qv7aNZ5sYEbvMk4L4wdtjVp4pqfF6BoDgoHPqD -
6zNjYfDA8ce57YvCymCyiD5AsL2ndUm9D8cvTtmuL7LE -
6ztofh21JY5ndxiXUnZi8vfPwk2GsdtYq3PthMY5ZUqQ -
71DX6DDrNFF43Vq5gRXHv9H7iemFSt9gquxC9yxjHBBN -
71MKS9rhEowiuetVXPzFGeQchkzuoo3Ryz7oxrrNxiNj -
71a1Txbp2GR5UmGsHXcnfbLgarNfpxU1bC8X5C77ojok -
71aM7qjCYJQ7ubLrofjGkscKgdM2RxCVcViiKPrknytC -
71oKpJoeEV2R9zXvNbEXnUqzRjKos6D4A777KgwHQX4f -
72XmeCa4xBQjLZwDWjo3bwaDohYUPCv2QXECPe92yMi3 -
7326JNy3C37QiNCgCzmkfUG4rbrL78HAdqgzcDr5gyMR -
73Q8xV14oQmkJcX6nYAa961QJWgXVKxvyZNZcmNFkJcX -
73xqqpp5zmCh7owVyZtXUukc9sSQnfB9owHsKXeNLYHj -
741W7NhN1RhM9THpuDraQ6DwUMn4pHabxVQjx7SuWB95 -
74AKSQCFV9bGQnKD9RYkX7FEwSRpdJ55pJpkkpm14wNz -
74TeUuxSsPz5Mn8uLPRrugNtVSjHzZMkwPxkTz4Cogiz -
74rAUXSydiq12Wu2n8kduXcXKcQ3vPVf7AZjvHrrVJZn -
756yug4Sn8sLNBzaURZYRNmAK6j7z9NNwmV3mSQcEEy9 -
75AXBhSxGKQTPmdfd6HRw8TFN7urF2b2unNDCyrRtQmm -
761HKmUhEk6dHjj8FHjNqpD4AHeMmJ35KwkhLTSugbmL -
76QRJBBA5untH7mBozCU47s6NtKTupvUbuct1Taz9ym9 -
76sky9QHYMWn6J4xcSAPqUHZjRm9wisbPQ4K6pCPEH93 -
77APc4RcSLJnwfcea94sKpGvdHjR8cVTrRfW8t4frzwD -
77y1Auk6QfeouoCoKt9ZyPURdCTpguSQXH7RBUqnRf8X -
786CyJ4qAd9ugBuy2pT2JeWD2Uq6k1d3sPurd5ZjmCaM -
78G4eHxc39NK6bAonTDDLhDgfWdytt44UGcWBcwvTpVJ -
79Cdx4K1uERcvtDE7DpnDvTc7YXsXFgSXzAMeRj1PzVT -
79YKYo8ZwdxZbFJq77aCvCAeEWRX5yjwgfecTBEJxVyZ -
79aawTUpCfN4rJJVmwxn6ALqWb4WHmUxUo8o82x1Qdyo -
7Bbvpo4ULPEyg5HwbcBX5sHQzkPUSGECobi5hkJw3udK -
7C4afGYXSFYhtuyBKTnwpPcvbf36vit11tz6eceANydf -
7C8buvBE7jqfceoW3fVgQrGe1axNYEYpEZXhRhHkzd2b -
7DDkebcddNXQJwkPSHTHHqpBfLrwPLM1PMQuVh2MNyPG -
7DGaDfR5Q7iZvAjviMEz1y8xyoEuorpJzEWQyz3n25zu -
7DnRjAgEe2z4vdN6CM7NG175isFBCQUBcz4MFwR7NSaS -
7EPtg4eEwAnNSFGSFGmK2yjPUekeKv5yDiYjCt4xGSaK -
7FVe3xGAKz2hkuFQBzqMtEKtJky3ixN9zwnKbyJC6uEx -
7Gze2FAw9TuCMQLzqadKRLY36eWJY5QftgJU4hgcQY8B -
7HP1fMj9xJvjLPTvvGaseePh1xU7cPgaaksQLMAqgrUa -
7Huxnaaj4rXX1J97msJytD3CFkLT2dF8pFV9WraSdzBb -
7J8EwJRfGRZd8LHBu9WQK87F5LEGKGbHskvXXWrSjcZ8 -
7LSwrRDZSP6Q4DuXqU3WZiv99mMJrANmKQ3EQXTpz6xs -
7Lmmm2Z7qfYmTjDrPj8eEQUEQYqHPXyAkx6Sr9qxT6tL -
7Nba61cxJKeuBdgiMZsMs8ewKUBUd7BziNdpmNXXRivW -
7NqxWkywyxt2nD6134qGLshEeJrhAY3cxNwyiVSQUoxL -
7PGWxyuMrG7Zc7g8XLD7z1BCmK1qCJCotRFR4ictwkXq -
7Pfkd9qASGNLuEFtHx7mWBnqrRUEgD8pEczDhECr2Pa7 -
7Pgxnss3hQsVhoVWTdkQnvTMcp5RPoo4z6ks6oTdvaro -
7QwJ8LQBHdTCkfEmVg3GpXGRfwYyYcwqe8xAvMsTY7wi -
7R8foQJwQXHoRnprqKvCReZVWiWRUe7jqJbVk3TPpRvt -
7RrcCHPGbGYeBLBNiB7ytzLe7FPZ8TmzbcKVQPsBPAMJ -
7SNFn7MLwV8BR4DAFfLZBCbGQ1YNm19rVq3YG5FyWat2 -
7SUrbgH6qQs6VKHhFpGQFRz42QrmSVdhXt4MBa2F1TUZ -
7TUBqM3Zm7Vn8dMVtuQJUJjA6XHQW76KFjcbQjpG5x4n -
7TnenaB6xZLTFUFGp8S5YZwMWwPsrbi2iUiYkBAvF27L -
7UdaxCzkAWi61V6oFAHchjCtSDFV4okZuXsNpzpfnBTn -
7UeDFiaArUFykPHTkzT3Jw45QycTZ9Y1GHooZypGiYdB -
7VHUuyvE2sbVsuscBKqH3fzVpew1uLFZWCA2VaD9cbbu -
7VtyRTEqv6cnYmWBT998q8jfeDBw1N6etStJx3EkBvVG -
7VyHQGBD94K894FuVRMw6ts2oFixrPeGbf3hmXEVyfVr -
7XE1wGoH4fHj7xz9UCHfDoxGE8KrBnq1EYgRRPdXqLdw -
7XVmpWr2z55A5Tc7D1MVvfupnAgvkqRq19Amq9QcgTtv -
7YH8wUyBjvSMv2RqGXuafzAQckN5u15HS6sfZHwRvaGG -
7YRNVHMdip3aD9mkqPYatm9cswfSH3a76W39ndK9DSYR -
7YbftnirXHQS7SerD8y6mBBGwMdLUuct2mSrcrufqWg4 -
7ZJQuSh1bWXC79JTXzmdWzwvBbb4hwdHzHW3BHzyYD75 -
7b7ssGJFvpqGjMMmR2RkWe9dm6NhYTLe4htJLvtePVL -
7bDKpXcYeazphpDEJmLPUaBfh9zP6zTXpQQsbkmMvPiw -
7cA6SWkMKnfABArZGeH2gQasWZuJTY3gDFrF94N1pwzd -
7ctZ1yfoeTaBHkzGKj4nyTDv4H2yzYagaDHUjYigP6a1 -
7d5AvRKFgAWFTWt5RYjUv2gjn7WQ5E1KhuWxy1EHkMQa -
7dAjeuwiY8JLgExtUV6irVZqeesbkSzAXMbvkxi83Vq3 -
7druFQ1t917cMGkjoyyg6ftZmfHW1AnjKkvna57TQRJB -
7eFBSJuY9UkyMkU9qLP9UCjzjiP6K82GZbXPe5oYNQ7M -
7fAFo1Qtip7hpcJ5FpjfaJr8vaddro6SAY1d8smEmoD7 -
7fpFJqBSar3WCZgXw4GtmqLUDRAoQdd35TU7UgXRCLxp -
7gxZnMx2PozusTUVg5xQ3kCN9UsvfbZYVzmxsdSVDvFa -
7h2pt6VDFpYWFAcWfYRS4Gzg6UAwnSuJ7ejTUv1jzPVR -
7hhVz68LzYhyZUhjJz5rY5CiKRf4WXJd7om5QLJyL2E6 -
7isS1dXvJAPMqMD8RLbA2xhzW9JghBXtDaoSQjvEb1vM -
7j7xHMZvAMwWM4Bf1oMph4ZG2pJdBDzGdCDvuGmreB1d -
7jQ4sjc5yj86vHHqzJoTnKND8Xv4Gq26qCsTC4GJH1V8 -
7jQXm6HYbHAmZ9G6YcLPXn7uRMYmdvRGUdGpjn64mnH9 -
7jWD5BwntusHoJYUew5gLzt1vzGVitAqFVDt7SeAWKT5 -
7jsDDxVrqETTXowchEjs7JRmtuWTjXyck2fxUDBCaas2 -
7kDzsLtn63mr2UNmZfLWdfvw67PKVJNALsgv4FTTa1X6 -
7kRZceia7PyHS5c1hJuvkFSWzqdJQWmfj8mPUCLrWe61 -
7kYW2J4j322a6bgZys3yWd1Rf6tM6y1GiSGHUV8x3oHa -
7m6zKD6EZQXv2py8RGwmNoo1S1SpWzHHdQNWTWaRE4ej -
7m9KDqEXAk72V3UnBnYa9trTdDEtYXveuwDKTRvga35M -
7mj8aFP1r1Y3LWAcgNzpmAqMrJZG8XtNic8iguifNuLT -
7msmYVzTa6R6GWrSfhtvWjuyhXs8ssE4joDg8B9ZtNR7 -
7mwZHGTwLNX79tuCfpdLeeGbbtiGrRim7KkbLswapFuv -
7n1GJ1ayKV1rUBizroYNUipNpftcUU4mUgBx8ZL7rAvJ -
7onxi2uc52yTP3EKK2AVEgiJF8RZ9iWH1Zw3QAiuTiK2 -
7otqW1bJSpaSai8YT9cgna4wqG3yfPCQd86UPb5rDYj8 -
7qC9rzG9Y1yAcnkthcZUi8RgzXEuWSSz4GKSij36Q3pp -
7qR8psXgomDbjGRbiQXsZVUxeT4VuYkSrN5B39rXRskg -
7qx2tLFJ7mXhYGLVbpC4DmKdEAhg3tnHf6WFj3zp5FVC -
7r6FTtUoNnLqAiYFoEmr7v28DpaKBSjRuKaJ4Q2s6LSE -
7rH3HDPMQ2zToEAstABXeUL2BANCqXh5koCTHKB4WXVt -
7rcFk8vuFqLy4p3MyP4xsi3Pm62ARmySy3e5jfmavaQo -
7rkhgJNsmCRauG4uFEye28h9JpqQWjta1sQ6NpV7MDyC -
7sEkYj2UJ9vGgAZxWzVTPNsTpgUPKSUTzdVH2WPL9o3X -
7sp5auM47kn4MbeuosgP4k2JE7XMjxyV8AjsDStMGKMQ -
7t3Urr15bqKsxEXwHz1HX1K47DU5zXSbC5jpc4zMeuEn -
7uCpfMcFp7V1tEgnG8qN6nazMubNsBiLmFHbBafncS8L -
7uKc1FCs1xvJM5ZMkBEeNCVyut3UZwK1WCwCHT3wF65h -
7uq4wgxRa55L1XLVLEx5BHUJ8sgTKkzDRvYdVvtfuTLV -
7vTUkjPqqrJiXukLxTvFo75Qtng1HyrbkWqfgTr2bEfW -
7w5kVEcoUwbpLeAS7kN34bUGbkgkCW7tKR2QMWG1QUtF -
7wCBE58xQHchHYRGi9CzSvfF2WPEwjfQszC4xyYFiTt8 -
7wZnFUFBC8i4HzRzfMkd89NS3Hfz3V6JYSHdyNjDrD3P -
7xmTA8HTWfrEJb8NnoEFDibYM5UH2Wa6bdYeQbwsd3MB -
7yFy5cvwGk1PVi76zaxUkVsaZCPAUjgiyQBL5MYozoXP -
7yd55oAgVSbiT2o2JQ1bxKDNNTCSxL27Xn4DkmRzUaPs -
7ys7zs4gbhkzfk71TM823eUF2nqoUMgWgwwKBMj7ABVc -
81WDvMGRpXrbSNrV2k6oEVZbEmWC6URiELDWeacmgQVi -
81rk9cDHhQLJGznTDKZgAxErPC1zWg4RLvuiZdLMeuEm -
826J6g6uM8aXJ5wk79mAN4Df6Z9ebYNEZYLWVKtkiBTN -
827vjnCH6HqZit41CEEhvCkHuLNGfC1k3BckA2nxKSdn -
8299faw9UAeb3255e8H4gRdkAtZtuMBoeuc38eqf6SjZ -
82ArnRtQi8JQHQ5EFkVXaoX6H5kv1V4sMftYBD7YfhSq -
82EWJtxvbpi9TBeVpMnd8Bwd4QA8m1qU939xmmUz3YdH -
82PdVXoYYpLhb3ioaybDPcApYw4kf7Ru4oCkVDetSsyP -
82kh9gT6irWXJcsGx98mipYxvedRtWRVRp9BKNpRe1KR -
83AYFkByQ85VgXbah9o2oqStNttdc5bR6NigQ2qUF7Ks -
83KBJ99uDowCSt49KGSEvj6siBPcxycL2mSPdNqSefKL -
848vbJv3tTM4niSXmS5EnrHnqhfqMzG5K17YEuQL4tEw -
84nnRnEY3tEQSX7KWwXhaHMjhxt8Fv25b5E7DZP8nhff -
84r2i4a8pLzqpckxcKXbUupuz6HC7nxb1TmazZYyPYz8 -
84xoRpT9mMRCcvYaVANZPsAzYaP23aLzMAQ2AvFtRLB4 -
85zfAbyeoPyb8VuSv4Ux9AK5VygCvxCL4Dh5NrFWChRZ -
86YWiZ5KKRvGyJs8vb8rQeFaFistb7NQwfHK92kpZS5P -
86fbRAn3osjeQq8czA1XF3q4aC51SvmfmYdc9FkVMfP7 -
86ptNhXZzmEajVrsTZFM39pQVVr8rqE4vwZHdw7czVSk -
88gPNuDoGbi3kNE4gZuvF2YByn3iUbrWkhAxm3Bpb1qW -
899xFK8beBpu5sERK6oUJkaDEao1JhfyLQt9KRYTDZPn -
89NJ7cv4WYnuuu1QUUajUXCsiF7BKfYbF7XCXiyJcwq7 -
89oeNLZZd2w795qbE81EDSYqdqWhBCYHKU37THBLNS6Q -
89wXHf6UA1GR3nKaLfWFCtb8nZb56sxMYLrJiaYtVRar -
8ACY1SyECumoidRds5rGmLWJsi9YjpYkrGSmTGb1FpPr -
8AJirFTLYHCJwLZYQRPJykyoLhoQkwigyvbTBB9dA97J -
8AK1agLEQwfHY3jt68UVQrb2Ycd7Buy1QqFxMAEieKtR -
8AejGdecuERKnRgqu8dnDGvZCbGdMRWwPF9mX4wr83Rc -
8Af5VujGi3w3kpHJFFN5xBo3ncu1cSoqodTbqhQFD3Hf -
8Ag7x9NUvar93BByQ4mRnQcaQvW8ie8gGznjBvJKwsLf -
8AqYRREHQ5Dev58o38NHYKXVQTJXFvfqw2AYjgbhBQvN -
8BjAPyGsMv3mCSUvd1kd1hFpjmZbch52tWif64G35Zvd -
8BpuQFcVQXG2ui4ekacieWy7fkLZaL5QZ5JNmxhaG8iv -
8CQKaKN6ja7eZHEmUF46h4mdkqPxTXBx39ZjYPyRwoDn -
8DAutyaBoWdFu9mK4Gjp2e2RmAth7KYPYprvaPa529Be -
8DLnuzD2ci1FkrwchKXa72GuRKGsFCyz5xvJd2JbFzja -
8DuUyEukfXAkpNS6WidXrZy6PUhxD1GQ1k7dqY8bF4RC -
8EdLHeujEp5LD4PRPxfWXCrjVCYjKdyVc47vyodfcNNt -
8FCDTxd9MTWvghxVwsfj21bZFFrjNcGnjWwTNtmGJHru -
8FniyHXZwZj69s8mDx6M25f3N3Q9BatsuQWk7w6Pu65e -
8GBqx6UBsXA9zGvSWf26ADqW11mhX7WBAD9NrEMLyjXG -
8GLNbwDKiEDN3dVRWXFhpVSB9rYZ82jhbVo6bSPvgHVy -
8GmdTbyDvj4jENiiLMm8wRyvjUZjDPT3QQybUffBiKRo -
8GuY9X83qWVtCbcCiszxixZt2Wq6kjcndQTtkQjVfEZd -
8HQCQQppWSaLV5fPJmhVoWwc4c18TJBMsxf7rgN7LSyv -
8HrPyGFQqbNcjXLJBgTnCdie1ZuSGp5msw4xMESmnApP -
8HtGbwhmmniAzGAuAo4yncnufe4TtL7L6gXftnsBYsPY -
8J9P3YBnBZ8ioWJwc2tNmjojkpCTz9qzZP8o261WrMYZ -
8JYYYtHShXywfY5CgNBCYQAMFhin2v2UB2ygxfR7BVeA -
8JxAUXdFgx7N6YuCBaAcWN82MPgCRTQGPfc2JPSM2nnS -
8Jzvp4mmAHRnnuyRRVeHHRpXvrw13fgmKL9HAnCvXkUN -
8K7Pu5mUXVnVakD81APjqfSX1KwCh31jxdtJBwmgBzEm -
8KNcecMRj8Rv8YxCdGLbNnr9CCyFkYe94mGHgcrKZHXB -
8KRPnj4Kh7R2dzBavgVywUzRvBLYvYUui2Bdo8TKPmnD -
8L9CyzpTrAjuBPRuAwKPDnqTujJKYpV8bEKNrW8pZuP2 -
8L9W9fS4jVCMv6WYngqpyuPAu5pT1dAoQuZZYAmx9sxY -
8Lo9EMsWE4EdycfbKcpKMHVQxHXmN8nFexGB9BapSXEC -
8MHFfm6TyyhwGukqv4E2ryKR8h2KhCYu1af8CDkb99i6 -
8MHh1DHTYiDVhPDSGF8LZqxYeEZiWtN4fWTGV4VEepo -
8MZHzUTDVPgAaJb1srghx5VEEM9xAtXwpgyxHz9GpAxR -
8NHVrhrMwGMRQuL8FoCMoi6Ab4C27kWsetcqVB8mBFEZ -
8NHwJAYxuzg2XPD2Ds8Z56TWVEkNYsrQAsPn9t4zd8Xf -
8NppcxLhboqxsEsBb3hwuSz5C7Gxkq94M3L6fcwh1i16 -
8P1G3dZXHsBG8QCnZoxzsNTGFi1sqMWt8T8QBqgSG3jD -
8PGSgje8PbhQRSa1XUyi2MD4kWepdaoLGSH4QpJNUJD -
8PSa8ynKhNPnQbriwwysR9DqYgquNCKhtuHrHvFTQJTR -
8PVzSE2gC31HH7i2fdgDi6CeNuJyGVkzEeRBkyBFJmAT -
8PopjxwQ17egGH8iKoB1FPV5VDmcPXjbq31t2v5rFGXd -
8RB43y2UctKMsmzniktVQdZG1AsogzfJSxw9vg8NWJBW -
8RFEbpccJ5nY4iroz9QXcX5PaawiLmWUMmtpcDz5LKMR -
8RLgKJVvAbyjbBNGfpcBMuD1tbw6RT2TJK8vb3Ws3z3U -
8RUwcT1ckCt2RZa1PudmaZsvVUWwp8uPbmNC8wEZpBFZ -
8SpV7AHyWL7yYiCbph3f71cTnRjqnsYenXs2jtYXJ4Qw -
8TFNXZLqPwwvn3JacmkDmu5UsS7bZkG6biVRjsJMJPLh -
8TFPgBELPEdv9mbPgf9dM13dJWsxJLiX1WViLpRzESHA -
8TMZD7CvhQgRSUvXeFGc2dLcmkhsBteUAmSDwHjAWR1P -
8ToWeZnwW4ysSwqXTkhg53KVZ3SKAFFoUzga711PMpKX -
8Tyzh4AUD1t3qeh4a2u7C3QtUX2MZiFSQwWfUBXf2yLj -
8U9kQ1QbR6SgPeNQGrjHvteHBRPxvBiuyzpE8Tp3aCCY -
8UQSP5HmZ1TEJHbPF8Nn2Bsp97d6Zne9DQ2Ek5CBedhK -
8UknkBaAEXwxyqyvCtzNckkngzA5BR7L9kWF8DKNc27 -
8UxZBnJthrM98QwJz6iyZTtbikbLPoTpc1UXSvpgdM1R -
8VRpmEUa2NYyuGnqEfQbsM42DtktfeL4EJcmcxmFrRA5 -
8VY15KAKSgsgf1GhfGpnMveiE5G9DgcUyoiYtsmF1LbY -
8VvNNtXsVvMs8F4ue3QfbtBoqHBWxY95S874P5Z8DPBj -
8W2BCFP6b8dj8CsA9w9EJRpEW1w9dd1nCkDZ6ik8vHaV -
8W2VGXpjoXncDSBfphEqPcegRGSghf4wEcUsVKJLjMWq -
8WkiCaFafeWcEqQpSrN1kKRNNDTyaZ7XAsE59rT5HzN2 -
8WvGcDkgTV4pbisaxW1kxiqGmP561YC3ZMJ7PQiFo9R2 -
8ZYyES7FZqDYPMuUoSR1LmK4kXiLYRTteNAWvgSUBEDi -
8ZpCQuyesQynwRGfhnKr5XvFRubi4SUwscSWoRQ4vn3L -
8ZpvsvrF2UDiRxSJ8wpGWy1e4vCBEXNpSgCHQLVbnQS4 -
8aCFfFTYpwznxtKmTStxNCHtwLQcCQpYNQPXikfDAB7B -
8bdPJzVL1NEv9Tz51exqD6yuJHsAgCeZSFhrz1mMTQZC -
8c3hwz97gfzWPQmNGrsjQZKSPBvwfRr92ivFKNrZskbH -
8ca3GFaAUUWLAJojpdM6fKJcko77F9onsCHYBVHZLGvz -
8cqLXrjnFiEDCJeF8RWirHzqb2DR8fSpiXjD5uLvMwSr -
8ctAKqbJwvPQ8HWBNUM7ay9j8Nbb7KgCHkGDA7Nf6m8B -
8d27gdj3cSfLb2oZyehZzFU9RXNYU3qZE41VfbtFc6zZ -
8d41yTsYwjAf7VphG8iBVuvfPv5zBx83KoeP91WU714D -
8dY1Luj6pwCbBY5mUa6yCUtkoNJyTz7GtgTBA5AXj2AX -
8e3mdCKJBiPjUosRK48DSBhEG9PHkxhFbKsFDurEmX5r -
8etDe6utt5ppbnU5LLnagSN2AfULm2KtYGCP9HfkgfTt -
8g2gLp5SbMf1JKZ8rjD28wwjDZoURjgcPSeSWouoxj9D -
8gpdfx4W7hEtWogwwfN2ymUH1L1iojvswFWoBjxuUvLX -
8gsRjBpVwAbBr88RD3iQxz3cqpHBnmcnCpMC7WfUzEt8 -
8hW8uJujuoDhgJogvfy1HYTQtn3yUCSzzvh8icuMG2Sa -
8hXrzwhL6ddcGuKd3zjpdGHGVyg1HaNVyxDArz9ZiroD -
8hhTAWgewvavjeUAkUZy5oZeTJf1o4HscH6JVzzT8zCm -
8hnCLtFAGSrHiqZgWqfmSfLGnLJJTAD5DQqAmXgT1AjM -
8hpa44oxJDSziaob6xixjQEHirLbKGVaP9P8FNKjYdtR -
8j8u5rLWkNCaNM4PFSKLpZ3nizscxe3DeKMn3pWgB7ke -
8jjHdKxJo9CD8Bgg4cZT6RrpQvLZwFbpBaiz7SPUnU7m -
8k1ykmtMmpziDZqb3mNDVRpyDGhntojvbY9QRT4gvaoZ -
8kU1grVfbxSeR66Wpzs42BEVDp9dMavACCsybZqjNMQ3 -
8mcgz6ebTjQNmrW7WwibCstjob4gnntF8kwTfufUkFnU -
8oMLH7hUZtSYhyAdPgXvpDnaf3xw1y4KXSSEBy6nkGDF -
8oRB5HqJXM84DGhxfq2qmQ41a5VBNd9qK21aCamH3UHu -
8qRNVZoNhirLmjJAkM9NUUA9sqkULgumbWqD6KrPhcxo -
8qW9UiLJeNdRNTTA6g9N9JrDmN71SpEFC4ST3TaBppRo -
8rXQDtVU7q7mJfwvnBtprUmP5yAih38m64SrWSLcc6GU -
8s382hryjoz3JLA3wkEK1GRiL8U8oZgBMUYGyYodYMg7 -
8sU3fLEf4wHX1z6Zmj3UVTpTwx2FneMxxtXRRYiiP1k4 -
8stHQxc2GzrDnodraLn9em7kveagVw7j1VEN8fRdBVft -
8t7fJCxj1Haj67pj3Uiu98chvxN9HFQHqjTNpgaQtef5 -
8tBFtGCaeudsNr35voUFX5bfMcDe8XY7VG9he2wTB37R -
8tHeARbs6RhdqcqjNpRCti2B2QsJt4vzc41ZweMv2up2 -
8toAHSR9g5Tu6Xhd39jxY5o4fqwhATkM64xFnKyrWJrv -
8u5YahrboUHCXDutRWpyPfTDq84ommZoZByb774ojXUz -
8udUjbPq1VVV4KUwmP6bG8xuQMH7D7JJ9G8RrY1SX9fj -
8v4EKVzwjCbb8MJuRPBF4G9MU8FdtzZxKTkDBpmcfrQJ -
8vjPk2AuxmzBDCBQtyvkEqPYMpKYnUUvvgVfHsT4zJ8q -
8vw7Fqm3TChhjbrQeTUwP6ZwTds4ghapAscF6uSeAgeF -
8vxGF5xygdgwRe21EY5iVrZcANXxQdysUk9vqHFimgiJ -
8vyAcxpT9VHdp4midy4umbZTRyvtW4dVMNZcSLoJDh4s -
8wqCAhtuvF7ww7L6FynqscPWeTq14HxvQncGa3gaEUSf -
8wr4wiAPwURwsns9jCnyczUhhS79FkgyudDtQ2TwsWRq -
8wsnAE26QgJT74nxZ9J5v29kMtMDvcF9ACU6Re6knsaV -
8xRm3rksm5Uwpj1uKoTGEbi4EkELBW8pQiS9zt4ZgzdR -
8xcdQrAxntzWAwrxyfWrCRjPjZk2fLt6PTuhi7MrxGCM -
8xoH3TCma4sUTGQn6pBXPQp9C8cWN5TNpsKbicxBwSEL -
8xyhxvK4LJG4GEaq29eKxWJnxHV3HooJBporosXtR4z8 -
916xToujLaJTtcKjyNNh2gsbjkTczM1n6F2awQJmYtMe -
91B3irojvg3QXGbDX98SuU4VqL2BvupYY5hK4drXw6fm -
93Kuy8eSLYS1J5kaZRbdz2T4nGbGjJspsnjcVyiyHfch -
93MSDg6kyWEBpLoMWYA2cZygjwvziFXWqVsh69CrK8mf -
93pLh1Z4zPNjqnWDUW6rL79HShG9Z5TNTK3NuxnyQny9 -
93voiax6sQSJh7r21Hh68m6bunEQZrYs6AkNb1AreF4y -
94zNqVtuCtHjPNBsRF46D5XZ12RHdhzDxjDeyvNRf9tU -
95BCUV861Ari8h7N1XWCZ8h5Y684PZc3DN7LH4wkqXqb -
96j1YuDQXbTZcvjSyqTUkynvzTAGLnzu6CnyXMviYn8h -
96n1nqccKQ4696mGHeQ4AGQ6MzqHZ5QFdkzrAxNpWGv4 -
96q5vbzAesPLrkg8cC6DyExsAseU4dYwvgQvx3LyFV3s -
981uDV7fswqjEKP2UHw3N7vzVqWv93sxMtXbBjMLysWF -
98DtKWZAC7teKX6sHy99WJae7nWrj9FXnSoCuydh3Y5E -
99kn4UoHyjFdVhfBF8FW4QkJ3wYGTnJT8ihi9izpqibR -
99vAGktVTm5o7etgVpQJViYWUoSDfpE6HppJFTdpiGU9 -
9A7H6kyKq8u6HSDNEtomWJXi9zgwZRTapL2KoG6eKyBV -
9AHzE2pQpwrzhkJspox1Un6uZbA2x6UVnvy7TjsYZDMc -
9AiMES8taxCsw1T7SgcY6KkHKH1wE5Cvia2S3X2RsyMk -
9BJ9qHHvApwn2ng3dsYhoMmcUQT13ZPdHsab2URejphc -
9BmHkyKGYkESKpGcuDhGWfQys3wGf5oaY9mW7qtfdujZ -
9BzAuay6vimLjMYAVJBxn4bU4Zj9UTbGNKL6sEvtZou4 -
9C1WsTMYAQhCkhiF99Ws3CQD3BU6LwFi1x6coqPVf4Nk -
9CFRKTCbv44ULwtFUbZX57xFmhj3HGLB3xi2rg5jU6Sx -
9CWeY2ngwTUGqSfTonqMDDqJ34YeMVjMUfsYswvT1KHy -
9Cjn2juELu7pC5Nh8UBEMXKBFKJwQ6MaiedAVTTdAqCp -
9DdmSheK9epv4pQbezmgiKenmfHkFht7adzgwUWr3VLh -
9De8WNy7yS5bN1pHDJVM2gpGVrsU99wKsHVBfDVdo6Di -
9EGSdUrvozD6XLMViWtqSwAWaURSvtraeGqHT2gLWiqY -
9Edd1jJqxAmSuZ6M1uogiH8sdHnMJxvXtnG5XZCqJet4 -
9EqbktMpmBVxxSFds7amzVM2Q277QS1NRWnvwXGw5uDk -
9FRvBPtcMtxd5Lqtd4BE7Eems1H5RvjSXTJCenAXyHRA -
9GfUAxKhLseDeiePEQJPy64CLszrnDJ1ggccX727avZq -
9HcKwRqCp7MSyyT9uCrVLjwKPRXMs4gyccEqJh9P5jsd -
9JJsbc4Xnx7jVDdUTHxiArV6SRjUDRFDkvc56SMwVXxe -
9KCQcNVSy2YzjEFvxdMU95XuQQxf1sR4bovVMFWSew4X -
9KzkdvTkgJvjX3iHpTG9EMeKsWxMGZLovUT7Vcqe7ZXa -
9L8x6KdTfMGLVGGMVdvhqRESK5HKbGVUeFQ3TsCiqRnH -
9LSLDbYFJs7n6AMkfCT2AJLHvAfsXZ3U5BPF5ZB4jGQD -
9Lw4FqfSdJyfd1y3XFxDpGAKDd9Q6NjBRSdcatac21D7 -
9ML4RofDE7TXogUQGgQXRG5RyHtaah1XZHUdsupG7w55 -
9MPBAWrbTPeVaq9NZaooQr4G8FiFF7NoxL3pSbY7LpqJ -
9Nawk4XbJQqpmMdK1X4WR9ndrs3E8iA1xdtPy4xDhn4F -
9Ny8L5dbs4TuTCrPEZhwGkkvkYuraECb2r389KqEdxHA -
9QCniZBm3BVVCDEY4XSx2bpHs2jXRb5GXG4gJwGPktrm -
9QmqQ4qXFqhe4XubZQrQFU6EtskLBvSBAt8D1GMqVMPh -
9SfGxo2pPbQH1AA5kTgxniu5Y2dakbmXqx72HUKQuB44 -
9Sh12wiKs8UKkodNvcZZKAncKFGPi4amKKj3Q1z1EjSL -
9Sutsv7zR5nX6ptkyB7cs7JtPTPhB6k7RWRWEubvNYA4 -
9SxRmj4DdGFbUtihm3BwqHC9B63iX3qSVxzL2GeFDgrV -
9TATv1Qsn5USesKsLrKZ7nTFub8Qatiyzvv6vybHgKHE -
9TDBoWctdXqKkRtbfjWaSAtLCYUHBea5pmnAVpPMeVst -
9TX9fCNDFvPA7wpVnWM7vdg6vfbHhvcHDNvnpTMcRuoq -
9Td5JbW97MJaHpPbhQjeXoW9y3PsY1oQvvz9CbEp1MuR -
9UUqb9EhFgrpbN3RxT5SYYQ6PuhVkYg6t5ESgLDjm3oj -
9VP9X3tM6LLGZFzEkh1E1dy4rBJ6owy2tQkvx6qcUsem -
9VWDxRteB35gFKGyRjDndajTiDAGn7pBQy7WkBhfu7z5 -
9WzJsw7RfDm3Pzpncjobi7y6YPoQuL1tmWR1WMPvNtoa -
9XhtPEYX2MNTmY2oQZC1piQNLZEdG6GNkg1jL33fw3Vu -
9Xn723ZNCFHhsyWuWCKDQuTxfmEhAernkSkQKTtgrU8Q -
9ZMws3k1HH7ULsHJU7vBMQN7vBzGD1ucK5g6Vhkvo8bX -
9ZUetviu4HrUGkssgRWg7jgZUGSN1bCvZBdZVSUSaWKA -
9aNtoRH113DyvjSHWF8b98h8Re5emrWaHdw6nao929ZN -
9aUVLDUCifsKSUVxLehMeWjjBRAJep7uLPFmi92pFZzE -
9aq8cg619hRh1PKXKoCjh3bacJqmvS4yF23b3bsP7rZn -
9b4jzRVs8jbcPCy1PfGbBTLGyrJ73VrZXCMEHmevMNr4 -
9b5Asn1u5BeEzJkLg8GYYYGnxvWkdurHnALaJxM3DNq9 -
9bVF4KZfCdn6M7PWB5KmJz4TWqZyZqeTbYB8k3meZ2Pz -
9bqYm6KYCWy41icyYg7DgPviYkgafw9zoQquQ6UM5RsS -
9cRVzTpxj9sJwaGyV5xM4FSDhJGvs3JzYe5c4eZUxAnQ -
9dGSEeDAJqL7vTyADgdyA8qELghR15PEQVnieQ7d3uSZ -
9dnmbb2tteotQcyqsNhUD8f4qTVVdRqrUEPSnboTQ7Vk -
9eB9KY5DpcEHSrwKH9kphyHqhPjqy6Ynj59uQcavgW46 -
9fcSGURVtvKRXCVdyqsohBBh4LkmAhD4TDcvMMiTJ3YK -
9gPxKr3rMd6ZuGhLWhKSonCc23868wizfkBAw9shBN1t -
9h2Y2PodbvFHQ6Fqy2gWLnAYEh2mHEprqosTa9hqPGh -
9h3qfhtQvkRVZKqNjbqu3ScuXr1SKA564viGHiSjPTah -
9hEDfpGnXNdjvbbewnYorwDXpQ3t3KUpVVQsDJ3UNSCc -
9iRoyzA14NW2PZPdSbeorv9VMdscPZADkc4xQBMV9iDL -
9iXGHxRGK8QJ5jnTKufZr11x9yUVJJR5vuygBNH3muAq -
9kABBMEXZ588HiiZVWthm2zVFy7qhfDRaKqZVdp63z6o -
9m6H3bewXyNPC8fuw5Hs31xn47m4EfL7kf13jeMff8SN -
9mUoVUu2HLe7nn5gZPzK9UjbGPXDdAyEQRZUGBn1NsKq -
9nnjLkP4LX2NfyCw7z8irb3T2dgPMH7DvLcR6cRPcb9v -
9o2uiRXBUmpGGu7GQTixfmQQnLjFzFCYVrvdorDzQU6 -
9oJPiuvvfAYyfsUtX6bBZA5f8mKoGNwvkWBL2gH4tyBj -
9oQicqetjXgyFueQP4vCgCJVSTztDgLTtjRMMbVD73Qk -
9pAQTReAyqefSHvqTakDy8LEBXbrJTv7h9R1peD32KTN -
9pdnLCgbB3o8bNaV7DLdTTZS39rT7k2huoZthhkQXvrV -
9pzQotWVScUg4d12gURPGzWeGqgy7SVbuk2EQ3TMeF74 -
9q9Rfn7ig6CXDySWGSQnepKo7aHGt5DpsKbTJArFaQty -
9rZLorM2XjLEX6LcjDwtZW599obiDxjH7aZAWA5ja4zA -
9rqtLZsXsK2KyptJtt5Gvwx3nJFGj5KEwjP426t5L4tx -
9s86RyLMN76ZE3vqppXb4cQxQMYt9oqEer4HnRRUek1x -
9sJqu7SKzYQCiR5vioZKHrFyN6oTypeBGiGDioAQeaZj -
9seW4ssr2oaNK5Gxw1ZHBnGWTwK3qDSkE7V4NQNRevCP -
9t9UNNHuiyQwHga6W7dccNsMLbwYHvwTwy3Zh4DAKjrx -
9tL7udUfsvqRvThFs9VWsutDWvU3RKkLgMBzQ9aeL163 -
9tQ4fhsyad7rv2yTvEf2ssw68K8QZmwwRJV53wtKM4ae -
9tx9ZgCiWCfkrA9H6LMMKsitRgCqEH3C76BKF82iq1xC -
9u1tvms9EwKYmRtYRK9pich5r9CML6orkcYbr9TRkouB -
9uxnT92uxtkRdotjPc74K9LoA58bKGRtefHsnn5XsNDq -
9vU3AqSQmXycGRZWvnhugCR7egNDnp1gyGxmgKDRG8Wk -
9va6WfeTNcMJU8PZEegDYPt6cuxc1TX2CsvhnREX2EbQ -
9wWxGQgxRBSZcoDdFpgKE2neRL1Cwdfnw5vNgmpnVcGe -
9x3mjoF5B56RKGjNEwwRaAPW4HZRRGsXUjUYrppW4jrz -
9xdr8wFZ2L59nxPgdrQX43MwfV8TTJi8h96pCTtPsewv -
9y1NNsGb9ibFttBjoWk88jJXTsGqfMW1R6EAwBj7ebuv -
9y5eTTvNe9kPeebCwoJwimHNxcAWwCrFZDRYcEX6bzLh -
9ycEYhcASv36mBeH2RDxYmaWMC8CKMV3tqrPgZnwaM1e -
9yrWLjCSWK1SYqAuWeo8Chcy4qPUAbdexo5og6xw5nQS -
9z754cS2kHB3kRYWvpVt6i5Frx22CZesND4VT3arXH8 -
A1jzudjU4znt4exKRsXbAEU3HEeARNX6igxPEEyHHDtZ -
A1nfLvVEAh1DUaWMxCwZ5Agrdt49fQZZRrLQQb8yhzPk -
A2r5kC2et8CE16PAUw389J4jEqDNe1ZiB49oDUVTGRrQ -
A2tUSP9YDAT4hsNdSW92y2yzgyopTgNP6TDS3SBmuWW2 -
A3JC3y7uFuK1RtF3MrQW8XinV1j4iJ4yZxmjPApCBKoW -
A4V2LsnX5Dd1MhVJSDhGcD6DJCEnvkPLQWHvRnSRSPuu -
A5yZRfutjMVsdhM8JMfvYW6XiwUZfYSthQh9dyFudrGn -
A6NAin9PU1aiQDto7bp3bdSKNK95PE2Shg3r5UmcUNbD -
A6ZmmLpbFzHdeESH1B4vASzDYb7M8g3dVeiG2z2ZGWEa -
A6sLWiZAUWRkeSh2j38nw4nJDHogPbJ9iDUdUUBE6XBw -
A858pwiajr252UF9eMmWFhRp8jRfWUsNEQKvvS2JC8wY -
A8zT6S6uvHDEHinEpdX34Noby6f8utmK5JyxMkLLTcbo -
A9URahBewcHrjPSbPZVBJd2SG6kJ5yF9j8CwVMt8ZPTA -
A9dnP3TiPRWQCCSsgmo89oi3KKUY9bEK9RZTU5B4owMU -
A9hYUcmDXHqEQiPspHoAs1bhY2jFTJHg5RySPDNzw7g2 -
A9tRhZSwCSRoSFqgg6xepF1wQZYyyfsnsEr9r8pPBkqm -
A9zFh7QP99NrxFssuKn9uARfSbifMuhe9Fh7pubAMEhg -
AAFaXcK1pLPRH36foibNGXLDd3AB5rkYK9U3eTcsmBom -
AAJWcutz67tRx3UhtzsBL4kCmkarkEcew6Fdj8KBZ7To -
AAVcag3GzWBe5SYTKpndnj2ysTxQPpC2Ui2PV7s6MhPb -
ABH3vgcwst1V9jPsUVUeaXXZf3YSFnohCmEphLY6PvUT -
ABMgVho5zXYLyqw1poXwh6yB56SBXqUWcctHTS3yRmUM -
ACUqQrRBono6w41QgqLG7JANBkQ5SEmgT3QEj1vXRmmW -
ACi2AwWJZ6fU5mgxFvoJQrSEBekWu73zvMS8FSVHbVed -
AEBhhA1Haek3KfSGmz5RXYeCYHiDhvfKysyNCsZw2k9W -
AFibe3Vcy7JEQ1n1nkMEsDbRZpqWcLm8bEY4KPKzcdpV -
AFkVLDRMvSjT7ZqXamFTLERqTjEzUtE4PqktJFiFna5g -
AGdLZpGqBC5qCH4KjBKAaPbxxvbjyQuTrnGJHp4N9vHj -
AGkHqaXwkRvjmjep3DH1qyj9x7HVMjw5wsf1KygNGMQR -
AH6dtNau2nECETd7P6xz99BcuoagsXUJpGrKedMrxUMQ -
AHdPK5mTcqdr2vHhAuKf3jckMsg6BGtgGmaaxxGGmaFg -
AJQaNfteyPmVmcSrhQjMb5M4YsetdqiM3gtMvCAsMJdX -
AJRkhFo4hWgGUFK2PJkCAw9WYz96F3yaebEM29WQkh74 -
AJef4w7jwwu55FUV9KMNwKdUvG7vPrLiDVWcof1WKgci -
AJvGiYYryBRHSLwQFP1g7BTWFQicPNTdQo1iRmsrzWwt -
AK1ZXZvvsvWGP7mrruqV8ZKwW15iNhX97vaNhi1uxuGy -
AKUCbC2oV1PBV3rzqQWCQxvxWvzZuwQTNixsAxC7GUv8 -
AKi9RgC87Zbm9YVwYbv55uk2wVbk6AFdBNb6yB4mkHHN -
AKjZxC625aPhnNcdxhhyDmrXz4Qv2bvFXNegQFM7QQWw -
ALDZjLvyqgvZ5GdmRf2x32gdTYr5BrdVACZBBMvY2s1S -
ALXmmEt6XDFPyQQTajihFiuXFGB1TzrBtytYefA4v8Nk -
ALr23AGnNjT4XKRtd8gngS6Tz1eiGethYjQMTVSqp1LC -
ALsJ841W5bmymkP4niHYee67BwB6fy4HYWxem5YHEggf -
AMeZ9woUN8dQNTNMQ8cdMJLCkVcHyKJwVdPC37Q32tci -
ANBtgYnqKrtzBQZ2sj9si7FaAX9oq66wKLmhTywdvcCL -
APEwHDscimwwFpUNDqSjvQjjcjy2LvzdTrrYZGUqw1Dx -
APddqkznhJxUT2hGWkayCCK4bx1QYwVnDWEkE8iH7nVC -
APfyHWCbRRBqCS76PiRkPzggsidKVVhpzed6wTpo9qan -
APmuPgji1kWxtragbRqL9fk14ZjK6EKyv73rGnEcsB7M -
AQ6s4qBcxPf26nTknmYqBJJsGbRYMgqwH7QWwcGMMicU -
ARXCqyyfH9tFfT9e7YQqqsdBPJ4GDY94n8KP8ywrMHqu -
AS48h9XejBdEYArhXPtLDicHhrtjUV6gcxAAZMgWPgRb -
ASNxR8VP8eJLadXfmdVdAtYGWe13bQ1XkRnv6pxbXqfF -
ASSe9GJuUqBAp1cpseNC3TTvfayxtnzrFenwU2XUYo8Y -
ATaUKcfudPMqddJiyB9QSveevLgDjKEfnjgMWDBr4dL6 -
AW6axd4iWErgyyzNrYh8Vfdc43uQ937UKFXzwaN1VvSd -
AWhx8wZzwFPPy1eNMk5K9T7KDqZuxuKtZgbHK6fHjAd6 -
AWizyWYqR4gAfkUcz4ZPTytJMz5DG5JAp8msFngoQmqt -
AXf2LdohYA4VjEvC8koTCL6h7PBqEP3fBVABtGR3Xr6f -
AXzZQ4AsCbBJ8YQvYMwARbhcKJfw15akowJd9683jKPy -
AYgyL7rp6VQmjkvFEixLRwbS2tGxwZMd7dnqi74cYS8W -
AYiTfHpM57em8weMfvVb44qiSxEp3CXdBQqZnqyg7E4F -
AYqd4ZXo42bnFesbZ2Mw87xsHmHHyvMMSoBswpjjnSby -
AYvKY1EmJ3PLuuuwPA8VWQrWckLMJAkJNh6V4ciZNEPr -
AYzWfBZT71dkF49o7Qc5HCT22AeusJhzcvJ3emYkpzce -
AZf61bdq3oovH3fhxPRfqD55sqrbBG2wiok7bbwvn65V -
AcVPavJr2tHzRBmHqDyHLinvcdL8NSZ6o5retJ7zQBhm -
Acgb1H2RcsZwYqN9qTWkcjPn3dJZG1KucPbdJgJfysx3 -
AcnBsuZU7TNGBDC6QXmDgB3jBEXVvKNttrSL69dBaRoo -
AcoupQHDP5w2Y35R6mfL5c1eiFbXPzseuvmL6dbAhQRr -
AdLZcJXCrNKq5n9LFdL4V4KV3Fwsygxv9Qdw34kYHx3p -
Ae8MY8jSngEKhkgwXJmVBwwkzNbKBEJNrqT8P5sUwdrr -
AfBEzZdNFCHi27ggkAxo32yVuUCPHNQbB8dLyPAaTxya -
AfBh6KASr1pPRMLwPdxqjr8vjhpLwWTyfJCydVzRFPjX -
AfSMxrKtDNPjcRf26MR2Sw2t7cDbA78zDaCQYMvbRa4k -
AgLHVNJ47rY2jLcW6eNLRC4VsEbLn6NKrUUtSx7JKxpw -
Agegz2k5vuUW2eagBfjHRC7CN6Pzc8mfUZ32y8wab19y -
ESuE4EA91acNYx297sE1xTFCNx7zYaUquzZC1DDUSW9d -
AgrrcxyvLXdCpzYcinBh6WiXrLRG8U3Leo6XEnLCuaTy -
AhkhPue1ApYHddDyNAVQVKKtAW1YbZwmYMYm5GqXsCLj -
AhqhQp6xJpj1dbhyqcSBDyXwtds5ehh4z6tzEpR4QkJY -
Ai4BLXt8WrhntwX9NUjFd379CUwqckh5XCzesLEQYFZr -
AiFoXGssLFgdePBpABNQaMM5TrttKW9iPptQ4jcYg4pM -
Ak3NqG2DV1ePNxmDs4yf9y3bzyvgDpmPFxFL3WB2nBFv -
Ak3cdaMNaeSYdTJmooshsXo8KVrU1NBgAij2xUNzTzc6 -
AkWvFkMHviaSDmDANLbVXFV4457ihWcS2F1NiBUrP3hh -
AkXaaLcVjYxzdDVkpWKNxiiWUtpaVgdEyUKVw5qTEzhK -
AkoHLMeQuziy5cyBhFmpuBTkzaD8VKUiJKofZb2xVwrQ -
AkoxnK7YRP3QKfbtxYzXLZeSj25WrXeb86LjW29SiGUE -
AmJR12P4duUMA1SXTM94ACmRN1Lq3ctjkXvssZmrShtY -
AmedKk2YwDQQJtF38LDFG8z1mQQxNsydsCzeaxhiZgq9 -
Amfr6zpdE5UBLA42CZXDgdfnpf4x3neNrPaL6ZaHZztT -
AnLJatBLjjpMxHJxoAdaNXuCnZHzcPfX9TiBKPfKpBFM -
AnRxFV1zhoC5wMaDRWYPKxDfQhemBqPsrkBV5BqjucTr -
AnmU7sqVoeHsTCsrRPvJuy49k7DPoww1Px2kTwTkK6A9 -
AntXPoTA7U6L7qWA6zZR1zEHJaAZa5yJzU2BeUR6wSj1 -
AnwQ1WnUNriA3yCcQZUPzV8vvQAtDG6i3bS4FkJBouuZ -
AoHE5Zn9Sba3W29veAsrUJSicimZ7BoLgPzbMdGyAkox -
AoSMBG8CoxZPUCtuwF4MtAs1xkCHRA3pJT79mJtnadV -
Aoaa5v5m6YsF6zW41gYZYxHfh5Lzns5VrEiqMCV1ZjVs -
AozbzBJDZZTSDn1eYTpSNN2EwMVMaF3BXkXtX9pvjZYk -
ApspWoEWHzBTdVSfyraVhcREQAyu2Drxjq6Z4dx3cAci -
Aq6bGcvKTGxEs4W4wB4ePZJJzNq9m6KJPGyHwCCis7jD -
AquVRUmMnbxHg7XfvVp9S6w7FYo7KvAc934dw2DBZmvV -
ArUVWuwZa8wTQBUjRyrRYiY9gTGU1A64ioRGkW7JoNmX -
ArVTRzUQjUrnnDvhFYieunv95uJxtGp9YNXpEqzgnN2e -
ArfDuCMhqTJk5i3CGhUE5Ls8dNvDXh2FpzciTfmGT4Yc -
ArfVwauPYsr6FaTxS718ABedzPQiWzotLau6bF4ewgSi -
AsC5m5nxwijp6BvuyTDMFoL4B2BeNpLFj6ZnJMRU4hks -
AsfCCZLRQd7ghdfYSSP3SkBn6vjMczqEEVVbaUo4hbJT -
AsiMvM2nHWGrhFcL5PSuu9Po1kNiwxXFFgXCDFFMkDUg -
Aswm1EvuKg8dadMsR4xQdCMjxfZtdsYeLAGXtf9BHVtx -
At2aDVHgp4hp7LL6iks4FYyKEaxQJMmhtxGwnitcvwhu -
At3oCN5StsrYygznDkYNDGw3NRDhhXgesmnQMD3Cn9Mi -
AtRsYWYgVPK6qb3YYJ2Liu8tmKVWGpEjpQkVud72FUvp -
Atut9CZ4vMo8agwYpCyZthZj8JUJBao7uPTMxswgHXNE -
AvH98L6GoEefWJhjip8c3CwGrHB7ZtfNow7u3hXSF8XH -
AvSWTE5ZWJQe1HQSeTQ3MmaAJ2xqGjirWtnkiNpagau1 -
Awhy2A47RQpwjw2WzpLckrH9hHWTSQu1ivVcEb3uMFAg -
AxGtUvTFkpmmWgHy8FKGfQpPYE2VAdZKQYaaadEGt9LY -
AxJdKWjMwBruKjdqQvUhDReBvkPAuYJQ5uJt1h3okZj4 -
AxqtmsEUFLnEmj2kG4KucNM59XyjMAAzDtCbSuCCF4mg -
Az8wbMZmTA8aw4EY2vjcFhcnNHKZBBbURa43CXjFy9p -
AzA9RP3pxms1Ut9iayThoEpYPjTSG6WR8RPcuinoyLPo -
AzjHS2XpjHB2fv33iSJycEVq6JeSgo23Npj3wQTEbK7G -
AzuT4p8t1NPkV5eAfjXtXaCDWVXa8UnxCkLf5AHEhHkN -
AzxgXsmrT6g2Y5CL8cM7W9JNWUQvay9QN2futRUo3XiH -
B15N6sktMZe9UYh6myJXoPs3QwTPEFU1xc8TLW1byjA -
B1YEHWkLSkSVrrUo9Y5iMZZxFrTJ5Ub2rs4R9HkU2sBs -
B2hsHab54jsuigAWJaEj7d9ErCWktfg51ZG8zsCVNBBU -
B3F84evdaTvejpyUJWDbTRb1roma394tpqqvXraZtgtd -
B3UYpXuMtH6r39ue5ZZndYEpYrSKn5NssvzfLQQKwWBG -
B3mjHGbGdjiFQLseFyXYrJ9ebMNT3h3rAeaYEzNxE1jn -
B3zvN5LvoGkobd6kWymKCZpLjUrwU15tyDbL2Ag2nwdE -
B4a1pVv2UygUnV4d8ZMAAtCRbXLeTTeWMVZL32fvhvoL -
B5nqs6pvqusv7KGondyAxbQRCj2wBwmRJ1aF3PUhZVcV -
B5s3hbrxN5ejxsxansnj4RkzrxzxA8r12RhwefX8kQ4B -
B6BZTV7PE4kLPBvw2m23HLGmfjQeH3a1pV6UyiMvWf4N -
B6hyCk1RqzFVF8cDTGXiEoXo29jqYTUGcZ8NwMss54YC -
B6vHFS48pSkHUrgtEWMv4SuYQTbSqKFuWxzX8Q6RJ7HY -
B74HvfooUHUwnN1u6g7BnVQwLgWQWUeBZJpadMPMXYZQ -
B7NZkWfdGYeMmGDbV3aWuXQi8SxrFCKKuufvT41R9jPD -
B8M2zkGRXizDcb8moqc211sTep5CjGx33UbocgE3ymS5 -
B8fL4X8AYsguX6ndu2TPM7GAtvDjxAcgnJsatZpxo4gV -
B8o6GyijfPY1ZWhvdAZSYihog5mr2SnkRb92w4GdeFtW -
B9eEdXdZduBokmtziZJQMUkaeBKCdebPSN6wuocWia8P -
BAnmyGMQ79PnsiyV5nzsnoPCexBRrJtQBUFsLhApM5rb -
BAw555rUCwsDNZD8hyqsNARaRKTvocYQGTRnHJZ7618 -
BBGZNvMBZ1wrPAUurvt2BC3Jfo4TazkeHKkk7mtfodM4 -
BBTLPReDa8BzAB5fYxpMd2HQBt5a2kHhAJYd6tyLwJqV -
BCvuHHNsT2qgVqj8SoXfBBe5kEqWF1dkhUtiNThb6CTC -
BDbaNZ8DFDyJ2teEWimRSZaRfE8xMocQbJ1DvU7w1P1k -
BEoBbRMdxubZaJMsg6oXsaJmg9arUfSXsXC1VTS5MjMK -
BEyUBKeGexDdZ7gC3BiepaQEpT9Tjt1DwRiBNJn1qeBE -
BJVpdSoq5zGZmtyHFkHXYVbbWiY8vK8q8xTXfeoEFp7v -
BJrLC1kCLHYoCDNazyzXK4wXNWAGhuwbuZ6x2Z7NmjF3 -
BKKYXAiS6ryBjn35FRJfh3N9pAGA1inTKK5ff2ptQWHz -
BLamcqdJUcZKvQ7MEB1MBNUEcaDdXTvUgc3Z475oT6Pd -
BLnQb3pvuZYqXPk5wpQqjZ2eGdP1DxiEiS7VFn1HYJG5 -
BLvsYL8BPEu68A2vhYNNdh7fW7QbbvNBb2rFku2QCWYp -
BLvwLvY2vYY8F9CWsX4ps45scKVAwcw9xS9pf89gtarh -
BMsRM2bLUAaWXLev77REfx2zc7f4XBrxdMT5msCheoMX -
BNMMQp5xvWp7n2W4a8KSDXwtUTm5YM1oqfhvXvGUPBwX -
BPcbmY68N7qD4nDzi1E26vXWLDNDovXmKBwVCQ5T7JP9 -
BPrkEjCv8Zdeu2HFpzbww43gERd2rMfhymnTWRf2thY5 -
BQ67b8JrbT8QAKqKnq18ynbZ3XFLiaraWVrw1U7YsPXe -
BQB8MxhcFDNT8nH2jHavpqCRX6pfM5jkokZKJ9Vv872h -
BQQTJzQqc6u375gjWyk7RX2736ZpZtirQMc2SccXLopp -
BQjLxP514oYTr9LcoyWUE17dEYtU6WRtv4ixcwvD7u9n -
BQxbSsdPYYMuGuwTv49KK93QiL1DqB8a3YauaWxwfhew -
BR99N7BJSGBWGRk4iR3tqCNzfsxzd2vtqRbigfPJTtq8 -
BRdSKpiUjkSXyswpEfeLdGvgPPsa4WsvKoVeCV1qA6ht -
BRyatUqN3PsfRk7FomAcJ9WguftQwegdakr7i4Rh8nkE -
BSU4xaoWZhK6rhhByLu2AMbkhmPoJLNcV4smv4J9s1Nf -
BUBZeTpAvgU6mq64EMyvXGKsoyLY8F2rf4fbghmUApka -
BUyFq7MQCKS6Q7za76fUZHrGLEjamVTJ5KoZhqa9oi9F -
BUywfxnggVJpvT8Po27qNMCpJvmbQjTMk3bxoDVfef2g -
BVE6d3nmL6wjcNtkTzNdQXPF4sGT6umRuxrtpDzTv4PR -
BVZUM2bKHeaSBFWeHn1Gwf4Hsiq2ykRZ6nQn3qBsSsxU -
BWqxQfxunbLcrvNHmekppuSEy5QvYGogGRantQDQocfK -
BXZse4bfiLfPi2zPH5sM3bhb2EtuaWurLjNhQ2Rm7XrP -
BXbQpgX5jjQK6SNHKPa7A7fNt4D7S13bTbrGgQico2kF -
BbD4fbVEVg6yQUNx3sUx8xcV1fw37jCg8aAH6zVRjWza -
BbabRdxxkXPzthnMX4C6z1gJmEAQJRprHyg6fYXbQyeT -
Bbd3nG9MqdtPGR1Cbeuekm5BQEr7A5yGHWt2479RQFoo -
BbrBHT9keFTqJMnyggoi5JM1AT1jAKddruCFZFP4bUHy -
Bcs2baKAd1YgaHve3RCY1UreLz75j1vTTfJDpisu5ZZ2 -
Bd4Mh167g1hmE6cbEAJakCTnxFuWZQLTjTpEoALnfuZt -
BdekQD6PHN6z6VquQ5M5f45RkXiRdSpHgqLzs6tL3yQP -
BdocfueMDXDf3tCY31NL8QZnujqhxgwVizmeyhy7Q7yK -
Be2tbSoE7RywwT2bv13JN9Cxnhthn5YKsXgN7PoVtNNg -
BeXvYk6iLoX5ULpppDHuBYzrmV39cDJs9fdiPnsQA3sU -
BeeMY9W1Z616w1TUUZLEvLb9pNcZeQgEMXKrQkZmSsVv -
Bf2TUgjxsGmskbSS6rQt7XNS7f3Az5S7U83otuBj9cGE -
BfsKdKK3XwDjguHEAfx2iHeSQM6wCPnSQjsS6rrgbX1F -
BgMmkm1oNn9HHVw1ebRX5rggwvKjyV1SB2iW3jwYfumv -
BgpQXqv9mBDoVgQPQkdS4maHivMwXPozuMvdwtoQLUfc -
BhRnY8gWKFLCoZqGRgds9RPidz4zaf28GSTxKacE8ZuP -
BhdvAmSzmnj7UVjjJfStUJuXp6YqQQpKz9bA3agkQWCv -
BhpEL94jRADhB9Qj3RKE3b8R3TcppXRuFHK1eQvGx3zq -
BhtexvUsHCXNSaoVQ3isYSVDUzeHQo5oPqiauhFsaVMx -
BiBPiqRFdGmQUyjkbn5X864tnPEezHWvCxhEjqJxA7d9 -
BiyFPUYhnsggnbM8GbzxAncu8Q82kKMKmv7NqdHqGGNg -
BjUHTrnBkEbVMMy1AJt8iLDbjjvK97iAVSvqNVPgtrF7 -
BkiWfsoJGYz3UtRn5ZyyKda2P3ei1tm1Hje7kJzrdY7N -
BkvyW5dAbn8JafHsRDe6thN4v9jadU3qBRz8KdfxZupM -
BmU7i5fne9ioDBbJ6V2DN9Tv3BBTTXtp9vjhp8LwFAkL -
BnJHGBzEGpnModZCHDhQifp8EYye93WaJ8saXRie2W2s -
Bo3vzzg1hB7kAtUTLAej9unYpTqLFKJsUWyVwmHZaHEK -
BoYz2U57iLAgQxnEwGBsFZrBnwesh7VT2LmDmy1USJDM -
BopotrnPVFy5pW2FYj4ZC1JmdgwrQDoZwrfPTF137fNu -
BoyAqA2CCeFS2NFvEdfddRQUZW7KkUvLCWhnKPMtWejc -
BpAJgfFfBD3vDkgHXpoTF6uhhhwJRrKY8ntoagPqdxQw -
BpATnjGHGoSMPjELkacP2M4MQUwvAGAd4R4BFtNSTEVu -
Br5o83NP8aEGR6Yu32wjPkjjJtxvXMpvRpHdGvqkJ7Ef -
BrKLju9aUFR8LhwFpMSKi5bAUt5DTPGJCi5nJTaxTMqp -
BrdH8GgA99jGF58TGmfchJ6vTVNRz9aJTzGxpzGnMMo2 -
BsFzu7cpnvHhzgVYBQyDhk5hmPnn9Xx451CMqTe32PAX -
BsSDHAeb7T8CgSituneMMQNehjVji3bPuvPVVHhjnNbD -
BsySPZamSeYppZYigSZW3VtCigWMoWrhDaeucba5z5xf -
BtHUErrKoenXFwT9gPb2yMme9y16mdghNJdfwhbLZYYE -
BtYMUL6bBYtazUWTd1NfHup41qACRjGoKf2LHRV6q7qu -
Btq9UXcU6d5RUc7wriUkW8n2Hnw5pzGuigibGfmHiHGG -
Bu12zMZ6rAsdVCcYj1zxCw7KzYNrBiJig6TdCZuipxBp -
BuN3stLWAK3dsPxvRpsj3U12khGfwAs7f83UCw47bdi9 -
Bw3V1PEfkye5sUeVKN5jSDY4xB2fTQaLhE9hh2jw7tWy -
BwGxaJ9YKGxWk7eJDKAw1Vr4k1L2ZPotmQjw6EZ5FbBX -
BxAZ4Gjb7zL4oyst1MafxJ3McbCjZP4twXNqSXu6dejX -
Byat8RNxWyETxncVrefy8mut4YMLHhQqFtvAYcEZkUHy -
ByzBaRYowvnhCtUpR8f55Qaamd5PhekcviNQuAu7XVBy -
BzPD7FFLnuLWot1VPeLuPDgohizWYbs39JsGcHB6y1yv -
C1RHH5vjyhzuxPZSxBnntxXAexxQUhMinAxqw1yMbkcc -
C1SBJG2UWksySTEqLWDykoUYscZWaoYfoMrNUKE8vAZm -
C24qLKjXBRAawJZrsx3Jq8cxHMn9XrHmLkKvsSBp5LdN -
C2PxZeEeXgg5AHoBwSxGfyfDQvf8caJd9nVsrFQ6pFVN -
C2qoYoKT93wZRFU8inp6qS5tDbChHwdsafKAK83nkZwx -
C2xKp5kzwnDdx7zFNQGHcUYEc8CHNn7pJGLY6adLidJR -
C3a2573YsEVUBWxgtPFLiz7ke1MKaoAg3JLsdP41PFnY -
C43De1JAzriHtJGLAjky5B4nqUkFRXfa3WuJy1f2ugBH -
C4hsirzNTydpyJqFn1T72Ri4reANXw2Tmf7SoX9C9zZH -
C4r3SheGT9LKtioYJvGRazw7EyA4VczfqdGvPrWXBo9H -
C4sC14LBweUhMGTyMiGF1BSxGmuHWFBanbdGvy8N87wv -
C5Wv87vsDsPjPPaWAMhL7FvzRr7HPeZc6TLWNWyqKExf -
C5vvjiA4sExYEH13CwpGK3BCQHNZv1i8TKLHGgFBMwKh -
C68x7wFb6DSoquQyXuUaQvDAe4YF6wXAp5a3ftf8FNwD -
C6FkLquDFDhWVWv9ZV6wCNNwHKWWRfsgv5hY2xhvGj7E -
C6FtNstqy9Kn6cYuRu1TU93ijKB6ag8YcHArKuNZgh85 -
C6YmPCmEVyEDkLzbjAW3D64aPJVuL5DXZSi7QViLs15o -
C7HPazdECzUdVF6rEdCK3AQZ192Eof6gm2rA9AHrdcNr -
C7cTjx5oNvobR6YskJWRDVtJmg8MyLp3ddkFxj8AhD9p -
C7rxksRShMaTUrpvPThkwMWJnvANmYB3Keafacvfmvj6 -
C88BAXT12Eyeyh95pMye8ZEAncD4i2YXrfjpDoaNSm7i -
C88DSDsPK5UH2RTk6V2yyTobiC833g8sQq2xE9eJ395H -
C8LBumuyNLwrRmV9Kx8LCsnAyic2ysTu4RgZJANcGGpZ -
C8Yk3q6UV5szqSKn6SYKjRPqrS4etXgKehpEunWunykN -
C9qSAX4j1g4TPp1GNEQdL5CeTgHF6ruTN6b9TB7XdqNt -
CBD6AqY87VRS2fbC9A97KqVa92hvcBgE4oFj8AHnyY9x -
CBJSMwa2fW83YYRzNn5MNTjqBGEm7Y6zND9kAwi5Q4xb -
CBftMQ4XgziENHmZFvtkJw1r9FU3GuuWPwL8cTvmY1T -
CCckqBCseEbjsT9hfy5L5WhHSnjNzmYBpxgqDpjp4h4E -
CDdvnUkKW1SfeH3vT2UcJLv6gcAvMUdu3ombPTqVAgua -
CDegn4LH578SdrYvsnn87Bb7MVmn7sH4cJH3oAQK2Q2E -
CELH5HQ9QaFkSzzYh7xAKXcKdV5zKBDdZwZSVB8YcNnu -
CEQRvpn39FkmGTKPZ86ND5sNxXCbVEnRjqgMw8h78ZU5 -
CETRBBAK4rvK12XcjuJvHEHhoj1HBU5wfTogrJCwNVzt -
CEYD2YKc7rQLQkNM7BWHjQz2hinAuK7axgTFF1bAQM9Y -
CF3wZhNFkRoV6FgYZFrwtcu9oDGjnUShvctCLqXtvYaL -
CGpawZdqAqH1xD1XwJcsBMeqp6oChP1UzVctcof4p4yd -
CGsCwkqqnN23vBYBGRaCBdU9JQh7MRQe2UodCt8yjYDa -
CGw5ArNdBDwsbjdUcGGTZ373exNBJ5d4u5j9iuf3Jg2K -
CHbFQRWxiwiUxRKi1fUpeA91KumJL3tbAfPY2YLW3o28 -
CHsY96XPcvMXVK972fSBtmmTrFjyWZsSoBXppugX7mS3 -
CJV8rUk2YGggjEqp6fJoKqKYp4UBLbDGRhYcHbLbu4ey -
CJuGDAEacuHVmEQawDLdfe2MVh3RJ5n3B2pdre2dRxHi -
CLgAKzWo7RiYZMZVYwfPL8h7vK6cKg94b6ZARK4EVA5b -
CMPpFMiH8riknbmL66hpPSSy1nwQnaC54Nyjd5c43zyD -
CMtrbEKk8roxuxuASTWQa5FJW7uLgfMcuLw5sq55mCXZ -
CNCdXe2kFF28sYfUWKyTnmLjGbjt2Ee8uxjYmvQSMhG3 -
CNrjq7PaPqw5fEmjepAtRzYzVdCHYmXtqy55iTgYysDb -
CPPvRejTqXBzLWePzpNzmCXqwd9sLBDtuvq45xxWkZvg -
CPS33ZorsETkEedyw9pipVZS2TX1Qg9Wywk3uo7p7ZQ6 -
CQjqngwQ6e1V72X9atGP5mfvSNSBbVfrrVTwDS4ttDYE -
CREG3XvA5WVYT4EH1qksSYgzJaq6L3VseyyB6SVQXuPz -
CRTyxp4HWpGjEkj3CPNecmoXcHG1qH84H8zb8MmUFD2i -
CRzd8D8V3VSniFmwSaz8voRBorJkFrYkRCXxVhNf8MMe -
CSeNEAP2e3yhzhKXqpFaGhxLmYsEGrdYQDVzpqwmRjoA -
CT2dK7eeYWmdKPhYDC9J3587pd32Yumyi7pPzaare3fW -
CT3UzshvqEJDPMHb6WTvu2U3A7XAbM6MpuimkutSJSTJ -
CTTtQBaUwmSjEjDYLEyytagY585etQPB1KEv5S5HXYsM -
CUD1EVRMVRGts7v8cGH6ZyJZk35LUJLb6PcQXZGZ3oA9 -
CVSJe7zwhnSTLJmULZkXE7YeXnYqqvEWYbvWeY7ADqup -
CVTBoKC5iCFKU7T7ecy9N5uY1iJWjYUB8YQunQyHbuYj -
CVXzMmdRg81yr7FPQdpgRBAt7pHWWctjCZJHWBCrASAZ -
CWFXuU2JTr28yotA2tvnYagMqXX9rpobjAJTQ21BJwHb -
CWZ1Q23stj46eJT47yjzsZSmNz6Zy8J4n4ix7wPYHnp2 -
CXcAJ61Zuu52JvtSsXvXt6uxFUeuydHPGU2JxJS9BbB4 -
CXj1Ntb7sTG3YkTJFQpSpuH2YJQDoXRhf8AaYpkiHxXP -
CXxgWxFt4QaPQwpU4NDzGMp5yZN1QfyeuUFXmR4Um4pn -
CY8my7PLttW8SZHZiEXBe1YH3XijCV5AtjbeazqMwF7G -
CYan1PGMm7A41PEdmGgWc6hom9wXcVyBMLSHJLtC8D6W -
CZcvPC3PGJqUGBMi7CzfxpPi6Z9Vfk3Fn9i3jfG6jhh6 -
CamJMgbuCwYCibc13SZM8QU4bgfF8wKQPSz387JeonqQ -
Cb8oUyo6GnJgYPkUqPY2WoggKL2A4nndLixm8bQeD7Zc -
CbLTLSsRhHvtN323bCa2yRNuWYLWcd1SNW3VZrmJn5xw -
Cc2SM9pZJMGP6tsExJDkxpSjpoBzDN3iERfaT3TE6iYY -
Ce8yAvFGAGToTrakHhXnk5iWZixhUoMn5Dx3vGHBhjQH -
CeMMk67rjd2EBkrWaobt8dqKUc9UKFe2R4j8uZhVntiG -
CeT1J8MJPZivAVtkUHGbgWYg67QgCsRtwFMcuXwTozVL -
Cekhi5Q9GpkiUedcXRM9i3QsNtsTDwP9W1G6FErmBMYd -
Cesu8ariMWM9Lve8DczYJN8aaMd5v2cs2irjAs5uKunt -
CfsERTEE6mf1F4apPuT5JJhkUmJ6Bmft5nGaGXJ83WBN -
Cgau8HCTgQxFW5a2mfXGX9FWAoRrJcacmNXKg77RZNp6 -
CgfWchoN5qGnJYwJFGm7XkCkQTiK1ZC4fqd8AjBWRnrR -
CgjeGvc6EWXN4yUHWkk42inANVSCCVy11YwPndsH1WPh -
CgnPJxVCw4tFp8YaU6xZdj1qz3Kx542Q41V5B33oRQEt -
ChGMvaGhcN2e8SGa4wcbX5v2XAy68cYhmyZQhATsPMwv -
ChKjzjzC44LHSWmvarDcJoD3jbyitF74A7XHWtG57EFn -
ChvkysEfkpy7UkTNTm17AnmoxEAv4w1eXYsWX95peqn8 -
Ci7q8bcgHXsq3hk4bwTxxU2UNdAy5EXGr2xo6JeVAAfy -
CiVVBtzwrQos7DGeFuxcQM2M7atc3tupxhR4XMX4AQEr -
CjLw7XeJj2S4cVcz5RZhTVYEZzcdzyyX9VASmNjbVm7u -
CkDpGmEX1CnLMJSzgvPFqqTEFPfQDc6bct5QkZr7sjrh -
CnbbwzH22iaqVF6mWVxAkbmqxRpFCbWsA4y58rwovxDa -
CnkXDr1VR63TpDXiqugKNfUmmiFbzoLcykSHiVH9zEv5 -
CnyfZ9RPSfFrcb5kx8AbWJwK1ksTf2syL9K1DuuEYM9R -
Co5wpWHjafG35nVgyrcGrnUqfm5w2TVdJNNyHZJa9rTa -
CoBqag8dCs35mDXw7PvwCzXoukBXHAbdYe8sJwn7QrXf -
Cod5V5uSNWfERmezDWpsxX8uZ339CEHXh8HtCRAdN2Kw -
Cozhj3rVamLL4CPoaCBf4txo8cqVLJ6Miw3X7wRtEf4G -
CpHFSFWZuoyiMafdvxY7AgyUu55vQrVRXj7C4EURnbEb -
CqHvPL5nvXcCYTbofb9EDuh3P8YX77iNtbLhrNfV4dRz -
CqNJWYMdN4qZhjpwnEVimhVYUSB9e1idwnrURTxutwuv -
CqUErBtj7sTJSpNs7tawtnGTK5dc99nK4NzULnHpyiRk -
CqaCPnE9bPQAdPUnuYCLNact4bNUMzQjrSGEHNRVG1g -
CqjxyPbtiQskTC24YZHmQB6wk4YjKDSLojkCTv9pq9G2 -
CtDy3e6fY392ZiFJtWLLoCmEz2rYVddRvoXsp5neQqtn -
CtTWWrthFUMYFwcjtaynY4zcwCeDXHC4kqhAbTbpBXjm -
Cu3hLS8EAwa1zZCMmodoCKbKp26Rp8Lvjt6KXvtuHBKC -
CvGTRzbDtGfLCvw1SnuVvSt3pL8Mx95m52soyL3fU6Fd -
CvK2dPzDgfj3rQqshKQ7n4ujFHhYjUWmTCgN5Zqp2gwG -
CvWrRMTBRE3urDsKC4r6LkS1NpqEaA1qGVFaYVCDfpC -
CvXYpqaC2VgWbQQhmMAgJASFprEaondV4vvTc4cTpxSP -
Cvi7eChDywYSCCH7AgSUm449UgBLtnrec47wF9FWpHkp -
Cw9yc31umJJQwAVGoQcZEqySDKBFxfaFCymDoEMYz2wx -
CwEQtM3ZqaFr5gkAoAWq7qwJWrtyHRASNtjKxq9mvu8P -
CwF6AteWUDCQWv9DMzhwj9y3TRTgC3ySCpGHGPEAJjVx -
Cx3iRQzBgtueGNLHokkK4KQ843grFm7QfqTdN4as2qHj -
Cy4WiWTSUAuT2t42ae4RV6xw27UuYNwuFyF4SXWcCjRA -
CyLNmxtSY9rHwkyRawq93YL5a4wuVrWMWq3ePek2A7Xd -
CyxrL43hdxtrhFdLrCEg2yBKFiK3PNXnPG5YWhNcyErN -
Czrm8pX1LCszS11wqazCLCp1iVV6wf97neuvFS4E38W6 -
D15SVT4BfQicqWZVCFvvHWQ9CFmLVLBayfC9KKLHT1h9 -
D18993HCX63TVnVGy6EfMQWnRdyhn7DJSAbKmz7q7uoM -
D1jEcX6mLJbJFhvfYp5BkS3B6RtQLss8aTWzh12a98JH -
D2L2eeSwrGi2BYQ3ML6PZFBt8tAQaDsNAKYVKbSfcXir -
D2rzJrmSBEDb3GngFobJikkENqL35vL2fraCVEsGRVDe -
D3rcKvHhF7VCA7Z4VdebsML3tpeduxcfGg4BocvaagEG -
D6HpCgxiiSeAgMxudN7aNf9QW4AFxt7VEXNKp3qCsoQJ -
D6MRHvewEdw3zK54KMfkLk6mcfsAhDTXTJjXi6JAJ7Eu -
D6oio3NNq51ExxM2riBi9yb7W4VVAvexYZgvmqgJ6FiF -
D6s3RKWC5hRmdY1u1zFpQgh8v95mAR1qeN2J1WPnySjU -
D6zW2WTxiNTPR7xLoFjifGyioBLKBm5TGaK96QgKc4AT -
D7UtW2Zd7nc7wbMxZ9FieTcPBGCH7shZ78shQYtceuXT -
D9ApAtWzXNzcjQLoJ1Z4XHYpp5CZHnB4CrkXjECpcdnr -
D9eecrUUAArBQhQizU1jPsVzdutJvFgB2TqeRyA5DRTJ -
DAKS6bpGP85weWxEudTro2hcqMMEaNre3BnpsJeLcQd5 -
DANxrbqo71vYm3ztXTbeFVkGHEPW6LbAMpZSjc4gVTpN -
DAmQ1HWZ9VDedNnzP6LsrsyaUUgozWeAtgFBQ85Pb4m7 -
DC2HDCu7FoaXEtL6zxSW4DD36K65DBCnT1yiXhZbTF79 -
DCMaSEZG11PiCHNgPi2Gnfis8iMDnVEEwZ7PM18Ua2WP -
DDBvrYVWiw1kE4Ch36Whdis59Pcd66jVaeJZRyRDMZw8 -
DDD5bDro7LEXMdgAdGKSeHX9D3KjDHFT4fYTgo4Z5ctT -
DDEmouB79FnmsmnaBSDHZdduVWssBp4sYNCEyyqRK3ug -
DDVVT6Ae8XtvFK6kNdtFU2BxfHqfW1j8GrTDimabpsSA -
DEMvBKUr2gvAHC7hQhcCasj6FpEmCdqLV3pFVu1sN1Da -
DERjykqfDoTMoeq5Zq1h4mrz2cHHX5EP3aAW7YhAa895 -
DEfWhdJSp2WyxxKrZUoAgyiMyPBmG1NdjMrbg2DXvXRC -
DEy4eqtRi44gnTv2Qc9rkrTuJzqH281AujmUhBsU7Ymr -
DF2ESV7oRNFXqwLVYbuJ2tK7j2uMbnDD8HPGDTKL3ZnK -
DF8qdVCd6me84njQv3uW6VjHhE8MnoSN3MDM8ZKhcTVP -
DFUEVQdwuU81M3pLd7MDrYtovPLEadg1Eao5kinLKy6H -
DGhf9ync3XBjR1HLqgrusfy9VVGDp7PXCa4cd34LYknH -
DJ2KKEZGB9nt6CgbRPoCfqo6exRrCcAR64qiBFceuX54 -
DJ696uSgPZW441pZYnsXU5dbQiRT2R2baLvjio7DhLaL -
DJN8Bbq3e6Byc9CdryxJsMzdx3m6kYF5KFqNu7cRGJ4i -
DJZcym6zR3dsXTzQRSwG363yMbPWgLnbMyVCARuqaxti -
DJepnYCUfuqHvKfoov5CfW7UTP89NHn4mEpeLfx6aQwu -
DJhnjP77KN6scXggpQkUGpL8KGae7TwPgZdJk9xNASEk -
DK8ZDvmZJh3L3fXcgu1YWN5zBtATiVewgkBuG13iuwbW -
DKXMzkT8nigQGh5tro3jNA15rptYCsutmQncWs3iLFzK -
DL3BdN7QiBseFkMR2E3v215kHiraTyGHou1QSHPpt9rL -
DLTCYgjygPgL1g9kmjCU3vdkYDMAh29neicRe9z3jrmZ -
DLdPAGVLAsJdW68oVT7rg4wVdqK6R3fbuKJMg87kvSEZ -
DM2fWAxJKCeEh4fjKYTqrinDPpHrKn96tNCsRRbg78U1 -
DNFJPNYxScJjiyw4YnRwyzMEa798HWmh6xz99sgYwfv3 -
DNm3L9v9voL9ktAZf9xeiBgiiTxd1xXA35SPy4SQcgfB -
DNqE1MT7oi8JiGLmgjfDBVyUm6gx8vHFDkDLdcGZQGsb -
DPC228BSZo1LekL77ysTbcSS17wUhm2RJx8rNHtBckv7 -
DPRiXTAxX11DJdPQCd6oEtN87bDDK8o4RRuwYuqheSdY -
DPnnHCATgftoRvRPiBjXqJHmbp2eHgt6D1ZSyacMySSh -
DRQW5R4oRMwHir34jS9wapU6oUTAHKpi3i9bYavoRiQ -
DRXYiTqir7GJj6Mqsovbq5aFd5xbHMJBn5s4cciDXqdx -
DRY2K9aKb6yTSZrP5h652PWMGfvha8TznD4Ah4NjTuDB -
DSktQD8mTTNbr9wKqPjp423rKgCwr1a6mdWH3foYsHKK -
DTMzQ39Q77yWGoFNQNJKhofmj3vdmMjAKRp2puVNprgy -
DTVfBG56ckN46HSNtG7aAy4kztry1pquEREtY4f1uLmn -
DTWBA8JYQzNFeQjmnSxpxLY4rU3tVW4HvMXu2nNfLzce -
DTbFMmtXziAxxaTbt72hGbToMW12uMvN7s3K31HCZSuy -
DTbNUkad2i3ADU5LinHYFX2YXQrthFgkBuuWBYaxCHhY -
DTtuNLWSW4S8sSZaAtxtutpFiaqQ8hGDt5V1qroTmG6i -
DUfPBVBmha2h5Zf4Yg6D3Cfr7nqewYsuMEVs6s1PJJvx -
DUfskT9a6NjqxTcvCnWFbAVLxfGK3hHvg5YQppzbpL3x -
DVmCXuaDTBdZg52fivQsyWVMV8XNhnYKHewjHHCCNkY8 -
DVx3rVVL2GYrHkMJmHHvedMh7iAy2omWbRhrvi1QPoq -
DW8tMDr3FaXc46GioCv3g65XUHW4iRgtKgb71wzxQK5k -
DX4xpYKB4JRaDUfkwYxj2AsL2FMuD8rSVMfJiUYkGZnx -
DXvjRuvdTMH5m49cztpYiFc5Jj3cMMGLjBEpKH7qLQuj -
DY8EFoWCNnk59nt12mRmzP4QQsXfgm54faTAFRQ4hKHJ -
DYJF5ucYAwAKvjLiP7pG2AWRM6VvHWwMdcPYR6c3xDsz -
DYUPWpvG6xXUstfv7rBY4HSHR8ANAQS1ggWoLUscZ68j -
DYkafHUxYgow87Nv1hGvY31j49UxZpUQbm9RC4fAcgSu -
DYwW1rsuMMetVenhZZ5y36mt8tAKPfjA1RtEeJ2ZCA2r -
DYyBySarfLg4Bg5SWAxq5qU4HTPGbD8BTiGfKqV2SYtT -
DZZq4LRQJjfUt4kaGvfdJp88QL1egz2QL9UNURCXcKwE -
DZbnKneqnnVE16yFXxTSEZvQZEe1woBex8qR7tGrS4cL -
DZiNsCetKptCCDgHimmpeAEkrBzNDjumRJF95p2uxo1m -
DZjDzPbVsxEgRVm1r1fiQa5waUdaNjXzGk624q2YHEDN -
DaEQoeHHFjzCFXAdJ74tTzoNi3myhYcbBuMf9Zbv9FKm -
DdAf9fcRdegTKc5U8xJH3g9PTgSxt18HMwj1ejihYnLq -
DdUMSkpwUhnhCPZkmtTxz71dBBB1ts4HoxTgtaB9bVA1 -
Dde8sxZkZyWBvbTyqZQ4TzDoL22ckkqURJhQUKKw9zUV -
DeLG5eo5X9pghmMsCxzC2NNhFVS77JnKRm82pC3XdWwR -
DfDc7zzsc8oeNPqMadcScr7Ein384DcHL4CzP4DMrT7g -
DhLgPcqPkhTUbwZp48TTmoFBUBko4qUbhPM6d85XDJbD -
DjHXVTjABa1ktJWMe5yH3W7Amt1J2Ws6p6jkfo1UazeX -
DjKrsCWtSAZnEFzFi2WUBXJmGp9jfkpW3sg9HwB6xYXC -
DjMnY9VoacLVGpS35ZUjx7W9gsTTPZYdyYFrozEaciAF -
DjRL3dHVy59bady5EgLhKdbaAoW5skpevGHMoxhLAXjy -
Djv4Nd7yBX2zTp1omRsd5Sfz2pum9QJBioB9zQwr9trt -
DjwfZ3Hf9EUQZ1m5xtN9mdJrjqLjfLJxVa4NSmtofdmP -
DkT5B37myaPeoih7JE16rt1v96rBEFDYrZ6BcLtT9Kbg -
DkZvyDbHRqo6Xg2VNGGUbrkh3pnJihyRZKfprAGhBL2k -
DkxmHZQo9x2y43asQYePANWGmU8TifqTRDF6YLgRvo5D -
Dmto68tJmagy1JM8TwbnqYCG69i59DzCnVJYEvRvdEwB -
DnUn3rp2doQkFx1kTTtgLSnMWy5yg4vBi85rpP8Qhm4B -
Dnqg9dYCv9TvFsRWkyd21VNPQ4dUc4h8NdFUULqdMYCu -
DoARRx2B8e4GVGqSTQ9yDFqQJr23hFVfPMuja5ieQpHa -
DpDaBtpJmXpxCURhCSeTan737yUYZhxcBsXpEzMGK6QH -
Dq2e1esnNQEWs2snt6iX7BXZi5q8BbtzrQHgnVmRAbBf -
DqTQRvijAR43HZ3sP6m3C6iLkNBTh8oAwCwbkCzPWgPi -
Dqprdyf2AEyMrTqWSQ75X4bvMQr9hV2EoTpgtFiJgaJ1 -
DqrJMnzcLCebbXMuF3CFTegPqoqV82Lb7hhfW9Q6BnWN -
Dr5ykA2oL6BuCv3UZtLruHwnmPorB2jAjqDoreYg92u9 -
DrpHF432bip7xvC2q1erHmW9SYLV2aP9JntXN8zUFGLn -
Du6QXtFEiehrNRqaT6psfdtNR4bmGoK8MXtFVEzVU6bu -
DuTEoiYbELkQae4TSENinnEwFGHyEeddTa5uwhtKnq7z -
Dv2ob8u95vjS2gpGLPSepwnioWPNLLSFCP4ZoaJi6MPr -
DvERt4AcaS4Pxe5CBYebgrWxfX4f3U9ZG2X9NUHuW5CD -
DvUQ7QBwvmM1rRDKYyxAZiCTHgHPy6m8GwLFbuCTdT4g -
DwFvqzq7EKrDZhbKKdfU9AGUGDZKKpv5i15BpBMXs5Fz -
Dx1D2VBnJNuU6w3Rq9zdfSEiBwWKEnXHeyMCL6nURyyc -
DxYTtyEeR464iQgGXBhjVDehZp3YorxHGEVs4QEMJQjA -
Dy3txQ6epnq1DGoKnkdWysK1votMT8pbsCeQnsHehz73 -
DyKThBRzgvmv6YMm4M2iozH3WcSM9TKo4PERTYF2zB9s -
DyVLZSuCxBmWsyMMpYNbzPF6D56tqhnmx1VYbBMgZG4U -
DzGoC8qYtzwbD86ruAV5dU6rRUSDr9UFT3L2KcPcY8Hm -
E11exeUs6jPwiZ5zfV69qcYZ6tfr8HKuerPdP6Vmew5r -
E1bnrWs3EXiQkD36QSiW85d14TcXzXJejXCsBqCdmxSV -
E1kWqBqE8HYRxi2YdjFYsSmAuwPHz3HLJq5yq7JVrdKi -
E2F4WG6kUJn3Xt4TUGW2C39LxAysJhFoS6fhhvmERnqH -
E3GpEzH3p8vWHxQJMKaQoeuZtrr1o4uAgXEfRJ1TYuNQ -
E3QbqLLqA1PSQUryRWfhinmcrLni1mViEL12gHWGzip2 -
E4maANJ2mB5h4CtV4EztFNsGhh7kngi45xRHp725YwHD -
E5LjbPRR7M5ZxL1XdWcLApv5cBjucnzPd3Xcs1riZvPR -
E6MQDsLco5GbnwFS7jrrrpYXKY7GerGyNzgMMEVGbWDp -
E78ACuMWhNte4Z9pQHi568MJYUSST4h1gcnMwEJA9iB7 -
E7FKVBz2dqRLFkST8gtV2FZCNQDhZhQKjLDqrgmFS17r -
E7yUikYoMW7n2VHZkJ7qGCUnHam82RSvrrLhV5u89Bgp -
E88fwLW5qwAMQ4dG1Sdpm9HAVc2NKfv7yfwkK9Ne4RhJ -
E89yAhcHAHdBkS8zF8zH8EueiFJ54jo7JCGD1ovZ1WUk -
E8d6Zze8zDdaeRnAEuW4cTBvJML9erBD36rTq62USGHX -
E8mz3SmdJd6DkX8rHVug5vcErt2bnoakpfm5dntfYm6B -
E9CtEb2qj4BPJjuPCt5TrFfEs8kzSGpQuD7pWyRm2sCv -
E9GBG5ALTE3yCmU8sp2VsfffgftjTYzxnWnjiWjisUzp -
EAS4V5NrW1v9AK3qvR5eco12XQE2HeYMXbhuPeD2ohSE -
EAWY9TkEHyGY98hp6PJ37raAW4w958EPrnXgsSCUcFn4 -
EB47QZLPjkxPUPzmhNvQ2uUaHmKMJcfwWH8kMoVJfFPB -
EBxh9qThqvo6DrnvcjdMYUkSFiAm9Wa8WtdkW8VsmUZ4 -
ECFTxCxQ8nW3H7SvVPBriaXBzx7BVDZ1K1VT5fhv9iDq -
ECdZWpuxYsF1MTedTaFkTZxvZrCqfb5hd8kg8kaihwAn -
ED4Zu2szZf8p3vEDnkSaNzAAwry4jdnoDEbhmjz9X6k1 -
EDF67txjhXyvDQcaUGzLF9rQ2EgopHzLmoMLPEiVmpRu -
EDh7cXDyYVwHawd6MKudDGVumWvaMAtCzeXquFY7YAAt -
EEAskKZQu2FGz5KE6N7Nk2gGSXrGELeeQKe9TWSyCKU8 -
EEFE3YcT3GeHNk2iXVrfU4URPusJXezHvV7A8kg9GreB -
EEG7FpqtA5YX65YbRMuiXGs3CFEug6mRGpEAuQwgCwid -
EEd7MJULmJmoyuxgX4Ytt5867ebPhu3jAJTSaKtSc6dP -
EGUus6QJRWcdMzRCXM7h1XX2epn71nh78RYLXmLb8e2z -
EHhNnVqa4JEDPuPwUGEyvrvQ71sK5QZxnFPPTbfM2Cgz -
EJ9pSpvQ2GeNXxc1wjtEoDH61Bkdd9wAAordTD8Pq3yF -
EJREAuqMRfqCr4tiWv4cdMKkSAxf2CPyULjPoZXfR2dk -
EK48q6897pfpGM3U1DnebPYzuyd1iq1ZDMwCX6ZfBcBN -
EKwoKi9Qxc8sFRUYYQZrC1sh9WKryVbU7zvykYRrV2mc -
EL8DVuwChnHgs83pE7U2Dw4CkqarpadDwqHBoCrW9juZ -
EL9Npi6A67d6FXyqkiVjUkqz7SutCar6YzkxmacwVn2t -
ELUfyqQzbqtBxVkcVvd2fva2TnL7eRrmXufdXYt4GcKL -
ELu4M4WufBRNTtBMfkovpBogZyJ9eR7x8Amr7JThLU92 -
EMFEePYsgz1nSZMvUAv7qxtzNeMbrZkmGMhwd573aQMS -
EMjXKWEiwZtNYq4FKM5i248j194UPLWF7pCGVzTuX4QV -
EQ98dUw7Spq7Co2VGx68Kw61mWNGSc2sUfwdqmh2MiEc -
EQhtUqKbANf3SceeF8BKCb9fnHAEUmxyTCc6PLY4LGtu -
ERiFKGySATPb3d4cs5HQiCQujesB7X7dtEudeVstdZp9 -
ESVEBmDFcKMZiYcu7aQQzF5Stod3JjeMfK7XogBSCSE2 -
ESfoXW3Pi1nfYMAqRMKQ88iBLbV7SSq9XGLSipRC4Gw2 -
EU1mu7vvN92ppt8tkUbCZAPqAVcPch38XDmQv4XiMXDq -
EUGgzQHoFAvAgELDZ7eAtbeZBdSLozKDGE3mfWLVsPjd -
EUZLT7UbYL6k7uk74rM3D5Ew8rySAiB4t9Vm4923KudU -
EUa9Rc7onsHM59ry1z3FUEgypb6Aoe6sLJNxGDJwJ7yc -
EUoG8R9JANcReFrJCegD2owY258mkWXJWmwx2w4SqWx7 -
EVXnQmqSff3xWRGAqYbwPQxX3yvR7SJvB9U79EUSC5xq -
EVZthZWghonFcMscvvkThvyN57XeS5s2cXXV6haZWw3w -
EVkSoomjYLhAjgAkA9RHkRFrd7rYhjpYjC9UwdyerrSt -
EWF7ryEnWBkubypGeYXce4aXzutkuS9w1hAhXU6Qxbap -
EWFUbJmHYKe6e6bEJhdke4cozf6RJNW5sgABPR7cUK6D -
EWXAXZTekhMjxsp4s2Kxhk3am5C6AcoGikC6XVbVRPcK -
EWqxbgMhkqu2dM4QW9Dr38njyfH7J4Rqq9uhy84hAYYa -
EXwcJgjtgo21NG7xhNc6E6ydiAyYr7E5493tftkGbaPU -
EYL3qTZREsoUwKg7LgXCkdgN45QTjLBQgoEyMtKQC7su -
EYdCXvkSHzX261DZfWKenAYGuEtQhdCotgGN6cSHQJ3 -
EYsHyjBENNsV2XvcrrzfU68Q5TGu4mJU3cu7abNohpLZ -
EZ26ML9nk5oZFiKnxaFvmJdK6Xxbju2HLxy5g5WMYYYc -
EZQZD9FkSfFDNzfE9EtRgTRCDGCQLo6hHftPh1ZrLD9C -
EZTvhmo4hDXSg82eK3DJxjdp5N7tcXGivxsBkLtpLJHW -
EZVPdLfNyp1i5X8KmfzFLBJURCXfjA4DNQ33jX4JGr5V -
EZcv2jCLSiX7tJCmUbE5gDRYbiZvnd3jZeB9Xh8fgGLc -
EaR9KeZgoGK2RDiU4TobksWuiiHDTULTbdUkDg3vetMC -
EaSP2Hn6zDTLTnSogHdPrwpRtFRXUJhtdz6ZwNmgeBLw -
EaVBEzgdywHVSapR2US1zRWCb5L49MPAcVJqij9AdCBZ -
EbBrvwBVPCkq6Gusi964XxxqookqUS38CTC6xZMN3r8j -
EbxLJeZerrFhAHT4UeQRU5uUzGYBgZM5fB7GyFnne8qm -
EdM9jtYmv2tZn7iWUqSnvhHPCmEmc8cxXfxMkVQr5mTL -
EdNTcJZAFBvX2BxZCdMmNKuEiYykmQiQh2qgXUV85jLu -
EeSJjEQmtwxDfa1KWUwWFAMwXovHkFbsVu1uZvoyopSs -
EeShTDkAK8fgg7aJnnpcgMuFrifyrfxSeh6paYXduTrd -
EfMkeMb3kt7nAsHF7o1BmHGQfowgBYTXcwSWKL9b9PMu -
EfpEYiSXSAbgtmvfSXmvRaNdh6dHr9yvP6TXmUHNrvpJ -
EgpgmAQ7dXWPjc4JcLxhnh9dfy742pgmaVwFmpfMcxm7 -
EhKb2QeWDHGz5H3nP5WCU7uQNqpudaYTodFN3fyXNKj6 -
EhUgje3GbaPzmGTd5yCRRHzu5GKPE5KMzXfZhwgahsDL -
EhfQTmPLyz8Zwbgus4J3zwyzLEKLr9qsoVcpgYBzcsL6 -
EiAU4drGwpwQJHUbZ4sgPvWiJgqasfzuw3WkpSBe9uFy -
EiCn8VERgfLKn1pTrjBLpwBcFESfNK1kUALS13hPpeSo -
EiRyni37zuZs4ebzAEL4AFUgbLmC1hg6KZSY9pj2r2CB -
EiVxti9VRQwp6LxYgPhsT5ajVsfMHPcfVGFYj9jpL4EL -
EjjaSJStmKLeKmUwyYB55FcW3ncyGWqQQsfG8s15EgNA -
EjrC5oe3twWh9mranJ7CW1fMufusAUDXL5E9ryMuPRUx -
Em8CKDTgktXuKh19uUMwf9gFdNCbBkNQy1oSdrMXBFVq -
EmFqPFzoeKbfXVagYZjbVWWx2vka553n93giXsP4RtAU -
EmR4jhuDCMenR5x6szziS3NGu4egAU4sEVXY5wb2y1WM -
EnXBcYYUNy8TptvvMZarp9zKD5bZrwjgk17gPNNAVscr -
EoVop5GLeQs4KutoeRcm8pt18Y7bsC31WavukruxqCcE -
EocFMiobEKeuBty9EpW8C8tQUq1XQtHuiL9TMx44xvh2 -
EotZhTbVH3mfpeSM7LpkC3vFwPaNHopUYVKNevcdEgCd -
EovfyoZNye8vDUYofmpXxJGiBKB8MHghD6yRsYBW1bof -
EpuURhLfuWa96Md4Myq5ezpnUATjhyt6vXkr3TLecuaQ -
Epvb6o5eHzq2ek6DKcMtn6kr38eSU471bkoDoy2HD8ju -
EqRVqfW6TEcVv9eu43RtjLEBEZ4sw3Zp84fmDSSNTB7Z -
EqadDFSpaQsU2snVnEo1n4en4SrZ6pGtoZUHo2PdSARf -
EqwWS8NnQN9tB8zegcc2cHaZH1ZyeEBbykqySy1gEnMJ -
ErFsX75Qxqf4y3MkkoPMzhFzt7BUMqQ3jbZFRUnVdRCV -
ErWW159X7vEV6JeJTpMqhL85Hj4RGcnAKQfvWfTakHb4 -
ErpYW6WREscERJJf6pm8DHoJbpfPMbe7SLS56riAj4rN -
ErqfTS7JwKUfNqmv6JQMCLwTzwVQ6GCKnhJw1oZ6Jqes -
ErzTiyWdsk2Mm6ZqAY3k2cm19TUYYiFsaebZkQvmHUK5 -
EszupuQP46LKatJoGxFn5fjchuehdjsnYR5pMVa5jnyN -
Et4dFKUHoayHf32wNHazUDxgn8ry6GBYq3v7MSPPEfTw -
EtKgRktaZHF4k4nWBeXCXrFfdaUcXxZjTz18S7nF5gV7 -
EtTirQXakD55tfW7D8PVNh58YK24JvoEQjUKXAkziSqq -
Eu4hHHVXRXuU8Z4i73KSnRo11f451zRkRoZvXoDZBA7M -
EvBDbWnvRv45RFzbxR5nfZyqkDs4RUZcxo9VFJw7L7Js -
EvmxJq6QiphFpbv7ZyKxybPtBcYAkkBw19pCyqFPvuLe -
EvxVSLUjBt6uw7oFK7GkzHMkZ6JwYkyauzbive13Q59Y -
Ew2isou9s5Rob7yrr1mUATcqWMTMH75cUcSBz9BiUqxZ -
EwJKcVpetjZmZr15T4hRaeZX7BMrhapAzXc8JxHPs4qm -
EwJM7PwcPdNJKaNgCiA5LD8D958M6fsNHKE21zoGWUqz -
EwQWhW7GTkvgsrNVAoD6erRWDiF4QjdBCjFpfXVfCZ8V -
EwfusaviWAY17TQRM47hrMYqAaXU7Sw4K3GuX7P2ApMt -
EwmFpDxAVWckpNtJWjSkLw95BgipuPvDjKc9PJZFUuYA -
EwyeC5SUQ8KKLocUwqzuxALrsux8ojA62mzzQrFr3X1j -
Ey3KG4TU5JN6Y2bnhvyRKJJRjqBWhLPANCKrXoNJb8S8 -
EyGe9AqAvqWzFSNP4hFnECfTH4Crp5xWrLx4Gi6QehVM -
EyVSYe6CrzT9Jw1BG3dkj4gxPgNHc5VwdvPbp7Sbpifi -
EycB2BXv9Mz8rrw411LTKdxVZ5EEQFGjkDWKuLLgN43k -
EysoSSxKDVudCpKoestmpe65jJMVCpoG7RrHPuH2RGcu -
F15qEFAFLTiov8Ga1qUL3Q8uTD7CDiqEUVCW8vC17ERa -
F1aGhWqAiiqm5HMmtnffCvGxdqN1Kc1bLak6e2jUMmiL -
F1gugF3WEdZZ6gD2shTRQDSbiDG9Kfi229TUuidZigdG -
F1j71wvAiLnKrKxejnbPdNSKaHRfpWzRkJHKNFpVV8aw -
F1jrdKyR8Ea2qtD2PUTDsXB79Gh9j4j8MYahFDTiyNNm -
F1uJZtB1c9Pt2Vbc33HUAczgtahT5XXXpsuXKrVXjjsT -
F2nrW1cVQ9EhWGfTYNk743vJb9VhVCW3PzyecTE1xvuq -
F38WoAs4pXk4BpGdJ8oKKLcUU3bu3Xfhcpv3ghBNuYRr -
F4Sbmbn7gESxB922AUb9XHEawXz53ohx1oUb1iZuM5dS -
F6dt217NTmMRREzJ6GcQfS5rxtRYSnvKp3yBAwvonpTj -
F7TteBna9cnQUevhGTrQ7pduose4iBSMoPoeDX67sPDj -
F7bsWNaMRqBUmE5Jaa6LBvziLz9cu9NWi37DZMD749Xf -
F7eRtCdN5MpXVcpYGzScyFeELphsRduDD7FbebAiMe1A -
F7tbp8FEnqoBT3RNmPr1kDdzgTk48V26RPtn6EMXQYUh -
F82YWzDn37EHzM7zTeK4G2JsMQKdaqU5BgE1CPsyae83 -
F8e1Gp8GvavwK7UV1WJhWE8VtzT38KpaaukfK8Kkomj8 -
F8owKNTP6JJCy2M3QWAYrymw2EujKGzcJMBc1m1KGsYF -
F9CaYRGEJVkpG74BUznErBe53kAagnMYDeMnsDgredhH -
F9YNrjpeQgAoqQzi1kdG8eQ3KhsRvKQ1VavUxnsakPaB -
F9ZvTahwcsrx4XkNEaUNGSCNPdNdbG7xVxadi9TTWfft -
FA1Y4S9YHGDE1UWJHaf4FNQqdaLNRMjsY15bA16dtZr2 -
FAKiSFKje91AoCLWLxUr9bKqnAz9SHshNJQnxQPsyZeb -
FAX3p7R9wzDhHHzAwVnJX1zpakjcoa9n8QnLRePRBwgz -
FAuXrot87NnXe4y7x5J837mfiWubGSoe5u9ZGY8f1Ctx -
FBXBPWhsZ2TTuMg9iY44XXH2Rpx72jqpWjxHEzBUjMcS -
FC6S3zFHT7GaiMt5f8juPzmsEGKcycPUGgx82VBiTQfZ -
FCiPxucq9uHW184jJjsN3BSiWLvsBncs94ukvdxUJHdN -
FD4r8xXhmD3f3zYtYnNXBSUvcMgnywCii3WQ6Uu2UjC2 -
FDNSg7YwvHHggDZuLCS72DYfh6eceyLzoc4hh6SaTEuq -
FDUVzbwjJQpZxGz8Mj1dkZj4BhiLf5g656USQYB8zRF2 -
FEaJRE4FiuitCeiEEjEAYt7E6m2eQvnB4ZBysfNWkv4o -
FErGBf5D4iunbLmQCLH3riRzrsx1ToZZ1QEbr5p9AV7U -
FFG6ztu3h8JjrfRo72E2GrpSm1fwQuqKRCBciWu8Y4JE -
FFhqvNu3nQiaJ1cCDRrWrwm7xJoqLcqCKVNzUAsUwcJP -
FGY9XDqv7WZhUKRWJpBw8yyuP565L5U76WjjfgJK7SWW -
FGe6kSxuYcvyEZXC7sDQaSe1XiybiGL7szEHCzBgAkeA -
FGmszbgZJRmBM9JYjoLi6MCT1SVNTZiAc7SqvCmQK7HT -
FHPcNWavXAA5hu8N7XDR9qkKQ8HfA6D5gpgWUXYCoLVo -
FHQQDBvdxMB1LD8vFWnHcy9xei4EcVugQonXtMjtDFFz -
FHoxsxqyG8jgk4tPVnEPB6hAw6JCmrVaXoafQbVdELZ7 -
FJDTK9vsPmQnPn4vizGZvwByoFvp5Qy9eHeVzwLBMUyg -
FKHqd74NiXcmfiX8JeK7gBB1MLCpmj7bQnn2b2tcY3iX -
FLKExPW9oYg4nxsvTZn2REKvJqbXKy9jYZ2gTz73rJsr -
FLPV6UdsyVwoXXskdCd9Ema9hdP8JbzyvEVR7bucU3m1 -
FM4kN4bUvwZwnyGoRq9nF3DAaVRUj7JbXTrPKVvarXcr -
FMN6sVpQjj42eUUgk46iuJREJtoptRD9GXNMwK3VmoMG -
FMtT9YHSCC6YBJJcZxBXtztYz2AxsL5hAsHgLazucBNs -
FMzFkTk6f41WAjzeXGCwLkiBKd15drHNYgGCUbMTCf9w -
FNEuuyoq7u7sFhQToqdehTSo2BaDH7HCQGEq8AsQFb2D -
FPBp96qdvVhs33Ji4ucvY6V3KDw1B9tCYpShs8j78aVf -
FPTsVAKoHEm4RBsrJzdVWfb5bjXik11G3HbCTSJRPpHf -
FPVeZQeRp7XyCAfkDY4PNUgmoWvwmR8B3rDNgwBepuRF -
FPkyKktfe4uVyU8ZbKqmy64GaHr6pdRG54js1HmStZ49 -
FRnQRxEkeD1DJFCDkAGCfE8aLZdMk9oA8bW7nZX99Mpe -
FS6VJR83yAWypWTrWLY3wSAuzQFqmKpgRhnfNoT2BYj -
FSmQTR18jbH1QqRVMJ7pia7jE1TA7shnFqZAEnyx1NLe -
FSwWcvKH9t1Wut5ziQKveakVYYH78GoCqC3ScPhpC9vm -
FTQsDXg4jJqUwG4fMG4zmTMcBAPwJgnPs1Pr27E2kZyX -
FUm3Ne35hTySBArmXSiV581wzBCr9ZjW66RdaMFd3zA3 -
FVtj24zgHnHaZY3oURPdqKuLP65hmtm5JCksEbSSTr5p -
FXgh8w6zYfNZsCFPkkNLpseKiV4iDJyLYxmhN7LjdykW -
FY494q6gh66fXnL2SqE5RE7AwZXb1K3ESi2LG4KEyaQd -
FYjMYhR5ypaNyRs1iuvPqo5XXuN2e46CoyrEZiMYzMMu -
FZ1ejgzK5wwL3EQ7v4oFxAwNivEnrWLdDe6xCsX2FTqf -
FaF8qTyqcxH3ediNDB62xwJqsMfPycCFnpXoDTRmVJhD -
Fb19makHW8AAyjhtWsWgFnVnZSjMZTweMyp2qLscL94R -
Fc87rBjf3vDLpgQu2YT6m1XXUAzv9SHPw21XVo59KeQH -
FcYoxRNgzJJZ8CBsYrWNpPGH5w9t7RgCxDiZbacaTF7Z -
Fckv8629qLskukkebpd3kJyPk3F2xxArgQAqsKWzkWH3 -
FcrD4x3aKhDMvZtGi59KNUaAo82ctJnJrdNxaC16V9PF -
FdpeyFE8shapKnpFEHsfWcgYQpTHPaWc1wDd2J9EZPrH -
FdygUMh8vDn2SqFHjWf1hT7vzLWPsceQz1UTP7dCddzG -
Ff7JoDfS7MN6bDbxMyF8zzPmUXBDVfNwRmi5cxJdDkF6 -
FfzBwpZwk9Wt6YWQR7woKuQDVs1jRMBMrH9Y8qkrs3qU -
FihNHWymPvKjgGBtgM7tedjgp6GkeJaiWmyzD6BTH8Sn -
FjDKvkTeXTeDyPQEKKnsY6N2fXgWHXwpTxrg2qA2wM1Q -
FjgGZqo9S5SbspJTGQe3Y5wM6RKDMDaUgS7z8M2RC2BW -
FjjyRsxD5DebrfZvbYudfjsn956jBWRi7FncttKffKH4 -
FjwBPRCfFoNA1SBixjM9mJCyYZg3xYqGgvG3GP12GbYk -
FkL9tsGJjtisxKXifmaTrkKG5GLDjyMvtRbe3VE7BebQ -
FkaZJDiXrtwUCTm9Ecb86DbLcg1qGUWFENGgmMJW3Km2 -
FktJB4P8CWShfHU1UVuoUpVSYzzhgdiMxNppjVdKU6g5 -
FmY4sxvedwrAj8TnS349FxtYiuHFuivAxoEBLQTnPgJX -
FnRaTyA5VrSsHTfCsDraBu2inWJu9aPKTH3tQciHaTZY -
Fne9ifrzfTHpCbhjoUfD2QVNeLAZKSRJmQvcTpVhDeMb -
Fo1otNhcdLYqTJwPct69ngaKQgoKos459rnB82atbmsK -
FoLNTnzFfBTDrFdGLBpNA8WM1qifs9BmKyZ3SdUKDkYD -
FoyJa6szQos2MAXiWRnmHeBU7tsYcGeFXfJi7Qv6hT6W -
Fq1j2ehUfo4iSEfHP9pDz57kVGajCsYzywczgqvTmESV -
Fs6CEWiB4yqUv9FKZ9SipgY5uLZNp663aw7MbCyg8eU1 -
FsuiJzpt2sATxTo4QRskBUFuuggc1iR5WNYsUGnBUfXj -
FswKsgwz8TpQhonbi6iRUEDgSbUXioFd8QAZ2qPTUtZm -
Ft2ViMnaH3gWR5u7Mq4n4eSuEjZgv5MTBHPbht35VjqV -
FtLE4fj9jMDfbSMcTjbR269XuWft6MpuUb2JuTbziw8G -
Ftvc1UYtSUjEPB6bgFKw1yYrmYKkaVeQrUwgcGiJh5rQ -
FuLQr3HxDwMjxUfNoZzAQScmMuqG8bFaNXsJbym31vkg -
Fv3pgXaHi7LdvKrGTBED7SGFgmmYHjv7gNrrXND2jngA -
FvZ5k9JG1XPvWzPWsxyG45tZ7Hqgjd4DboSc1VvFzMP1 -
Fw3DysAEfN65VVcztd5vXSYQJ1exaeNFJh83AfgEgemx -
Fw3uEgMcA3FccTUgQQRmKBb95zSipUhUBTTpmksQT5nS -
Fw8fQAY8oSsA42hYHKLiRyJpgqS5dVQz9UEGNV3jbg6t -
FwEfBtuSbnS6zb8QP4P3bCMMwfGA9km2xThxHBxJ2Lvr -
FwchYyCJXKXEwHhtvDNnqHKJxC6eJXunQ1hvyGbUpe8h -
Fwi36buna7bBMyHkDC9Csr6GWfah9Buwf9bjAa9zYmBG -
FxkGy1PnyrzUnL55HTwiAmJzHWsdx5Bh7B5YvPZs99Me -
FxmvjNTjRtWR7752go12zFwTR2EkhpHWzQ6t18zQawQd -
FzPCWFRd66tnAsdEcqytKmuEAZME9NCLRP9G6J1HMv12 -
FzR1jbLay1xTp4K11rzuGqVrXMFBz1ceH1SED5hxY1To -
G1YLbAiCyqWZ925VsUEUL4xamRPnGZ9kKcA9RtX8dkL9 -
G23xM5gcGP1d1dxXVnspi2UBsdjVu2vqLYYqqEQHtb7W -
G2MmronokR8WJtm4UqC9MW5JV2bjXTJ5n8vCdSvJyZ8N -
G2YU3YT7s3FGA8MKA44VVK8xj9KfUyekXHxeiuamo7Qo -
G3NEhSxULQTZW2VnpxrejwwuHUQjonogBkVhFAZdMrKp -
G3sq3kgw6PysdaYY6xUncfQSEuBndiz8XU4sAUTfG93L -
G3wexE5h8A9CDknuKLMG7RXdVgx9mJE8tJBw3UGhcEpc -
G4VLvd99eA53QUp3rDTX5k1VmoSzzwsSW9aAr9qaNEuf -
G4qCb9RMZHEx7TGaDiM14drn3YNyaCUW11S1VULf8koX -
G5D26evGUYERL6ncTs7k2z8M4PxrwN3AszHdQV4R1ov5 -
G68uRXAEYXqyuYaygJQeUqT6VT8MXnR3dHYrzJ3yfu1w -
G6cD99EaYRV2EquXqpyhhTbjRRqaKd8Fte7NQXBqAQef -
G6z5hLyqeptPyaGMNZoWzBwTRSo7ZxJLb1gUnSmoKcXx -
G7VKiXoYQEoGpVrFafALNvYm7c7o9QqqTYhfqTLQsbsU -
G7dL61QExXGL1auvT9Tc6kdoYTJZDMZuaGcFneRQqNRB -
G7kbaEy4r9uRCFPLgBWvmQdwSSDjrYLBu9T6S647whFN -
G8EnJbVDHyudzFSDWknQAkYCLf62FDLruQNK8DeYSxo -
G96wvDp1HayRVjQjYJUDymDaQ9GjzS4PAG5vGVoA7jas -
G9AEZYCn5UyP9w9Tm1q7mrZHTacjsJQwDxTph3XQT6rK -
G9TiA4RYBVbgmXFfx9rxwcB8oFduHFyxFQnFcwRjvR7u -
G9r1j5rDPEyQrGdBws33gAThw4g5tjqUv9VLbYq2quQN -
GB6xKr2usNTTP1zuNq9pyr9BFNgVdvVYAwA9WrWHjad8 -
GBHGdNj56FxaoZ9dsk2nGzWiAeVV923wqjLFoL8Z231N -
GBHxBztGThKLms1MGNkbEYGtym3aLtUGbkBvK9sfagnL -
GBmHV5WFfT453UDMB8tpGgVebC9PTtyfVycC79qtFt6a -
GBpaecaMaG3PhwXjFxWQVXb2ENRc8JvjBGCYspnAkZX2 -
GBz4Xanr2fVwLg1wbsFfWx5MGfK3Eu5RAHAXaKdrUGgY -
GCNrcdLQeUeYTZroWeLDxxBbgvVGAN9asBXmd7GASaUm -
GEHCehzeJGrzLK7a3AwzSfkbUGvqNW653ciAG4fFfkpm -
GEkd6tdZHftcwQaFK8AuHD4QA4ZF29hDfs6mpbtPV8hj -
GF4Vzb3Ez48XaQZy5fVUEhsjwrSXnioFJj2US1dQKXim -
GF7ynKsRiJSY3fjQSmUhMqdnjKgaqHNqcCWNMkSvDaPj -
GH6AiMBh3QeNbfxaVmkRdM7eb7CggPmg7CBLxJaxM6L3 -
GH9BonQGrUMT41QawyQtuWL4feZdqxcX6rTZSadnusxf -
GHG2CJfEmaS9CnjabLLSsj5eDGcKen6eKkf1NhqUNyP3 -
GHKAt4qhyKhmwP2tk3ZiJUgKDCvmiPEiu4iDM2RVoc5n -
GHesfo6K2JRD8i1uJuZuyoNHLT8fUZRbwGUvAgNJenW8 -
GJ1ATWLBo8wTrw3XLx9KfWQLcP2LnNEeuoMKxV78uZD6 -
GJH94KBLaquBoGueNPhqrgDFyFjhLMAN4MufKkAXfznm -
GJZgS5NeniNtoMcRP2SP8sHs2887jukQmGQVikm1fWCS -
GJfSn1HQFhPc6bhb6qSkJxm2LS6WVsQG7yh4QWbxijgB -
GKJA1kEX2JSXWrJcLSArf45p4KLetJuoxdLzgAn85To7 -
GLXnPRvR54ChX3GtvSsEK86ddSzAcFomkF3tt4scqtAt -
GLmjK1VBNoLUfJDWSvtf72gXoLgMqGnRABv1QjzkHK69 -
GLuf2xh17Zf89ufpGMeNEDwVG8vF7hKn2BtuQWApfHB8 -
GN8BgnSoDQozYNNjMw5FZ3nPfmRxUfjGuHq6zGRKB3EF -
GNC75MhCBeZUBCLwAhydWiKQMeym4YCtQNZgJV14Kfm5 -
GNSzwccmZKZTFNVXQwC3LV962A91Si81V6jUQwAMcp3A -
GP8MXHcQhK1XzJKfdTaV7ZkkLuBT5r4TTPXyGDWdgm3t -
GPmxSQVf9epST2hjTbP9kfcqcTQnxSJom4q5mwZJWEpJ -
GQZoQ3DA5GC1UAXkd18h6pWhTfbjmmyfRHGgpAvEi6Yt -
GQgf5yDchwQ9ZsEeSK6T2KEdn4bVadacYWMbvMoChgH8 -
GR4sYzA1e8MBnzwTVJVL1tKGvJPUYiK7oCskH6VFSsbR -
GS1m3A8YVgxDYr51CbnqhVQ1mBpWTSk72W6iErVBW2sy -
GS2ss3Nai6AvfswwMrqzJ6CsyX4RWr86PdBqK5v2qb5k -
GS6x7m878JbQNSqZhcTRExAtaHgzk6ELsA8LSWxrnRqr -
GTAaqnkKuAMjTUQooaDAzRy13wTpTT15NJbAhfX5yzpx -
GTZCpZut4gukdaagjbj1sE2D59uvcaHYUxAGWvXVqMFh -
GUN8Qyvv9c8ytmLfVzY8YSi4ZHWjsQ3tkDVXhQp3LZr3 -
GWUpMR9MgG99JKBjfgPAB8uqbBqvXybMzYsPEu67P7pr -
GWicZki3W5dagSynsFNbJ82pBLAj5TFZ6QPopYRPnwi4 -
GXDNrG6Y7z1QKLAVKxU2RM1ucphQcdxynQNNyfKjhFs1 -
GXPHvojmBD5DWnEAmg2ZdqK5rvxQMsewWBuEQKRP8hBc -
GXujYsJAhUVnK4mCg3JWscNzV8452q4PUKFsot6razQY -
GXyVQKRXjPRRfq5FeUvoyywpXrihSugY77UXos3gPJ6X -
GYQNbxE3zAHchgvSWxnjuwkdYcWwVvB1YxUNUPXappcU -
GYUiRirRh5HSj7KvcCvfcewuWsSdx11LK7NVPnFf37of -
GYYipjZUwjj7qoevZDHS7SmzGtUiGst6bKCtsRENMaue -
GYa148Jj5w7drviVZJjao1vi54LeLNRmJ1cAvGneFFHU -
GYvaYFmJkuvHfS7VMuVLepNtxLTy63MG9R68L2QQ1RiT -
GYzVELpd3aeeoKgTMrP3NzUxEeP2PJowjA3y36cHwBd9 -
GZCxMUoEM7aQpn3FLhvamLEeZpnVQHRQGyRM6XbdwxXB -
GZXLi4K3uEGo9mhrSPEVFKQKtknSfh2tocTyHBarX28U -
GZaAUJrK7YS2ZQc6Zb3qptL4BLFjWodUj5PFA38igdh6 -
Ga1h4HLWHraemYeWATYyMwfw4BnVF9WG5LSdCNKd5XtQ -
GaNd2Rz7VGAgN6Qye8CH6k9eRaEZQ6GtVt54aXsZcNEt -
Garad1VUdpDiEissfQ7txV8uNvhG6c2uHoYNTyAyvXS4 -
GbGKNodQ4TWcPxpmvJKogRZJKXjP7yJRPHrN6Z3qu8vz -
GbxPXqodDAXjgh5wn8EsZxytT1GFaUHPB7BdkubnaDa2 -
Gc67rcpqDgi7G6hk45FTXA8D7KQe6YKL8U9DyDefcuQT -
Gc9kwY1UpMv741xCcstfn2PXywXB2xQB5oLcjZDNPxdD -
GcTp2KUj5HdmWwhBEEQWSCiYB35djDyQyhXRsE4eoNpQ -
GctXPie8VfNsEUB5BirEeywJRKjKkyxFZeyRfig6Mzr8 -
GdEJJmXCq5zdkwHSGyCnCfZA71N2vCoKiyAtRUDV6bph -
GdSS6fchGfec5wQTG2K3SVyZjLEK7XzZLfvFPpyZpMYD -
GdnnTk4M42fKr36C5Q9x1VJLJYTVUXcQCb1uM8aXdHN7 -
Ge9JR1KyB3MMA32Hz9QMGHr65st6m7jxMi9XyJVYz5hG -
GeTtrJJ8yi6yQX7UNzACbVS1w8x5YYyun6cPwv5XgPFp -
GexWgYWq86C8dmNkVnPrgQtp4EsqABCDeFUtpLJqZ2ew -
GfWp3gdgnr5GZUmYT9myJD2Lj6JgpNKWtiurdQ1pWkAY -
GfzSx95fycToXPQK8RDGaf3uDreUcWSeTtonHpDQn43Z -
Gi3utodLDyxttrZAwVG5V1j9ZwPtJT9F5o7TcUae688y -
Gi5us59kf2owyc7w1iUacvN3xiDCArGjyXYxtYNpoh1E -
Gj4vSWALkywvaVxXu62jRDUPNBHkFTxYw8PuNjNQZnYc -
Gjx3g8JG45nrG7tZmTYNaSqX9jgwKNYL1Rsz7nc5k5Fx -
GkHb3KaVo9yptR6xXYtuUGo7oAMdkNyULV3ySyGvMGG5 -
GkPW3YwAUMhU6xYKY4uPXPT6s4x8JgnsWVTUUppK4xXM -
GkPuMFWfszj6NGnztect6P4XqQvL2cxwJHyTt5qF1qoP -
GkYMvDjGQhewbLovPhAFeJTGX952AKjucSs957cui1uB -
GkmpPbLE9bG1WtZ4dakB7UKFXYUnvcX4vZrWiEV7ohik -
Gm3WRGfXAqg8wzmi3QEPu165e8hXcGQad3L1nv6SzSKc -
GmSYDuT9kqLWNsoerA5LfmWyWP63aoNKboBjNBG3ed2n -
GnPWaHprz75syxNqExPSYuuupZzDbjLebsuURiv5Lbtu -
Gny7nwjwqJ2sCHafoN9tDLxa91hsMA3QPBdYYKQPhEBr -
GoHCXNRJrXoQqsR33hNuPncrgXYj9oz8HLXW12KhtkPD -
GoTA9vyfDwnuaZgJe8rNPpLCYNxC9VBPBSwvG5MxsGgb -
GoTsdy9aNdHpgW1wJQyQK5DfgXfqnUvo9RC1MhaxoSBT -
Goad7pSae2gNer2xtj77WvEJ3fNHgm1Tpki65PxhSVWC -
GojP2c51qNcsRT6me7x3DPztGe24L8jxdCaDfJbdJpPQ -
GqEA7VtaKo69Xywnm4nfLQtC8ED5ofqhPKWcRCDQvWjZ -
GqVdfkMqis8Xq4SL88HNec1RgxVwnCfMKtHXGWvdRrS7 -
Gqccg3yjZSyS1118wJSaaDYdd7Mkug29CeJGjRC3PVye -
GqpjSirpvmkzZaVbgUqRxi51yqB713SegTnxaHYm1G97 -
Gr3kABiR3gbJhuCFZ7LVM8gAS4uuViU6RxHTBPY1tdw2 -
GrbGjdSJhaSvwH2dH7rHz4MwrUjTazQnCDrgPxeJbbo8 -
GrmaUzkacqcyQ4qwPXWfKPdxqg7aomWeTZviiTVaW6Tz -
GrtRebAMTdCjpXLj3T93c1FjS5cZvUrJZ1cTsmrbMVRv -
GsPLMtyjp63YEKA51EGc5Ke8YChfu8oEaPydJRdrisE3 -
GsTu18Hta56MMWPXxYUndxPu2fnrqLSHf2iRUaMZzcmo -
GsuWqpomyLWUoxbfneH93Puca5FU19944hv1WGkbLQGa -
Gt89ijUxucMQbbCUwu2yWATNvrqjRppvewRWUKjvwPBy -
GtQRc257YV9aPUwgjd4tmrNJP6QLtrzJpZuhJ6vGhUKj -
Gts8gsjyGtX5S3Z6zmvK8KvWCeAQW7yGy5AJkNKvmDRh -
Gu6DQsd9xKYCshqNJo59xzqssYE2PYshLNJdoJp9h9VY -
GuDEyi1BWtjAeQGhCr3iqC4mEQHq1SQoTcDyAiN9uEfm -
GuSt5Zz1PHp2Du4o8gakMdfrzMVC5qySdJTJEt4zisB -
GuaJgLUiGbabdiXNTwPDh3rPnn3yrcseFYQE2Awx9K9H -
GuqP8Fo9qEjxfakRJZvNtQ8XyDWezxafGaWnfr4AMms8 -
GvWZEyRbkfc12VZTLqFA8q1XHp5GAo88LADEH6mD2deN -
Gvrtomfdtd7i9NjuDeMNaxQAykWQd3U5U24T8D1Y5X81 -
GwPJvVC8i9WHZ1joySJFeiScnWLyfN78ZKmjrSArrCBG -
GwoXiTvy5wPT7EEACRJeCgrzQvwJSkbWh7KsRY1SxX5G -
Gx3xnbCe9RGH1im6S6bCzkHSoZfqH8aKCYtv5WHiB1kE -
GxBm2jwuXgKMXnthGXgkLryEtnxFxCb6RWQDdzvwYTxS -
GxqAJUxUnTvKSrHQK3tEqhzm1673FLEr6tfyu2GTU5eE -
Gxv7s85NWTyr9LtXYX24XBGPsqk98R13h8cQqx9QY7dg -
Gy8n9jWD85vAkhBsSiFZxDThjN88XB1n75preGJaBgVa -
GyTFK229mLE8utReHzATobN3JeJYrTBSG4eJiYJLnw8Y -
Gzd56SA1m8eK9Fy5ukuRHmLNXx88zypLVwgDtS1RFJ7d -
GzqvmxG3EY8QCD5hPSnwEWXtzYinQsB8pRjmjDmbnak7 -
H1UeQx2YpMWg2QmdwZtGTCwXBmS4J9TV98kFtpPjGfeG -
H23CQ1gQj7pGxiF6haM9sntsTES1kAnpBe76gt58UZ43 -
H23y4G3xY2ysZuB14dQw5nPdjjP6Z19EDRVZvmbK49co -
H25wLpEGbwDw8hroem9Ew51HeA1T5EUoNFR1iKwCfLPn -
H2Bamo4rQc8HdYPWYtZkP4d3MW8wWj15YqXMQMSxTbYG -
H378BbzS4qFG1Mrb3qhieNCzgPZjam17WzgnMjUEGgoX -
H3Act4GX4xR5TXqHGNN7KBFthdc3d4mqQzgfgb8QBPoL -
H3GNrdxSoFkuV7HQ1CzNkcVzjd7v4SdP4pkJ1FUDpcPf -
H3pAsZqoimtk7pmWvuKDv4TVYPMSyDPGGgykZpcxMosT -
H4FdLd73GsSXPPNXXNGXqPpE35TmULj9BEDwPRs4vW25 -
H5C8tz7nN1JPtpbRZzBZwSx7AjB5F7c4xiXMPrydX6ka -
H5CQCqFCGrXP9AL5oHZAXA3JMjEHAbfaiE6GKjmgQ8JD -
H5c9d1o5fohDUXZkvVKdi7A2Dds8kksdFjfSrgqPjGBj -
H5n8w7rD5rAyaGaYTFjgzphS7t4fq1jvBKedK1uqRfPw -
H6TxCsC4P3McBrPyZNvTti7RUhdTJhANEmVhqWcXA6dd -
H7eUt3UGiDeKfijcSxhTQWsaUUBzjjd93RQ2D36SSEgT -
H7nDnrEWJTN5siPUnYw48RWSNct1fbgfHdD3b2Nk9qTB -
H7npaiW4nTApKXrJ9kM8wTYWLCvV4JsvK5fe3NQ4KfmD -
H7sXVLHZRR8x8AC7MfFLX99kTs7fdv5E42Hhs5Ye8JQ4 -
H7v8QGs9GNyWp18mjaXyjPJ25WmxHXCbFesunccN6n6X -
H8ChCJD6zMnQHpQteDGFxfpUMGquUKuonrQLpCjgvccU -
H8quLUL2PfdGjkzhm9CgjGKGvyDbPEnKcJu8bBB9WExf -
H8xqsshUSg2dX6JFPzboYZ1wdECaazJiAyk1xL5tgdB5 -
H95mJrUkynceEfCfLYkkbJN6xTDoeukugunkMcQNzCXi -
H9v3KN3ToB19fjr5mJkP4V5Yuz5DAHoA46QrHJZbVhvh -
HA8jrdoo3KiWiKnf69ZhqpbbWKBfsKhp8LejUbkJdxJ3 -
HAAGTKD6khkcrWLMARnfycVUsqGxMMHVYTwkNeyMFqgQ -
HAGix4jY1bzdgAnw4tZPsUQJp597Hnftu3c1j2EVjjh2 -
HAbUyrvq6sSHCv3MBrhS68tpxWMfV7oxwbdB4s8TMEYD -
HAi4jgt1PegpnpeTREGwh36Ts5cZgo4srsnqaoku8dQw -
HBPqeAARfD5mcJUxmguqkgG6FjTeBCiquLAD4fk45fxz -
HBQ7K29RDHyokihQ1t37WWPLbzseaH7u58L43XK7px6a -
HCAdCZ3Lv6ML5UHEj7ZtVG3emQBH8oSALGdhyu1s3JeP -
HCL4qdj33giBJBG5dMuXgiUm8nGHYcELwSFoxGhhfdAk -
HCp9idJZTCGqnaRKzzCCqJQ2qE9MxFgDgxK7SQxFPGRT -
HDHynpxf1G3Z1Lu4zyvpMPTAcgmpCRCig4cuzhXh4iou -
HEFE34pn9axAZ5YCeefzMgq4ZuqLhtbHESM7mgycDXQD -
HFshf5Q6frLg1BgNBTfDpLgPssymkVRRhjjth9gBgfv7 -
HG1HfvCf4e7pmdQgQSzHYKBuZxVrDC1isxeiF8wJEk7q -
HG2EDe2tDUcugwU8KPFjBv98hLFjCqG3WpFiacSnxNZx -
HGqmtbySCW1Y8zPs7G4zqz77i7zRt9jymWQKBpLKPD9o -
HH69AnBMrmmTXohRRTbF11aRLSPi4fPu4NTgLBC4jLWL -
HHZjicPNkd7uqH8s5myzrFPe7bif8njSKqZZyztaqFqx -
HHaHwVbVNdKTeXiZfMYtVkg9Qgm5YeBujUNap6gSpj1V -
HHiJysJ4JC34iabyj5VGMA1fgi6NBaphv3QJNHmWSDxk -
HJCnV1R1H2kGA6HWT43xwp7XD9tLvE7CjmGZKbGz71Ky -
HJdE3G2vRqSQKNhvPGo4DwamzA9u99XohunYfJYRMNyw -
HJhpaZmux3KsM5YLFVtgoFiYu1HHvfFo6CnMVvKUsBPZ -
HJv1VGjceqgmKFXYk8he821HDJVWGEWjYCeYb97HsNCR -
HJyaex7KB8ZtvT3rGL99MnR7i6DaThghNUbMoxqLoZvv -
HK4Dk73RZZCEorFwPzCuiMKAmfwCS7LNncWfraNahzf9 -
HKBv2NR6KrLgw68xRkXwJ8AtksTRZfS3AuTehudrf67B -
HL1oq3MGxQVmDpAHwnnsShTQYFCaPTT2byNdp2aJXJKd -
HLvSmvdZng62romVZVx4T4N1zULF1MzPfozaE7X9ZuTE -
HMEat1DuFfhV6RnMqnrqqXVK7foombb17tySiq7XeTVT -
HMTZjYAKui24bcxodpVgUjrVV5s4mNAy5dKtBpoz14ua -
HMbUH3VvJbvfTsGVD9vNCy6ZBQaoZQhx6ff1tmn4YEe8 -
HNLQW4g8sEVQQRb8dpEQDpY8fR2oxm6tnxpptPTVxqEm -
HNx1LwRHBiPZk2vtd1GWVaBzuDUMzQ13CibP5ezGp8e9 -
HQKdE2P4HCCc3NJP7WvraTTrHyP1LWrtYrGnPaKCxLit -
HQjp3qXGWxeK4MKqAeC8nZcHcWb1JSzWzKx99iuPRAcu -
HRSvbCzMRqBTPs5mtY8Z1YuxkY1gPwsTLuvCtekM28VN -
HRgDUShdcUuuTACSmZv8GSuVVH45rXa7YMd6QTUZKFpq -
HRihXZW9k1aR8vNzK8xkNBGNh8v9ycbJXFStJtuSL2X1 -
HRyxtTSzSoQKNmNepvaUeyasrZivoLtLzDg9xJ55vfFf -
HScuw6UsbtmVQW5WwK4JRzmbPXXGDzW5QqzWw3C39fdW -
HUEGLCnghZVNajGyPG6A6FWPf5MQyn7Dexau1uZqonm8 -
HVKbfjbG8MJ38TFWrr3bkaZvBJKVBy2CUHivGLrHkVwU -
HWCRMDgeY4u2gq8naNXz1m6g8wwxN4nDyAJ5ZrD6sLmi -
HWGza1adQzR6G3HFyso9bxue37fA4RznvUfsTNNowy6w -
HZShiGYuXpNYQZcVygZCJev3Ro5XJfw9G2rDn684xjqb -
HZVkxxVpf9wi4yCWqfkJH937aRXZamaHmWv9Z3PcDf6w -
HZfysR8bq3rX4BM157MTCrNza9zgo7tQDiSim8M515tL -
HZhEqVZaN2QtLmzTRXWQjSgm9ueFMdZ1k5MsW9jbjCrF -
HZqsfVWiPY2jPCoRudgfYriZGjPYTqTn8ajXepj7Vryk -
HayvcMewr6vdzNgVW8Yu1xv735C4rTSQE3KVu9uMgJHJ -
Hb3CcJAfYYmd6CpE2KfZ2b3ZFuac8CpS8EKjKtPLPLFn -
Hbndz89u4cnAp1xWmSTP8y2n4Fme8q38EpcxHiR396fn -
Hccx6hXwxBuXL7gHEjZMjcaF585TvwTN3xLi2UPfmFZa -
Hd5WpCsJJQby8UaR3bESiS8uxCfLxpKq4H2fPCq46d1W -
Hd63SHFmZpzckWijokPp5oTGWyRYAFM7W7J3gCtbvUvY -
HdVXjU2y9j65TfLtnjV5m1qFVTJ6WWFMxn9BizKZ4Jxr -
HdZkg9N1Fv8Zeynaaye5hdDoV97gjfXK7mfAnk1Qx2rj -
HdhVrid2C25H6hkesaqoeoSSRBuPrXcKgJQxnYiaApch -
Hdpj4aCq5Up3Mf1FNmHrJk8Fj6sPgfV3U3ZJpNe4Fvh -
HeXHWr6W3XhVSFsxD9ri9269wmVNy7ytZiattLWea7FJ -
Hegq1p9Lc9ExoigTC8TS8TtxZaiY34DrP2a865QQrBAY -
HhPAdr6pbWmtyBoDC44eFaSgE4JPEuKVqWcgi6WY3mBJ -
HhW13Jw1Fq9VJbEcDYdpAU1DAZ7dpModcG66bTr4WsLB -
HhhASUH63bnBbxc5mGttPBrciwLHF86xFhoqEQgyT8t6 -
HiBSfgo5ztkh8dTLUgZALsBeq9UvTVXDCfMAerHiiKC6 -
HiXJHu5mcowAJxxYC7zZ2QK5j1kNCqd3k4LFFtFdJHZz -
Hiv3Kg6VS3EnsYAs6sN9x35tqzUoGcxfLvBzwzFiwZCy -
HjVZ1b6yoWNgxv1WHy2ycq9TeWZLxRHTZ8z6SH1x6F85 -
HjrUbpRm12JF6XFoHREmPpAe36smkx4a9CTXcTD4PeEq -
HkGjJEQ1PWQMwDpgUyJmBS5DyvEuZPtHsL25DwgRLicK -
HmABSDRudotrhbUycrrrF7oQ5SbdPohpYACs2wsHpsFT -
HnZCFTLMGgLqBm25gxsswvM1gE3yM3mxuhvv1EfkYWnM -
HoRkvUWFWSuV25GSLrcMsdTHHUgripyrK7rdLjTV8MnG -
HoaDPCLdQV1es1xC3LDwVopS4NA7UYhW3zYRr34i9E9X -
HpWw5JXkF6vRRWGnA3cciLMiiR9eXw3AqHMYwGVFtjoh -
Hpdo1PKFhVF94t645ZyQ1mn985k86z8yfCQLZ1GUkVj7 -
HqanwGxh52ZXUdqPcNrpoN5a63t6rrDinZgZk7Y36a18 -
HrkkftstkUAdMUwWKKCZt9aaXjuBAVy6rgcxvHQ1hJ4e -
Hrtm4rb57btR4T8rrk8ER11duomnkYfcqpcwNNZi3cu4 -
HryP3RRhe2t5j7p5fWVewAGdMkpX67j61N8oZYLp49Ey -
HsJtRKz4M7EKEBncv7KkRo2DQqkSanmoA3jdX49HYkPL -
HtNH6dqs2mGvZBVt2R1L5DUijp2LtucWtcLN9yXaV1WL -
HtWFMpwPjqqGcsd125kV7gWSLN82jcoSULAdnM1e4bZ7 -
Htj5cGKA56QP5Pca8B3aJbx9BkbBQsSFqa7io1XkRpnA -
HuKHvHT2n453WJsj4xn8MNCXxhLiTCjZxSqkbRyBmK5s -
HuTzzK6ckhD4rkPCgBFSapgqifU3z4Rb3wYedeVTcAJK -
Hv3BofEZwWHfHnNL5uG8GhMSkWTVM9HXo8XijTMfqjUp -
HvPMVWHzoXP1yHRn2quJC8Js27EbskWghhQ9PeaJxB6A -
HwT8MLNi3xGMk96j64PbBvrLqDxBdaemfPkLxpfu5wTY -
HwZuPt83eadGW4ybqgvjnkp62Wfo11YjGqgwkNSfkEzN -
HyHyNoPbrKw1r2qbc5ibWEirJN8uGmyeWz88ruYQexf3 -
HyUqy3qqG5XLnrQZit1wTXpB1FbGUeWQVxXpQ7wytUMZ -
HynmLpMLK3Y1SarB573qkSpL31VokDVkRnE4hYpebnfW -
HzAydFrfyoN5gjXfdcNwJBJBwCpavH1E5iaDSuji1Q9f -
HzEF9EXSn9ezeFMKJSd2psW4wiF4pZvRDHzh3GKh1J3 -
HzFjyBE26CXRA68dbuJGPpvQC2gkhzM5jEPHt69WKy5Y -
HzczHmC4YCnHfaNvd4LApwaBLEfzdTU4YnTcvFUQHk8a -
HzoxL262h2Ckn7BfvYb5v13htPa8MKQwmRfTc6N1wRo -
HzpUgjEtKmX7t62MDCrzHzQs3Hv3rz8JHHH3oeXWieyK -
Hzykj2Zh5y52LU3U6TY7Dt31E3vJX2vZRYjE396fReKL -
J1LpF9hn71CXY9rGbWUMDPXoGGLgs1gVhSYq2eGEQenS -
J1NPM2wb8DELDj4Hs75PJjyBxmYWfsXYbeqt8v8TgZKJ -
J1bbLdxYad44vzPxx2jncDu96oWBcNrhhoqDEKtzcMPV -
J1sb4bUBXaS6cADjSKKpu4RaQZAhaSJgLL93toW3TuF9 -
J3693kLHgQoXMS8cVdEk1LtX6B3pJM5p2593TUxcKTCS -
J3BoLGsaMDJpTnazzfBVN3h32jsn93M3CCYhqwyYHHcE -
J3PD6idaBZycVg3fk7pShdrAf99kbs5AtFT3LBxujfFo -
J4JcCruxwHzz17vomwyjBChs3KLfQ9wzG343Xb6Qo53w -
J4LQo2Phyxnvrs7LnSQ5AHx4hA4Dq3HaqPVQG6yNPeYX -
J5RUepJoJFQH15uukmtXnTV2o8zxu2Fip3XkiGs2nQz3 -
J6feB6xSs5JxSwiJ1np7dk86iAisgooBP7eNq4ouxbf1 -
J6tvLxon247ATXEk3VUrozXRT8q2Nf8M23iTcMgp7etN -
J6xRm6Rj9XWVw5YpERgKpjeYsg2PQqbzuciQqesJyVLw -
J7zu2qd9FsUFTZsaS7QBeuWPEPpzxjbXupNts3zxfZkk -
J86mwK1BqBhBscBZoaRs4E3D2RCEqoYt9mGiCsHPgMsQ -
J8FvLCeSd5yqY19kLVotcXsbmvNtauwdh9p76T33Mxc6 -
J9pPmqTNfT8euDteYVdDUoddmZoRDFKRUd973NrRLbgj -
JAS3ixfPR5Xc5Qwu4bh7fTKShMpb6LbGeGb8hy2dUJFu -
JAU9HPMZDnX7sSUNpkEvULqMp9BA9UHQmkTRL1aRUX6S -
JApffM6d2TmwicEBiBBar1EswxCnx6nUCdYGoLGLKTC2 -
JAwjEpSc12rmksSXbQejnUJNeuBHivBU76Nx75d453Ft -
JBMvELLmcowPpcGmZG65gR7NP8msghZYaNQBEGjVhv5a -
JBhFtJfjAUsmmxc6UD7bK8bZEHUHHbDSffNioNTKSQ6E -
JCEkXJmU7RuHLbxHd12oQdCRLDHTsDXr7F1FY8wsFX2s -
JCigojr5zenB8fC42AouXnd1JYwBFcCNfxgctFbtr18U -
JD4whSg7r43t7mh9kH2g4UvVMyyDoAW1SL8FD1NotK47 -
JDpi1pVDSArKAfBY2dw56K7u5PeiH8Q5K6bkEnfKwna3 -
JVriQM1EQbJtBjDd4KRi7PczXiki7NLPgu1hiDWSJf5 -
JsXdsuQhCqfcRQBmJVMuZMEX8pEvm2j9nDWNJ2PkfEc -
JtxQgaJ3kJ3gngci2M9UehgPthnmTfuUtaw7S6u75oy -
K8Voquo5Pn4MP1zkZdqkY4f3X4iJ21Z2bASG1VeJdnn -
KRTTS3kCWWNaK2kNZZaafYcvrjvJuRGLUhdTGduWz1j -
KZHgTLTsVcV1UwhAuJiWxckf2mfgCPXKqDUYMveWhoS -
KcdmFexJEpXg9vtaRgM4PubUuN2bafB8geRzgmeDnmb -
KdbFPgZPN5JNJnEsL6EQLR28uG7ws59UVy9ETxRjtJo -
KdyYckZe7yr2gyVdNVZMWktyNEJvaLryGeVaDBtn8UF -
KvZg3jt9mgSXbB7whUob3q6cfyxar8P3PuC6Bhyejoz -
LiYbcDrZKZQGRSqHP9HN2quSRvKJn46tfPEWquLy5cu -
LtMn8nGFDuqmoyHkZsycZ4xVvmrjaD2ZisAxsV1CfwB -
LtoqqhKxGUVs5R324Qnq2FcCSoGfdzs6usxeUDBTp9B -
MKPp51bRDfcW9jUfdbKYeJvLC3bsszENgPaGkbqvCSS -
NH5EchHjPhanhvAxjd8j6LtYBtyPoDjorkrGHqDYcaF -
NoBQ4bne7DqbLspdGNh4t2fY2LtvoirqbY88P7cpnqQ -
PYWGugpDFomgeFHSqe3bLiXL1qyMZ3ghKg4fUZXsobw -
Q9i5bXfMTys6hL93C42bxfGPeGjYhfVeV8fH2Y7Un4r -
RBzPQXwri3AemsKoweWzXXb2T7oiUxnNAdZNub5d5b1 -
RftxokN8pdGXLriXjPvFopjC7h88zqWMGHwWhYpiA8s -
RjTWA4aigEqMjyuGHn2inKmpd4Q1vSpJDnv7BFbJZu1 -
T86YwWuz3iuzny9SqkVKzgci7MSde8srY25x6AVM6h8 -
TUxo5KaBVW6wrmwQaLTCeU9uu5iGftSLBZQNNq22K5K -
ThsjQTDQUWXPWsS2XwyzC4mSqinHB6f6uikbnNyvjnr -
U4ryPBeFQPs6sewBh1XwC3XeiDLoow6NNunikqLc27M -
VYEz6FhLAnDDBfL7KAeWcj6rfN8b3D18ZNTRbc5x2PQ -
Vueiz3HjRJgW4aANKatM4F1oZrzfVcuJS5Qo3H9gzSx -
Vv5oStoP36a4iMU8UdY14ofmf7WamTTWcVjp6GwCkeH -
WKod3FeHGcN1LGbtBcBHy9GVhy7o8uqjc54KcpoznfT -
WzEjWd8kv2uAgSGX2gyzr4cZHzna41pfWShNp93dBHi -
XHfkdLWLS1tamLSaNDSuRCzLttRU7EKfqKiLM7PRovD -
XKyENWKxrjhbzCsBhy1D9cusVfwH8K65mi8JFFdytKx -
XkHMX74fWNR7qdqgf8rcHnXzW4bSn4FCyicRwF2nvV2 -
YWXma6TvX959RsJfLDa9H11AGUAN2v4XQ4YgaeKETKp -
a7aEmp6NT7fvXnfBrmt5Ag8GU2sNHWfL2DYJMwHrHka -
bEGNgBYidGpUxDTvUN7pGfr8WviTHb8Yvy736HbEo7s -
biXpeitCxYro2k2VqxyACoLaH4GiMovbz62sTzk5dHj -
bvHqDzAjdSbjYTtZ3mQi48tXzXbC8uS1VaLuQDRYubq -
cGmxTQectHZAzoLX4JUgfMnMnAuVgjsdWnBq7GYb4Eu -
d71e74w9XT7VmnHnwz3pKB8JdeVoEREPY1qJhpqXgXF -
dWhKsgFXcRRCWZdeUyRYcG6bCzp7uFMQG9pwL2DLfdM -
fDPJzknmJLmbHABRHSxDo4Tfcu8Ndgn2N73aREZ4t9o -
fyPoyCzVfq7gbYuEj3UiGAvauHRFxbTzn2KkXtCz5X3 -
gmDWXxERCNDG6rQNSkCTQbpxsL2tjv6mmyQhsUukasg -
hPbqbWzqqhFj2AN2RrAxiKzUnx49UigDL5qfcm1AtJc -
iCy3E2qHUZNEaYkg9ACtFFCwzWmEu7vngaWrksoaFRn -
iEoFy8wB4qtwuxUXwAWcgcJG73fHzf7mbCspRRkhHB5 -
j1dt4B6SWCX1Mmx5pWuBCwCn6hhPw4ZVoSgDfv2W9LC -
j4mLTSVbrGAxHNw5eKG2PeMondd25x5C5eA19uWq72J -
jLJkHPtvvDeHLLLa7ZuWGZ9E9S6VwKMMQ6mzDbG89kz -
mAz4DzoYrtVZJepqVpaW8GcExho3mzXJfMc2YTKsGCv -
myiQrxuV97A1vKXvXuRDoscJpfoMvbNXtyMWjVoK6FF -
mzMchYSxVti2JRa3c6qaiQYvT9URyxJbiqfMVioDGcu -
nLHKxKSH3emmaEC1QASMwsi7VNyjwBMGNyqHteGpGjT -
nadFyDVrWuS8kcsUWYbQWBZLhvKbn41poyaA79XUgec -
nyHjhFLraFdJvUpcrGQjFjbKgkJtadaTUdKFJqKkPzK -
oUFJNj5XvvXLuMXkaAFm7FVH51oSeYqfH9THeAyZniX -
oi7P1c1jd6A2SyL4vNAzv9CEaZEFNCakR7yFf9rfEu8 -
ontbztoK2TCTcgMnYZdFjMoXBSJCgCt67TmUxhQBdNv -
pMuFL5eY4Z2PsvyxCgAyqHTtPJ8p4GJ5s5ZgK6YPGN4 -
pUCwFEqZioJwvSXgAdbAcknKnEHyzPvpGnx55DF724a -
qzC1p5PK73Ub6SPoZCfdbXGm76pSzH7ooPrzTajcsY7 -
rSaoaf8Ekpr5jyUM8fXT9XEowkwBtNymHHcMejG5PFm -
rdwMNBQdVX32j7ZndTD6erhd62vp5R3aGo6Vkr7DvVG -
s9sdwifZyz5Zqo694bEgPFdjHM9bMUBZowJ5p3cZ2Mb -
smQ46DQb2ggxVbJfW3WfGsqEnzQLS7zHAwMhCSW3Zyq -
tAbaYCXkd9sg4CemiZ74n92HRBVucQWkaTmEupRSf4d -
tgby5HBJ4Jjwpngs9TRaZUa6GdAm3rQkUQHVmx5LYCy -
uEVYGrh9t77aofV1eAWnvwptwuePtCyTCtqTonMYbVp -
udzQB4a9v8fAqqGGczWqHfCtGvNH9ntujztDNLqgxUL -
vZrabWovS1aZbbAWpMKgnXnpfCzpJqyPogAGaamL9Xq -
vt6novn6A4YPMW3EvXhL94JupEVdpwmZ3jUHokbAuGd -
w6yRz1HWEr2cx1HmP8UQgF82gWPjzHUTKjXr1RuHEJd -
wB2p18SoybfPZvdqDUbk9sPMxuC6BEEmXfsyKbGaBzA -
wHZL5sobsAsfkeKX18ScPUikMxx9B16F5AGHZyJtmF8 -
wJgRdBHwjn3EWHxdnakFz2voSBjcQHC18c9JrExqtHd -
wpNrao4gctKLS7XPXqmzHurPZr8jkAacudHktAfxaJb -
xpb3wtYTNoux2mcugr1qSNkHtruKQNnzDuNowoGHySU -
xtx6SQd7L6Brf3o5PRzcxnrgjcuffeCTF9kMryz6xJT -
xxzoY5xdiET9VndjbeebCCoPKXsPNhjGvodrhp8LQLF -
yguSxqHyzdjW2YGxgLdj9pebAkHaM2MSKWnHARk3ssU -
yyPRNVV4NVj6ueJY97cLXDFw4XhgxqTt5QduL7HNCTS -
z4Avhvd5qgesFdovhJ7KKUduR2HTw36wsvZPDuY91mV -
zCxZ1EjLMoTkqJTqn8Go2obKCcqVvphyJ2VhcW7kvJx -
zkxDBy1EaqEkbgu5N1UU7qErWtPSy7pr7dBupbHnZbB -
zysi5EuBksyUbio4eXje7x5F6613DR1KuaDRDbYeuGt -
